2025-05-30 23:00:56,372 - ---
2025-05-30 23:00:56,372 - Epoch 001/100
2025-05-30 23:00:56,372 - Train Loss: 1.3251, Train Acc: 0.3659, Train F1: 0.1363
2025-05-30 23:00:56,372 - Val Loss: 1.5411, Val Acc: 0.4036, Val F1: 0.1440
2025-05-30 23:00:56,474 - Best model updated and saved at /kaggle/working/noisy-graph-classification/checkpoints/model_C_best.pth
2025-05-30 23:00:56,474 - ---
2025-05-30 23:01:48,712 - ---
2025-05-30 23:01:48,712 - Epoch 002/100
2025-05-30 23:01:48,712 - Train Loss: 1.2067, Train Acc: 0.4089, Train F1: 0.1688
2025-05-30 23:01:48,712 - Val Loss: 1.5498, Val Acc: 0.4049, Val F1: 0.0982
2025-05-30 23:01:48,839 - Best model updated and saved at /kaggle/working/noisy-graph-classification/checkpoints/model_C_best.pth
2025-05-30 23:01:48,840 - ---
2025-05-30 23:02:40,920 - ---
2025-05-30 23:02:40,921 - Epoch 003/100
2025-05-30 23:02:40,921 - Train Loss: 1.1778, Train Acc: 0.4185, Train F1: 0.1932
2025-05-30 23:02:40,921 - Val Loss: 1.4086, Val Acc: 0.4421, Val F1: 0.2440
2025-05-30 23:02:41,045 - Best model updated and saved at /kaggle/working/noisy-graph-classification/checkpoints/model_C_best.pth
2025-05-30 23:02:41,045 - ---
2025-05-30 23:03:33,112 - ---
2025-05-30 23:03:33,112 - Epoch 004/100
2025-05-30 23:03:33,112 - Train Loss: 1.1605, Train Acc: 0.4276, Train F1: 0.2273
2025-05-30 23:03:33,112 - Val Loss: 1.9429, Val Acc: 0.2357, Val F1: 0.1126
2025-05-30 23:03:33,112 - ---
2025-05-30 23:04:25,662 - ---
2025-05-30 23:04:25,662 - Epoch 005/100
2025-05-30 23:04:25,662 - Train Loss: 1.1328, Train Acc: 0.4295, Train F1: 0.2292
2025-05-30 23:04:25,662 - Val Loss: 1.4104, Val Acc: 0.4349, Val F1: 0.1922
2025-05-30 23:04:25,662 - ---
2025-05-30 23:05:17,676 - ---
2025-05-30 23:05:17,676 - Epoch 006/100
2025-05-30 23:05:17,676 - Train Loss: 1.0974, Train Acc: 0.4530, Train F1: 0.2844
2025-05-30 23:05:17,676 - Val Loss: 1.6195, Val Acc: 0.3958, Val F1: 0.2656
2025-05-30 23:05:17,676 - ---
2025-05-30 23:06:09,166 - ---
2025-05-30 23:06:09,166 - Epoch 007/100
2025-05-30 23:06:09,166 - Train Loss: 1.0390, Train Acc: 0.4824, Train F1: 0.3262
2025-05-30 23:06:09,166 - Val Loss: 1.7467, Val Acc: 0.3001, Val F1: 0.1582
2025-05-30 23:06:09,166 - ---
2025-05-30 23:07:00,394 - ---
2025-05-30 23:07:00,394 - Epoch 008/100
2025-05-30 23:07:00,394 - Train Loss: 0.9905, Train Acc: 0.5171, Train F1: 0.3652
2025-05-30 23:07:00,394 - Val Loss: 1.6345, Val Acc: 0.3952, Val F1: 0.2333
2025-05-30 23:07:00,394 - ---
2025-05-30 23:07:51,419 - ---
2025-05-30 23:07:51,419 - Epoch 009/100
2025-05-30 23:07:51,419 - Train Loss: 0.9557, Train Acc: 0.5418, Train F1: 0.3933
2025-05-30 23:07:51,420 - Val Loss: 2.1543, Val Acc: 0.4271, Val F1: 0.1654
2025-05-30 23:07:51,420 - ---
2025-05-30 23:08:42,602 - ---
2025-05-30 23:08:42,603 - Epoch 010/100
2025-05-30 23:08:42,603 - Train Loss: 0.9099, Train Acc: 0.5566, Train F1: 0.4118
2025-05-30 23:08:42,603 - Val Loss: 1.7594, Val Acc: 0.3561, Val F1: 0.2743
2025-05-30 23:08:42,603 - ---
2025-05-30 23:09:33,887 - ---
2025-05-30 23:09:33,888 - Epoch 011/100
2025-05-30 23:09:33,888 - Train Loss: 0.8585, Train Acc: 0.5908, Train F1: 0.4707
2025-05-30 23:09:33,888 - Val Loss: 1.1557, Val Acc: 0.5534, Val F1: 0.4016
2025-05-30 23:09:34,002 - Best model updated and saved at /kaggle/working/noisy-graph-classification/checkpoints/model_C_best.pth
2025-05-30 23:09:34,002 - ---
2025-05-30 23:10:25,328 - ---
2025-05-30 23:10:25,328 - Epoch 012/100
2025-05-30 23:10:25,329 - Train Loss: 0.8357, Train Acc: 0.5890, Train F1: 0.4724
2025-05-30 23:10:25,329 - Val Loss: 2.5946, Val Acc: 0.2858, Val F1: 0.1685
2025-05-30 23:10:25,329 - ---
2025-05-30 23:11:16,706 - ---
2025-05-30 23:11:16,707 - Epoch 013/100
2025-05-30 23:11:16,707 - Train Loss: 0.7996, Train Acc: 0.6133, Train F1: 0.5121
2025-05-30 23:11:16,707 - Val Loss: 1.4475, Val Acc: 0.4980, Val F1: 0.3532
2025-05-30 23:11:16,707 - ---
2025-05-30 23:12:08,028 - ---
2025-05-30 23:12:08,028 - Epoch 014/100
2025-05-30 23:12:08,028 - Train Loss: 0.7815, Train Acc: 0.6187, Train F1: 0.5178
2025-05-30 23:12:08,028 - Val Loss: 0.9424, Val Acc: 0.6367, Val F1: 0.5001
2025-05-30 23:12:08,153 - Best model updated and saved at /kaggle/working/noisy-graph-classification/checkpoints/model_C_best.pth
2025-05-30 23:12:08,153 - ---
2025-05-30 23:12:59,040 - ---
2025-05-30 23:12:59,041 - Epoch 015/100
2025-05-30 23:12:59,042 - Train Loss: 0.7614, Train Acc: 0.6307, Train F1: 0.5375
2025-05-30 23:12:59,042 - Val Loss: 1.1808, Val Acc: 0.5488, Val F1: 0.4804
2025-05-30 23:12:59,042 - ---
2025-05-30 23:13:49,810 - ---
2025-05-30 23:13:49,811 - Epoch 016/100
2025-05-30 23:13:49,811 - Train Loss: 0.7358, Train Acc: 0.6434, Train F1: 0.5581
2025-05-30 23:13:49,811 - Val Loss: 1.3965, Val Acc: 0.4733, Val F1: 0.3812
2025-05-30 23:13:49,811 - ---
2025-05-30 23:14:40,582 - ---
2025-05-30 23:14:40,582 - Epoch 017/100
2025-05-30 23:14:40,582 - Train Loss: 0.7100, Train Acc: 0.6623, Train F1: 0.5816
2025-05-30 23:14:40,582 - Val Loss: 0.8915, Val Acc: 0.6725, Val F1: 0.5826
2025-05-30 23:14:40,718 - Best model updated and saved at /kaggle/working/noisy-graph-classification/checkpoints/model_C_best.pth
2025-05-30 23:14:40,718 - ---
2025-05-30 23:15:31,771 - ---
2025-05-30 23:15:31,772 - Epoch 018/100
2025-05-30 23:15:31,772 - Train Loss: 0.6785, Train Acc: 0.6737, Train F1: 0.6016
2025-05-30 23:15:31,772 - Val Loss: 0.8027, Val Acc: 0.6973, Val F1: 0.6096
2025-05-30 23:15:31,890 - Best model updated and saved at /kaggle/working/noisy-graph-classification/checkpoints/model_C_best.pth
2025-05-30 23:15:31,890 - ---
2025-05-30 23:16:22,742 - ---
2025-05-30 23:16:22,742 - Epoch 019/100
2025-05-30 23:16:22,742 - Train Loss: 0.6698, Train Acc: 0.6759, Train F1: 0.6036
2025-05-30 23:16:22,742 - Val Loss: 1.0607, Val Acc: 0.5924, Val F1: 0.5146
2025-05-30 23:16:22,742 - ---
2025-05-30 23:17:13,719 - ---
2025-05-30 23:17:13,720 - Epoch 020/100
2025-05-30 23:17:13,720 - Train Loss: 0.6560, Train Acc: 0.6851, Train F1: 0.6146
2025-05-30 23:17:13,720 - Val Loss: 0.7750, Val Acc: 0.7103, Val F1: 0.6447
2025-05-30 23:17:13,843 - Best model updated and saved at /kaggle/working/noisy-graph-classification/checkpoints/model_C_best.pth
2025-05-30 23:17:13,844 - ---
2025-05-30 23:18:04,990 - ---
2025-05-30 23:18:04,990 - Epoch 021/100
2025-05-30 23:18:04,990 - Train Loss: 0.6521, Train Acc: 0.6854, Train F1: 0.6257
2025-05-30 23:18:04,990 - Val Loss: 1.1861, Val Acc: 0.6602, Val F1: 0.4701
2025-05-30 23:18:04,990 - ---
2025-05-30 23:18:56,037 - ---
2025-05-30 23:18:56,037 - Epoch 022/100
2025-05-30 23:18:56,037 - Train Loss: 0.6379, Train Acc: 0.6951, Train F1: 0.6353
2025-05-30 23:18:56,037 - Val Loss: 1.1004, Val Acc: 0.5885, Val F1: 0.4474
2025-05-30 23:18:56,038 - ---
2025-05-30 23:19:46,773 - ---
2025-05-30 23:19:46,774 - Epoch 023/100
2025-05-30 23:19:46,774 - Train Loss: 0.5978, Train Acc: 0.7150, Train F1: 0.6656
2025-05-30 23:19:46,774 - Val Loss: 0.7960, Val Acc: 0.6895, Val F1: 0.6243
2025-05-30 23:19:46,774 - ---
2025-05-30 23:20:37,981 - ---
2025-05-30 23:20:37,981 - Epoch 024/100
2025-05-30 23:20:37,981 - Train Loss: 0.5998, Train Acc: 0.7098, Train F1: 0.6609
2025-05-30 23:20:37,981 - Val Loss: 0.8277, Val Acc: 0.6732, Val F1: 0.5754
2025-05-30 23:20:37,981 - ---
2025-05-30 23:21:28,802 - ---
2025-05-30 23:21:28,802 - Epoch 025/100
2025-05-30 23:21:28,802 - Train Loss: 0.5814, Train Acc: 0.7218, Train F1: 0.6757
2025-05-30 23:21:28,802 - Val Loss: 1.1633, Val Acc: 0.6139, Val F1: 0.5467
2025-05-30 23:21:28,802 - ---
2025-05-30 23:22:19,476 - ---
2025-05-30 23:22:19,476 - Epoch 026/100
2025-05-30 23:22:19,476 - Train Loss: 0.5627, Train Acc: 0.7367, Train F1: 0.6953
2025-05-30 23:22:19,476 - Val Loss: 0.7603, Val Acc: 0.7070, Val F1: 0.6436
2025-05-30 23:22:19,476 - ---
2025-05-30 23:23:10,242 - ---
2025-05-30 23:23:10,243 - Epoch 027/100
2025-05-30 23:23:10,243 - Train Loss: 0.5631, Train Acc: 0.7292, Train F1: 0.6881
2025-05-30 23:23:10,243 - Val Loss: 0.9048, Val Acc: 0.6797, Val F1: 0.6192
2025-05-30 23:23:10,243 - ---
2025-05-30 23:24:01,217 - ---
2025-05-30 23:24:01,217 - Epoch 028/100
2025-05-30 23:24:01,217 - Train Loss: 0.5618, Train Acc: 0.7319, Train F1: 0.6942
2025-05-30 23:24:01,217 - Val Loss: 0.8190, Val Acc: 0.7005, Val F1: 0.6096
2025-05-30 23:24:01,217 - ---
2025-05-30 23:24:52,034 - ---
2025-05-30 23:24:52,035 - Epoch 029/100
2025-05-30 23:24:52,035 - Train Loss: 0.5358, Train Acc: 0.7461, Train F1: 0.7061
2025-05-30 23:24:52,035 - Val Loss: 0.5888, Val Acc: 0.7793, Val F1: 0.7450
2025-05-30 23:24:52,156 - Best model updated and saved at /kaggle/working/noisy-graph-classification/checkpoints/model_C_best.pth
2025-05-30 23:24:52,157 - ---
2025-05-30 23:25:43,207 - ---
2025-05-30 23:25:43,207 - Epoch 030/100
2025-05-30 23:25:43,207 - Train Loss: 0.5112, Train Acc: 0.7523, Train F1: 0.7202
2025-05-30 23:25:43,207 - Val Loss: 0.7656, Val Acc: 0.7194, Val F1: 0.6756
2025-05-30 23:25:43,207 - ---
2025-05-30 23:26:33,951 - ---
2025-05-30 23:26:33,951 - Epoch 031/100
2025-05-30 23:26:33,951 - Train Loss: 0.5016, Train Acc: 0.7573, Train F1: 0.7276
2025-05-30 23:26:33,951 - Val Loss: 0.7266, Val Acc: 0.7389, Val F1: 0.6837
2025-05-30 23:26:33,951 - ---
2025-05-30 23:27:24,713 - ---
2025-05-30 23:27:24,714 - Epoch 032/100
2025-05-30 23:27:24,714 - Train Loss: 0.5087, Train Acc: 0.7580, Train F1: 0.7291
2025-05-30 23:27:24,714 - Val Loss: 0.7769, Val Acc: 0.7142, Val F1: 0.6440
2025-05-30 23:27:24,714 - ---
2025-05-30 23:28:15,588 - ---
2025-05-30 23:28:15,588 - Epoch 033/100
2025-05-30 23:28:15,588 - Train Loss: 0.4914, Train Acc: 0.7718, Train F1: 0.7448
2025-05-30 23:28:15,588 - Val Loss: 0.6608, Val Acc: 0.7454, Val F1: 0.7072
2025-05-30 23:28:15,588 - ---
2025-05-30 23:29:06,260 - ---
2025-05-30 23:29:06,260 - Epoch 034/100
2025-05-30 23:29:06,261 - Train Loss: 0.4826, Train Acc: 0.7720, Train F1: 0.7442
2025-05-30 23:29:06,261 - Val Loss: 0.6931, Val Acc: 0.7402, Val F1: 0.7037
2025-05-30 23:29:06,261 - ---
2025-05-30 23:29:57,215 - ---
2025-05-30 23:29:57,215 - Epoch 035/100
2025-05-30 23:29:57,215 - Train Loss: 0.4862, Train Acc: 0.7734, Train F1: 0.7522
2025-05-30 23:29:57,215 - Val Loss: 0.6820, Val Acc: 0.7578, Val F1: 0.7261
2025-05-30 23:29:57,216 - ---
2025-05-30 23:30:47,913 - ---
2025-05-30 23:30:47,913 - Epoch 036/100
2025-05-30 23:30:47,913 - Train Loss: 0.4844, Train Acc: 0.7721, Train F1: 0.7446
2025-05-30 23:30:47,913 - Val Loss: 0.9505, Val Acc: 0.6823, Val F1: 0.6727
2025-05-30 23:30:47,913 - ---
2025-05-30 23:31:38,694 - ---
2025-05-30 23:31:38,694 - Epoch 037/100
2025-05-30 23:31:38,694 - Train Loss: 0.4776, Train Acc: 0.7822, Train F1: 0.7548
2025-05-30 23:31:38,694 - Val Loss: 1.0830, Val Acc: 0.6191, Val F1: 0.4537
2025-05-30 23:31:38,694 - ---
2025-05-30 23:32:29,250 - ---
2025-05-30 23:32:29,250 - Epoch 038/100
2025-05-30 23:32:29,250 - Train Loss: 0.4677, Train Acc: 0.7764, Train F1: 0.7527
2025-05-30 23:32:29,250 - Val Loss: 0.5792, Val Acc: 0.7865, Val F1: 0.7575
2025-05-30 23:32:29,372 - Best model updated and saved at /kaggle/working/noisy-graph-classification/checkpoints/model_C_best.pth
2025-05-30 23:32:29,372 - ---
2025-05-30 23:33:20,299 - ---
2025-05-30 23:33:20,299 - Epoch 039/100
2025-05-30 23:33:20,299 - Train Loss: 0.4595, Train Acc: 0.7819, Train F1: 0.7579
2025-05-30 23:33:20,299 - Val Loss: 1.2371, Val Acc: 0.6081, Val F1: 0.5576
2025-05-30 23:33:20,299 - ---
2025-05-30 23:34:11,171 - ---
2025-05-30 23:34:11,171 - Epoch 040/100
2025-05-30 23:34:11,171 - Train Loss: 0.4446, Train Acc: 0.7920, Train F1: 0.7717
2025-05-30 23:34:11,171 - Val Loss: 0.7011, Val Acc: 0.7389, Val F1: 0.6875
2025-05-30 23:34:11,171 - ---
2025-05-30 23:35:02,077 - ---
2025-05-30 23:35:02,078 - Epoch 041/100
2025-05-30 23:35:02,078 - Train Loss: 0.4591, Train Acc: 0.7817, Train F1: 0.7604
2025-05-30 23:35:02,078 - Val Loss: 1.3660, Val Acc: 0.5638, Val F1: 0.4480
2025-05-30 23:35:02,078 - ---
2025-05-30 23:35:53,109 - ---
2025-05-30 23:35:53,109 - Epoch 042/100
2025-05-30 23:35:53,109 - Train Loss: 0.4392, Train Acc: 0.7917, Train F1: 0.7716
2025-05-30 23:35:53,110 - Val Loss: 0.5209, Val Acc: 0.8086, Val F1: 0.7910
2025-05-30 23:35:53,227 - Best model updated and saved at /kaggle/working/noisy-graph-classification/checkpoints/model_C_best.pth
2025-05-30 23:35:53,227 - ---
2025-05-30 23:36:44,173 - ---
2025-05-30 23:36:44,173 - Epoch 043/100
2025-05-30 23:36:44,173 - Train Loss: 0.4449, Train Acc: 0.7925, Train F1: 0.7763
2025-05-30 23:36:44,173 - Val Loss: 0.6782, Val Acc: 0.7643, Val F1: 0.7292
2025-05-30 23:36:44,173 - ---
2025-05-30 23:37:35,060 - ---
2025-05-30 23:37:35,061 - Epoch 044/100
2025-05-30 23:37:35,061 - Train Loss: 0.4480, Train Acc: 0.7892, Train F1: 0.7695
2025-05-30 23:37:35,061 - Val Loss: 0.8101, Val Acc: 0.7077, Val F1: 0.6813
2025-05-30 23:37:35,061 - ---
2025-05-30 23:38:26,022 - ---
2025-05-30 23:38:26,022 - Epoch 045/100
2025-05-30 23:38:26,022 - Train Loss: 0.4472, Train Acc: 0.7907, Train F1: 0.7662
2025-05-30 23:38:26,022 - Val Loss: 1.0780, Val Acc: 0.6419, Val F1: 0.5793
2025-05-30 23:38:26,022 - ---
2025-05-30 23:39:16,769 - ---
2025-05-30 23:39:16,770 - Epoch 046/100
2025-05-30 23:39:16,770 - Train Loss: 0.4168, Train Acc: 0.8024, Train F1: 0.7836
2025-05-30 23:39:16,770 - Val Loss: 0.5159, Val Acc: 0.8073, Val F1: 0.7895
2025-05-30 23:39:16,770 - ---
2025-05-30 23:40:07,406 - ---
2025-05-30 23:40:07,406 - Epoch 047/100
2025-05-30 23:40:07,407 - Train Loss: 0.4189, Train Acc: 0.8016, Train F1: 0.7836
2025-05-30 23:40:07,407 - Val Loss: 0.9174, Val Acc: 0.6771, Val F1: 0.5483
2025-05-30 23:40:07,407 - ---
2025-05-30 23:40:58,379 - ---
2025-05-30 23:40:58,379 - Epoch 048/100
2025-05-30 23:40:58,379 - Train Loss: 0.4252, Train Acc: 0.8029, Train F1: 0.7871
2025-05-30 23:40:58,379 - Val Loss: 0.8444, Val Acc: 0.6940, Val F1: 0.5988
2025-05-30 23:40:58,379 - ---
2025-05-30 23:41:48,970 - ---
2025-05-30 23:41:48,970 - Epoch 049/100
2025-05-30 23:41:48,970 - Train Loss: 0.4182, Train Acc: 0.8037, Train F1: 0.7872
2025-05-30 23:41:48,970 - Val Loss: 0.5885, Val Acc: 0.7741, Val F1: 0.7262
2025-05-30 23:41:48,970 - ---
2025-05-30 23:42:40,029 - ---
2025-05-30 23:42:40,029 - Epoch 050/100
2025-05-30 23:42:40,029 - Train Loss: 0.4137, Train Acc: 0.8044, Train F1: 0.7910
2025-05-30 23:42:40,029 - Val Loss: 1.1134, Val Acc: 0.6660, Val F1: 0.5294
2025-05-30 23:42:40,029 - ---
2025-05-30 23:43:30,920 - ---
2025-05-30 23:43:30,920 - Epoch 051/100
2025-05-30 23:43:30,920 - Train Loss: 0.4168, Train Acc: 0.8052, Train F1: 0.7885
2025-05-30 23:43:30,920 - Val Loss: 0.5905, Val Acc: 0.7858, Val F1: 0.7595
2025-05-30 23:43:30,920 - ---
2025-05-30 23:44:21,901 - ---
2025-05-30 23:44:21,901 - Epoch 052/100
2025-05-30 23:44:21,901 - Train Loss: 0.3994, Train Acc: 0.8112, Train F1: 0.7985
2025-05-30 23:44:21,901 - Val Loss: 0.9861, Val Acc: 0.6914, Val F1: 0.6305
2025-05-30 23:44:21,901 - ---
2025-05-30 23:45:13,420 - ---
2025-05-30 23:45:13,420 - Epoch 053/100
2025-05-30 23:45:13,420 - Train Loss: 0.4089, Train Acc: 0.8057, Train F1: 0.7931
2025-05-30 23:45:13,421 - Val Loss: 1.3923, Val Acc: 0.6120, Val F1: 0.4266
2025-05-30 23:45:13,421 - ---
2025-05-30 23:46:04,384 - ---
2025-05-30 23:46:04,384 - Epoch 054/100
2025-05-30 23:46:04,384 - Train Loss: 0.4142, Train Acc: 0.8065, Train F1: 0.7943
2025-05-30 23:46:04,384 - Val Loss: 0.5952, Val Acc: 0.7852, Val F1: 0.7398
2025-05-30 23:46:04,384 - ---
2025-05-30 23:46:55,240 - ---
2025-05-30 23:46:55,240 - Epoch 055/100
2025-05-30 23:46:55,240 - Train Loss: 0.4006, Train Acc: 0.8094, Train F1: 0.7948
2025-05-30 23:46:55,240 - Val Loss: 0.8734, Val Acc: 0.7135, Val F1: 0.6636
2025-05-30 23:46:55,240 - ---
2025-05-30 23:47:46,123 - ---
2025-05-30 23:47:46,124 - Epoch 056/100
2025-05-30 23:47:46,124 - Train Loss: 0.3887, Train Acc: 0.8148, Train F1: 0.8011
2025-05-30 23:47:46,124 - Val Loss: 0.6848, Val Acc: 0.7585, Val F1: 0.7362
2025-05-30 23:47:46,124 - ---
2025-05-30 23:48:37,070 - ---
2025-05-30 23:48:37,071 - Epoch 057/100
2025-05-30 23:48:37,071 - Train Loss: 0.3910, Train Acc: 0.8135, Train F1: 0.7992
2025-05-30 23:48:37,071 - Val Loss: 0.7695, Val Acc: 0.7259, Val F1: 0.6623
2025-05-30 23:48:37,071 - ---
2025-05-30 23:49:28,302 - ---
2025-05-30 23:49:28,302 - Epoch 058/100
2025-05-30 23:49:28,302 - Train Loss: 0.3986, Train Acc: 0.8086, Train F1: 0.7959
2025-05-30 23:49:28,302 - Val Loss: 0.6242, Val Acc: 0.7611, Val F1: 0.7542
2025-05-30 23:49:28,302 - ---
2025-05-30 23:50:19,707 - ---
2025-05-30 23:50:19,707 - Epoch 059/100
2025-05-30 23:50:19,707 - Train Loss: 0.3870, Train Acc: 0.8182, Train F1: 0.8030
2025-05-30 23:50:19,707 - Val Loss: 0.5284, Val Acc: 0.8047, Val F1: 0.7645
2025-05-30 23:50:19,707 - ---
2025-05-30 23:51:10,787 - ---
2025-05-30 23:51:10,787 - Epoch 060/100
2025-05-30 23:51:10,787 - Train Loss: 0.3801, Train Acc: 0.8182, Train F1: 0.8076
2025-05-30 23:51:10,787 - Val Loss: 0.6121, Val Acc: 0.7845, Val F1: 0.7406
2025-05-30 23:51:10,787 - ---
2025-05-30 23:52:02,043 - ---
2025-05-30 23:52:02,043 - Epoch 061/100
2025-05-30 23:52:02,043 - Train Loss: 0.3715, Train Acc: 0.8203, Train F1: 0.8075
2025-05-30 23:52:02,043 - Val Loss: 0.5861, Val Acc: 0.7812, Val F1: 0.7679
2025-05-30 23:52:02,043 - ---
2025-05-30 23:52:53,747 - ---
2025-05-30 23:52:53,747 - Epoch 062/100
2025-05-30 23:52:53,747 - Train Loss: 0.3796, Train Acc: 0.8188, Train F1: 0.8052
2025-05-30 23:52:53,747 - Val Loss: 0.7284, Val Acc: 0.7441, Val F1: 0.7075
2025-05-30 23:52:53,747 - ---
2025-05-30 23:53:45,220 - ---
2025-05-30 23:53:45,220 - Epoch 063/100
2025-05-30 23:53:45,220 - Train Loss: 0.3881, Train Acc: 0.8192, Train F1: 0.8043
2025-05-30 23:53:45,220 - Val Loss: 0.6037, Val Acc: 0.7839, Val F1: 0.7522
2025-05-30 23:53:45,220 - ---
2025-05-30 23:54:36,333 - ---
2025-05-30 23:54:36,333 - Epoch 064/100
2025-05-30 23:54:36,333 - Train Loss: 0.3726, Train Acc: 0.8232, Train F1: 0.8140
2025-05-30 23:54:36,334 - Val Loss: 0.4935, Val Acc: 0.8047, Val F1: 0.7697
2025-05-30 23:54:36,334 - ---
2025-05-30 23:55:27,800 - ---
2025-05-30 23:55:27,800 - Epoch 065/100
2025-05-30 23:55:27,800 - Train Loss: 0.3661, Train Acc: 0.8239, Train F1: 0.8111
2025-05-30 23:55:27,800 - Val Loss: 0.5676, Val Acc: 0.7923, Val F1: 0.7673
2025-05-30 23:55:27,800 - ---
2025-05-30 23:56:18,895 - ---
2025-05-30 23:56:18,895 - Epoch 066/100
2025-05-30 23:56:18,895 - Train Loss: 0.3599, Train Acc: 0.8258, Train F1: 0.8160
2025-05-30 23:56:18,895 - Val Loss: 0.7818, Val Acc: 0.7233, Val F1: 0.7021
2025-05-30 23:56:18,895 - ---
2025-05-30 23:57:11,102 - ---
2025-05-30 23:57:11,102 - Epoch 067/100
2025-05-30 23:57:11,102 - Train Loss: 0.3686, Train Acc: 0.8257, Train F1: 0.8162
2025-05-30 23:57:11,102 - Val Loss: 0.5566, Val Acc: 0.7923, Val F1: 0.7641
2025-05-30 23:57:11,102 - ---
2025-05-30 23:58:02,886 - ---
2025-05-30 23:58:02,887 - Epoch 068/100
2025-05-30 23:58:02,887 - Train Loss: 0.3602, Train Acc: 0.8271, Train F1: 0.8145
2025-05-30 23:58:02,887 - Val Loss: 0.6822, Val Acc: 0.7689, Val F1: 0.7428
2025-05-30 23:58:02,887 - ---
2025-05-30 23:58:54,601 - ---
2025-05-30 23:58:54,601 - Epoch 069/100
2025-05-30 23:58:54,601 - Train Loss: 0.3629, Train Acc: 0.8229, Train F1: 0.8128
2025-05-30 23:58:54,601 - Val Loss: 0.5985, Val Acc: 0.7878, Val F1: 0.7598
2025-05-30 23:58:54,601 - ---
2025-05-30 23:59:46,310 - ---
2025-05-30 23:59:46,310 - Epoch 070/100
2025-05-30 23:59:46,310 - Train Loss: 0.3568, Train Acc: 0.8285, Train F1: 0.8195
2025-05-30 23:59:46,310 - Val Loss: 0.7364, Val Acc: 0.7643, Val F1: 0.7351
2025-05-30 23:59:46,310 - ---
2025-05-31 00:00:38,066 - ---
2025-05-31 00:00:38,066 - Epoch 071/100
2025-05-31 00:00:38,066 - Train Loss: 0.3642, Train Acc: 0.8247, Train F1: 0.8147
2025-05-31 00:00:38,066 - Val Loss: 0.4792, Val Acc: 0.8197, Val F1: 0.7993
2025-05-31 00:00:38,189 - Best model updated and saved at /kaggle/working/noisy-graph-classification/checkpoints/model_C_best.pth
2025-05-31 00:00:38,189 - ---
2025-05-31 00:01:30,036 - ---
2025-05-31 00:01:30,037 - Epoch 072/100
2025-05-31 00:01:30,037 - Train Loss: 0.3633, Train Acc: 0.8258, Train F1: 0.8142
2025-05-31 00:01:30,037 - Val Loss: 0.5231, Val Acc: 0.8125, Val F1: 0.8049
2025-05-31 00:01:30,037 - ---
2025-05-31 00:02:21,696 - ---
2025-05-31 00:02:21,697 - Epoch 073/100
2025-05-31 00:02:21,697 - Train Loss: 0.3488, Train Acc: 0.8298, Train F1: 0.8209
2025-05-31 00:02:21,697 - Val Loss: 1.6041, Val Acc: 0.6354, Val F1: 0.4943
2025-05-31 00:02:21,697 - ---
2025-05-31 00:03:13,290 - ---
2025-05-31 00:03:13,291 - Epoch 074/100
2025-05-31 00:03:13,291 - Train Loss: 0.3537, Train Acc: 0.8315, Train F1: 0.8233
2025-05-31 00:03:13,291 - Val Loss: 0.4852, Val Acc: 0.8197, Val F1: 0.7972
2025-05-31 00:03:13,291 - ---
2025-05-31 00:04:04,994 - ---
2025-05-31 00:04:04,994 - Epoch 075/100
2025-05-31 00:04:04,994 - Train Loss: 0.3491, Train Acc: 0.8312, Train F1: 0.8223
2025-05-31 00:04:04,994 - Val Loss: 0.8728, Val Acc: 0.7214, Val F1: 0.6694
2025-05-31 00:04:04,994 - ---
2025-05-31 00:04:56,800 - ---
2025-05-31 00:04:56,800 - Epoch 076/100
2025-05-31 00:04:56,801 - Train Loss: 0.3585, Train Acc: 0.8275, Train F1: 0.8168
2025-05-31 00:04:56,801 - Val Loss: 0.4933, Val Acc: 0.8184, Val F1: 0.7950
2025-05-31 00:04:56,801 - ---
2025-05-31 00:05:48,492 - ---
2025-05-31 00:05:48,493 - Epoch 077/100
2025-05-31 00:05:48,493 - Train Loss: 0.3448, Train Acc: 0.8307, Train F1: 0.8222
2025-05-31 00:05:48,493 - Val Loss: 0.4903, Val Acc: 0.8223, Val F1: 0.8010
2025-05-31 00:05:48,616 - Best model updated and saved at /kaggle/working/noisy-graph-classification/checkpoints/model_C_best.pth
2025-05-31 00:05:48,616 - ---
2025-05-31 00:06:40,218 - ---
2025-05-31 00:06:40,219 - Epoch 078/100
2025-05-31 00:06:40,219 - Train Loss: 0.3432, Train Acc: 0.8322, Train F1: 0.8234
2025-05-31 00:06:40,219 - Val Loss: 1.1790, Val Acc: 0.6823, Val F1: 0.6711
2025-05-31 00:06:40,219 - ---
2025-05-31 00:07:31,731 - ---
2025-05-31 00:07:31,732 - Epoch 079/100
2025-05-31 00:07:31,732 - Train Loss: 0.3453, Train Acc: 0.8328, Train F1: 0.8240
2025-05-31 00:07:31,732 - Val Loss: 0.4681, Val Acc: 0.8255, Val F1: 0.8058
2025-05-31 00:07:31,860 - Best model updated and saved at /kaggle/working/noisy-graph-classification/checkpoints/model_C_best.pth
2025-05-31 00:07:31,860 - ---
2025-05-31 00:08:23,815 - ---
2025-05-31 00:08:23,815 - Epoch 080/100
2025-05-31 00:08:23,815 - Train Loss: 0.3480, Train Acc: 0.8350, Train F1: 0.8263
2025-05-31 00:08:23,815 - Val Loss: 0.4628, Val Acc: 0.8281, Val F1: 0.8201
2025-05-31 00:08:23,936 - Best model updated and saved at /kaggle/working/noisy-graph-classification/checkpoints/model_C_best.pth
2025-05-31 00:08:23,936 - ---
2025-05-31 00:09:15,563 - ---
2025-05-31 00:09:15,563 - Epoch 081/100
2025-05-31 00:09:15,563 - Train Loss: 0.3401, Train Acc: 0.8392, Train F1: 0.8348
2025-05-31 00:09:15,563 - Val Loss: 0.5998, Val Acc: 0.7930, Val F1: 0.7552
2025-05-31 00:09:15,563 - ---
2025-05-31 00:10:06,954 - ---
2025-05-31 00:10:06,954 - Epoch 082/100
2025-05-31 00:10:06,954 - Train Loss: 0.3402, Train Acc: 0.8390, Train F1: 0.8329
2025-05-31 00:10:06,954 - Val Loss: 0.5200, Val Acc: 0.8105, Val F1: 0.7852
2025-05-31 00:10:06,954 - ---
2025-05-31 00:10:58,708 - ---
2025-05-31 00:10:58,709 - Epoch 083/100
2025-05-31 00:10:58,709 - Train Loss: 0.3366, Train Acc: 0.8381, Train F1: 0.8301
2025-05-31 00:10:58,709 - Val Loss: 0.8479, Val Acc: 0.7051, Val F1: 0.6472
2025-05-31 00:10:58,709 - ---
2025-05-31 00:11:50,481 - ---
2025-05-31 00:11:50,482 - Epoch 084/100
2025-05-31 00:11:50,482 - Train Loss: 0.3317, Train Acc: 0.8363, Train F1: 0.8298
2025-05-31 00:11:50,482 - Val Loss: 0.5831, Val Acc: 0.7891, Val F1: 0.7617
2025-05-31 00:11:50,482 - ---
2025-05-31 00:12:42,187 - ---
2025-05-31 00:12:42,187 - Epoch 085/100
2025-05-31 00:12:42,187 - Train Loss: 0.3237, Train Acc: 0.8441, Train F1: 0.8384
2025-05-31 00:12:42,187 - Val Loss: 0.6430, Val Acc: 0.7741, Val F1: 0.7406
2025-05-31 00:12:42,187 - ---
2025-05-31 00:13:33,549 - ---
2025-05-31 00:13:33,549 - Epoch 086/100
2025-05-31 00:13:33,549 - Train Loss: 0.3288, Train Acc: 0.8438, Train F1: 0.8408
2025-05-31 00:13:33,549 - Val Loss: 0.5232, Val Acc: 0.8262, Val F1: 0.8063
2025-05-31 00:13:33,549 - ---
2025-05-31 00:14:24,586 - ---
2025-05-31 00:14:24,586 - Epoch 087/100
2025-05-31 00:14:24,586 - Train Loss: 0.3237, Train Acc: 0.8472, Train F1: 0.8444
2025-05-31 00:14:24,586 - Val Loss: 0.4824, Val Acc: 0.8268, Val F1: 0.7991
2025-05-31 00:14:24,586 - ---
2025-05-31 00:15:16,066 - ---
2025-05-31 00:15:16,067 - Epoch 088/100
2025-05-31 00:15:16,067 - Train Loss: 0.3260, Train Acc: 0.8441, Train F1: 0.8373
2025-05-31 00:15:16,067 - Val Loss: 0.5096, Val Acc: 0.8171, Val F1: 0.7929
2025-05-31 00:15:16,067 - ---
2025-05-31 00:16:08,077 - ---
2025-05-31 00:16:08,077 - Epoch 089/100
2025-05-31 00:16:08,077 - Train Loss: 0.3251, Train Acc: 0.8424, Train F1: 0.8344
2025-05-31 00:16:08,078 - Val Loss: 0.5411, Val Acc: 0.8158, Val F1: 0.7870
2025-05-31 00:16:08,078 - ---
2025-05-31 00:17:00,873 - ---
2025-05-31 00:17:00,873 - Epoch 090/100
2025-05-31 00:17:00,873 - Train Loss: 0.3298, Train Acc: 0.8420, Train F1: 0.8376
2025-05-31 00:17:00,873 - Val Loss: 0.5773, Val Acc: 0.7936, Val F1: 0.7622
2025-05-31 00:17:00,873 - ---
2025-05-31 00:17:54,482 - ---
2025-05-31 00:17:54,482 - Epoch 091/100
2025-05-31 00:17:54,482 - Train Loss: 0.3237, Train Acc: 0.8442, Train F1: 0.8382
2025-05-31 00:17:54,482 - Val Loss: 0.8129, Val Acc: 0.7357, Val F1: 0.6001
2025-05-31 00:17:54,482 - ---
2025-05-31 00:18:48,309 - ---
2025-05-31 00:18:48,309 - Epoch 092/100
2025-05-31 00:18:48,309 - Train Loss: 0.3226, Train Acc: 0.8444, Train F1: 0.8393
2025-05-31 00:18:48,309 - Val Loss: 0.4859, Val Acc: 0.8236, Val F1: 0.8172
2025-05-31 00:18:48,309 - ---
2025-05-31 00:19:41,040 - ---
2025-05-31 00:19:41,040 - Epoch 093/100
2025-05-31 00:19:41,040 - Train Loss: 0.3052, Train Acc: 0.8506, Train F1: 0.8472
2025-05-31 00:19:41,041 - Val Loss: 0.9691, Val Acc: 0.7142, Val F1: 0.6965
2025-05-31 00:19:41,041 - ---
2025-05-31 00:20:33,587 - ---
2025-05-31 00:20:33,587 - Epoch 094/100
2025-05-31 00:20:33,587 - Train Loss: 0.3142, Train Acc: 0.8470, Train F1: 0.8440
2025-05-31 00:20:33,587 - Val Loss: 0.4785, Val Acc: 0.8177, Val F1: 0.7750
2025-05-31 00:20:33,587 - ---
2025-05-31 00:21:26,204 - ---
2025-05-31 00:21:26,205 - Epoch 095/100
2025-05-31 00:21:26,205 - Train Loss: 0.3064, Train Acc: 0.8506, Train F1: 0.8459
2025-05-31 00:21:26,205 - Val Loss: 0.6076, Val Acc: 0.7897, Val F1: 0.7465
2025-05-31 00:21:26,205 - ---
2025-05-31 00:22:18,867 - ---
2025-05-31 00:22:18,867 - Epoch 096/100
2025-05-31 00:22:18,867 - Train Loss: 0.3189, Train Acc: 0.8464, Train F1: 0.8409
2025-05-31 00:22:18,868 - Val Loss: 0.4283, Val Acc: 0.8359, Val F1: 0.8206
2025-05-31 00:22:19,005 - Best model updated and saved at /kaggle/working/noisy-graph-classification/checkpoints/model_C_best.pth
2025-05-31 00:22:19,006 - ---
2025-05-31 00:23:12,084 - ---
2025-05-31 00:23:12,085 - Epoch 097/100
2025-05-31 00:23:12,085 - Train Loss: 0.3044, Train Acc: 0.8507, Train F1: 0.8470
2025-05-31 00:23:12,085 - Val Loss: 0.5560, Val Acc: 0.8079, Val F1: 0.7794
2025-05-31 00:23:12,085 - ---
2025-05-31 00:24:05,040 - ---
2025-05-31 00:24:05,040 - Epoch 098/100
2025-05-31 00:24:05,040 - Train Loss: 0.3107, Train Acc: 0.8503, Train F1: 0.8462
2025-05-31 00:24:05,040 - Val Loss: 0.4969, Val Acc: 0.8281, Val F1: 0.8190
2025-05-31 00:24:05,040 - ---
2025-05-31 00:24:58,797 - ---
2025-05-31 00:24:58,797 - Epoch 099/100
2025-05-31 00:24:58,797 - Train Loss: 0.3046, Train Acc: 0.8503, Train F1: 0.8495
2025-05-31 00:24:58,797 - Val Loss: 0.4451, Val Acc: 0.8314, Val F1: 0.8048
2025-05-31 00:24:58,797 - ---
2025-05-31 00:25:52,158 - ---
2025-05-31 00:25:52,158 - Epoch 100/100
2025-05-31 00:25:52,158 - Train Loss: 0.3101, Train Acc: 0.8477, Train F1: 0.8441
2025-05-31 00:25:52,158 - Val Loss: 0.6085, Val Acc: 0.7865, Val F1: 0.7537
2025-05-31 00:25:52,159 - ---
