2025-05-30 23:14:08,749 - ---
2025-05-30 23:14:08,749 - Epoch 001/100
2025-05-30 23:14:08,749 - Train Loss: 1.3330, Train Acc: 0.3765, Train F1: 0.1491
2025-05-30 23:14:08,749 - Val Loss: 1.6162, Val Acc: 0.3861, Val F1: 0.0972
2025-05-30 23:14:08,836 - Best model updated and saved at /kaggle/working/noisy-graph-classification/checkpoints/model_C_best.pth
2025-05-30 23:14:08,836 - ---
2025-05-30 23:14:58,690 - ---
2025-05-30 23:14:58,690 - Epoch 002/100
2025-05-30 23:14:58,690 - Train Loss: 1.2130, Train Acc: 0.4126, Train F1: 0.1624
2025-05-30 23:14:58,690 - Val Loss: 1.4210, Val Acc: 0.4277, Val F1: 0.1617
2025-05-30 23:14:58,806 - Best model updated and saved at /kaggle/working/noisy-graph-classification/checkpoints/model_C_best.pth
2025-05-30 23:14:58,806 - ---
2025-05-30 23:15:48,756 - ---
2025-05-30 23:15:48,756 - Epoch 003/100
2025-05-30 23:15:48,756 - Train Loss: 1.1809, Train Acc: 0.4246, Train F1: 0.1945
2025-05-30 23:15:48,757 - Val Loss: 1.4559, Val Acc: 0.4069, Val F1: 0.2147
2025-05-30 23:15:48,757 - ---
2025-05-30 23:16:38,653 - ---
2025-05-30 23:16:38,653 - Epoch 004/100
2025-05-30 23:16:38,653 - Train Loss: 1.1633, Train Acc: 0.4237, Train F1: 0.2140
2025-05-30 23:16:38,653 - Val Loss: 1.4170, Val Acc: 0.4147, Val F1: 0.2143
2025-05-30 23:16:38,653 - ---
2025-05-30 23:17:28,498 - ---
2025-05-30 23:17:28,498 - Epoch 005/100
2025-05-30 23:17:28,498 - Train Loss: 1.1249, Train Acc: 0.4399, Train F1: 0.2502
2025-05-30 23:17:28,498 - Val Loss: 1.5513, Val Acc: 0.3900, Val F1: 0.2322
2025-05-30 23:17:28,498 - ---
2025-05-30 23:18:18,174 - ---
2025-05-30 23:18:18,174 - Epoch 006/100
2025-05-30 23:18:18,174 - Train Loss: 1.0998, Train Acc: 0.4539, Train F1: 0.2855
2025-05-30 23:18:18,175 - Val Loss: 1.4418, Val Acc: 0.4414, Val F1: 0.1901
2025-05-30 23:18:18,293 - Best model updated and saved at /kaggle/working/noisy-graph-classification/checkpoints/model_C_best.pth
2025-05-30 23:18:18,293 - ---
2025-05-30 23:19:08,003 - ---
2025-05-30 23:19:08,003 - Epoch 007/100
2025-05-30 23:19:08,003 - Train Loss: 1.0426, Train Acc: 0.4886, Train F1: 0.3196
2025-05-30 23:19:08,003 - Val Loss: 1.2491, Val Acc: 0.4941, Val F1: 0.3529
2025-05-30 23:19:08,116 - Best model updated and saved at /kaggle/working/noisy-graph-classification/checkpoints/model_C_best.pth
2025-05-30 23:19:08,116 - ---
2025-05-30 23:19:57,969 - ---
2025-05-30 23:19:57,969 - Epoch 008/100
2025-05-30 23:19:57,970 - Train Loss: 0.9857, Train Acc: 0.5142, Train F1: 0.3620
2025-05-30 23:19:57,970 - Val Loss: 1.2794, Val Acc: 0.5046, Val F1: 0.3079
2025-05-30 23:19:58,092 - Best model updated and saved at /kaggle/working/noisy-graph-classification/checkpoints/model_C_best.pth
2025-05-30 23:19:58,092 - ---
2025-05-30 23:20:47,843 - ---
2025-05-30 23:20:47,844 - Epoch 009/100
2025-05-30 23:20:47,844 - Train Loss: 0.9369, Train Acc: 0.5389, Train F1: 0.3920
2025-05-30 23:20:47,844 - Val Loss: 1.1731, Val Acc: 0.5020, Val F1: 0.4096
2025-05-30 23:20:47,844 - ---
2025-05-30 23:21:37,656 - ---
2025-05-30 23:21:37,656 - Epoch 010/100
2025-05-30 23:21:37,657 - Train Loss: 0.8965, Train Acc: 0.5688, Train F1: 0.4390
2025-05-30 23:21:37,657 - Val Loss: 1.0104, Val Acc: 0.6048, Val F1: 0.4717
2025-05-30 23:21:37,778 - Best model updated and saved at /kaggle/working/noisy-graph-classification/checkpoints/model_C_best.pth
2025-05-30 23:21:37,778 - ---
2025-05-30 23:22:27,723 - ---
2025-05-30 23:22:27,723 - Epoch 011/100
2025-05-30 23:22:27,723 - Train Loss: 0.8543, Train Acc: 0.5846, Train F1: 0.4675
2025-05-30 23:22:27,724 - Val Loss: 2.5654, Val Acc: 0.3197, Val F1: 0.2066
2025-05-30 23:22:27,724 - ---
2025-05-30 23:23:17,655 - ---
2025-05-30 23:23:17,655 - Epoch 012/100
2025-05-30 23:23:17,655 - Train Loss: 0.8139, Train Acc: 0.6055, Train F1: 0.4989
2025-05-30 23:23:17,655 - Val Loss: 1.0537, Val Acc: 0.6048, Val F1: 0.5011
2025-05-30 23:23:17,655 - ---
2025-05-30 23:24:07,369 - ---
2025-05-30 23:24:07,369 - Epoch 013/100
2025-05-30 23:24:07,369 - Train Loss: 0.7881, Train Acc: 0.6224, Train F1: 0.5249
2025-05-30 23:24:07,370 - Val Loss: 1.4196, Val Acc: 0.4961, Val F1: 0.2954
2025-05-30 23:24:07,370 - ---
2025-05-30 23:24:57,311 - ---
2025-05-30 23:24:57,312 - Epoch 014/100
2025-05-30 23:24:57,312 - Train Loss: 0.7747, Train Acc: 0.6253, Train F1: 0.5324
2025-05-30 23:24:57,312 - Val Loss: 0.8261, Val Acc: 0.6810, Val F1: 0.5996
2025-05-30 23:24:57,427 - Best model updated and saved at /kaggle/working/noisy-graph-classification/checkpoints/model_C_best.pth
2025-05-30 23:24:57,427 - ---
2025-05-30 23:25:47,465 - ---
2025-05-30 23:25:47,465 - Epoch 015/100
2025-05-30 23:25:47,465 - Train Loss: 0.7337, Train Acc: 0.6484, Train F1: 0.5642
2025-05-30 23:25:47,465 - Val Loss: 0.9743, Val Acc: 0.6530, Val F1: 0.5466
2025-05-30 23:25:47,465 - ---
2025-05-30 23:26:37,095 - ---
2025-05-30 23:26:37,095 - Epoch 016/100
2025-05-30 23:26:37,095 - Train Loss: 0.7127, Train Acc: 0.6571, Train F1: 0.5794
2025-05-30 23:26:37,095 - Val Loss: 1.7153, Val Acc: 0.5091, Val F1: 0.3643
2025-05-30 23:26:37,095 - ---
2025-05-30 23:27:26,773 - ---
2025-05-30 23:27:26,774 - Epoch 017/100
2025-05-30 23:27:26,774 - Train Loss: 0.6993, Train Acc: 0.6580, Train F1: 0.5881
2025-05-30 23:27:26,774 - Val Loss: 1.2301, Val Acc: 0.5651, Val F1: 0.4213
2025-05-30 23:27:26,774 - ---
2025-05-30 23:28:16,378 - ---
2025-05-30 23:28:16,379 - Epoch 018/100
2025-05-30 23:28:16,379 - Train Loss: 0.6825, Train Acc: 0.6676, Train F1: 0.5933
2025-05-30 23:28:16,379 - Val Loss: 1.6239, Val Acc: 0.4473, Val F1: 0.4006
2025-05-30 23:28:16,379 - ---
2025-05-30 23:29:06,613 - ---
2025-05-30 23:29:06,613 - Epoch 019/100
2025-05-30 23:29:06,613 - Train Loss: 0.6647, Train Acc: 0.6873, Train F1: 0.6268
2025-05-30 23:29:06,613 - Val Loss: 1.0252, Val Acc: 0.6178, Val F1: 0.5347
2025-05-30 23:29:06,613 - ---
2025-05-30 23:29:57,134 - ---
2025-05-30 23:29:57,134 - Epoch 020/100
2025-05-30 23:29:57,134 - Train Loss: 0.6575, Train Acc: 0.6934, Train F1: 0.6315
2025-05-30 23:29:57,134 - Val Loss: 1.0045, Val Acc: 0.6263, Val F1: 0.4502
2025-05-30 23:29:57,134 - ---
2025-05-30 23:30:47,445 - ---
2025-05-30 23:30:47,445 - Epoch 021/100
2025-05-30 23:30:47,445 - Train Loss: 0.6166, Train Acc: 0.7061, Train F1: 0.6533
2025-05-30 23:30:47,446 - Val Loss: 1.1801, Val Acc: 0.5944, Val F1: 0.5476
2025-05-30 23:30:47,446 - ---
2025-05-30 23:31:37,635 - ---
2025-05-30 23:31:37,636 - Epoch 022/100
2025-05-30 23:31:37,636 - Train Loss: 0.6200, Train Acc: 0.7087, Train F1: 0.6629
2025-05-30 23:31:37,636 - Val Loss: 0.8778, Val Acc: 0.6608, Val F1: 0.5413
2025-05-30 23:31:37,636 - ---
2025-05-30 23:32:27,157 - ---
2025-05-30 23:32:27,157 - Epoch 023/100
2025-05-30 23:32:27,158 - Train Loss: 0.5978, Train Acc: 0.7184, Train F1: 0.6696
2025-05-30 23:32:27,158 - Val Loss: 0.6513, Val Acc: 0.7474, Val F1: 0.6769
2025-05-30 23:32:27,273 - Best model updated and saved at /kaggle/working/noisy-graph-classification/checkpoints/model_C_best.pth
2025-05-30 23:32:27,274 - ---
2025-05-30 23:33:17,275 - ---
2025-05-30 23:33:17,275 - Epoch 024/100
2025-05-30 23:33:17,275 - Train Loss: 0.5732, Train Acc: 0.7254, Train F1: 0.6835
2025-05-30 23:33:17,275 - Val Loss: 0.8781, Val Acc: 0.6921, Val F1: 0.6232
2025-05-30 23:33:17,276 - ---
2025-05-30 23:34:06,761 - ---
2025-05-30 23:34:06,761 - Epoch 025/100
2025-05-30 23:34:06,761 - Train Loss: 0.5669, Train Acc: 0.7310, Train F1: 0.6883
2025-05-30 23:34:06,761 - Val Loss: 0.8283, Val Acc: 0.6979, Val F1: 0.6352
2025-05-30 23:34:06,762 - ---
2025-05-30 23:34:56,201 - ---
2025-05-30 23:34:56,201 - Epoch 026/100
2025-05-30 23:34:56,201 - Train Loss: 0.5693, Train Acc: 0.7297, Train F1: 0.6871
2025-05-30 23:34:56,201 - Val Loss: 0.8285, Val Acc: 0.6901, Val F1: 0.6277
2025-05-30 23:34:56,201 - ---
2025-05-30 23:35:45,739 - ---
2025-05-30 23:35:45,739 - Epoch 027/100
2025-05-30 23:35:45,739 - Train Loss: 0.5537, Train Acc: 0.7459, Train F1: 0.7131
2025-05-30 23:35:45,739 - Val Loss: 0.7489, Val Acc: 0.7174, Val F1: 0.6272
2025-05-30 23:35:45,739 - ---
2025-05-30 23:36:35,429 - ---
2025-05-30 23:36:35,429 - Epoch 028/100
2025-05-30 23:36:35,429 - Train Loss: 0.5265, Train Acc: 0.7498, Train F1: 0.7162
2025-05-30 23:36:35,429 - Val Loss: 0.5966, Val Acc: 0.7786, Val F1: 0.7467
2025-05-30 23:36:35,542 - Best model updated and saved at /kaggle/working/noisy-graph-classification/checkpoints/model_C_best.pth
2025-05-30 23:36:35,542 - ---
2025-05-30 23:37:25,124 - ---
2025-05-30 23:37:25,124 - Epoch 029/100
2025-05-30 23:37:25,125 - Train Loss: 0.5278, Train Acc: 0.7544, Train F1: 0.7218
2025-05-30 23:37:25,125 - Val Loss: 0.7520, Val Acc: 0.7422, Val F1: 0.6841
2025-05-30 23:37:25,125 - ---
2025-05-30 23:38:14,692 - ---
2025-05-30 23:38:14,692 - Epoch 030/100
2025-05-30 23:38:14,692 - Train Loss: 0.5237, Train Acc: 0.7515, Train F1: 0.7170
2025-05-30 23:38:14,692 - Val Loss: 1.1392, Val Acc: 0.6081, Val F1: 0.4979
2025-05-30 23:38:14,692 - ---
2025-05-30 23:39:04,240 - ---
2025-05-30 23:39:04,240 - Epoch 031/100
2025-05-30 23:39:04,240 - Train Loss: 0.5151, Train Acc: 0.7534, Train F1: 0.7189
2025-05-30 23:39:04,240 - Val Loss: 0.9992, Val Acc: 0.6849, Val F1: 0.5711
2025-05-30 23:39:04,240 - ---
2025-05-30 23:39:54,016 - ---
2025-05-30 23:39:54,016 - Epoch 032/100
2025-05-30 23:39:54,016 - Train Loss: 0.5106, Train Acc: 0.7581, Train F1: 0.7276
2025-05-30 23:39:54,016 - Val Loss: 0.7909, Val Acc: 0.7155, Val F1: 0.6213
2025-05-30 23:39:54,016 - ---
2025-05-30 23:40:43,446 - ---
2025-05-30 23:40:43,446 - Epoch 033/100
2025-05-30 23:40:43,446 - Train Loss: 0.5067, Train Acc: 0.7570, Train F1: 0.7294
2025-05-30 23:40:43,446 - Val Loss: 1.1998, Val Acc: 0.5892, Val F1: 0.5461
2025-05-30 23:40:43,446 - ---
2025-05-30 23:41:32,799 - ---
2025-05-30 23:41:32,799 - Epoch 034/100
2025-05-30 23:41:32,799 - Train Loss: 0.4944, Train Acc: 0.7700, Train F1: 0.7446
2025-05-30 23:41:32,799 - Val Loss: 0.6815, Val Acc: 0.7552, Val F1: 0.6975
2025-05-30 23:41:32,799 - ---
2025-05-30 23:42:22,129 - ---
2025-05-30 23:42:22,129 - Epoch 035/100
2025-05-30 23:42:22,129 - Train Loss: 0.4891, Train Acc: 0.7690, Train F1: 0.7415
2025-05-30 23:42:22,129 - Val Loss: 1.8146, Val Acc: 0.5449, Val F1: 0.4116
2025-05-30 23:42:22,129 - ---
2025-05-30 23:43:11,496 - ---
2025-05-30 23:43:11,496 - Epoch 036/100
2025-05-30 23:43:11,496 - Train Loss: 0.4742, Train Acc: 0.7798, Train F1: 0.7565
2025-05-30 23:43:11,496 - Val Loss: 0.6017, Val Acc: 0.7702, Val F1: 0.7471
2025-05-30 23:43:11,496 - ---
2025-05-30 23:44:00,801 - ---
2025-05-30 23:44:00,801 - Epoch 037/100
2025-05-30 23:44:00,801 - Train Loss: 0.4706, Train Acc: 0.7788, Train F1: 0.7549
2025-05-30 23:44:00,801 - Val Loss: 0.6336, Val Acc: 0.7611, Val F1: 0.7123
2025-05-30 23:44:00,801 - ---
2025-05-30 23:44:50,154 - ---
2025-05-30 23:44:50,154 - Epoch 038/100
2025-05-30 23:44:50,154 - Train Loss: 0.4705, Train Acc: 0.7770, Train F1: 0.7509
2025-05-30 23:44:50,154 - Val Loss: 1.5437, Val Acc: 0.5586, Val F1: 0.4773
2025-05-30 23:44:50,155 - ---
2025-05-30 23:45:39,609 - ---
2025-05-30 23:45:39,610 - Epoch 039/100
2025-05-30 23:45:39,610 - Train Loss: 0.4680, Train Acc: 0.7817, Train F1: 0.7600
2025-05-30 23:45:39,610 - Val Loss: 0.6021, Val Acc: 0.7578, Val F1: 0.7192
2025-05-30 23:45:39,610 - ---
2025-05-30 23:46:29,102 - ---
2025-05-30 23:46:29,102 - Epoch 040/100
2025-05-30 23:46:29,102 - Train Loss: 0.4487, Train Acc: 0.7863, Train F1: 0.7677
2025-05-30 23:46:29,102 - Val Loss: 0.5004, Val Acc: 0.8079, Val F1: 0.7855
2025-05-30 23:46:29,217 - Best model updated and saved at /kaggle/working/noisy-graph-classification/checkpoints/model_C_best.pth
2025-05-30 23:46:29,217 - ---
2025-05-30 23:47:18,747 - ---
2025-05-30 23:47:18,747 - Epoch 041/100
2025-05-30 23:47:18,748 - Train Loss: 0.4528, Train Acc: 0.7899, Train F1: 0.7683
2025-05-30 23:47:18,748 - Val Loss: 0.5958, Val Acc: 0.7819, Val F1: 0.7532
2025-05-30 23:47:18,748 - ---
2025-05-30 23:48:08,236 - ---
2025-05-30 23:48:08,236 - Epoch 042/100
2025-05-30 23:48:08,236 - Train Loss: 0.4453, Train Acc: 0.7923, Train F1: 0.7750
2025-05-30 23:48:08,236 - Val Loss: 0.7213, Val Acc: 0.7357, Val F1: 0.7011
2025-05-30 23:48:08,236 - ---
2025-05-30 23:48:57,734 - ---
2025-05-30 23:48:57,734 - Epoch 043/100
2025-05-30 23:48:57,734 - Train Loss: 0.4598, Train Acc: 0.7852, Train F1: 0.7646
2025-05-30 23:48:57,734 - Val Loss: 0.6797, Val Acc: 0.7578, Val F1: 0.7006
2025-05-30 23:48:57,735 - ---
2025-05-30 23:49:47,143 - ---
2025-05-30 23:49:47,143 - Epoch 044/100
2025-05-30 23:49:47,143 - Train Loss: 0.4367, Train Acc: 0.7949, Train F1: 0.7762
2025-05-30 23:49:47,143 - Val Loss: 1.3143, Val Acc: 0.6224, Val F1: 0.5990
2025-05-30 23:49:47,143 - ---
2025-05-30 23:50:36,647 - ---
2025-05-30 23:50:36,648 - Epoch 045/100
2025-05-30 23:50:36,648 - Train Loss: 0.4299, Train Acc: 0.7948, Train F1: 0.7767
2025-05-30 23:50:36,648 - Val Loss: 1.0084, Val Acc: 0.6615, Val F1: 0.6152
2025-05-30 23:50:36,648 - ---
2025-05-30 23:51:26,085 - ---
2025-05-30 23:51:26,085 - Epoch 046/100
2025-05-30 23:51:26,085 - Train Loss: 0.4310, Train Acc: 0.7965, Train F1: 0.7793
2025-05-30 23:51:26,085 - Val Loss: 0.5965, Val Acc: 0.7832, Val F1: 0.7578
2025-05-30 23:51:26,085 - ---
2025-05-30 23:52:15,546 - ---
2025-05-30 23:52:15,546 - Epoch 047/100
2025-05-30 23:52:15,547 - Train Loss: 0.4318, Train Acc: 0.7987, Train F1: 0.7796
2025-05-30 23:52:15,547 - Val Loss: 0.9414, Val Acc: 0.6940, Val F1: 0.6707
2025-05-30 23:52:15,547 - ---
2025-05-30 23:53:05,274 - ---
2025-05-30 23:53:05,274 - Epoch 048/100
2025-05-30 23:53:05,274 - Train Loss: 0.4306, Train Acc: 0.7975, Train F1: 0.7812
2025-05-30 23:53:05,274 - Val Loss: 0.8106, Val Acc: 0.7344, Val F1: 0.6292
2025-05-30 23:53:05,274 - ---
2025-05-30 23:53:54,758 - ---
2025-05-30 23:53:54,758 - Epoch 049/100
2025-05-30 23:53:54,758 - Train Loss: 0.4152, Train Acc: 0.8047, Train F1: 0.7891
2025-05-30 23:53:54,758 - Val Loss: 1.0377, Val Acc: 0.6458, Val F1: 0.5562
2025-05-30 23:53:54,758 - ---
2025-05-30 23:54:44,210 - ---
2025-05-30 23:54:44,210 - Epoch 050/100
2025-05-30 23:54:44,210 - Train Loss: 0.4205, Train Acc: 0.8021, Train F1: 0.7897
2025-05-30 23:54:44,211 - Val Loss: 0.5394, Val Acc: 0.8014, Val F1: 0.7646
2025-05-30 23:54:44,211 - ---
2025-05-30 23:55:33,614 - ---
2025-05-30 23:55:33,614 - Epoch 051/100
2025-05-30 23:55:33,614 - Train Loss: 0.4220, Train Acc: 0.8052, Train F1: 0.7894
2025-05-30 23:55:33,614 - Val Loss: 0.5474, Val Acc: 0.8021, Val F1: 0.7802
2025-05-30 23:55:33,615 - ---
2025-05-30 23:56:23,034 - ---
2025-05-30 23:56:23,034 - Epoch 052/100
2025-05-30 23:56:23,034 - Train Loss: 0.4222, Train Acc: 0.8057, Train F1: 0.7910
2025-05-30 23:56:23,034 - Val Loss: 0.7904, Val Acc: 0.7415, Val F1: 0.7058
2025-05-30 23:56:23,034 - ---
2025-05-30 23:57:12,504 - ---
2025-05-30 23:57:12,504 - Epoch 053/100
2025-05-30 23:57:12,504 - Train Loss: 0.4063, Train Acc: 0.8065, Train F1: 0.7884
2025-05-30 23:57:12,504 - Val Loss: 0.5613, Val Acc: 0.7891, Val F1: 0.7649
2025-05-30 23:57:12,504 - ---
2025-05-30 23:58:01,839 - ---
2025-05-30 23:58:01,840 - Epoch 054/100
2025-05-30 23:58:01,840 - Train Loss: 0.4082, Train Acc: 0.8050, Train F1: 0.7927
2025-05-30 23:58:01,840 - Val Loss: 0.5477, Val Acc: 0.8053, Val F1: 0.7768
2025-05-30 23:58:01,840 - ---
2025-05-30 23:58:51,247 - ---
2025-05-30 23:58:51,247 - Epoch 055/100
2025-05-30 23:58:51,247 - Train Loss: 0.4010, Train Acc: 0.8062, Train F1: 0.7919
2025-05-30 23:58:51,247 - Val Loss: 1.0728, Val Acc: 0.6608, Val F1: 0.6174
2025-05-30 23:58:51,247 - ---
2025-05-30 23:59:40,603 - ---
2025-05-30 23:59:40,603 - Epoch 056/100
2025-05-30 23:59:40,603 - Train Loss: 0.3910, Train Acc: 0.8120, Train F1: 0.8008
2025-05-30 23:59:40,603 - Val Loss: 0.6357, Val Acc: 0.7630, Val F1: 0.6774
2025-05-30 23:59:40,603 - ---
2025-05-31 00:00:29,955 - ---
2025-05-31 00:00:29,955 - Epoch 057/100
2025-05-31 00:00:29,956 - Train Loss: 0.3911, Train Acc: 0.8104, Train F1: 0.7977
2025-05-31 00:00:29,956 - Val Loss: 0.6566, Val Acc: 0.7617, Val F1: 0.7345
2025-05-31 00:00:29,956 - ---
2025-05-31 00:01:20,353 - ---
2025-05-31 00:01:20,353 - Epoch 058/100
2025-05-31 00:01:20,353 - Train Loss: 0.3876, Train Acc: 0.8161, Train F1: 0.8037
2025-05-31 00:01:20,353 - Val Loss: 0.5631, Val Acc: 0.7969, Val F1: 0.7649
2025-05-31 00:01:20,353 - ---
2025-05-31 00:02:11,255 - ---
2025-05-31 00:02:11,255 - Epoch 059/100
2025-05-31 00:02:11,255 - Train Loss: 0.3816, Train Acc: 0.8151, Train F1: 0.8047
2025-05-31 00:02:11,256 - Val Loss: 0.5256, Val Acc: 0.7995, Val F1: 0.7734
2025-05-31 00:02:11,256 - ---
2025-05-31 00:03:02,167 - ---
2025-05-31 00:03:02,167 - Epoch 060/100
2025-05-31 00:03:02,167 - Train Loss: 0.3815, Train Acc: 0.8182, Train F1: 0.8025
2025-05-31 00:03:02,167 - Val Loss: 0.6669, Val Acc: 0.7565, Val F1: 0.7022
2025-05-31 00:03:02,167 - ---
2025-05-31 00:03:52,277 - ---
2025-05-31 00:03:52,277 - Epoch 061/100
2025-05-31 00:03:52,277 - Train Loss: 0.3704, Train Acc: 0.8255, Train F1: 0.8163
2025-05-31 00:03:52,278 - Val Loss: 1.0679, Val Acc: 0.7038, Val F1: 0.5738
2025-05-31 00:03:52,278 - ---
2025-05-31 00:04:41,889 - ---
2025-05-31 00:04:41,889 - Epoch 062/100
2025-05-31 00:04:41,889 - Train Loss: 0.3828, Train Acc: 0.8215, Train F1: 0.8080
2025-05-31 00:04:41,889 - Val Loss: 0.8181, Val Acc: 0.7305, Val F1: 0.6887
2025-05-31 00:04:41,889 - ---
2025-05-31 00:05:31,468 - ---
2025-05-31 00:05:31,468 - Epoch 063/100
2025-05-31 00:05:31,468 - Train Loss: 0.3725, Train Acc: 0.8239, Train F1: 0.8130
2025-05-31 00:05:31,468 - Val Loss: 0.5122, Val Acc: 0.8047, Val F1: 0.7774
2025-05-31 00:05:31,468 - ---
2025-05-31 00:06:21,109 - ---
2025-05-31 00:06:21,109 - Epoch 064/100
2025-05-31 00:06:21,109 - Train Loss: 0.3788, Train Acc: 0.8206, Train F1: 0.8081
2025-05-31 00:06:21,109 - Val Loss: 0.6518, Val Acc: 0.7780, Val F1: 0.7596
2025-05-31 00:06:21,109 - ---
2025-05-31 00:07:10,632 - ---
2025-05-31 00:07:10,632 - Epoch 065/100
2025-05-31 00:07:10,632 - Train Loss: 0.3796, Train Acc: 0.8188, Train F1: 0.8065
2025-05-31 00:07:10,632 - Val Loss: 0.5076, Val Acc: 0.8242, Val F1: 0.8012
2025-05-31 00:07:10,755 - Best model updated and saved at /kaggle/working/noisy-graph-classification/checkpoints/model_C_best.pth
2025-05-31 00:07:10,756 - ---
2025-05-31 00:08:00,385 - ---
2025-05-31 00:08:00,386 - Epoch 066/100
2025-05-31 00:08:00,386 - Train Loss: 0.3664, Train Acc: 0.8231, Train F1: 0.8109
2025-05-31 00:08:00,386 - Val Loss: 0.4760, Val Acc: 0.8327, Val F1: 0.8107
2025-05-31 00:08:00,511 - Best model updated and saved at /kaggle/working/noisy-graph-classification/checkpoints/model_C_best.pth
2025-05-31 00:08:00,511 - ---
2025-05-31 00:08:50,290 - ---
2025-05-31 00:08:50,290 - Epoch 067/100
2025-05-31 00:08:50,290 - Train Loss: 0.3690, Train Acc: 0.8221, Train F1: 0.8128
2025-05-31 00:08:50,290 - Val Loss: 0.5031, Val Acc: 0.8138, Val F1: 0.7907
2025-05-31 00:08:50,291 - ---
2025-05-31 00:09:40,359 - ---
2025-05-31 00:09:40,359 - Epoch 068/100
2025-05-31 00:09:40,359 - Train Loss: 0.3617, Train Acc: 0.8280, Train F1: 0.8216
2025-05-31 00:09:40,360 - Val Loss: 0.6620, Val Acc: 0.7656, Val F1: 0.7342
2025-05-31 00:09:40,360 - ---
2025-05-31 00:10:29,919 - ---
2025-05-31 00:10:29,919 - Epoch 069/100
2025-05-31 00:10:29,920 - Train Loss: 0.3637, Train Acc: 0.8293, Train F1: 0.8162
2025-05-31 00:10:29,920 - Val Loss: 0.8170, Val Acc: 0.7415, Val F1: 0.6785
2025-05-31 00:10:29,920 - ---
2025-05-31 00:11:19,546 - ---
2025-05-31 00:11:19,546 - Epoch 070/100
2025-05-31 00:11:19,546 - Train Loss: 0.3619, Train Acc: 0.8270, Train F1: 0.8185
2025-05-31 00:11:19,547 - Val Loss: 0.5309, Val Acc: 0.8060, Val F1: 0.7918
2025-05-31 00:11:19,547 - ---
2025-05-31 00:12:09,598 - ---
2025-05-31 00:12:09,599 - Epoch 071/100
2025-05-31 00:12:09,599 - Train Loss: 0.3633, Train Acc: 0.8273, Train F1: 0.8179
2025-05-31 00:12:09,599 - Val Loss: 0.5067, Val Acc: 0.8158, Val F1: 0.7952
2025-05-31 00:12:09,599 - ---
2025-05-31 00:12:59,470 - ---
2025-05-31 00:12:59,470 - Epoch 072/100
2025-05-31 00:12:59,471 - Train Loss: 0.3493, Train Acc: 0.8356, Train F1: 0.8243
2025-05-31 00:12:59,471 - Val Loss: 0.7717, Val Acc: 0.7409, Val F1: 0.6472
2025-05-31 00:12:59,471 - ---
2025-05-31 00:13:49,436 - ---
2025-05-31 00:13:49,437 - Epoch 073/100
2025-05-31 00:13:49,437 - Train Loss: 0.3585, Train Acc: 0.8280, Train F1: 0.8187
2025-05-31 00:13:49,437 - Val Loss: 0.5167, Val Acc: 0.8099, Val F1: 0.7934
2025-05-31 00:13:49,437 - ---
2025-05-31 00:14:39,338 - ---
2025-05-31 00:14:39,339 - Epoch 074/100
2025-05-31 00:14:39,339 - Train Loss: 0.3594, Train Acc: 0.8289, Train F1: 0.8210
2025-05-31 00:14:39,339 - Val Loss: 0.5310, Val Acc: 0.8125, Val F1: 0.7867
2025-05-31 00:14:39,339 - ---
2025-05-31 00:15:28,960 - ---
2025-05-31 00:15:28,960 - Epoch 075/100
2025-05-31 00:15:28,960 - Train Loss: 0.3482, Train Acc: 0.8314, Train F1: 0.8208
2025-05-31 00:15:28,960 - Val Loss: 0.5078, Val Acc: 0.8145, Val F1: 0.7901
2025-05-31 00:15:28,960 - ---
2025-05-31 00:16:18,745 - ---
2025-05-31 00:16:18,745 - Epoch 076/100
2025-05-31 00:16:18,746 - Train Loss: 0.3412, Train Acc: 0.8335, Train F1: 0.8259
2025-05-31 00:16:18,746 - Val Loss: 0.5601, Val Acc: 0.8001, Val F1: 0.7676
2025-05-31 00:16:18,746 - ---
2025-05-31 00:17:08,307 - ---
2025-05-31 00:17:08,308 - Epoch 077/100
2025-05-31 00:17:08,308 - Train Loss: 0.3489, Train Acc: 0.8346, Train F1: 0.8275
2025-05-31 00:17:08,308 - Val Loss: 0.5587, Val Acc: 0.7949, Val F1: 0.7749
2025-05-31 00:17:08,308 - ---
2025-05-31 00:17:58,340 - ---
2025-05-31 00:17:58,341 - Epoch 078/100
2025-05-31 00:17:58,341 - Train Loss: 0.3445, Train Acc: 0.8358, Train F1: 0.8273
2025-05-31 00:17:58,341 - Val Loss: 0.8383, Val Acc: 0.7259, Val F1: 0.6922
2025-05-31 00:17:58,341 - ---
2025-05-31 00:18:48,339 - ---
2025-05-31 00:18:48,339 - Epoch 079/100
2025-05-31 00:18:48,339 - Train Loss: 0.3383, Train Acc: 0.8394, Train F1: 0.8346
2025-05-31 00:18:48,339 - Val Loss: 0.5999, Val Acc: 0.7852, Val F1: 0.7527
2025-05-31 00:18:48,340 - ---
2025-05-31 00:19:38,509 - ---
2025-05-31 00:19:38,509 - Epoch 080/100
2025-05-31 00:19:38,509 - Train Loss: 0.3427, Train Acc: 0.8351, Train F1: 0.8295
2025-05-31 00:19:38,509 - Val Loss: 0.6944, Val Acc: 0.7630, Val F1: 0.7471
2025-05-31 00:19:38,509 - ---
2025-05-31 00:20:28,244 - ---
2025-05-31 00:20:28,245 - Epoch 081/100
2025-05-31 00:20:28,245 - Train Loss: 0.3442, Train Acc: 0.8371, Train F1: 0.8301
2025-05-31 00:20:28,245 - Val Loss: 0.6009, Val Acc: 0.7923, Val F1: 0.7726
2025-05-31 00:20:28,245 - ---
2025-05-31 00:21:18,194 - ---
2025-05-31 00:21:18,194 - Epoch 082/100
2025-05-31 00:21:18,195 - Train Loss: 0.3400, Train Acc: 0.8384, Train F1: 0.8314
2025-05-31 00:21:18,195 - Val Loss: 0.6278, Val Acc: 0.7910, Val F1: 0.7601
2025-05-31 00:21:18,195 - ---
2025-05-31 00:22:07,807 - ---
2025-05-31 00:22:07,807 - Epoch 083/100
2025-05-31 00:22:07,807 - Train Loss: 0.3443, Train Acc: 0.8333, Train F1: 0.8273
2025-05-31 00:22:07,807 - Val Loss: 0.8034, Val Acc: 0.7207, Val F1: 0.6921
2025-05-31 00:22:07,807 - ---
2025-05-31 00:22:57,834 - ---
2025-05-31 00:22:57,835 - Epoch 084/100
2025-05-31 00:22:57,835 - Train Loss: 0.3237, Train Acc: 0.8416, Train F1: 0.8377
2025-05-31 00:22:57,835 - Val Loss: 0.5909, Val Acc: 0.7904, Val F1: 0.7459
2025-05-31 00:22:57,835 - ---
2025-05-31 00:23:47,416 - ---
2025-05-31 00:23:47,416 - Epoch 085/100
2025-05-31 00:23:47,416 - Train Loss: 0.3396, Train Acc: 0.8327, Train F1: 0.8244
2025-05-31 00:23:47,416 - Val Loss: 0.7918, Val Acc: 0.7617, Val F1: 0.7081
2025-05-31 00:23:47,416 - ---
2025-05-31 00:24:36,938 - ---
2025-05-31 00:24:36,938 - Epoch 086/100
2025-05-31 00:24:36,938 - Train Loss: 0.3207, Train Acc: 0.8387, Train F1: 0.8351
2025-05-31 00:24:36,938 - Val Loss: 0.6924, Val Acc: 0.7812, Val F1: 0.7661
2025-05-31 00:24:36,938 - ---
2025-05-31 00:25:26,535 - ---
2025-05-31 00:25:26,535 - Epoch 087/100
2025-05-31 00:25:26,535 - Train Loss: 0.3390, Train Acc: 0.8405, Train F1: 0.8368
2025-05-31 00:25:26,536 - Val Loss: 0.4728, Val Acc: 0.8307, Val F1: 0.8081
2025-05-31 00:25:26,536 - ---
2025-05-31 00:26:16,130 - ---
2025-05-31 00:26:16,130 - Epoch 088/100
2025-05-31 00:26:16,130 - Train Loss: 0.3264, Train Acc: 0.8420, Train F1: 0.8366
2025-05-31 00:26:16,130 - Val Loss: 0.4759, Val Acc: 0.8288, Val F1: 0.8116
2025-05-31 00:26:16,130 - ---
2025-05-31 00:27:05,899 - ---
2025-05-31 00:27:05,900 - Epoch 089/100
2025-05-31 00:27:05,900 - Train Loss: 0.3206, Train Acc: 0.8441, Train F1: 0.8393
2025-05-31 00:27:05,900 - Val Loss: 0.6537, Val Acc: 0.7839, Val F1: 0.7707
2025-05-31 00:27:05,900 - ---
2025-05-31 00:27:55,698 - ---
2025-05-31 00:27:55,698 - Epoch 090/100
2025-05-31 00:27:55,698 - Train Loss: 0.3229, Train Acc: 0.8387, Train F1: 0.8344
2025-05-31 00:27:55,698 - Val Loss: 0.7676, Val Acc: 0.7565, Val F1: 0.7230
2025-05-31 00:27:55,699 - ---
2025-05-31 00:28:45,178 - ---
2025-05-31 00:28:45,178 - Epoch 091/100
2025-05-31 00:28:45,178 - Train Loss: 0.3196, Train Acc: 0.8460, Train F1: 0.8398
2025-05-31 00:28:45,178 - Val Loss: 0.6938, Val Acc: 0.7695, Val F1: 0.7401
2025-05-31 00:28:45,178 - ---
2025-05-31 00:29:34,834 - ---
2025-05-31 00:29:34,834 - Epoch 092/100
2025-05-31 00:29:34,834 - Train Loss: 0.3103, Train Acc: 0.8473, Train F1: 0.8444
2025-05-31 00:29:34,834 - Val Loss: 0.5170, Val Acc: 0.8216, Val F1: 0.7924
2025-05-31 00:29:34,834 - ---
2025-05-31 00:30:24,368 - ---
2025-05-31 00:30:24,368 - Epoch 093/100
2025-05-31 00:30:24,368 - Train Loss: 0.3058, Train Acc: 0.8509, Train F1: 0.8471
2025-05-31 00:30:24,368 - Val Loss: 0.5318, Val Acc: 0.7962, Val F1: 0.7652
2025-05-31 00:30:24,368 - ---
2025-05-31 00:31:13,924 - ---
2025-05-31 00:31:13,925 - Epoch 094/100
2025-05-31 00:31:13,925 - Train Loss: 0.3173, Train Acc: 0.8460, Train F1: 0.8439
2025-05-31 00:31:13,925 - Val Loss: 0.5322, Val Acc: 0.8177, Val F1: 0.7709
2025-05-31 00:31:13,925 - ---
2025-05-31 00:32:03,461 - ---
2025-05-31 00:32:03,461 - Epoch 095/100
2025-05-31 00:32:03,462 - Train Loss: 0.3072, Train Acc: 0.8486, Train F1: 0.8455
2025-05-31 00:32:03,462 - Val Loss: 0.5400, Val Acc: 0.8164, Val F1: 0.7897
2025-05-31 00:32:03,462 - ---
2025-05-31 00:32:53,095 - ---
2025-05-31 00:32:53,095 - Epoch 096/100
2025-05-31 00:32:53,095 - Train Loss: 0.3123, Train Acc: 0.8483, Train F1: 0.8447
2025-05-31 00:32:53,096 - Val Loss: 0.5197, Val Acc: 0.8151, Val F1: 0.8011
2025-05-31 00:32:53,096 - ---
2025-05-31 00:33:42,732 - ---
2025-05-31 00:33:42,732 - Epoch 097/100
2025-05-31 00:33:42,733 - Train Loss: 0.2952, Train Acc: 0.8550, Train F1: 0.8563
2025-05-31 00:33:42,733 - Val Loss: 0.5079, Val Acc: 0.8242, Val F1: 0.8079
2025-05-31 00:33:42,733 - ---
2025-05-31 00:34:32,543 - ---
2025-05-31 00:34:32,543 - Epoch 098/100
2025-05-31 00:34:32,543 - Train Loss: 0.3067, Train Acc: 0.8503, Train F1: 0.8471
2025-05-31 00:34:32,543 - Val Loss: 1.1482, Val Acc: 0.6979, Val F1: 0.6721
2025-05-31 00:34:32,543 - ---
2025-05-31 00:35:22,220 - ---
2025-05-31 00:35:22,220 - Epoch 099/100
2025-05-31 00:35:22,221 - Train Loss: 0.3111, Train Acc: 0.8490, Train F1: 0.8467
2025-05-31 00:35:22,221 - Val Loss: 0.5681, Val Acc: 0.8118, Val F1: 0.7937
2025-05-31 00:35:22,221 - ---
2025-05-31 00:36:11,923 - ---
2025-05-31 00:36:11,924 - Epoch 100/100
2025-05-31 00:36:11,924 - Train Loss: 0.3116, Train Acc: 0.8473, Train F1: 0.8463
2025-05-31 00:36:11,924 - Val Loss: 0.4853, Val Acc: 0.8340, Val F1: 0.8144
2025-05-31 00:36:12,035 - Best model updated and saved at /kaggle/working/noisy-graph-classification/checkpoints/model_C_best.pth
2025-05-31 00:36:12,035 - ---
