2025-05-28 08:05:18,954 - ---
2025-05-28 08:05:18,954 - Epoch 001/100
2025-05-28 08:05:18,954 - Train Loss: 1.4365, Train Acc: 0.2513, Train F1: 0.1509
2025-05-28 08:05:18,954 - Val Loss: 1.8189, Val Acc: 0.2696, Val F1: 0.1545
2025-05-28 08:05:18,998 - Best model updated and saved at /kaggle/working/noisy-graph-classification/checkpoints/model_B_best.pth
2025-05-28 08:05:18,998 - ---
2025-05-28 08:05:54,395 - ---
2025-05-28 08:05:54,395 - Epoch 002/100
2025-05-28 08:05:54,395 - Train Loss: 1.4098, Train Acc: 0.2775, Train F1: 0.1532
2025-05-28 08:05:54,395 - Val Loss: 1.7937, Val Acc: 0.2750, Val F1: 0.1464
2025-05-28 08:05:54,468 - Best model updated and saved at /kaggle/working/noisy-graph-classification/checkpoints/model_B_best.pth
2025-05-28 08:05:54,469 - ---
2025-05-28 08:06:29,938 - ---
2025-05-28 08:06:29,938 - Epoch 003/100
2025-05-28 08:06:29,938 - Train Loss: 1.3984, Train Acc: 0.3016, Train F1: 0.1756
2025-05-28 08:06:29,938 - Val Loss: 1.7842, Val Acc: 0.2893, Val F1: 0.1744
2025-05-28 08:06:30,002 - Best model updated and saved at /kaggle/working/noisy-graph-classification/checkpoints/model_B_best.pth
2025-05-28 08:06:30,002 - ---
2025-05-28 08:07:05,736 - ---
2025-05-28 08:07:05,736 - Epoch 004/100
2025-05-28 08:07:05,736 - Train Loss: 1.3795, Train Acc: 0.3022, Train F1: 0.1809
2025-05-28 08:07:05,736 - Val Loss: 1.7185, Val Acc: 0.2982, Val F1: 0.1631
2025-05-28 08:07:05,809 - Best model updated and saved at /kaggle/working/noisy-graph-classification/checkpoints/model_B_best.pth
2025-05-28 08:07:05,810 - ---
2025-05-28 08:07:41,239 - ---
2025-05-28 08:07:41,239 - Epoch 005/100
2025-05-28 08:07:41,239 - Train Loss: 1.3766, Train Acc: 0.3187, Train F1: 0.1882
2025-05-28 08:07:41,239 - Val Loss: 1.7491, Val Acc: 0.2723, Val F1: 0.1241
2025-05-28 08:07:41,239 - ---
2025-05-28 08:08:16,592 - ---
2025-05-28 08:08:16,593 - Epoch 006/100
2025-05-28 08:08:16,593 - Train Loss: 1.3704, Train Acc: 0.3208, Train F1: 0.1977
2025-05-28 08:08:16,593 - Val Loss: 1.7332, Val Acc: 0.3420, Val F1: 0.2068
2025-05-28 08:08:16,659 - Best model updated and saved at /kaggle/working/noisy-graph-classification/checkpoints/model_B_best.pth
2025-05-28 08:08:16,659 - ---
2025-05-28 08:08:52,039 - ---
2025-05-28 08:08:52,039 - Epoch 007/100
2025-05-28 08:08:52,039 - Train Loss: 1.3436, Train Acc: 0.3516, Train F1: 0.2204
2025-05-28 08:08:52,039 - Val Loss: 1.7870, Val Acc: 0.2741, Val F1: 0.1319
2025-05-28 08:08:52,039 - ---
2025-05-28 08:09:27,373 - ---
2025-05-28 08:09:27,374 - Epoch 008/100
2025-05-28 08:09:27,374 - Train Loss: 1.3312, Train Acc: 0.3629, Train F1: 0.2320
2025-05-28 08:09:27,374 - Val Loss: 1.7435, Val Acc: 0.2866, Val F1: 0.1465
2025-05-28 08:09:27,374 - ---
2025-05-28 08:10:02,719 - ---
2025-05-28 08:10:02,719 - Epoch 009/100
2025-05-28 08:10:02,719 - Train Loss: 1.3296, Train Acc: 0.3629, Train F1: 0.2360
2025-05-28 08:10:02,719 - Val Loss: 1.6858, Val Acc: 0.3357, Val F1: 0.2190
2025-05-28 08:10:02,719 - ---
2025-05-28 08:10:38,140 - ---
2025-05-28 08:10:38,140 - Epoch 010/100
2025-05-28 08:10:38,140 - Train Loss: 1.3225, Train Acc: 0.3685, Train F1: 0.2451
2025-05-28 08:10:38,140 - Val Loss: 1.7898, Val Acc: 0.3384, Val F1: 0.2049
2025-05-28 08:10:38,140 - ---
2025-05-28 08:11:13,560 - ---
2025-05-28 08:11:13,560 - Epoch 011/100
2025-05-28 08:11:13,560 - Train Loss: 1.3116, Train Acc: 0.3786, Train F1: 0.2548
2025-05-28 08:11:13,560 - Val Loss: 1.6960, Val Acc: 0.3152, Val F1: 0.2168
2025-05-28 08:11:13,560 - ---
2025-05-28 08:11:48,984 - ---
2025-05-28 08:11:48,984 - Epoch 012/100
2025-05-28 08:11:48,985 - Train Loss: 1.2997, Train Acc: 0.3929, Train F1: 0.2738
2025-05-28 08:11:48,985 - Val Loss: 1.8858, Val Acc: 0.2054, Val F1: 0.1082
2025-05-28 08:11:48,985 - ---
2025-05-28 08:12:24,410 - ---
2025-05-28 08:12:24,410 - Epoch 013/100
2025-05-28 08:12:24,410 - Train Loss: 1.2857, Train Acc: 0.4004, Train F1: 0.2846
2025-05-28 08:12:24,411 - Val Loss: 1.7610, Val Acc: 0.2580, Val F1: 0.1046
2025-05-28 08:12:24,411 - ---
2025-05-28 08:12:59,699 - ---
2025-05-28 08:12:59,700 - Epoch 014/100
2025-05-28 08:12:59,700 - Train Loss: 1.2834, Train Acc: 0.4049, Train F1: 0.2861
2025-05-28 08:12:59,700 - Val Loss: 1.5967, Val Acc: 0.4152, Val F1: 0.3017
2025-05-28 08:12:59,766 - Best model updated and saved at /kaggle/working/noisy-graph-classification/checkpoints/model_B_best.pth
2025-05-28 08:12:59,766 - ---
2025-05-28 08:13:35,060 - ---
2025-05-28 08:13:35,060 - Epoch 015/100
2025-05-28 08:13:35,060 - Train Loss: 1.2663, Train Acc: 0.4261, Train F1: 0.3100
2025-05-28 08:13:35,060 - Val Loss: 1.8134, Val Acc: 0.2991, Val F1: 0.2188
2025-05-28 08:13:35,060 - ---
2025-05-28 08:14:10,262 - ---
2025-05-28 08:14:10,262 - Epoch 016/100
2025-05-28 08:14:10,262 - Train Loss: 1.2678, Train Acc: 0.4214, Train F1: 0.3051
2025-05-28 08:14:10,262 - Val Loss: 1.6814, Val Acc: 0.3045, Val F1: 0.2195
2025-05-28 08:14:10,263 - ---
2025-05-28 08:14:45,385 - ---
2025-05-28 08:14:45,385 - Epoch 017/100
2025-05-28 08:14:45,385 - Train Loss: 1.2595, Train Acc: 0.4167, Train F1: 0.3002
2025-05-28 08:14:45,385 - Val Loss: 1.7195, Val Acc: 0.3241, Val F1: 0.2047
2025-05-28 08:14:45,385 - ---
2025-05-28 08:15:20,499 - ---
2025-05-28 08:15:20,499 - Epoch 018/100
2025-05-28 08:15:20,499 - Train Loss: 1.2565, Train Acc: 0.4275, Train F1: 0.3166
2025-05-28 08:15:20,499 - Val Loss: 1.6437, Val Acc: 0.3875, Val F1: 0.2746
2025-05-28 08:15:20,499 - ---
2025-05-28 08:15:55,667 - ---
2025-05-28 08:15:55,667 - Epoch 019/100
2025-05-28 08:15:55,667 - Train Loss: 1.2495, Train Acc: 0.4362, Train F1: 0.3302
2025-05-28 08:15:55,667 - Val Loss: 1.5435, Val Acc: 0.4491, Val F1: 0.3392
2025-05-28 08:15:55,733 - Best model updated and saved at /kaggle/working/noisy-graph-classification/checkpoints/model_B_best.pth
2025-05-28 08:15:55,734 - ---
2025-05-28 08:16:31,066 - ---
2025-05-28 08:16:31,066 - Epoch 020/100
2025-05-28 08:16:31,067 - Train Loss: 1.2418, Train Acc: 0.4384, Train F1: 0.3284
2025-05-28 08:16:31,067 - Val Loss: 1.6309, Val Acc: 0.3973, Val F1: 0.2953
2025-05-28 08:16:31,067 - ---
2025-05-28 08:17:06,254 - ---
2025-05-28 08:17:06,255 - Epoch 021/100
2025-05-28 08:17:06,255 - Train Loss: 1.2318, Train Acc: 0.4513, Train F1: 0.3450
2025-05-28 08:17:06,255 - Val Loss: 1.7962, Val Acc: 0.3277, Val F1: 0.2586
2025-05-28 08:17:06,255 - ---
2025-05-28 08:17:41,555 - ---
2025-05-28 08:17:41,555 - Epoch 022/100
2025-05-28 08:17:41,555 - Train Loss: 1.2314, Train Acc: 0.4487, Train F1: 0.3394
2025-05-28 08:17:41,555 - Val Loss: 1.5973, Val Acc: 0.4045, Val F1: 0.2995
2025-05-28 08:17:41,555 - ---
2025-05-28 08:18:16,844 - ---
2025-05-28 08:18:16,845 - Epoch 023/100
2025-05-28 08:18:16,845 - Train Loss: 1.2214, Train Acc: 0.4618, Train F1: 0.3575
2025-05-28 08:18:16,845 - Val Loss: 1.6301, Val Acc: 0.3875, Val F1: 0.3070
2025-05-28 08:18:16,845 - ---
2025-05-28 08:18:52,026 - ---
2025-05-28 08:18:52,026 - Epoch 024/100
2025-05-28 08:18:52,027 - Train Loss: 1.2212, Train Acc: 0.4598, Train F1: 0.3601
2025-05-28 08:18:52,027 - Val Loss: 1.5199, Val Acc: 0.4625, Val F1: 0.3756
2025-05-28 08:18:52,091 - Best model updated and saved at /kaggle/working/noisy-graph-classification/checkpoints/model_B_best.pth
2025-05-28 08:18:52,091 - ---
2025-05-28 08:19:27,277 - ---
2025-05-28 08:19:27,277 - Epoch 025/100
2025-05-28 08:19:27,277 - Train Loss: 1.2093, Train Acc: 0.4670, Train F1: 0.3635
2025-05-28 08:19:27,277 - Val Loss: 1.5452, Val Acc: 0.4598, Val F1: 0.4022
2025-05-28 08:19:27,277 - ---
2025-05-28 08:20:02,455 - ---
2025-05-28 08:20:02,456 - Epoch 026/100
2025-05-28 08:20:02,456 - Train Loss: 1.2024, Train Acc: 0.4714, Train F1: 0.3776
2025-05-28 08:20:02,456 - Val Loss: 1.5371, Val Acc: 0.4464, Val F1: 0.3362
2025-05-28 08:20:02,456 - ---
2025-05-28 08:20:37,888 - ---
2025-05-28 08:20:37,888 - Epoch 027/100
2025-05-28 08:20:37,889 - Train Loss: 1.2061, Train Acc: 0.4725, Train F1: 0.3762
2025-05-28 08:20:37,889 - Val Loss: 1.5377, Val Acc: 0.4545, Val F1: 0.3563
2025-05-28 08:20:37,889 - ---
2025-05-28 08:21:13,150 - ---
2025-05-28 08:21:13,150 - Epoch 028/100
2025-05-28 08:21:13,150 - Train Loss: 1.1984, Train Acc: 0.4830, Train F1: 0.3894
2025-05-28 08:21:13,150 - Val Loss: 1.6458, Val Acc: 0.4071, Val F1: 0.3018
2025-05-28 08:21:13,150 - ---
2025-05-28 08:21:48,429 - ---
2025-05-28 08:21:48,429 - Epoch 029/100
2025-05-28 08:21:48,429 - Train Loss: 1.2035, Train Acc: 0.4696, Train F1: 0.3767
2025-05-28 08:21:48,429 - Val Loss: 1.5602, Val Acc: 0.4491, Val F1: 0.3566
2025-05-28 08:21:48,429 - ---
2025-05-28 08:22:23,665 - ---
2025-05-28 08:22:23,666 - Epoch 030/100
2025-05-28 08:22:23,666 - Train Loss: 1.1856, Train Acc: 0.4862, Train F1: 0.3915
2025-05-28 08:22:23,666 - Val Loss: 1.5172, Val Acc: 0.4732, Val F1: 0.3852
2025-05-28 08:22:23,752 - Best model updated and saved at /kaggle/working/noisy-graph-classification/checkpoints/model_B_best.pth
2025-05-28 08:22:23,752 - ---
2025-05-28 08:22:58,995 - ---
2025-05-28 08:22:58,995 - Epoch 031/100
2025-05-28 08:22:58,995 - Train Loss: 1.1906, Train Acc: 0.4817, Train F1: 0.3927
2025-05-28 08:22:58,995 - Val Loss: 1.5921, Val Acc: 0.4196, Val F1: 0.3290
2025-05-28 08:22:58,996 - ---
2025-05-28 08:23:34,191 - ---
2025-05-28 08:23:34,192 - Epoch 032/100
2025-05-28 08:23:34,192 - Train Loss: 1.1785, Train Acc: 0.4964, Train F1: 0.4140
2025-05-28 08:23:34,192 - Val Loss: 1.4455, Val Acc: 0.5170, Val F1: 0.4418
2025-05-28 08:23:34,266 - Best model updated and saved at /kaggle/working/noisy-graph-classification/checkpoints/model_B_best.pth
2025-05-28 08:23:34,266 - ---
2025-05-28 08:24:09,495 - ---
2025-05-28 08:24:09,496 - Epoch 033/100
2025-05-28 08:24:09,496 - Train Loss: 1.1675, Train Acc: 0.5031, Train F1: 0.4208
2025-05-28 08:24:09,496 - Val Loss: 1.4470, Val Acc: 0.5170, Val F1: 0.4293
2025-05-28 08:24:09,496 - ---
2025-05-28 08:24:44,696 - ---
2025-05-28 08:24:44,696 - Epoch 034/100
2025-05-28 08:24:44,696 - Train Loss: 1.1783, Train Acc: 0.4929, Train F1: 0.4067
2025-05-28 08:24:44,696 - Val Loss: 1.4773, Val Acc: 0.4938, Val F1: 0.3913
2025-05-28 08:24:44,696 - ---
2025-05-28 08:25:19,800 - ---
2025-05-28 08:25:19,800 - Epoch 035/100
2025-05-28 08:25:19,800 - Train Loss: 1.1730, Train Acc: 0.4960, Train F1: 0.4105
2025-05-28 08:25:19,800 - Val Loss: 1.4656, Val Acc: 0.5196, Val F1: 0.4491
2025-05-28 08:25:19,877 - Best model updated and saved at /kaggle/working/noisy-graph-classification/checkpoints/model_B_best.pth
2025-05-28 08:25:19,877 - ---
2025-05-28 08:25:55,055 - ---
2025-05-28 08:25:55,055 - Epoch 036/100
2025-05-28 08:25:55,055 - Train Loss: 1.1668, Train Acc: 0.5025, Train F1: 0.4208
2025-05-28 08:25:55,056 - Val Loss: 1.6281, Val Acc: 0.3973, Val F1: 0.3523
2025-05-28 08:25:55,056 - ---
2025-05-28 08:26:30,172 - ---
2025-05-28 08:26:30,173 - Epoch 037/100
2025-05-28 08:26:30,173 - Train Loss: 1.1675, Train Acc: 0.5029, Train F1: 0.4200
2025-05-28 08:26:30,173 - Val Loss: 1.4737, Val Acc: 0.4902, Val F1: 0.4260
2025-05-28 08:26:30,173 - ---
2025-05-28 08:27:05,461 - ---
2025-05-28 08:27:05,461 - Epoch 038/100
2025-05-28 08:27:05,461 - Train Loss: 1.1583, Train Acc: 0.5138, Train F1: 0.4337
2025-05-28 08:27:05,461 - Val Loss: 1.5042, Val Acc: 0.4795, Val F1: 0.4253
2025-05-28 08:27:05,461 - ---
2025-05-28 08:27:40,752 - ---
2025-05-28 08:27:40,752 - Epoch 039/100
2025-05-28 08:27:40,752 - Train Loss: 1.1541, Train Acc: 0.5150, Train F1: 0.4359
2025-05-28 08:27:40,752 - Val Loss: 1.5292, Val Acc: 0.4777, Val F1: 0.4038
2025-05-28 08:27:40,752 - ---
2025-05-28 08:28:16,057 - ---
2025-05-28 08:28:16,057 - Epoch 040/100
2025-05-28 08:28:16,057 - Train Loss: 1.1515, Train Acc: 0.5121, Train F1: 0.4385
2025-05-28 08:28:16,057 - Val Loss: 1.5450, Val Acc: 0.4393, Val F1: 0.3435
2025-05-28 08:28:16,057 - ---
2025-05-28 08:28:51,154 - ---
2025-05-28 08:28:51,155 - Epoch 041/100
2025-05-28 08:28:51,155 - Train Loss: 1.1520, Train Acc: 0.5223, Train F1: 0.4569
2025-05-28 08:28:51,155 - Val Loss: 1.6434, Val Acc: 0.4080, Val F1: 0.3738
2025-05-28 08:28:51,155 - ---
2025-05-28 08:29:26,436 - ---
2025-05-28 08:29:26,436 - Epoch 042/100
2025-05-28 08:29:26,436 - Train Loss: 1.1464, Train Acc: 0.5201, Train F1: 0.4534
2025-05-28 08:29:26,436 - Val Loss: 1.4379, Val Acc: 0.5437, Val F1: 0.4835
2025-05-28 08:29:26,510 - Best model updated and saved at /kaggle/working/noisy-graph-classification/checkpoints/model_B_best.pth
2025-05-28 08:29:26,510 - ---
2025-05-28 08:30:01,795 - ---
2025-05-28 08:30:01,795 - Epoch 043/100
2025-05-28 08:30:01,795 - Train Loss: 1.1455, Train Acc: 0.5179, Train F1: 0.4540
2025-05-28 08:30:01,795 - Val Loss: 1.5640, Val Acc: 0.4402, Val F1: 0.3489
2025-05-28 08:30:01,795 - ---
2025-05-28 08:30:37,043 - ---
2025-05-28 08:30:37,043 - Epoch 044/100
2025-05-28 08:30:37,043 - Train Loss: 1.1369, Train Acc: 0.5230, Train F1: 0.4543
2025-05-28 08:30:37,043 - Val Loss: 1.6885, Val Acc: 0.4134, Val F1: 0.3897
2025-05-28 08:30:37,043 - ---
2025-05-28 08:31:12,268 - ---
2025-05-28 08:31:12,268 - Epoch 045/100
2025-05-28 08:31:12,268 - Train Loss: 1.1394, Train Acc: 0.5250, Train F1: 0.4638
2025-05-28 08:31:12,268 - Val Loss: 1.4151, Val Acc: 0.5455, Val F1: 0.4729
2025-05-28 08:31:12,335 - Best model updated and saved at /kaggle/working/noisy-graph-classification/checkpoints/model_B_best.pth
2025-05-28 08:31:12,335 - ---
2025-05-28 08:31:47,643 - ---
2025-05-28 08:31:47,643 - Epoch 046/100
2025-05-28 08:31:47,643 - Train Loss: 1.1352, Train Acc: 0.5279, Train F1: 0.4660
2025-05-28 08:31:47,643 - Val Loss: 1.4892, Val Acc: 0.5071, Val F1: 0.4396
2025-05-28 08:31:47,643 - ---
2025-05-28 08:32:23,001 - ---
2025-05-28 08:32:23,002 - Epoch 047/100
2025-05-28 08:32:23,002 - Train Loss: 1.1391, Train Acc: 0.5252, Train F1: 0.4580
2025-05-28 08:32:23,002 - Val Loss: 1.4810, Val Acc: 0.4911, Val F1: 0.4380
2025-05-28 08:32:23,002 - ---
2025-05-28 08:32:58,440 - ---
2025-05-28 08:32:58,440 - Epoch 048/100
2025-05-28 08:32:58,440 - Train Loss: 1.1316, Train Acc: 0.5326, Train F1: 0.4708
2025-05-28 08:32:58,440 - Val Loss: 1.5638, Val Acc: 0.4652, Val F1: 0.3679
2025-05-28 08:32:58,440 - ---
2025-05-28 08:33:33,754 - ---
2025-05-28 08:33:33,754 - Epoch 049/100
2025-05-28 08:33:33,754 - Train Loss: 1.1242, Train Acc: 0.5395, Train F1: 0.4802
2025-05-28 08:33:33,754 - Val Loss: 1.4331, Val Acc: 0.5402, Val F1: 0.4811
2025-05-28 08:33:33,754 - ---
2025-05-28 08:34:09,085 - ---
2025-05-28 08:34:09,085 - Epoch 050/100
2025-05-28 08:34:09,085 - Train Loss: 1.1191, Train Acc: 0.5379, Train F1: 0.4763
2025-05-28 08:34:09,085 - Val Loss: 1.4468, Val Acc: 0.5241, Val F1: 0.4761
2025-05-28 08:34:09,085 - ---
2025-05-28 08:34:44,684 - ---
2025-05-28 08:34:44,684 - Epoch 051/100
2025-05-28 08:34:44,684 - Train Loss: 1.1224, Train Acc: 0.5362, Train F1: 0.4790
2025-05-28 08:34:44,684 - Val Loss: 1.4671, Val Acc: 0.5134, Val F1: 0.4497
2025-05-28 08:34:44,684 - ---
2025-05-28 08:35:20,128 - ---
2025-05-28 08:35:20,128 - Epoch 052/100
2025-05-28 08:35:20,128 - Train Loss: 1.1276, Train Acc: 0.5288, Train F1: 0.4675
2025-05-28 08:35:20,128 - Val Loss: 1.4602, Val Acc: 0.5286, Val F1: 0.4591
2025-05-28 08:35:20,128 - ---
2025-05-28 08:35:55,610 - ---
2025-05-28 08:35:55,610 - Epoch 053/100
2025-05-28 08:35:55,610 - Train Loss: 1.1210, Train Acc: 0.5379, Train F1: 0.4800
2025-05-28 08:35:55,610 - Val Loss: 1.4438, Val Acc: 0.5214, Val F1: 0.4476
2025-05-28 08:35:55,610 - ---
2025-05-28 08:36:31,183 - ---
2025-05-28 08:36:31,183 - Epoch 054/100
2025-05-28 08:36:31,183 - Train Loss: 1.1138, Train Acc: 0.5373, Train F1: 0.4801
2025-05-28 08:36:31,183 - Val Loss: 1.5518, Val Acc: 0.4714, Val F1: 0.4392
2025-05-28 08:36:31,183 - ---
2025-05-28 08:37:06,698 - ---
2025-05-28 08:37:06,698 - Epoch 055/100
2025-05-28 08:37:06,698 - Train Loss: 1.1188, Train Acc: 0.5377, Train F1: 0.4834
2025-05-28 08:37:06,698 - Val Loss: 1.4252, Val Acc: 0.5464, Val F1: 0.4948
2025-05-28 08:37:06,764 - Best model updated and saved at /kaggle/working/noisy-graph-classification/checkpoints/model_B_best.pth
2025-05-28 08:37:06,764 - ---
2025-05-28 08:37:42,451 - ---
2025-05-28 08:37:42,452 - Epoch 056/100
2025-05-28 08:37:42,452 - Train Loss: 1.1086, Train Acc: 0.5424, Train F1: 0.4850
2025-05-28 08:37:42,452 - Val Loss: 1.4436, Val Acc: 0.5286, Val F1: 0.4607
2025-05-28 08:37:42,452 - ---
2025-05-28 08:38:17,871 - ---
2025-05-28 08:38:17,871 - Epoch 057/100
2025-05-28 08:38:17,871 - Train Loss: 1.1037, Train Acc: 0.5480, Train F1: 0.4954
2025-05-28 08:38:17,871 - Val Loss: 1.4129, Val Acc: 0.5491, Val F1: 0.4924
2025-05-28 08:38:17,938 - Best model updated and saved at /kaggle/working/noisy-graph-classification/checkpoints/model_B_best.pth
2025-05-28 08:38:17,938 - ---
2025-05-28 08:38:53,193 - ---
2025-05-28 08:38:53,193 - Epoch 058/100
2025-05-28 08:38:53,194 - Train Loss: 1.1045, Train Acc: 0.5455, Train F1: 0.4892
2025-05-28 08:38:53,194 - Val Loss: 1.4808, Val Acc: 0.5018, Val F1: 0.4329
2025-05-28 08:38:53,194 - ---
2025-05-28 08:39:28,362 - ---
2025-05-28 08:39:28,362 - Epoch 059/100
2025-05-28 08:39:28,362 - Train Loss: 1.1056, Train Acc: 0.5473, Train F1: 0.4904
2025-05-28 08:39:28,362 - Val Loss: 1.4391, Val Acc: 0.5295, Val F1: 0.4962
2025-05-28 08:39:28,363 - ---
2025-05-28 08:40:03,613 - ---
2025-05-28 08:40:03,613 - Epoch 060/100
2025-05-28 08:40:03,613 - Train Loss: 1.1060, Train Acc: 0.5500, Train F1: 0.4928
2025-05-28 08:40:03,613 - Val Loss: 1.7033, Val Acc: 0.4616, Val F1: 0.4571
2025-05-28 08:40:03,613 - ---
2025-05-28 08:40:38,914 - ---
2025-05-28 08:40:38,914 - Epoch 061/100
2025-05-28 08:40:38,914 - Train Loss: 1.1015, Train Acc: 0.5464, Train F1: 0.4916
2025-05-28 08:40:38,914 - Val Loss: 1.4681, Val Acc: 0.5205, Val F1: 0.4609
2025-05-28 08:40:38,914 - ---
2025-05-28 08:41:14,209 - ---
2025-05-28 08:41:14,209 - Epoch 062/100
2025-05-28 08:41:14,209 - Train Loss: 1.1002, Train Acc: 0.5520, Train F1: 0.5017
2025-05-28 08:41:14,210 - Val Loss: 1.4138, Val Acc: 0.5500, Val F1: 0.5037
2025-05-28 08:41:14,279 - Best model updated and saved at /kaggle/working/noisy-graph-classification/checkpoints/model_B_best.pth
2025-05-28 08:41:14,279 - ---
2025-05-28 08:41:49,691 - ---
2025-05-28 08:41:49,691 - Epoch 063/100
2025-05-28 08:41:49,691 - Train Loss: 1.0948, Train Acc: 0.5509, Train F1: 0.4972
2025-05-28 08:41:49,691 - Val Loss: 1.5779, Val Acc: 0.4634, Val F1: 0.3633
2025-05-28 08:41:49,692 - ---
2025-05-28 08:42:25,227 - ---
2025-05-28 08:42:25,227 - Epoch 064/100
2025-05-28 08:42:25,227 - Train Loss: 1.0931, Train Acc: 0.5551, Train F1: 0.5011
2025-05-28 08:42:25,227 - Val Loss: 1.4018, Val Acc: 0.5571, Val F1: 0.5124
2025-05-28 08:42:25,294 - Best model updated and saved at /kaggle/working/noisy-graph-classification/checkpoints/model_B_best.pth
2025-05-28 08:42:25,294 - ---
2025-05-28 08:43:00,680 - ---
2025-05-28 08:43:00,680 - Epoch 065/100
2025-05-28 08:43:00,680 - Train Loss: 1.0887, Train Acc: 0.5551, Train F1: 0.5044
2025-05-28 08:43:00,681 - Val Loss: 1.3920, Val Acc: 0.5679, Val F1: 0.5192
2025-05-28 08:43:00,746 - Best model updated and saved at /kaggle/working/noisy-graph-classification/checkpoints/model_B_best.pth
2025-05-28 08:43:00,746 - ---
2025-05-28 08:43:35,989 - ---
2025-05-28 08:43:35,989 - Epoch 066/100
2025-05-28 08:43:35,989 - Train Loss: 1.0904, Train Acc: 0.5596, Train F1: 0.5088
2025-05-28 08:43:35,990 - Val Loss: 1.4708, Val Acc: 0.5188, Val F1: 0.4575
2025-05-28 08:43:35,990 - ---
2025-05-28 08:44:11,050 - ---
2025-05-28 08:44:11,050 - Epoch 067/100
2025-05-28 08:44:11,050 - Train Loss: 1.0867, Train Acc: 0.5576, Train F1: 0.5076
2025-05-28 08:44:11,050 - Val Loss: 1.4136, Val Acc: 0.5536, Val F1: 0.5075
2025-05-28 08:44:11,050 - ---
2025-05-28 08:44:46,211 - ---
2025-05-28 08:44:46,211 - Epoch 068/100
2025-05-28 08:44:46,211 - Train Loss: 1.0865, Train Acc: 0.5549, Train F1: 0.5022
2025-05-28 08:44:46,211 - Val Loss: 1.4467, Val Acc: 0.5268, Val F1: 0.4570
2025-05-28 08:44:46,211 - ---
2025-05-28 08:45:21,990 - ---
2025-05-28 08:45:21,990 - Epoch 069/100
2025-05-28 08:45:21,990 - Train Loss: 1.0873, Train Acc: 0.5571, Train F1: 0.5064
2025-05-28 08:45:21,990 - Val Loss: 1.5332, Val Acc: 0.4920, Val F1: 0.4173
2025-05-28 08:45:21,990 - ---
2025-05-28 08:45:57,556 - ---
2025-05-28 08:45:57,556 - Epoch 070/100
2025-05-28 08:45:57,556 - Train Loss: 1.0839, Train Acc: 0.5583, Train F1: 0.5089
2025-05-28 08:45:57,556 - Val Loss: 1.4145, Val Acc: 0.5321, Val F1: 0.4599
2025-05-28 08:45:57,556 - ---
2025-05-28 08:46:32,970 - ---
2025-05-28 08:46:32,970 - Epoch 071/100
2025-05-28 08:46:32,970 - Train Loss: 1.0785, Train Acc: 0.5650, Train F1: 0.5143
2025-05-28 08:46:32,970 - Val Loss: 1.4094, Val Acc: 0.5679, Val F1: 0.5176
2025-05-28 08:46:32,970 - ---
2025-05-28 08:47:08,473 - ---
2025-05-28 08:47:08,473 - Epoch 072/100
2025-05-28 08:47:08,473 - Train Loss: 1.0756, Train Acc: 0.5587, Train F1: 0.5061
2025-05-28 08:47:08,473 - Val Loss: 1.3915, Val Acc: 0.5670, Val F1: 0.5207
2025-05-28 08:47:08,473 - ---
2025-05-28 08:47:43,910 - ---
2025-05-28 08:47:43,910 - Epoch 073/100
2025-05-28 08:47:43,910 - Train Loss: 1.0733, Train Acc: 0.5641, Train F1: 0.5181
2025-05-28 08:47:43,910 - Val Loss: 1.4438, Val Acc: 0.5482, Val F1: 0.4894
2025-05-28 08:47:43,910 - ---
2025-05-28 08:48:19,127 - ---
2025-05-28 08:48:19,127 - Epoch 074/100
2025-05-28 08:48:19,127 - Train Loss: 1.0748, Train Acc: 0.5609, Train F1: 0.5137
2025-05-28 08:48:19,127 - Val Loss: 1.4682, Val Acc: 0.5179, Val F1: 0.4627
2025-05-28 08:48:19,127 - ---
2025-05-28 08:48:54,250 - ---
2025-05-28 08:48:54,251 - Epoch 075/100
2025-05-28 08:48:54,251 - Train Loss: 1.0737, Train Acc: 0.5618, Train F1: 0.5114
2025-05-28 08:48:54,251 - Val Loss: 1.4353, Val Acc: 0.5518, Val F1: 0.5123
2025-05-28 08:48:54,251 - ---
2025-05-28 08:49:29,410 - ---
2025-05-28 08:49:29,410 - Epoch 076/100
2025-05-28 08:49:29,411 - Train Loss: 1.0671, Train Acc: 0.5692, Train F1: 0.5224
2025-05-28 08:49:29,411 - Val Loss: 1.4780, Val Acc: 0.5179, Val F1: 0.4875
2025-05-28 08:49:29,411 - ---
2025-05-28 08:50:04,654 - ---
2025-05-28 08:50:04,655 - Epoch 077/100
2025-05-28 08:50:04,655 - Train Loss: 1.0733, Train Acc: 0.5616, Train F1: 0.5125
2025-05-28 08:50:04,655 - Val Loss: 1.4210, Val Acc: 0.5223, Val F1: 0.4668
2025-05-28 08:50:04,655 - ---
2025-05-28 08:50:39,799 - ---
2025-05-28 08:50:39,800 - Epoch 078/100
2025-05-28 08:50:39,800 - Train Loss: 1.0765, Train Acc: 0.5632, Train F1: 0.5130
2025-05-28 08:50:39,800 - Val Loss: 1.4297, Val Acc: 0.5580, Val F1: 0.5109
2025-05-28 08:50:39,800 - ---
2025-05-28 08:51:15,010 - ---
2025-05-28 08:51:15,010 - Epoch 079/100
2025-05-28 08:51:15,010 - Train Loss: 1.0532, Train Acc: 0.5703, Train F1: 0.5258
2025-05-28 08:51:15,010 - Val Loss: 1.4465, Val Acc: 0.5446, Val F1: 0.4856
2025-05-28 08:51:15,010 - ---
2025-05-28 08:51:50,072 - ---
2025-05-28 08:51:50,072 - Epoch 080/100
2025-05-28 08:51:50,073 - Train Loss: 1.0700, Train Acc: 0.5603, Train F1: 0.5135
2025-05-28 08:51:50,073 - Val Loss: 1.3925, Val Acc: 0.5625, Val F1: 0.5102
2025-05-28 08:51:50,073 - ---
2025-05-28 08:52:25,401 - ---
2025-05-28 08:52:25,401 - Epoch 081/100
2025-05-28 08:52:25,401 - Train Loss: 1.0613, Train Acc: 0.5638, Train F1: 0.5152
2025-05-28 08:52:25,401 - Val Loss: 1.4309, Val Acc: 0.5518, Val F1: 0.5134
2025-05-28 08:52:25,401 - ---
2025-05-28 08:53:00,655 - ---
2025-05-28 08:53:00,655 - Epoch 082/100
2025-05-28 08:53:00,655 - Train Loss: 1.0524, Train Acc: 0.5748, Train F1: 0.5293
2025-05-28 08:53:00,656 - Val Loss: 1.4221, Val Acc: 0.5491, Val F1: 0.4996
2025-05-28 08:53:00,656 - ---
2025-05-28 08:53:35,881 - ---
2025-05-28 08:53:35,881 - Epoch 083/100
2025-05-28 08:53:35,881 - Train Loss: 1.0587, Train Acc: 0.5672, Train F1: 0.5217
2025-05-28 08:53:35,881 - Val Loss: 1.3965, Val Acc: 0.5732, Val F1: 0.5302
2025-05-28 08:53:35,935 - Best model updated and saved at /kaggle/working/noisy-graph-classification/checkpoints/model_B_best.pth
2025-05-28 08:53:35,936 - ---
2025-05-28 08:54:11,131 - ---
2025-05-28 08:54:11,131 - Epoch 084/100
2025-05-28 08:54:11,131 - Train Loss: 1.0584, Train Acc: 0.5683, Train F1: 0.5208
2025-05-28 08:54:11,131 - Val Loss: 1.4150, Val Acc: 0.5732, Val F1: 0.5275
2025-05-28 08:54:11,131 - ---
2025-05-28 08:54:46,404 - ---
2025-05-28 08:54:46,405 - Epoch 085/100
2025-05-28 08:54:46,405 - Train Loss: 1.0571, Train Acc: 0.5692, Train F1: 0.5236
2025-05-28 08:54:46,405 - Val Loss: 1.4412, Val Acc: 0.5429, Val F1: 0.4881
2025-05-28 08:54:46,405 - ---
2025-05-28 08:55:22,279 - ---
2025-05-28 08:55:22,279 - Epoch 086/100
2025-05-28 08:55:22,279 - Train Loss: 1.0574, Train Acc: 0.5710, Train F1: 0.5274
2025-05-28 08:55:22,279 - Val Loss: 1.4607, Val Acc: 0.5339, Val F1: 0.4953
2025-05-28 08:55:22,279 - ---
2025-05-28 08:55:57,703 - ---
2025-05-28 08:55:57,703 - Epoch 087/100
2025-05-28 08:55:57,704 - Train Loss: 1.0409, Train Acc: 0.5737, Train F1: 0.5306
2025-05-28 08:55:57,704 - Val Loss: 1.4372, Val Acc: 0.5589, Val F1: 0.5044
2025-05-28 08:55:57,704 - ---
2025-05-28 08:56:33,160 - ---
2025-05-28 08:56:33,161 - Epoch 088/100
2025-05-28 08:56:33,161 - Train Loss: 1.0542, Train Acc: 0.5681, Train F1: 0.5205
2025-05-28 08:56:33,161 - Val Loss: 1.4308, Val Acc: 0.5509, Val F1: 0.4985
2025-05-28 08:56:33,161 - ---
2025-05-28 08:57:08,605 - ---
2025-05-28 08:57:08,605 - Epoch 089/100
2025-05-28 08:57:08,605 - Train Loss: 1.0402, Train Acc: 0.5688, Train F1: 0.5234
2025-05-28 08:57:08,605 - Val Loss: 1.5361, Val Acc: 0.4518, Val F1: 0.4126
2025-05-28 08:57:08,605 - ---
2025-05-28 08:57:44,190 - ---
2025-05-28 08:57:44,190 - Epoch 090/100
2025-05-28 08:57:44,191 - Train Loss: 1.0402, Train Acc: 0.5797, Train F1: 0.5351
2025-05-28 08:57:44,191 - Val Loss: 1.4529, Val Acc: 0.5527, Val F1: 0.4919
2025-05-28 08:57:44,191 - ---
2025-05-28 08:58:19,728 - ---
2025-05-28 08:58:19,728 - Epoch 091/100
2025-05-28 08:58:19,729 - Train Loss: 1.0379, Train Acc: 0.5717, Train F1: 0.5251
2025-05-28 08:58:19,729 - Val Loss: 1.4216, Val Acc: 0.5598, Val F1: 0.5217
2025-05-28 08:58:19,729 - ---
2025-05-28 08:58:55,288 - ---
2025-05-28 08:58:55,288 - Epoch 092/100
2025-05-28 08:58:55,288 - Train Loss: 1.0346, Train Acc: 0.5750, Train F1: 0.5331
2025-05-28 08:58:55,289 - Val Loss: 1.4546, Val Acc: 0.5562, Val F1: 0.5133
2025-05-28 08:58:55,289 - ---
2025-05-28 08:59:30,765 - ---
2025-05-28 08:59:30,765 - Epoch 093/100
2025-05-28 08:59:30,765 - Train Loss: 1.0405, Train Acc: 0.5688, Train F1: 0.5243
2025-05-28 08:59:30,765 - Val Loss: 1.4754, Val Acc: 0.5580, Val F1: 0.5130
2025-05-28 08:59:30,765 - ---
2025-05-28 09:00:06,193 - ---
2025-05-28 09:00:06,194 - Epoch 094/100
2025-05-28 09:00:06,194 - Train Loss: 1.0326, Train Acc: 0.5734, Train F1: 0.5280
2025-05-28 09:00:06,194 - Val Loss: 1.4106, Val Acc: 0.5723, Val F1: 0.5327
2025-05-28 09:00:06,194 - ---
2025-05-28 09:00:41,681 - ---
2025-05-28 09:00:41,681 - Epoch 095/100
2025-05-28 09:00:41,681 - Train Loss: 1.0353, Train Acc: 0.5737, Train F1: 0.5312
2025-05-28 09:00:41,681 - Val Loss: 1.4909, Val Acc: 0.5384, Val F1: 0.4844
2025-05-28 09:00:41,681 - ---
2025-05-28 09:01:17,121 - ---
2025-05-28 09:01:17,122 - Epoch 096/100
2025-05-28 09:01:17,122 - Train Loss: 1.0327, Train Acc: 0.5754, Train F1: 0.5301
2025-05-28 09:01:17,122 - Val Loss: 1.3966, Val Acc: 0.5696, Val F1: 0.5291
2025-05-28 09:01:17,122 - ---
2025-05-28 09:01:52,471 - ---
2025-05-28 09:01:52,471 - Epoch 097/100
2025-05-28 09:01:52,471 - Train Loss: 1.0229, Train Acc: 0.5819, Train F1: 0.5392
2025-05-28 09:01:52,471 - Val Loss: 1.4343, Val Acc: 0.5723, Val F1: 0.5346
2025-05-28 09:01:52,471 - ---
2025-05-28 09:02:27,997 - ---
2025-05-28 09:02:27,998 - Epoch 098/100
2025-05-28 09:02:27,998 - Train Loss: 1.0239, Train Acc: 0.5788, Train F1: 0.5387
2025-05-28 09:02:27,998 - Val Loss: 1.4363, Val Acc: 0.5670, Val F1: 0.5261
2025-05-28 09:02:27,998 - ---
2025-05-28 09:03:03,421 - ---
2025-05-28 09:03:03,421 - Epoch 099/100
2025-05-28 09:03:03,421 - Train Loss: 1.0255, Train Acc: 0.5815, Train F1: 0.5412
2025-05-28 09:03:03,421 - Val Loss: 1.4348, Val Acc: 0.5705, Val F1: 0.5235
2025-05-28 09:03:03,421 - ---
2025-05-28 09:03:38,978 - ---
2025-05-28 09:03:38,978 - Epoch 100/100
2025-05-28 09:03:38,979 - Train Loss: 1.0199, Train Acc: 0.5770, Train F1: 0.5377
2025-05-28 09:03:38,979 - Val Loss: 1.4656, Val Acc: 0.5500, Val F1: 0.4972
2025-05-28 09:03:38,979 - ---
