2025-05-30 21:08:46,269 - ---
2025-05-30 21:08:46,269 - Epoch 001/100
2025-05-30 21:08:46,269 - Train Loss: 1.3830, Train Acc: 0.3051, Train F1: 0.1723
2025-05-30 21:08:46,269 - Val Loss: 2.0937, Val Acc: 0.2243, Val F1: 0.1030
2025-05-30 21:08:46,356 - Best model updated and saved at /kaggle/working/noisy-graph-classification/checkpoints/model_A_best.pth
2025-05-30 21:08:46,356 - ---
2025-05-30 21:09:59,510 - ---
2025-05-30 21:09:59,510 - Epoch 002/100
2025-05-30 21:09:59,510 - Train Loss: 1.3039, Train Acc: 0.3603, Train F1: 0.1903
2025-05-30 21:09:59,510 - Val Loss: 1.7140, Val Acc: 0.2988, Val F1: 0.1181
2025-05-30 21:09:59,628 - Best model updated and saved at /kaggle/working/noisy-graph-classification/checkpoints/model_A_best.pth
2025-05-30 21:09:59,628 - ---
2025-05-30 21:11:13,036 - ---
2025-05-30 21:11:13,037 - Epoch 003/100
2025-05-30 21:11:13,037 - Train Loss: 1.2777, Train Acc: 0.3731, Train F1: 0.1956
2025-05-30 21:11:13,037 - Val Loss: 1.6111, Val Acc: 0.3679, Val F1: 0.1838
2025-05-30 21:11:13,154 - Best model updated and saved at /kaggle/working/noisy-graph-classification/checkpoints/model_A_best.pth
2025-05-30 21:11:13,155 - ---
2025-05-30 21:12:26,465 - ---
2025-05-30 21:12:26,465 - Epoch 004/100
2025-05-30 21:12:26,465 - Train Loss: 1.2606, Train Acc: 0.3822, Train F1: 0.2171
2025-05-30 21:12:26,465 - Val Loss: 1.5455, Val Acc: 0.3825, Val F1: 0.2223
2025-05-30 21:12:26,577 - Best model updated and saved at /kaggle/working/noisy-graph-classification/checkpoints/model_A_best.pth
2025-05-30 21:12:26,577 - ---
2025-05-30 21:13:40,042 - ---
2025-05-30 21:13:40,042 - Epoch 005/100
2025-05-30 21:13:40,042 - Train Loss: 1.2379, Train Acc: 0.4000, Train F1: 0.2434
2025-05-30 21:13:40,042 - Val Loss: 1.7113, Val Acc: 0.2801, Val F1: 0.1657
2025-05-30 21:13:40,042 - ---
2025-05-30 21:14:53,233 - ---
2025-05-30 21:14:53,233 - Epoch 006/100
2025-05-30 21:14:53,233 - Train Loss: 1.2191, Train Acc: 0.4113, Train F1: 0.2623
2025-05-30 21:14:53,233 - Val Loss: 1.5256, Val Acc: 0.4145, Val F1: 0.2795
2025-05-30 21:14:53,355 - Best model updated and saved at /kaggle/working/noisy-graph-classification/checkpoints/model_A_best.pth
2025-05-30 21:14:53,355 - ---
2025-05-30 21:16:06,526 - ---
2025-05-30 21:16:06,526 - Epoch 007/100
2025-05-30 21:16:06,526 - Train Loss: 1.2041, Train Acc: 0.4182, Train F1: 0.2694
2025-05-30 21:16:06,526 - Val Loss: 1.8028, Val Acc: 0.2527, Val F1: 0.1504
2025-05-30 21:16:06,526 - ---
2025-05-30 21:17:19,700 - ---
2025-05-30 21:17:19,700 - Epoch 008/100
2025-05-30 21:17:19,700 - Train Loss: 1.1905, Train Acc: 0.4284, Train F1: 0.2841
2025-05-30 21:17:19,700 - Val Loss: 1.6048, Val Acc: 0.3298, Val F1: 0.2102
2025-05-30 21:17:19,700 - ---
2025-05-30 21:18:32,858 - ---
2025-05-30 21:18:32,858 - Epoch 009/100
2025-05-30 21:18:32,858 - Train Loss: 1.1766, Train Acc: 0.4440, Train F1: 0.2982
2025-05-30 21:18:32,858 - Val Loss: 1.6017, Val Acc: 0.3737, Val F1: 0.2544
2025-05-30 21:18:32,858 - ---
2025-05-30 21:19:46,069 - ---
2025-05-30 21:19:46,069 - Epoch 010/100
2025-05-30 21:19:46,069 - Train Loss: 1.1561, Train Acc: 0.4588, Train F1: 0.3169
2025-05-30 21:19:46,069 - Val Loss: 1.5515, Val Acc: 0.3998, Val F1: 0.2632
2025-05-30 21:19:46,069 - ---
2025-05-30 21:20:59,277 - ---
2025-05-30 21:20:59,277 - Epoch 011/100
2025-05-30 21:20:59,277 - Train Loss: 1.1406, Train Acc: 0.4713, Train F1: 0.3357
2025-05-30 21:20:59,277 - Val Loss: 1.5194, Val Acc: 0.4202, Val F1: 0.2933
2025-05-30 21:20:59,398 - Best model updated and saved at /kaggle/working/noisy-graph-classification/checkpoints/model_A_best.pth
2025-05-30 21:20:59,399 - ---
2025-05-30 21:22:12,521 - ---
2025-05-30 21:22:12,521 - Epoch 012/100
2025-05-30 21:22:12,521 - Train Loss: 1.1254, Train Acc: 0.4855, Train F1: 0.3587
2025-05-30 21:22:12,521 - Val Loss: 1.4428, Val Acc: 0.4517, Val F1: 0.3610
2025-05-30 21:22:12,632 - Best model updated and saved at /kaggle/working/noisy-graph-classification/checkpoints/model_A_best.pth
2025-05-30 21:22:12,632 - ---
2025-05-30 21:23:25,939 - ---
2025-05-30 21:23:25,939 - Epoch 013/100
2025-05-30 21:23:25,939 - Train Loss: 1.1072, Train Acc: 0.4968, Train F1: 0.3786
2025-05-30 21:23:25,940 - Val Loss: 1.5255, Val Acc: 0.4025, Val F1: 0.3035
2025-05-30 21:23:25,940 - ---
2025-05-30 21:24:39,282 - ---
2025-05-30 21:24:39,282 - Epoch 014/100
2025-05-30 21:24:39,283 - Train Loss: 1.0870, Train Acc: 0.5124, Train F1: 0.3984
2025-05-30 21:24:39,283 - Val Loss: 1.3260, Val Acc: 0.5244, Val F1: 0.4238
2025-05-30 21:24:39,402 - Best model updated and saved at /kaggle/working/noisy-graph-classification/checkpoints/model_A_best.pth
2025-05-30 21:24:39,402 - ---
2025-05-30 21:25:52,881 - ---
2025-05-30 21:25:52,881 - Epoch 015/100
2025-05-30 21:25:52,881 - Train Loss: 1.0713, Train Acc: 0.5277, Train F1: 0.4206
2025-05-30 21:25:52,881 - Val Loss: 1.2906, Val Acc: 0.5355, Val F1: 0.4359
2025-05-30 21:25:52,999 - Best model updated and saved at /kaggle/working/noisy-graph-classification/checkpoints/model_A_best.pth
2025-05-30 21:25:52,999 - ---
2025-05-30 21:27:06,368 - ---
2025-05-30 21:27:06,368 - Epoch 016/100
2025-05-30 21:27:06,368 - Train Loss: 1.0555, Train Acc: 0.5340, Train F1: 0.4397
2025-05-30 21:27:06,368 - Val Loss: 1.2606, Val Acc: 0.5700, Val F1: 0.4915
2025-05-30 21:27:06,483 - Best model updated and saved at /kaggle/working/noisy-graph-classification/checkpoints/model_A_best.pth
2025-05-30 21:27:06,483 - ---
2025-05-30 21:28:19,663 - ---
2025-05-30 21:28:19,663 - Epoch 017/100
2025-05-30 21:28:19,664 - Train Loss: 1.0418, Train Acc: 0.5516, Train F1: 0.4652
2025-05-30 21:28:19,664 - Val Loss: 1.2821, Val Acc: 0.5625, Val F1: 0.4870
2025-05-30 21:28:19,664 - ---
2025-05-30 21:29:32,928 - ---
2025-05-30 21:29:32,928 - Epoch 018/100
2025-05-30 21:29:32,928 - Train Loss: 1.0250, Train Acc: 0.5592, Train F1: 0.4759
2025-05-30 21:29:32,929 - Val Loss: 1.3240, Val Acc: 0.5270, Val F1: 0.4591
2025-05-30 21:29:32,929 - ---
2025-05-30 21:30:46,102 - ---
2025-05-30 21:30:46,102 - Epoch 019/100
2025-05-30 21:30:46,102 - Train Loss: 1.0150, Train Acc: 0.5653, Train F1: 0.4874
2025-05-30 21:30:46,102 - Val Loss: 1.2938, Val Acc: 0.5465, Val F1: 0.4878
2025-05-30 21:30:46,102 - ---
2025-05-30 21:31:59,766 - ---
2025-05-30 21:31:59,767 - Epoch 020/100
2025-05-30 21:31:59,767 - Train Loss: 1.0062, Train Acc: 0.5699, Train F1: 0.4970
2025-05-30 21:31:59,767 - Val Loss: 1.2448, Val Acc: 0.5754, Val F1: 0.4794
2025-05-30 21:31:59,881 - Best model updated and saved at /kaggle/working/noisy-graph-classification/checkpoints/model_A_best.pth
2025-05-30 21:31:59,881 - ---
2025-05-30 21:33:13,635 - ---
2025-05-30 21:33:13,635 - Epoch 021/100
2025-05-30 21:33:13,635 - Train Loss: 1.0012, Train Acc: 0.5738, Train F1: 0.5055
2025-05-30 21:33:13,635 - Val Loss: 1.3851, Val Acc: 0.4907, Val F1: 0.3991
2025-05-30 21:33:13,635 - ---
2025-05-30 21:34:27,077 - ---
2025-05-30 21:34:27,077 - Epoch 022/100
2025-05-30 21:34:27,077 - Train Loss: 0.9896, Train Acc: 0.5827, Train F1: 0.5153
2025-05-30 21:34:27,077 - Val Loss: 1.2801, Val Acc: 0.5523, Val F1: 0.4873
2025-05-30 21:34:27,077 - ---
2025-05-30 21:35:40,518 - ---
2025-05-30 21:35:40,518 - Epoch 023/100
2025-05-30 21:35:40,518 - Train Loss: 0.9757, Train Acc: 0.5933, Train F1: 0.5224
2025-05-30 21:35:40,518 - Val Loss: 1.2572, Val Acc: 0.5816, Val F1: 0.5142
2025-05-30 21:35:40,641 - Best model updated and saved at /kaggle/working/noisy-graph-classification/checkpoints/model_A_best.pth
2025-05-30 21:35:40,641 - ---
2025-05-30 21:36:53,993 - ---
2025-05-30 21:36:53,993 - Epoch 024/100
2025-05-30 21:36:53,993 - Train Loss: 0.9684, Train Acc: 0.5922, Train F1: 0.5281
2025-05-30 21:36:53,993 - Val Loss: 1.1810, Val Acc: 0.6166, Val F1: 0.5521
2025-05-30 21:36:54,118 - Best model updated and saved at /kaggle/working/noisy-graph-classification/checkpoints/model_A_best.pth
2025-05-30 21:36:54,118 - ---
2025-05-30 21:38:07,454 - ---
2025-05-30 21:38:07,454 - Epoch 025/100
2025-05-30 21:38:07,454 - Train Loss: 0.9556, Train Acc: 0.6084, Train F1: 0.5453
2025-05-30 21:38:07,454 - Val Loss: 1.2190, Val Acc: 0.5736, Val F1: 0.5244
2025-05-30 21:38:07,454 - ---
2025-05-30 21:39:20,870 - ---
2025-05-30 21:39:20,870 - Epoch 026/100
2025-05-30 21:39:20,870 - Train Loss: 0.9545, Train Acc: 0.6070, Train F1: 0.5427
2025-05-30 21:39:20,870 - Val Loss: 1.1808, Val Acc: 0.6135, Val F1: 0.5646
2025-05-30 21:39:20,870 - ---
2025-05-30 21:40:34,555 - ---
2025-05-30 21:40:34,555 - Epoch 027/100
2025-05-30 21:40:34,555 - Train Loss: 0.9366, Train Acc: 0.6175, Train F1: 0.5583
2025-05-30 21:40:34,555 - Val Loss: 1.2376, Val Acc: 0.5887, Val F1: 0.5018
2025-05-30 21:40:34,555 - ---
2025-05-30 21:41:47,806 - ---
2025-05-30 21:41:47,807 - Epoch 028/100
2025-05-30 21:41:47,807 - Train Loss: 0.9349, Train Acc: 0.6213, Train F1: 0.5609
2025-05-30 21:41:47,807 - Val Loss: 1.1585, Val Acc: 0.6352, Val F1: 0.5767
2025-05-30 21:41:47,918 - Best model updated and saved at /kaggle/working/noisy-graph-classification/checkpoints/model_A_best.pth
2025-05-30 21:41:47,918 - ---
2025-05-30 21:43:01,430 - ---
2025-05-30 21:43:01,431 - Epoch 029/100
2025-05-30 21:43:01,431 - Train Loss: 0.9254, Train Acc: 0.6272, Train F1: 0.5697
2025-05-30 21:43:01,431 - Val Loss: 2.0431, Val Acc: 0.2110, Val F1: 0.1132
2025-05-30 21:43:01,431 - ---
2025-05-30 21:44:15,663 - ---
2025-05-30 21:44:15,663 - Epoch 030/100
2025-05-30 21:44:15,663 - Train Loss: 0.9220, Train Acc: 0.6300, Train F1: 0.5736
2025-05-30 21:44:15,663 - Val Loss: 1.4156, Val Acc: 0.5452, Val F1: 0.4620
2025-05-30 21:44:15,663 - ---
2025-05-30 21:45:29,554 - ---
2025-05-30 21:45:29,554 - Epoch 031/100
2025-05-30 21:45:29,554 - Train Loss: 0.9136, Train Acc: 0.6344, Train F1: 0.5803
2025-05-30 21:45:29,554 - Val Loss: 1.1638, Val Acc: 0.6148, Val F1: 0.5650
2025-05-30 21:45:29,554 - ---
2025-05-30 21:46:42,537 - ---
2025-05-30 21:46:42,537 - Epoch 032/100
2025-05-30 21:46:42,537 - Train Loss: 0.9008, Train Acc: 0.6433, Train F1: 0.5873
2025-05-30 21:46:42,537 - Val Loss: 1.1620, Val Acc: 0.6237, Val F1: 0.5720
2025-05-30 21:46:42,537 - ---
2025-05-30 21:47:55,678 - ---
2025-05-30 21:47:55,678 - Epoch 033/100
2025-05-30 21:47:55,678 - Train Loss: 0.8986, Train Acc: 0.6422, Train F1: 0.5875
2025-05-30 21:47:55,678 - Val Loss: 1.1680, Val Acc: 0.6472, Val F1: 0.5919
2025-05-30 21:47:55,801 - Best model updated and saved at /kaggle/working/noisy-graph-classification/checkpoints/model_A_best.pth
2025-05-30 21:47:55,801 - ---
2025-05-30 21:49:09,208 - ---
2025-05-30 21:49:09,208 - Epoch 034/100
2025-05-30 21:49:09,208 - Train Loss: 0.8941, Train Acc: 0.6531, Train F1: 0.5983
2025-05-30 21:49:09,208 - Val Loss: 1.4044, Val Acc: 0.4978, Val F1: 0.4500
2025-05-30 21:49:09,208 - ---
2025-05-30 21:50:22,547 - ---
2025-05-30 21:50:22,547 - Epoch 035/100
2025-05-30 21:50:22,547 - Train Loss: 0.8874, Train Acc: 0.6519, Train F1: 0.5984
2025-05-30 21:50:22,547 - Val Loss: 1.1259, Val Acc: 0.6432, Val F1: 0.5895
2025-05-30 21:50:22,547 - ---
2025-05-30 21:51:35,578 - ---
2025-05-30 21:51:35,578 - Epoch 036/100
2025-05-30 21:51:35,578 - Train Loss: 0.8813, Train Acc: 0.6564, Train F1: 0.6058
2025-05-30 21:51:35,578 - Val Loss: 1.2736, Val Acc: 0.5767, Val F1: 0.5112
2025-05-30 21:51:35,578 - ---
2025-05-30 21:52:48,625 - ---
2025-05-30 21:52:48,626 - Epoch 037/100
2025-05-30 21:52:48,626 - Train Loss: 0.8733, Train Acc: 0.6620, Train F1: 0.6079
2025-05-30 21:52:48,626 - Val Loss: 1.1380, Val Acc: 0.6321, Val F1: 0.5834
2025-05-30 21:52:48,626 - ---
2025-05-30 21:54:01,594 - ---
2025-05-30 21:54:01,594 - Epoch 038/100
2025-05-30 21:54:01,594 - Train Loss: 0.8756, Train Acc: 0.6612, Train F1: 0.6059
2025-05-30 21:54:01,594 - Val Loss: 1.1026, Val Acc: 0.6698, Val F1: 0.6100
2025-05-30 21:54:01,722 - Best model updated and saved at /kaggle/working/noisy-graph-classification/checkpoints/model_A_best.pth
2025-05-30 21:54:01,722 - ---
2025-05-30 21:55:14,757 - ---
2025-05-30 21:55:14,757 - Epoch 039/100
2025-05-30 21:55:14,757 - Train Loss: 0.8688, Train Acc: 0.6649, Train F1: 0.6118
2025-05-30 21:55:14,757 - Val Loss: 1.2394, Val Acc: 0.5980, Val F1: 0.5358
2025-05-30 21:55:14,757 - ---
2025-05-30 21:56:27,427 - ---
2025-05-30 21:56:27,428 - Epoch 040/100
2025-05-30 21:56:27,428 - Train Loss: 0.8606, Train Acc: 0.6704, Train F1: 0.6173
2025-05-30 21:56:27,428 - Val Loss: 1.1050, Val Acc: 0.6742, Val F1: 0.6221
2025-05-30 21:56:27,542 - Best model updated and saved at /kaggle/working/noisy-graph-classification/checkpoints/model_A_best.pth
2025-05-30 21:56:27,542 - ---
2025-05-30 21:57:39,503 - ---
2025-05-30 21:57:39,503 - Epoch 041/100
2025-05-30 21:57:39,503 - Train Loss: 0.8547, Train Acc: 0.6717, Train F1: 0.6197
2025-05-30 21:57:39,503 - Val Loss: 1.2143, Val Acc: 0.5980, Val F1: 0.5449
2025-05-30 21:57:39,503 - ---
2025-05-30 21:58:51,486 - ---
2025-05-30 21:58:51,486 - Epoch 042/100
2025-05-30 21:58:51,487 - Train Loss: 0.8514, Train Acc: 0.6745, Train F1: 0.6235
2025-05-30 21:58:51,487 - Val Loss: 1.1114, Val Acc: 0.6489, Val F1: 0.5995
2025-05-30 21:58:51,487 - ---
2025-05-30 22:00:04,873 - ---
2025-05-30 22:00:04,873 - Epoch 043/100
2025-05-30 22:00:04,873 - Train Loss: 0.8566, Train Acc: 0.6709, Train F1: 0.6191
2025-05-30 22:00:04,873 - Val Loss: 1.0940, Val Acc: 0.6605, Val F1: 0.6032
2025-05-30 22:00:04,874 - ---
2025-05-30 22:01:18,170 - ---
2025-05-30 22:01:18,170 - Epoch 044/100
2025-05-30 22:01:18,170 - Train Loss: 0.8430, Train Acc: 0.6815, Train F1: 0.6276
2025-05-30 22:01:18,170 - Val Loss: 1.1093, Val Acc: 0.6551, Val F1: 0.6085
2025-05-30 22:01:18,170 - ---
2025-05-30 22:02:30,681 - ---
2025-05-30 22:02:30,681 - Epoch 045/100
2025-05-30 22:02:30,681 - Train Loss: 0.8424, Train Acc: 0.6795, Train F1: 0.6257
2025-05-30 22:02:30,681 - Val Loss: 1.0794, Val Acc: 0.6702, Val F1: 0.6178
2025-05-30 22:02:30,681 - ---
2025-05-30 22:03:43,035 - ---
2025-05-30 22:03:43,036 - Epoch 046/100
2025-05-30 22:03:43,036 - Train Loss: 0.8408, Train Acc: 0.6836, Train F1: 0.6292
2025-05-30 22:03:43,036 - Val Loss: 1.1747, Val Acc: 0.6334, Val F1: 0.5798
2025-05-30 22:03:43,036 - ---
2025-05-30 22:04:55,128 - ---
2025-05-30 22:04:55,128 - Epoch 047/100
2025-05-30 22:04:55,128 - Train Loss: 0.8375, Train Acc: 0.6851, Train F1: 0.6310
2025-05-30 22:04:55,128 - Val Loss: 1.1224, Val Acc: 0.6551, Val F1: 0.5903
2025-05-30 22:04:55,129 - ---
2025-05-30 22:06:07,323 - ---
2025-05-30 22:06:07,323 - Epoch 048/100
2025-05-30 22:06:07,323 - Train Loss: 0.8323, Train Acc: 0.6858, Train F1: 0.6326
2025-05-30 22:06:07,323 - Val Loss: 1.1135, Val Acc: 0.6534, Val F1: 0.5967
2025-05-30 22:06:07,323 - ---
2025-05-30 22:07:19,734 - ---
2025-05-30 22:07:19,734 - Epoch 049/100
2025-05-30 22:07:19,734 - Train Loss: 0.8377, Train Acc: 0.6846, Train F1: 0.6319
2025-05-30 22:07:19,734 - Val Loss: 1.1424, Val Acc: 0.6330, Val F1: 0.5728
2025-05-30 22:07:19,734 - ---
2025-05-30 22:08:32,328 - ---
2025-05-30 22:08:32,329 - Epoch 050/100
2025-05-30 22:08:32,329 - Train Loss: 0.8226, Train Acc: 0.6923, Train F1: 0.6403
2025-05-30 22:08:32,329 - Val Loss: 1.1138, Val Acc: 0.6503, Val F1: 0.5926
2025-05-30 22:08:32,329 - ---
2025-05-30 22:09:45,161 - ---
2025-05-30 22:09:45,162 - Epoch 051/100
2025-05-30 22:09:45,162 - Train Loss: 0.8192, Train Acc: 0.6948, Train F1: 0.6431
2025-05-30 22:09:45,162 - Val Loss: 1.0761, Val Acc: 0.6640, Val F1: 0.6091
2025-05-30 22:09:45,162 - ---
2025-05-30 22:10:57,985 - ---
2025-05-30 22:10:57,985 - Epoch 052/100
2025-05-30 22:10:57,985 - Train Loss: 0.8174, Train Acc: 0.6960, Train F1: 0.6425
2025-05-30 22:10:57,985 - Val Loss: 1.1230, Val Acc: 0.6507, Val F1: 0.5791
2025-05-30 22:10:57,985 - ---
2025-05-30 22:12:11,644 - ---
2025-05-30 22:12:11,644 - Epoch 053/100
2025-05-30 22:12:11,644 - Train Loss: 0.8111, Train Acc: 0.6973, Train F1: 0.6420
2025-05-30 22:12:11,644 - Val Loss: 1.0422, Val Acc: 0.6897, Val F1: 0.6350
2025-05-30 22:12:11,768 - Best model updated and saved at /kaggle/working/noisy-graph-classification/checkpoints/model_A_best.pth
2025-05-30 22:12:11,768 - ---
2025-05-30 22:13:25,067 - ---
2025-05-30 22:13:25,068 - Epoch 054/100
2025-05-30 22:13:25,068 - Train Loss: 0.8112, Train Acc: 0.7006, Train F1: 0.6462
2025-05-30 22:13:25,068 - Val Loss: 1.1375, Val Acc: 0.6529, Val F1: 0.5971
2025-05-30 22:13:25,068 - ---
2025-05-30 22:14:37,939 - ---
2025-05-30 22:14:37,940 - Epoch 055/100
2025-05-30 22:14:37,940 - Train Loss: 0.8130, Train Acc: 0.6943, Train F1: 0.6413
2025-05-30 22:14:37,940 - Val Loss: 1.1615, Val Acc: 0.6348, Val F1: 0.5725
2025-05-30 22:14:37,940 - ---
2025-05-30 22:15:50,854 - ---
2025-05-30 22:15:50,854 - Epoch 056/100
2025-05-30 22:15:50,854 - Train Loss: 0.8039, Train Acc: 0.7021, Train F1: 0.6491
2025-05-30 22:15:50,854 - Val Loss: 1.2103, Val Acc: 0.6108, Val F1: 0.5535
2025-05-30 22:15:50,854 - ---
2025-05-30 22:17:03,726 - ---
2025-05-30 22:17:03,726 - Epoch 057/100
2025-05-30 22:17:03,726 - Train Loss: 0.7967, Train Acc: 0.7057, Train F1: 0.6524
2025-05-30 22:17:03,727 - Val Loss: 1.1579, Val Acc: 0.6489, Val F1: 0.5933
2025-05-30 22:17:03,727 - ---
2025-05-30 22:18:16,565 - ---
2025-05-30 22:18:16,565 - Epoch 058/100
2025-05-30 22:18:16,565 - Train Loss: 0.8019, Train Acc: 0.7063, Train F1: 0.6524
2025-05-30 22:18:16,565 - Val Loss: 1.0616, Val Acc: 0.6773, Val F1: 0.6303
2025-05-30 22:18:16,565 - ---
2025-05-30 22:19:29,252 - ---
2025-05-30 22:19:29,252 - Epoch 059/100
2025-05-30 22:19:29,252 - Train Loss: 0.8020, Train Acc: 0.7063, Train F1: 0.6532
2025-05-30 22:19:29,253 - Val Loss: 1.3034, Val Acc: 0.5350, Val F1: 0.4891
2025-05-30 22:19:29,253 - ---
2025-05-30 22:20:42,024 - ---
2025-05-30 22:20:42,024 - Epoch 060/100
2025-05-30 22:20:42,024 - Train Loss: 0.7886, Train Acc: 0.7130, Train F1: 0.6609
2025-05-30 22:20:42,024 - Val Loss: 1.0935, Val Acc: 0.6720, Val F1: 0.6199
2025-05-30 22:20:42,024 - ---
2025-05-30 22:21:54,763 - ---
2025-05-30 22:21:54,763 - Epoch 061/100
2025-05-30 22:21:54,764 - Train Loss: 0.7840, Train Acc: 0.7123, Train F1: 0.6622
2025-05-30 22:21:54,764 - Val Loss: 1.1231, Val Acc: 0.6538, Val F1: 0.6057
2025-05-30 22:21:54,764 - ---
2025-05-30 22:23:07,563 - ---
2025-05-30 22:23:07,563 - Epoch 062/100
2025-05-30 22:23:07,563 - Train Loss: 0.7844, Train Acc: 0.7141, Train F1: 0.6628
2025-05-30 22:23:07,564 - Val Loss: 1.1190, Val Acc: 0.6609, Val F1: 0.5843
2025-05-30 22:23:07,564 - ---
2025-05-30 22:24:20,212 - ---
2025-05-30 22:24:20,212 - Epoch 063/100
2025-05-30 22:24:20,212 - Train Loss: 0.7858, Train Acc: 0.7122, Train F1: 0.6608
2025-05-30 22:24:20,212 - Val Loss: 1.0636, Val Acc: 0.6746, Val F1: 0.6211
2025-05-30 22:24:20,212 - ---
2025-05-30 22:25:32,846 - ---
2025-05-30 22:25:32,847 - Epoch 064/100
2025-05-30 22:25:32,847 - Train Loss: 0.7773, Train Acc: 0.7138, Train F1: 0.6630
2025-05-30 22:25:32,847 - Val Loss: 1.2434, Val Acc: 0.5878, Val F1: 0.5480
2025-05-30 22:25:32,847 - ---
2025-05-30 22:26:45,476 - ---
2025-05-30 22:26:45,476 - Epoch 065/100
2025-05-30 22:26:45,476 - Train Loss: 0.7840, Train Acc: 0.7121, Train F1: 0.6614
2025-05-30 22:26:45,476 - Val Loss: 1.0959, Val Acc: 0.6605, Val F1: 0.6039
2025-05-30 22:26:45,476 - ---
2025-05-30 22:27:58,232 - ---
2025-05-30 22:27:58,232 - Epoch 066/100
2025-05-30 22:27:58,232 - Train Loss: 0.7777, Train Acc: 0.7153, Train F1: 0.6630
2025-05-30 22:27:58,232 - Val Loss: 1.0165, Val Acc: 0.7150, Val F1: 0.6570
2025-05-30 22:27:58,347 - Best model updated and saved at /kaggle/working/noisy-graph-classification/checkpoints/model_A_best.pth
2025-05-30 22:27:58,347 - ---
2025-05-30 22:29:11,017 - ---
2025-05-30 22:29:11,017 - Epoch 067/100
2025-05-30 22:29:11,017 - Train Loss: 0.7697, Train Acc: 0.7209, Train F1: 0.6704
2025-05-30 22:29:11,017 - Val Loss: 1.2247, Val Acc: 0.5966, Val F1: 0.5679
2025-05-30 22:29:11,017 - ---
2025-05-30 22:30:23,812 - ---
2025-05-30 22:30:23,812 - Epoch 068/100
2025-05-30 22:30:23,812 - Train Loss: 0.7747, Train Acc: 0.7178, Train F1: 0.6664
2025-05-30 22:30:23,812 - Val Loss: 1.0182, Val Acc: 0.7123, Val F1: 0.6539
2025-05-30 22:30:23,812 - ---
2025-05-30 22:31:36,740 - ---
2025-05-30 22:31:36,741 - Epoch 069/100
2025-05-30 22:31:36,741 - Train Loss: 0.7663, Train Acc: 0.7201, Train F1: 0.6674
2025-05-30 22:31:36,741 - Val Loss: 1.1433, Val Acc: 0.6379, Val F1: 0.5946
2025-05-30 22:31:36,741 - ---
2025-05-30 22:32:49,680 - ---
2025-05-30 22:32:49,680 - Epoch 070/100
2025-05-30 22:32:49,680 - Train Loss: 0.7580, Train Acc: 0.7227, Train F1: 0.6752
2025-05-30 22:32:49,680 - Val Loss: 1.0363, Val Acc: 0.7105, Val F1: 0.6539
2025-05-30 22:32:49,681 - ---
2025-05-30 22:34:02,655 - ---
2025-05-30 22:34:02,656 - Epoch 071/100
2025-05-30 22:34:02,656 - Train Loss: 0.7655, Train Acc: 0.7241, Train F1: 0.6706
2025-05-30 22:34:02,656 - Val Loss: 1.0782, Val Acc: 0.6782, Val F1: 0.6248
2025-05-30 22:34:02,656 - ---
2025-05-30 22:35:15,620 - ---
2025-05-30 22:35:15,620 - Epoch 072/100
2025-05-30 22:35:15,620 - Train Loss: 0.7573, Train Acc: 0.7235, Train F1: 0.6726
2025-05-30 22:35:15,620 - Val Loss: 1.2328, Val Acc: 0.6086, Val F1: 0.5597
2025-05-30 22:35:15,620 - ---
2025-05-30 22:36:28,672 - ---
2025-05-30 22:36:28,672 - Epoch 073/100
2025-05-30 22:36:28,672 - Train Loss: 0.7619, Train Acc: 0.7197, Train F1: 0.6712
2025-05-30 22:36:28,672 - Val Loss: 1.0399, Val Acc: 0.7012, Val F1: 0.6421
2025-05-30 22:36:28,672 - ---
2025-05-30 22:37:41,843 - ---
2025-05-30 22:37:41,843 - Epoch 074/100
2025-05-30 22:37:41,843 - Train Loss: 0.7531, Train Acc: 0.7266, Train F1: 0.6790
2025-05-30 22:37:41,843 - Val Loss: 1.0604, Val Acc: 0.6862, Val F1: 0.6306
2025-05-30 22:37:41,843 - ---
2025-05-30 22:38:55,020 - ---
2025-05-30 22:38:55,020 - Epoch 075/100
2025-05-30 22:38:55,020 - Train Loss: 0.7529, Train Acc: 0.7258, Train F1: 0.6772
2025-05-30 22:38:55,020 - Val Loss: 1.0005, Val Acc: 0.7247, Val F1: 0.6724
2025-05-30 22:38:55,150 - Best model updated and saved at /kaggle/working/noisy-graph-classification/checkpoints/model_A_best.pth
2025-05-30 22:38:55,151 - ---
2025-05-30 22:40:08,060 - ---
2025-05-30 22:40:08,060 - Epoch 076/100
2025-05-30 22:40:08,060 - Train Loss: 0.7484, Train Acc: 0.7287, Train F1: 0.6802
2025-05-30 22:40:08,060 - Val Loss: 1.1990, Val Acc: 0.6228, Val F1: 0.5860
2025-05-30 22:40:08,060 - ---
2025-05-30 22:41:21,051 - ---
2025-05-30 22:41:21,051 - Epoch 077/100
2025-05-30 22:41:21,051 - Train Loss: 0.7469, Train Acc: 0.7307, Train F1: 0.6820
2025-05-30 22:41:21,051 - Val Loss: 1.0345, Val Acc: 0.6977, Val F1: 0.6448
2025-05-30 22:41:21,051 - ---
2025-05-30 22:42:34,130 - ---
2025-05-30 22:42:34,130 - Epoch 078/100
2025-05-30 22:42:34,131 - Train Loss: 0.7384, Train Acc: 0.7326, Train F1: 0.6851
2025-05-30 22:42:34,131 - Val Loss: 1.0780, Val Acc: 0.6835, Val F1: 0.6177
2025-05-30 22:42:34,131 - ---
2025-05-30 22:43:47,240 - ---
2025-05-30 22:43:47,240 - Epoch 079/100
2025-05-30 22:43:47,240 - Train Loss: 0.7419, Train Acc: 0.7348, Train F1: 0.6864
2025-05-30 22:43:47,240 - Val Loss: 1.0554, Val Acc: 0.6990, Val F1: 0.6516
2025-05-30 22:43:47,240 - ---
2025-05-30 22:45:01,157 - ---
2025-05-30 22:45:01,157 - Epoch 080/100
2025-05-30 22:45:01,157 - Train Loss: 0.7380, Train Acc: 0.7350, Train F1: 0.6876
2025-05-30 22:45:01,158 - Val Loss: 1.0698, Val Acc: 0.6844, Val F1: 0.6302
2025-05-30 22:45:01,158 - ---
2025-05-30 22:46:14,786 - ---
2025-05-30 22:46:14,786 - Epoch 081/100
2025-05-30 22:46:14,787 - Train Loss: 0.7337, Train Acc: 0.7358, Train F1: 0.6891
2025-05-30 22:46:14,787 - Val Loss: 1.0522, Val Acc: 0.6959, Val F1: 0.6474
2025-05-30 22:46:14,787 - ---
2025-05-30 22:47:28,166 - ---
2025-05-30 22:47:28,167 - Epoch 082/100
2025-05-30 22:47:28,167 - Train Loss: 0.7296, Train Acc: 0.7381, Train F1: 0.6899
2025-05-30 22:47:28,167 - Val Loss: 1.2641, Val Acc: 0.5949, Val F1: 0.5559
2025-05-30 22:47:28,167 - ---
2025-05-30 22:48:41,178 - ---
2025-05-30 22:48:41,179 - Epoch 083/100
2025-05-30 22:48:41,179 - Train Loss: 0.7293, Train Acc: 0.7349, Train F1: 0.6922
2025-05-30 22:48:41,179 - Val Loss: 1.2086, Val Acc: 0.6489, Val F1: 0.5790
2025-05-30 22:48:41,179 - ---
2025-05-30 22:49:54,026 - ---
2025-05-30 22:49:54,026 - Epoch 084/100
2025-05-30 22:49:54,027 - Train Loss: 0.7306, Train Acc: 0.7330, Train F1: 0.6837
2025-05-30 22:49:54,027 - Val Loss: 1.1401, Val Acc: 0.6720, Val F1: 0.6216
2025-05-30 22:49:54,027 - ---
2025-05-30 22:51:06,873 - ---
2025-05-30 22:51:06,873 - Epoch 085/100
2025-05-30 22:51:06,873 - Train Loss: 0.7214, Train Acc: 0.7373, Train F1: 0.6890
2025-05-30 22:51:06,873 - Val Loss: 1.0456, Val Acc: 0.6937, Val F1: 0.6432
2025-05-30 22:51:06,874 - ---
2025-05-30 22:52:19,764 - ---
2025-05-30 22:52:19,764 - Epoch 086/100
2025-05-30 22:52:19,764 - Train Loss: 0.7207, Train Acc: 0.7379, Train F1: 0.6897
2025-05-30 22:52:19,764 - Val Loss: 1.1277, Val Acc: 0.6684, Val F1: 0.6064
2025-05-30 22:52:19,764 - ---
2025-05-30 22:53:32,810 - ---
2025-05-30 22:53:32,810 - Epoch 087/100
2025-05-30 22:53:32,811 - Train Loss: 0.7182, Train Acc: 0.7400, Train F1: 0.6944
2025-05-30 22:53:32,811 - Val Loss: 1.2098, Val Acc: 0.6374, Val F1: 0.5864
2025-05-30 22:53:32,811 - ---
2025-05-30 22:54:46,015 - ---
2025-05-30 22:54:46,015 - Epoch 088/100
2025-05-30 22:54:46,015 - Train Loss: 0.7180, Train Acc: 0.7418, Train F1: 0.6926
2025-05-30 22:54:46,015 - Val Loss: 1.2176, Val Acc: 0.6179, Val F1: 0.5845
2025-05-30 22:54:46,015 - ---
2025-05-30 22:55:59,198 - ---
2025-05-30 22:55:59,199 - Epoch 089/100
2025-05-30 22:55:59,199 - Train Loss: 0.7109, Train Acc: 0.7447, Train F1: 0.6973
2025-05-30 22:55:59,199 - Val Loss: 1.0857, Val Acc: 0.6777, Val F1: 0.6336
2025-05-30 22:55:59,199 - ---
2025-05-30 22:57:12,297 - ---
2025-05-30 22:57:12,297 - Epoch 090/100
2025-05-30 22:57:12,297 - Train Loss: 0.7115, Train Acc: 0.7415, Train F1: 0.6976
2025-05-30 22:57:12,297 - Val Loss: 1.0623, Val Acc: 0.6968, Val F1: 0.6446
2025-05-30 22:57:12,297 - ---
2025-05-30 22:58:25,428 - ---
2025-05-30 22:58:25,428 - Epoch 091/100
2025-05-30 22:58:25,428 - Train Loss: 0.7111, Train Acc: 0.7408, Train F1: 0.6941
2025-05-30 22:58:25,428 - Val Loss: 1.0989, Val Acc: 0.6773, Val F1: 0.6412
2025-05-30 22:58:25,428 - ---
2025-05-30 22:59:38,487 - ---
2025-05-30 22:59:38,487 - Epoch 092/100
2025-05-30 22:59:38,487 - Train Loss: 0.7047, Train Acc: 0.7425, Train F1: 0.6989
2025-05-30 22:59:38,488 - Val Loss: 1.0864, Val Acc: 0.6844, Val F1: 0.6391
2025-05-30 22:59:38,488 - ---
2025-05-30 23:00:51,699 - ---
2025-05-30 23:00:51,699 - Epoch 093/100
2025-05-30 23:00:51,699 - Train Loss: 0.7005, Train Acc: 0.7475, Train F1: 0.7030
2025-05-30 23:00:51,699 - Val Loss: 1.1298, Val Acc: 0.6543, Val F1: 0.6233
2025-05-30 23:00:51,699 - ---
2025-05-30 23:02:04,990 - ---
2025-05-30 23:02:04,990 - Epoch 094/100
2025-05-30 23:02:04,991 - Train Loss: 0.6952, Train Acc: 0.7489, Train F1: 0.7029
2025-05-30 23:02:04,991 - Val Loss: 1.0774, Val Acc: 0.6910, Val F1: 0.6361
2025-05-30 23:02:04,991 - ---
2025-05-30 23:03:18,405 - ---
2025-05-30 23:03:18,405 - Epoch 095/100
2025-05-30 23:03:18,406 - Train Loss: 0.6872, Train Acc: 0.7511, Train F1: 0.7066
2025-05-30 23:03:18,406 - Val Loss: 1.0322, Val Acc: 0.7145, Val F1: 0.6643
2025-05-30 23:03:18,406 - ---
2025-05-30 23:04:31,719 - ---
2025-05-30 23:04:31,719 - Epoch 096/100
2025-05-30 23:04:31,719 - Train Loss: 0.6930, Train Acc: 0.7494, Train F1: 0.7044
2025-05-30 23:04:31,719 - Val Loss: 1.0726, Val Acc: 0.6964, Val F1: 0.6409
2025-05-30 23:04:31,719 - ---
2025-05-30 23:05:44,738 - ---
2025-05-30 23:05:44,738 - Epoch 097/100
2025-05-30 23:05:44,739 - Train Loss: 0.6917, Train Acc: 0.7516, Train F1: 0.7053
2025-05-30 23:05:44,739 - Val Loss: 1.1093, Val Acc: 0.6791, Val F1: 0.6265
2025-05-30 23:05:44,739 - ---
2025-05-30 23:06:58,018 - ---
2025-05-30 23:06:58,018 - Epoch 098/100
2025-05-30 23:06:58,018 - Train Loss: 0.6843, Train Acc: 0.7496, Train F1: 0.7043
2025-05-30 23:06:58,018 - Val Loss: 1.2470, Val Acc: 0.6144, Val F1: 0.5733
2025-05-30 23:06:58,019 - ---
2025-05-30 23:08:11,197 - ---
2025-05-30 23:08:11,197 - Epoch 099/100
2025-05-30 23:08:11,197 - Train Loss: 0.6825, Train Acc: 0.7511, Train F1: 0.7056
2025-05-30 23:08:11,197 - Val Loss: 1.0754, Val Acc: 0.6933, Val F1: 0.6486
2025-05-30 23:08:11,197 - ---
2025-05-30 23:09:24,147 - ---
2025-05-30 23:09:24,147 - Epoch 100/100
2025-05-30 23:09:24,147 - Train Loss: 0.6860, Train Acc: 0.7535, Train F1: 0.7090
2025-05-30 23:09:24,147 - Val Loss: 1.1121, Val Acc: 0.6848, Val F1: 0.6335
2025-05-30 23:09:24,147 - ---
