2025-05-31 09:39:13,746 - ---
2025-05-31 09:39:13,746 - Epoch 001/100
2025-05-31 09:39:13,746 - Train Loss: 1.4441, Train Acc: 0.2679, Train F1: 0.1643
2025-05-31 09:39:13,746 - Val Loss: 1.7648, Val Acc: 0.2946, Val F1: 0.1765
2025-05-31 09:39:13,830 - Best model updated and saved at /kaggle/working/noisy-graph-classification/checkpoints/model_B_best.pth
2025-05-31 09:39:13,830 - ---
2025-05-31 09:39:49,278 - ---
2025-05-31 09:39:49,279 - Epoch 002/100
2025-05-31 09:39:49,279 - Train Loss: 1.4034, Train Acc: 0.2955, Train F1: 0.1653
2025-05-31 09:39:49,279 - Val Loss: 1.8471, Val Acc: 0.2768, Val F1: 0.1530
2025-05-31 09:39:49,279 - ---
2025-05-31 09:40:24,678 - ---
2025-05-31 09:40:24,678 - Epoch 003/100
2025-05-31 09:40:24,678 - Train Loss: 1.3934, Train Acc: 0.3022, Train F1: 0.1744
2025-05-31 09:40:24,678 - Val Loss: 1.8397, Val Acc: 0.2607, Val F1: 0.1221
2025-05-31 09:40:24,678 - ---
2025-05-31 09:40:59,987 - ---
2025-05-31 09:40:59,988 - Epoch 004/100
2025-05-31 09:40:59,988 - Train Loss: 1.3797, Train Acc: 0.3165, Train F1: 0.1843
2025-05-31 09:40:59,988 - Val Loss: 1.7684, Val Acc: 0.3241, Val F1: 0.1895
2025-05-31 09:41:00,122 - Best model updated and saved at /kaggle/working/noisy-graph-classification/checkpoints/model_B_best.pth
2025-05-31 09:41:00,122 - ---
2025-05-31 09:41:35,458 - ---
2025-05-31 09:41:35,458 - Epoch 005/100
2025-05-31 09:41:35,458 - Train Loss: 1.3781, Train Acc: 0.3234, Train F1: 0.1972
2025-05-31 09:41:35,458 - Val Loss: 1.7634, Val Acc: 0.2821, Val F1: 0.1440
2025-05-31 09:41:35,458 - ---
2025-05-31 09:42:10,788 - ---
2025-05-31 09:42:10,788 - Epoch 006/100
2025-05-31 09:42:10,788 - Train Loss: 1.3621, Train Acc: 0.3353, Train F1: 0.2048
2025-05-31 09:42:10,788 - Val Loss: 1.7044, Val Acc: 0.3232, Val F1: 0.1982
2025-05-31 09:42:10,788 - ---
2025-05-31 09:42:46,115 - ---
2025-05-31 09:42:46,116 - Epoch 007/100
2025-05-31 09:42:46,116 - Train Loss: 1.3562, Train Acc: 0.3431, Train F1: 0.2151
2025-05-31 09:42:46,116 - Val Loss: 1.7780, Val Acc: 0.2804, Val F1: 0.1393
2025-05-31 09:42:46,116 - ---
2025-05-31 09:43:21,472 - ---
2025-05-31 09:43:21,472 - Epoch 008/100
2025-05-31 09:43:21,472 - Train Loss: 1.3479, Train Acc: 0.3458, Train F1: 0.2179
2025-05-31 09:43:21,472 - Val Loss: 1.7264, Val Acc: 0.3313, Val F1: 0.2164
2025-05-31 09:43:21,587 - Best model updated and saved at /kaggle/working/noisy-graph-classification/checkpoints/model_B_best.pth
2025-05-31 09:43:21,587 - ---
2025-05-31 09:43:56,901 - ---
2025-05-31 09:43:56,901 - Epoch 009/100
2025-05-31 09:43:56,901 - Train Loss: 1.3153, Train Acc: 0.3763, Train F1: 0.2533
2025-05-31 09:43:56,901 - Val Loss: 1.7219, Val Acc: 0.3107, Val F1: 0.2420
2025-05-31 09:43:56,901 - ---
2025-05-31 09:44:32,277 - ---
2025-05-31 09:44:32,277 - Epoch 010/100
2025-05-31 09:44:32,278 - Train Loss: 1.3074, Train Acc: 0.3821, Train F1: 0.2516
2025-05-31 09:44:32,278 - Val Loss: 1.6427, Val Acc: 0.3625, Val F1: 0.2435
2025-05-31 09:44:32,387 - Best model updated and saved at /kaggle/working/noisy-graph-classification/checkpoints/model_B_best.pth
2025-05-31 09:44:32,387 - ---
2025-05-31 09:45:07,891 - ---
2025-05-31 09:45:07,892 - Epoch 011/100
2025-05-31 09:45:07,892 - Train Loss: 1.2925, Train Acc: 0.3929, Train F1: 0.2693
2025-05-31 09:45:07,892 - Val Loss: 1.5855, Val Acc: 0.4036, Val F1: 0.2938
2025-05-31 09:45:08,012 - Best model updated and saved at /kaggle/working/noisy-graph-classification/checkpoints/model_B_best.pth
2025-05-31 09:45:08,012 - ---
2025-05-31 09:45:43,447 - ---
2025-05-31 09:45:43,447 - Epoch 012/100
2025-05-31 09:45:43,447 - Train Loss: 1.2871, Train Acc: 0.4020, Train F1: 0.2826
2025-05-31 09:45:43,447 - Val Loss: 1.6578, Val Acc: 0.3670, Val F1: 0.2521
2025-05-31 09:45:43,447 - ---
2025-05-31 09:46:18,878 - ---
2025-05-31 09:46:18,878 - Epoch 013/100
2025-05-31 09:46:18,878 - Train Loss: 1.2774, Train Acc: 0.4058, Train F1: 0.2869
2025-05-31 09:46:18,879 - Val Loss: 1.6452, Val Acc: 0.3652, Val F1: 0.2444
2025-05-31 09:46:18,879 - ---
2025-05-31 09:46:54,252 - ---
2025-05-31 09:46:54,253 - Epoch 014/100
2025-05-31 09:46:54,253 - Train Loss: 1.2708, Train Acc: 0.4161, Train F1: 0.2972
2025-05-31 09:46:54,253 - Val Loss: 1.6387, Val Acc: 0.3723, Val F1: 0.2440
2025-05-31 09:46:54,253 - ---
2025-05-31 09:47:29,599 - ---
2025-05-31 09:47:29,599 - Epoch 015/100
2025-05-31 09:47:29,599 - Train Loss: 1.2725, Train Acc: 0.4107, Train F1: 0.2933
2025-05-31 09:47:29,599 - Val Loss: 1.6173, Val Acc: 0.3857, Val F1: 0.2887
2025-05-31 09:47:29,599 - ---
2025-05-31 09:48:04,962 - ---
2025-05-31 09:48:04,962 - Epoch 016/100
2025-05-31 09:48:04,962 - Train Loss: 1.2598, Train Acc: 0.4228, Train F1: 0.3106
2025-05-31 09:48:04,962 - Val Loss: 1.5968, Val Acc: 0.3848, Val F1: 0.2870
2025-05-31 09:48:04,962 - ---
2025-05-31 09:48:40,273 - ---
2025-05-31 09:48:40,274 - Epoch 017/100
2025-05-31 09:48:40,274 - Train Loss: 1.2506, Train Acc: 0.4384, Train F1: 0.3233
2025-05-31 09:48:40,274 - Val Loss: 1.5530, Val Acc: 0.4348, Val F1: 0.3404
2025-05-31 09:48:40,388 - Best model updated and saved at /kaggle/working/noisy-graph-classification/checkpoints/model_B_best.pth
2025-05-31 09:48:40,388 - ---
2025-05-31 09:49:15,782 - ---
2025-05-31 09:49:15,782 - Epoch 018/100
2025-05-31 09:49:15,782 - Train Loss: 1.2463, Train Acc: 0.4404, Train F1: 0.3290
2025-05-31 09:49:15,782 - Val Loss: 1.7065, Val Acc: 0.3250, Val F1: 0.2143
2025-05-31 09:49:15,783 - ---
2025-05-31 09:49:51,204 - ---
2025-05-31 09:49:51,204 - Epoch 019/100
2025-05-31 09:49:51,204 - Train Loss: 1.2362, Train Acc: 0.4522, Train F1: 0.3441
2025-05-31 09:49:51,204 - Val Loss: 1.5918, Val Acc: 0.4080, Val F1: 0.2928
2025-05-31 09:49:51,204 - ---
2025-05-31 09:50:26,533 - ---
2025-05-31 09:50:26,533 - Epoch 020/100
2025-05-31 09:50:26,533 - Train Loss: 1.2324, Train Acc: 0.4509, Train F1: 0.3513
2025-05-31 09:50:26,533 - Val Loss: 1.5388, Val Acc: 0.4473, Val F1: 0.3609
2025-05-31 09:50:26,668 - Best model updated and saved at /kaggle/working/noisy-graph-classification/checkpoints/model_B_best.pth
2025-05-31 09:50:26,668 - ---
2025-05-31 09:51:02,024 - ---
2025-05-31 09:51:02,024 - Epoch 021/100
2025-05-31 09:51:02,024 - Train Loss: 1.2225, Train Acc: 0.4565, Train F1: 0.3533
2025-05-31 09:51:02,024 - Val Loss: 1.5328, Val Acc: 0.4607, Val F1: 0.3749
2025-05-31 09:51:02,142 - Best model updated and saved at /kaggle/working/noisy-graph-classification/checkpoints/model_B_best.pth
2025-05-31 09:51:02,143 - ---
2025-05-31 09:51:37,454 - ---
2025-05-31 09:51:37,454 - Epoch 022/100
2025-05-31 09:51:37,454 - Train Loss: 1.2175, Train Acc: 0.4674, Train F1: 0.3681
2025-05-31 09:51:37,454 - Val Loss: 1.6614, Val Acc: 0.3732, Val F1: 0.3186
2025-05-31 09:51:37,454 - ---
2025-05-31 09:52:12,855 - ---
2025-05-31 09:52:12,855 - Epoch 023/100
2025-05-31 09:52:12,856 - Train Loss: 1.2159, Train Acc: 0.4612, Train F1: 0.3572
2025-05-31 09:52:12,856 - Val Loss: 1.5868, Val Acc: 0.4196, Val F1: 0.3233
2025-05-31 09:52:12,856 - ---
2025-05-31 09:52:48,161 - ---
2025-05-31 09:52:48,161 - Epoch 024/100
2025-05-31 09:52:48,161 - Train Loss: 1.2066, Train Acc: 0.4741, Train F1: 0.3773
2025-05-31 09:52:48,161 - Val Loss: 1.5544, Val Acc: 0.4580, Val F1: 0.3661
2025-05-31 09:52:48,161 - ---
2025-05-31 09:53:23,495 - ---
2025-05-31 09:53:23,495 - Epoch 025/100
2025-05-31 09:53:23,495 - Train Loss: 1.2020, Train Acc: 0.4759, Train F1: 0.3813
2025-05-31 09:53:23,495 - Val Loss: 1.7041, Val Acc: 0.3652, Val F1: 0.3097
2025-05-31 09:53:23,495 - ---
2025-05-31 09:53:58,879 - ---
2025-05-31 09:53:58,879 - Epoch 026/100
2025-05-31 09:53:58,879 - Train Loss: 1.1999, Train Acc: 0.4808, Train F1: 0.3791
2025-05-31 09:53:58,879 - Val Loss: 1.4689, Val Acc: 0.5027, Val F1: 0.4200
2025-05-31 09:53:58,992 - Best model updated and saved at /kaggle/working/noisy-graph-classification/checkpoints/model_B_best.pth
2025-05-31 09:53:58,992 - ---
2025-05-31 09:54:34,543 - ---
2025-05-31 09:54:34,543 - Epoch 027/100
2025-05-31 09:54:34,543 - Train Loss: 1.1876, Train Acc: 0.4873, Train F1: 0.3924
2025-05-31 09:54:34,543 - Val Loss: 1.5831, Val Acc: 0.4491, Val F1: 0.3547
2025-05-31 09:54:34,543 - ---
2025-05-31 09:55:10,034 - ---
2025-05-31 09:55:10,034 - Epoch 028/100
2025-05-31 09:55:10,034 - Train Loss: 1.1923, Train Acc: 0.4893, Train F1: 0.3918
2025-05-31 09:55:10,034 - Val Loss: 1.4835, Val Acc: 0.4884, Val F1: 0.3943
2025-05-31 09:55:10,035 - ---
2025-05-31 09:55:45,387 - ---
2025-05-31 09:55:45,388 - Epoch 029/100
2025-05-31 09:55:45,388 - Train Loss: 1.1884, Train Acc: 0.4877, Train F1: 0.3912
2025-05-31 09:55:45,388 - Val Loss: 1.4556, Val Acc: 0.5196, Val F1: 0.4304
2025-05-31 09:55:45,508 - Best model updated and saved at /kaggle/working/noisy-graph-classification/checkpoints/model_B_best.pth
2025-05-31 09:55:45,508 - ---
2025-05-31 09:56:21,006 - ---
2025-05-31 09:56:21,006 - Epoch 030/100
2025-05-31 09:56:21,006 - Train Loss: 1.1835, Train Acc: 0.4902, Train F1: 0.3974
2025-05-31 09:56:21,006 - Val Loss: 1.4613, Val Acc: 0.5045, Val F1: 0.3970
2025-05-31 09:56:21,006 - ---
2025-05-31 09:56:56,314 - ---
2025-05-31 09:56:56,315 - Epoch 031/100
2025-05-31 09:56:56,315 - Train Loss: 1.1803, Train Acc: 0.4940, Train F1: 0.4040
2025-05-31 09:56:56,315 - Val Loss: 1.6789, Val Acc: 0.3964, Val F1: 0.3456
2025-05-31 09:56:56,315 - ---
2025-05-31 09:57:31,778 - ---
2025-05-31 09:57:31,778 - Epoch 032/100
2025-05-31 09:57:31,778 - Train Loss: 1.1702, Train Acc: 0.5067, Train F1: 0.4149
2025-05-31 09:57:31,778 - Val Loss: 1.4606, Val Acc: 0.5080, Val F1: 0.4253
2025-05-31 09:57:31,778 - ---
2025-05-31 09:58:07,132 - ---
2025-05-31 09:58:07,132 - Epoch 033/100
2025-05-31 09:58:07,132 - Train Loss: 1.1752, Train Acc: 0.4962, Train F1: 0.4065
2025-05-31 09:58:07,132 - Val Loss: 1.4351, Val Acc: 0.5330, Val F1: 0.4491
2025-05-31 09:58:07,254 - Best model updated and saved at /kaggle/working/noisy-graph-classification/checkpoints/model_B_best.pth
2025-05-31 09:58:07,254 - ---
2025-05-31 09:58:42,614 - ---
2025-05-31 09:58:42,614 - Epoch 034/100
2025-05-31 09:58:42,614 - Train Loss: 1.1620, Train Acc: 0.5094, Train F1: 0.4160
2025-05-31 09:58:42,614 - Val Loss: 1.5145, Val Acc: 0.4688, Val F1: 0.3849
2025-05-31 09:58:42,614 - ---
2025-05-31 09:59:18,141 - ---
2025-05-31 09:59:18,141 - Epoch 035/100
2025-05-31 09:59:18,141 - Train Loss: 1.1675, Train Acc: 0.5031, Train F1: 0.4129
2025-05-31 09:59:18,141 - Val Loss: 1.4453, Val Acc: 0.5268, Val F1: 0.4499
2025-05-31 09:59:18,141 - ---
2025-05-31 09:59:53,610 - ---
2025-05-31 09:59:53,610 - Epoch 036/100
2025-05-31 09:59:53,610 - Train Loss: 1.1637, Train Acc: 0.5074, Train F1: 0.4177
2025-05-31 09:59:53,611 - Val Loss: 1.5927, Val Acc: 0.4286, Val F1: 0.3253
2025-05-31 09:59:53,611 - ---
2025-05-31 10:00:29,101 - ---
2025-05-31 10:00:29,101 - Epoch 037/100
2025-05-31 10:00:29,101 - Train Loss: 1.1610, Train Acc: 0.5074, Train F1: 0.4222
2025-05-31 10:00:29,101 - Val Loss: 1.4302, Val Acc: 0.5295, Val F1: 0.4397
2025-05-31 10:00:29,102 - ---
2025-05-31 10:01:04,480 - ---
2025-05-31 10:01:04,480 - Epoch 038/100
2025-05-31 10:01:04,480 - Train Loss: 1.1603, Train Acc: 0.5089, Train F1: 0.4201
2025-05-31 10:01:04,480 - Val Loss: 1.4233, Val Acc: 0.5295, Val F1: 0.4533
2025-05-31 10:01:04,480 - ---
2025-05-31 10:01:39,872 - ---
2025-05-31 10:01:39,872 - Epoch 039/100
2025-05-31 10:01:39,872 - Train Loss: 1.1582, Train Acc: 0.5103, Train F1: 0.4251
2025-05-31 10:01:39,872 - Val Loss: 1.4721, Val Acc: 0.4848, Val F1: 0.3882
2025-05-31 10:01:39,872 - ---
2025-05-31 10:02:15,274 - ---
2025-05-31 10:02:15,274 - Epoch 040/100
2025-05-31 10:02:15,274 - Train Loss: 1.1565, Train Acc: 0.5134, Train F1: 0.4334
2025-05-31 10:02:15,274 - Val Loss: 1.5529, Val Acc: 0.4375, Val F1: 0.3453
2025-05-31 10:02:15,274 - ---
2025-05-31 10:02:50,636 - ---
2025-05-31 10:02:50,636 - Epoch 041/100
2025-05-31 10:02:50,636 - Train Loss: 1.1498, Train Acc: 0.5129, Train F1: 0.4330
2025-05-31 10:02:50,636 - Val Loss: 1.4449, Val Acc: 0.5143, Val F1: 0.4436
2025-05-31 10:02:50,636 - ---
2025-05-31 10:03:25,920 - ---
2025-05-31 10:03:25,920 - Epoch 042/100
2025-05-31 10:03:25,920 - Train Loss: 1.1465, Train Acc: 0.5172, Train F1: 0.4466
2025-05-31 10:03:25,921 - Val Loss: 1.4540, Val Acc: 0.5232, Val F1: 0.4426
2025-05-31 10:03:25,921 - ---
2025-05-31 10:04:01,314 - ---
2025-05-31 10:04:01,314 - Epoch 043/100
2025-05-31 10:04:01,315 - Train Loss: 1.1482, Train Acc: 0.5188, Train F1: 0.4445
2025-05-31 10:04:01,315 - Val Loss: 1.4659, Val Acc: 0.5179, Val F1: 0.4465
2025-05-31 10:04:01,315 - ---
2025-05-31 10:04:36,883 - ---
2025-05-31 10:04:36,883 - Epoch 044/100
2025-05-31 10:04:36,883 - Train Loss: 1.1398, Train Acc: 0.5228, Train F1: 0.4512
2025-05-31 10:04:36,883 - Val Loss: 1.4156, Val Acc: 0.5375, Val F1: 0.4772
2025-05-31 10:04:36,999 - Best model updated and saved at /kaggle/working/noisy-graph-classification/checkpoints/model_B_best.pth
2025-05-31 10:04:37,000 - ---
2025-05-31 10:05:12,421 - ---
2025-05-31 10:05:12,421 - Epoch 045/100
2025-05-31 10:05:12,421 - Train Loss: 1.1351, Train Acc: 0.5288, Train F1: 0.4610
2025-05-31 10:05:12,421 - Val Loss: 1.4331, Val Acc: 0.5196, Val F1: 0.4381
2025-05-31 10:05:12,421 - ---
2025-05-31 10:05:47,787 - ---
2025-05-31 10:05:47,787 - Epoch 046/100
2025-05-31 10:05:47,787 - Train Loss: 1.1344, Train Acc: 0.5283, Train F1: 0.4652
2025-05-31 10:05:47,788 - Val Loss: 1.4297, Val Acc: 0.5295, Val F1: 0.4751
2025-05-31 10:05:47,788 - ---
2025-05-31 10:06:23,347 - ---
2025-05-31 10:06:23,348 - Epoch 047/100
2025-05-31 10:06:23,348 - Train Loss: 1.1327, Train Acc: 0.5315, Train F1: 0.4574
2025-05-31 10:06:23,348 - Val Loss: 1.4306, Val Acc: 0.5393, Val F1: 0.4889
2025-05-31 10:06:23,467 - Best model updated and saved at /kaggle/working/noisy-graph-classification/checkpoints/model_B_best.pth
2025-05-31 10:06:23,467 - ---
2025-05-31 10:06:58,891 - ---
2025-05-31 10:06:58,892 - Epoch 048/100
2025-05-31 10:06:58,892 - Train Loss: 1.1349, Train Acc: 0.5301, Train F1: 0.4609
2025-05-31 10:06:58,892 - Val Loss: 1.5244, Val Acc: 0.5027, Val F1: 0.4413
2025-05-31 10:06:58,892 - ---
2025-05-31 10:07:34,199 - ---
2025-05-31 10:07:34,199 - Epoch 049/100
2025-05-31 10:07:34,199 - Train Loss: 1.1353, Train Acc: 0.5268, Train F1: 0.4648
2025-05-31 10:07:34,199 - Val Loss: 1.4383, Val Acc: 0.5223, Val F1: 0.4739
2025-05-31 10:07:34,199 - ---
2025-05-31 10:08:09,712 - ---
2025-05-31 10:08:09,712 - Epoch 050/100
2025-05-31 10:08:09,712 - Train Loss: 1.1248, Train Acc: 0.5364, Train F1: 0.4728
2025-05-31 10:08:09,712 - Val Loss: 1.4516, Val Acc: 0.5107, Val F1: 0.4516
2025-05-31 10:08:09,712 - ---
2025-05-31 10:08:45,019 - ---
2025-05-31 10:08:45,019 - Epoch 051/100
2025-05-31 10:08:45,019 - Train Loss: 1.1172, Train Acc: 0.5364, Train F1: 0.4759
2025-05-31 10:08:45,019 - Val Loss: 1.3946, Val Acc: 0.5545, Val F1: 0.4960
2025-05-31 10:08:45,137 - Best model updated and saved at /kaggle/working/noisy-graph-classification/checkpoints/model_B_best.pth
2025-05-31 10:08:45,137 - ---
2025-05-31 10:09:20,588 - ---
2025-05-31 10:09:20,588 - Epoch 052/100
2025-05-31 10:09:20,588 - Train Loss: 1.1187, Train Acc: 0.5388, Train F1: 0.4757
2025-05-31 10:09:20,588 - Val Loss: 1.4720, Val Acc: 0.5009, Val F1: 0.4118
2025-05-31 10:09:20,589 - ---
2025-05-31 10:09:56,163 - ---
2025-05-31 10:09:56,163 - Epoch 053/100
2025-05-31 10:09:56,163 - Train Loss: 1.1095, Train Acc: 0.5386, Train F1: 0.4785
2025-05-31 10:09:56,163 - Val Loss: 1.4309, Val Acc: 0.5420, Val F1: 0.4994
2025-05-31 10:09:56,163 - ---
2025-05-31 10:10:31,531 - ---
2025-05-31 10:10:31,531 - Epoch 054/100
2025-05-31 10:10:31,531 - Train Loss: 1.1224, Train Acc: 0.5350, Train F1: 0.4713
2025-05-31 10:10:31,531 - Val Loss: 1.4348, Val Acc: 0.5277, Val F1: 0.4652
2025-05-31 10:10:31,531 - ---
2025-05-31 10:11:06,961 - ---
2025-05-31 10:11:06,962 - Epoch 055/100
2025-05-31 10:11:06,962 - Train Loss: 1.1109, Train Acc: 0.5440, Train F1: 0.4827
2025-05-31 10:11:06,962 - Val Loss: 1.3850, Val Acc: 0.5679, Val F1: 0.5122
2025-05-31 10:11:07,081 - Best model updated and saved at /kaggle/working/noisy-graph-classification/checkpoints/model_B_best.pth
2025-05-31 10:11:07,081 - ---
2025-05-31 10:11:42,389 - ---
2025-05-31 10:11:42,390 - Epoch 056/100
2025-05-31 10:11:42,390 - Train Loss: 1.1123, Train Acc: 0.5424, Train F1: 0.4842
2025-05-31 10:11:42,390 - Val Loss: 1.4036, Val Acc: 0.5527, Val F1: 0.4950
2025-05-31 10:11:42,390 - ---
2025-05-31 10:12:17,852 - ---
2025-05-31 10:12:17,852 - Epoch 057/100
2025-05-31 10:12:17,853 - Train Loss: 1.1071, Train Acc: 0.5408, Train F1: 0.4796
2025-05-31 10:12:17,853 - Val Loss: 1.4091, Val Acc: 0.5446, Val F1: 0.4877
2025-05-31 10:12:17,853 - ---
2025-05-31 10:12:53,303 - ---
2025-05-31 10:12:53,303 - Epoch 058/100
2025-05-31 10:12:53,303 - Train Loss: 1.1115, Train Acc: 0.5395, Train F1: 0.4776
2025-05-31 10:12:53,303 - Val Loss: 1.5072, Val Acc: 0.5143, Val F1: 0.4766
2025-05-31 10:12:53,303 - ---
2025-05-31 10:13:28,762 - ---
2025-05-31 10:13:28,762 - Epoch 059/100
2025-05-31 10:13:28,762 - Train Loss: 1.1089, Train Acc: 0.5471, Train F1: 0.4937
2025-05-31 10:13:28,763 - Val Loss: 1.4766, Val Acc: 0.5063, Val F1: 0.4267
2025-05-31 10:13:28,763 - ---
2025-05-31 10:14:04,315 - ---
2025-05-31 10:14:04,316 - Epoch 060/100
2025-05-31 10:14:04,316 - Train Loss: 1.1011, Train Acc: 0.5507, Train F1: 0.4958
2025-05-31 10:14:04,316 - Val Loss: 1.4203, Val Acc: 0.5580, Val F1: 0.5062
2025-05-31 10:14:04,316 - ---
2025-05-31 10:14:40,067 - ---
2025-05-31 10:14:40,067 - Epoch 061/100
2025-05-31 10:14:40,067 - Train Loss: 1.0984, Train Acc: 0.5482, Train F1: 0.4945
2025-05-31 10:14:40,067 - Val Loss: 1.4502, Val Acc: 0.5321, Val F1: 0.4898
2025-05-31 10:14:40,067 - ---
2025-05-31 10:15:15,678 - ---
2025-05-31 10:15:15,678 - Epoch 062/100
2025-05-31 10:15:15,678 - Train Loss: 1.0915, Train Acc: 0.5545, Train F1: 0.4984
2025-05-31 10:15:15,678 - Val Loss: 1.4024, Val Acc: 0.5562, Val F1: 0.5057
2025-05-31 10:15:15,678 - ---
2025-05-31 10:15:50,957 - ---
2025-05-31 10:15:50,957 - Epoch 063/100
2025-05-31 10:15:50,957 - Train Loss: 1.0953, Train Acc: 0.5507, Train F1: 0.4959
2025-05-31 10:15:50,957 - Val Loss: 1.4071, Val Acc: 0.5509, Val F1: 0.4872
2025-05-31 10:15:50,957 - ---
2025-05-31 10:16:26,394 - ---
2025-05-31 10:16:26,394 - Epoch 064/100
2025-05-31 10:16:26,394 - Train Loss: 1.0955, Train Acc: 0.5500, Train F1: 0.4961
2025-05-31 10:16:26,394 - Val Loss: 1.4537, Val Acc: 0.5250, Val F1: 0.4352
2025-05-31 10:16:26,394 - ---
2025-05-31 10:17:01,670 - ---
2025-05-31 10:17:01,670 - Epoch 065/100
2025-05-31 10:17:01,670 - Train Loss: 1.0872, Train Acc: 0.5556, Train F1: 0.5015
2025-05-31 10:17:01,670 - Val Loss: 1.4102, Val Acc: 0.5616, Val F1: 0.5158
2025-05-31 10:17:01,670 - ---
2025-05-31 10:17:36,903 - ---
2025-05-31 10:17:36,904 - Epoch 066/100
2025-05-31 10:17:36,904 - Train Loss: 1.0946, Train Acc: 0.5531, Train F1: 0.5025
2025-05-31 10:17:36,904 - Val Loss: 1.4253, Val Acc: 0.5473, Val F1: 0.4854
2025-05-31 10:17:36,904 - ---
2025-05-31 10:18:12,294 - ---
2025-05-31 10:18:12,294 - Epoch 067/100
2025-05-31 10:18:12,294 - Train Loss: 1.0897, Train Acc: 0.5527, Train F1: 0.5025
2025-05-31 10:18:12,294 - Val Loss: 1.4008, Val Acc: 0.5607, Val F1: 0.5120
2025-05-31 10:18:12,294 - ---
2025-05-31 10:18:47,765 - ---
2025-05-31 10:18:47,765 - Epoch 068/100
2025-05-31 10:18:47,765 - Train Loss: 1.0789, Train Acc: 0.5562, Train F1: 0.5030
2025-05-31 10:18:47,765 - Val Loss: 1.4456, Val Acc: 0.5295, Val F1: 0.4593
2025-05-31 10:18:47,765 - ---
2025-05-31 10:19:23,137 - ---
2025-05-31 10:19:23,138 - Epoch 069/100
2025-05-31 10:19:23,138 - Train Loss: 1.0744, Train Acc: 0.5621, Train F1: 0.5096
2025-05-31 10:19:23,138 - Val Loss: 1.4579, Val Acc: 0.5366, Val F1: 0.4629
2025-05-31 10:19:23,138 - ---
2025-05-31 10:19:58,503 - ---
2025-05-31 10:19:58,503 - Epoch 070/100
2025-05-31 10:19:58,504 - Train Loss: 1.0788, Train Acc: 0.5536, Train F1: 0.5031
2025-05-31 10:19:58,504 - Val Loss: 1.4495, Val Acc: 0.5304, Val F1: 0.4779
2025-05-31 10:19:58,504 - ---
2025-05-31 10:20:33,926 - ---
2025-05-31 10:20:33,926 - Epoch 071/100
2025-05-31 10:20:33,926 - Train Loss: 1.0864, Train Acc: 0.5489, Train F1: 0.4992
2025-05-31 10:20:33,926 - Val Loss: 1.3964, Val Acc: 0.5661, Val F1: 0.5209
2025-05-31 10:20:33,926 - ---
2025-05-31 10:21:09,286 - ---
2025-05-31 10:21:09,286 - Epoch 072/100
2025-05-31 10:21:09,286 - Train Loss: 1.0709, Train Acc: 0.5609, Train F1: 0.5124
2025-05-31 10:21:09,286 - Val Loss: 1.4491, Val Acc: 0.5411, Val F1: 0.4970
2025-05-31 10:21:09,286 - ---
2025-05-31 10:21:44,640 - ---
2025-05-31 10:21:44,640 - Epoch 073/100
2025-05-31 10:21:44,640 - Train Loss: 1.0746, Train Acc: 0.5612, Train F1: 0.5087
2025-05-31 10:21:44,640 - Val Loss: 1.4496, Val Acc: 0.5330, Val F1: 0.4625
2025-05-31 10:21:44,640 - ---
2025-05-31 10:22:20,012 - ---
2025-05-31 10:22:20,012 - Epoch 074/100
2025-05-31 10:22:20,012 - Train Loss: 1.0759, Train Acc: 0.5583, Train F1: 0.5110
2025-05-31 10:22:20,012 - Val Loss: 1.4464, Val Acc: 0.5357, Val F1: 0.4726
2025-05-31 10:22:20,012 - ---
2025-05-31 10:22:55,436 - ---
2025-05-31 10:22:55,436 - Epoch 075/100
2025-05-31 10:22:55,436 - Train Loss: 1.0710, Train Acc: 0.5605, Train F1: 0.5108
2025-05-31 10:22:55,436 - Val Loss: 1.3992, Val Acc: 0.5607, Val F1: 0.5137
2025-05-31 10:22:55,436 - ---
2025-05-31 10:23:30,808 - ---
2025-05-31 10:23:30,808 - Epoch 076/100
2025-05-31 10:23:30,808 - Train Loss: 1.0631, Train Acc: 0.5623, Train F1: 0.5105
2025-05-31 10:23:30,808 - Val Loss: 1.4472, Val Acc: 0.5429, Val F1: 0.4877
2025-05-31 10:23:30,808 - ---
2025-05-31 10:24:06,252 - ---
2025-05-31 10:24:06,252 - Epoch 077/100
2025-05-31 10:24:06,252 - Train Loss: 1.0694, Train Acc: 0.5623, Train F1: 0.5140
2025-05-31 10:24:06,252 - Val Loss: 1.4086, Val Acc: 0.5688, Val F1: 0.5249
2025-05-31 10:24:06,368 - Best model updated and saved at /kaggle/working/noisy-graph-classification/checkpoints/model_B_best.pth
2025-05-31 10:24:06,368 - ---
2025-05-31 10:24:41,701 - ---
2025-05-31 10:24:41,701 - Epoch 078/100
2025-05-31 10:24:41,701 - Train Loss: 1.0626, Train Acc: 0.5605, Train F1: 0.5127
2025-05-31 10:24:41,701 - Val Loss: 1.4707, Val Acc: 0.5143, Val F1: 0.4271
2025-05-31 10:24:41,701 - ---
2025-05-31 10:25:17,116 - ---
2025-05-31 10:25:17,116 - Epoch 079/100
2025-05-31 10:25:17,116 - Train Loss: 1.0638, Train Acc: 0.5618, Train F1: 0.5122
2025-05-31 10:25:17,116 - Val Loss: 1.6025, Val Acc: 0.4482, Val F1: 0.3809
2025-05-31 10:25:17,117 - ---
2025-05-31 10:25:52,530 - ---
2025-05-31 10:25:52,530 - Epoch 080/100
2025-05-31 10:25:52,531 - Train Loss: 1.0604, Train Acc: 0.5705, Train F1: 0.5229
2025-05-31 10:25:52,531 - Val Loss: 1.4270, Val Acc: 0.5598, Val F1: 0.5116
2025-05-31 10:25:52,531 - ---
2025-05-31 10:26:27,930 - ---
2025-05-31 10:26:27,930 - Epoch 081/100
2025-05-31 10:26:27,930 - Train Loss: 1.0570, Train Acc: 0.5634, Train F1: 0.5133
2025-05-31 10:26:27,930 - Val Loss: 1.3981, Val Acc: 0.5562, Val F1: 0.5046
2025-05-31 10:26:27,930 - ---
2025-05-31 10:27:03,250 - ---
2025-05-31 10:27:03,250 - Epoch 082/100
2025-05-31 10:27:03,250 - Train Loss: 1.0620, Train Acc: 0.5616, Train F1: 0.5151
2025-05-31 10:27:03,250 - Val Loss: 1.4348, Val Acc: 0.5509, Val F1: 0.5164
2025-05-31 10:27:03,250 - ---
2025-05-31 10:27:38,558 - ---
2025-05-31 10:27:38,558 - Epoch 083/100
2025-05-31 10:27:38,558 - Train Loss: 1.0479, Train Acc: 0.5652, Train F1: 0.5193
2025-05-31 10:27:38,558 - Val Loss: 1.4409, Val Acc: 0.5464, Val F1: 0.4954
2025-05-31 10:27:38,559 - ---
2025-05-31 10:28:13,971 - ---
2025-05-31 10:28:13,971 - Epoch 084/100
2025-05-31 10:28:13,971 - Train Loss: 1.0546, Train Acc: 0.5658, Train F1: 0.5219
2025-05-31 10:28:13,971 - Val Loss: 1.3987, Val Acc: 0.5670, Val F1: 0.5268
2025-05-31 10:28:13,971 - ---
2025-05-31 10:28:49,419 - ---
2025-05-31 10:28:49,419 - Epoch 085/100
2025-05-31 10:28:49,419 - Train Loss: 1.0483, Train Acc: 0.5681, Train F1: 0.5216
2025-05-31 10:28:49,419 - Val Loss: 1.4355, Val Acc: 0.5589, Val F1: 0.5186
2025-05-31 10:28:49,419 - ---
2025-05-31 10:29:24,738 - ---
2025-05-31 10:29:24,739 - Epoch 086/100
2025-05-31 10:29:24,740 - Train Loss: 1.0494, Train Acc: 0.5719, Train F1: 0.5278
2025-05-31 10:29:24,740 - Val Loss: 1.4091, Val Acc: 0.5571, Val F1: 0.5123
2025-05-31 10:29:24,740 - ---
2025-05-31 10:30:00,075 - ---
2025-05-31 10:30:00,076 - Epoch 087/100
2025-05-31 10:30:00,076 - Train Loss: 1.0411, Train Acc: 0.5690, Train F1: 0.5234
2025-05-31 10:30:00,076 - Val Loss: 1.4266, Val Acc: 0.5625, Val F1: 0.5194
2025-05-31 10:30:00,076 - ---
2025-05-31 10:30:35,453 - ---
2025-05-31 10:30:35,453 - Epoch 088/100
2025-05-31 10:30:35,453 - Train Loss: 1.0440, Train Acc: 0.5699, Train F1: 0.5281
2025-05-31 10:30:35,453 - Val Loss: 1.5032, Val Acc: 0.5268, Val F1: 0.4782
2025-05-31 10:30:35,453 - ---
2025-05-31 10:31:10,824 - ---
2025-05-31 10:31:10,824 - Epoch 089/100
2025-05-31 10:31:10,824 - Train Loss: 1.0356, Train Acc: 0.5719, Train F1: 0.5274
2025-05-31 10:31:10,824 - Val Loss: 1.4722, Val Acc: 0.5500, Val F1: 0.4930
2025-05-31 10:31:10,824 - ---
2025-05-31 10:31:46,169 - ---
2025-05-31 10:31:46,169 - Epoch 090/100
2025-05-31 10:31:46,169 - Train Loss: 1.0386, Train Acc: 0.5757, Train F1: 0.5300
2025-05-31 10:31:46,169 - Val Loss: 1.4175, Val Acc: 0.5616, Val F1: 0.5182
2025-05-31 10:31:46,169 - ---
2025-05-31 10:32:21,512 - ---
2025-05-31 10:32:21,512 - Epoch 091/100
2025-05-31 10:32:21,512 - Train Loss: 1.0348, Train Acc: 0.5694, Train F1: 0.5216
2025-05-31 10:32:21,512 - Val Loss: 1.4210, Val Acc: 0.5652, Val F1: 0.5208
2025-05-31 10:32:21,512 - ---
2025-05-31 10:32:56,854 - ---
2025-05-31 10:32:56,855 - Epoch 092/100
2025-05-31 10:32:56,855 - Train Loss: 1.0321, Train Acc: 0.5734, Train F1: 0.5294
2025-05-31 10:32:56,855 - Val Loss: 1.4490, Val Acc: 0.5500, Val F1: 0.5018
2025-05-31 10:32:56,855 - ---
2025-05-31 10:33:32,186 - ---
2025-05-31 10:33:32,186 - Epoch 093/100
2025-05-31 10:33:32,186 - Train Loss: 1.0251, Train Acc: 0.5752, Train F1: 0.5282
2025-05-31 10:33:32,186 - Val Loss: 1.4463, Val Acc: 0.5598, Val F1: 0.5172
2025-05-31 10:33:32,186 - ---
2025-05-31 10:34:07,670 - ---
2025-05-31 10:34:07,670 - Epoch 094/100
2025-05-31 10:34:07,671 - Train Loss: 1.0226, Train Acc: 0.5779, Train F1: 0.5361
2025-05-31 10:34:07,671 - Val Loss: 1.4492, Val Acc: 0.5688, Val F1: 0.5289
2025-05-31 10:34:07,671 - ---
2025-05-31 10:34:42,965 - ---
2025-05-31 10:34:42,966 - Epoch 095/100
2025-05-31 10:34:42,966 - Train Loss: 1.0283, Train Acc: 0.5725, Train F1: 0.5288
2025-05-31 10:34:42,966 - Val Loss: 1.5082, Val Acc: 0.5161, Val F1: 0.4757
2025-05-31 10:34:42,966 - ---
2025-05-31 10:35:18,252 - ---
2025-05-31 10:35:18,253 - Epoch 096/100
2025-05-31 10:35:18,253 - Train Loss: 1.0229, Train Acc: 0.5714, Train F1: 0.5264
2025-05-31 10:35:18,253 - Val Loss: 1.4321, Val Acc: 0.5732, Val F1: 0.5285
2025-05-31 10:35:18,366 - Best model updated and saved at /kaggle/working/noisy-graph-classification/checkpoints/model_B_best.pth
2025-05-31 10:35:18,366 - ---
2025-05-31 10:35:53,690 - ---
2025-05-31 10:35:53,690 - Epoch 097/100
2025-05-31 10:35:53,690 - Train Loss: 1.0252, Train Acc: 0.5783, Train F1: 0.5361
2025-05-31 10:35:53,690 - Val Loss: 1.4300, Val Acc: 0.5589, Val F1: 0.5142
2025-05-31 10:35:53,691 - ---
2025-05-31 10:36:29,301 - ---
2025-05-31 10:36:29,301 - Epoch 098/100
2025-05-31 10:36:29,301 - Train Loss: 1.0124, Train Acc: 0.5806, Train F1: 0.5398
2025-05-31 10:36:29,301 - Val Loss: 1.4517, Val Acc: 0.5545, Val F1: 0.5054
2025-05-31 10:36:29,301 - ---
2025-05-31 10:37:04,873 - ---
2025-05-31 10:37:04,873 - Epoch 099/100
2025-05-31 10:37:04,873 - Train Loss: 1.0182, Train Acc: 0.5752, Train F1: 0.5341
2025-05-31 10:37:04,873 - Val Loss: 1.4714, Val Acc: 0.5518, Val F1: 0.5086
2025-05-31 10:37:04,873 - ---
2025-05-31 10:37:40,589 - ---
2025-05-31 10:37:40,589 - Epoch 100/100
2025-05-31 10:37:40,589 - Train Loss: 1.0084, Train Acc: 0.5868, Train F1: 0.5460
2025-05-31 10:37:40,590 - Val Loss: 1.4523, Val Acc: 0.5500, Val F1: 0.4932
2025-05-31 10:37:40,590 - ---
