2025-05-30 18:14:26,182 - ---
2025-05-30 18:14:26,182 - Epoch 001/100
2025-05-30 18:14:26,182 - Train Loss: 1.4425, Train Acc: 0.2683, Train F1: 0.1672
2025-05-30 18:14:26,182 - Val Loss: 1.8573, Val Acc: 0.2848, Val F1: 0.1615
2025-05-30 18:14:26,269 - Best model updated and saved at /kaggle/working/noisy-graph-classification/checkpoints/model_B_best.pth
2025-05-30 18:14:26,269 - ---
2025-05-30 18:15:01,907 - ---
2025-05-30 18:15:01,907 - Epoch 002/100
2025-05-30 18:15:01,907 - Train Loss: 1.4102, Train Acc: 0.2886, Train F1: 0.1686
2025-05-30 18:15:01,907 - Val Loss: 1.8275, Val Acc: 0.2768, Val F1: 0.1394
2025-05-30 18:15:01,907 - ---
2025-05-30 18:15:37,679 - ---
2025-05-30 18:15:37,679 - Epoch 003/100
2025-05-30 18:15:37,679 - Train Loss: 1.3946, Train Acc: 0.2967, Train F1: 0.1732
2025-05-30 18:15:37,679 - Val Loss: 1.7915, Val Acc: 0.2589, Val F1: 0.1512
2025-05-30 18:15:37,679 - ---
2025-05-30 18:16:13,302 - ---
2025-05-30 18:16:13,303 - Epoch 004/100
2025-05-30 18:16:13,303 - Train Loss: 1.3876, Train Acc: 0.3067, Train F1: 0.1830
2025-05-30 18:16:13,303 - Val Loss: 1.8371, Val Acc: 0.2911, Val F1: 0.1554
2025-05-30 18:16:13,424 - Best model updated and saved at /kaggle/working/noisy-graph-classification/checkpoints/model_B_best.pth
2025-05-30 18:16:13,425 - ---
2025-05-30 18:16:49,115 - ---
2025-05-30 18:16:49,115 - Epoch 005/100
2025-05-30 18:16:49,115 - Train Loss: 1.3748, Train Acc: 0.3230, Train F1: 0.2011
2025-05-30 18:16:49,115 - Val Loss: 1.7483, Val Acc: 0.3089, Val F1: 0.1879
2025-05-30 18:16:49,246 - Best model updated and saved at /kaggle/working/noisy-graph-classification/checkpoints/model_B_best.pth
2025-05-30 18:16:49,246 - ---
2025-05-30 18:17:24,849 - ---
2025-05-30 18:17:24,850 - Epoch 006/100
2025-05-30 18:17:24,850 - Train Loss: 1.3621, Train Acc: 0.3306, Train F1: 0.2044
2025-05-30 18:17:24,850 - Val Loss: 1.6915, Val Acc: 0.3384, Val F1: 0.2197
2025-05-30 18:17:24,970 - Best model updated and saved at /kaggle/working/noisy-graph-classification/checkpoints/model_B_best.pth
2025-05-30 18:17:24,971 - ---
2025-05-30 18:18:00,565 - ---
2025-05-30 18:18:00,565 - Epoch 007/100
2025-05-30 18:18:00,565 - Train Loss: 1.3370, Train Acc: 0.3453, Train F1: 0.2277
2025-05-30 18:18:00,565 - Val Loss: 1.6801, Val Acc: 0.3304, Val F1: 0.2249
2025-05-30 18:18:00,565 - ---
2025-05-30 18:18:36,313 - ---
2025-05-30 18:18:36,313 - Epoch 008/100
2025-05-30 18:18:36,313 - Train Loss: 1.3157, Train Acc: 0.3708, Train F1: 0.2450
2025-05-30 18:18:36,313 - Val Loss: 1.7257, Val Acc: 0.3634, Val F1: 0.2472
2025-05-30 18:18:36,419 - Best model updated and saved at /kaggle/working/noisy-graph-classification/checkpoints/model_B_best.pth
2025-05-30 18:18:36,419 - ---
2025-05-30 18:19:12,040 - ---
2025-05-30 18:19:12,040 - Epoch 009/100
2025-05-30 18:19:12,040 - Train Loss: 1.3040, Train Acc: 0.3790, Train F1: 0.2576
2025-05-30 18:19:12,040 - Val Loss: 1.8241, Val Acc: 0.2830, Val F1: 0.1460
2025-05-30 18:19:12,040 - ---
2025-05-30 18:19:47,639 - ---
2025-05-30 18:19:47,639 - Epoch 010/100
2025-05-30 18:19:47,639 - Train Loss: 1.2893, Train Acc: 0.4000, Train F1: 0.2845
2025-05-30 18:19:47,639 - Val Loss: 1.7638, Val Acc: 0.2955, Val F1: 0.1601
2025-05-30 18:19:47,639 - ---
2025-05-30 18:20:23,404 - ---
2025-05-30 18:20:23,404 - Epoch 011/100
2025-05-30 18:20:23,404 - Train Loss: 1.2866, Train Acc: 0.4049, Train F1: 0.2897
2025-05-30 18:20:23,404 - Val Loss: 1.5976, Val Acc: 0.4062, Val F1: 0.2893
2025-05-30 18:20:23,522 - Best model updated and saved at /kaggle/working/noisy-graph-classification/checkpoints/model_B_best.pth
2025-05-30 18:20:23,522 - ---
2025-05-30 18:20:59,355 - ---
2025-05-30 18:20:59,355 - Epoch 012/100
2025-05-30 18:20:59,355 - Train Loss: 1.2791, Train Acc: 0.4134, Train F1: 0.2934
2025-05-30 18:20:59,355 - Val Loss: 1.6701, Val Acc: 0.3464, Val F1: 0.2270
2025-05-30 18:20:59,355 - ---
2025-05-30 18:21:35,515 - ---
2025-05-30 18:21:35,515 - Epoch 013/100
2025-05-30 18:21:35,516 - Train Loss: 1.2738, Train Acc: 0.4132, Train F1: 0.2940
2025-05-30 18:21:35,516 - Val Loss: 1.5881, Val Acc: 0.4143, Val F1: 0.3031
2025-05-30 18:21:35,630 - Best model updated and saved at /kaggle/working/noisy-graph-classification/checkpoints/model_B_best.pth
2025-05-30 18:21:35,631 - ---
2025-05-30 18:22:11,736 - ---
2025-05-30 18:22:11,737 - Epoch 014/100
2025-05-30 18:22:11,737 - Train Loss: 1.2684, Train Acc: 0.4225, Train F1: 0.3030
2025-05-30 18:22:11,737 - Val Loss: 1.5957, Val Acc: 0.3893, Val F1: 0.2808
2025-05-30 18:22:11,737 - ---
2025-05-30 18:22:47,963 - ---
2025-05-30 18:22:47,964 - Epoch 015/100
2025-05-30 18:22:47,964 - Train Loss: 1.2622, Train Acc: 0.4210, Train F1: 0.3029
2025-05-30 18:22:47,964 - Val Loss: 1.6403, Val Acc: 0.3571, Val F1: 0.2717
2025-05-30 18:22:47,964 - ---
2025-05-30 18:23:23,783 - ---
2025-05-30 18:23:23,784 - Epoch 016/100
2025-05-30 18:23:23,784 - Train Loss: 1.2669, Train Acc: 0.4138, Train F1: 0.2979
2025-05-30 18:23:23,784 - Val Loss: 1.5944, Val Acc: 0.3991, Val F1: 0.2730
2025-05-30 18:23:23,784 - ---
2025-05-30 18:23:59,451 - ---
2025-05-30 18:23:59,451 - Epoch 017/100
2025-05-30 18:23:59,452 - Train Loss: 1.2487, Train Acc: 0.4297, Train F1: 0.3099
2025-05-30 18:23:59,452 - Val Loss: 1.5867, Val Acc: 0.4161, Val F1: 0.2925
2025-05-30 18:23:59,585 - Best model updated and saved at /kaggle/working/noisy-graph-classification/checkpoints/model_B_best.pth
2025-05-30 18:23:59,585 - ---
2025-05-30 18:24:35,148 - ---
2025-05-30 18:24:35,148 - Epoch 018/100
2025-05-30 18:24:35,148 - Train Loss: 1.2463, Train Acc: 0.4420, Train F1: 0.3214
2025-05-30 18:24:35,148 - Val Loss: 1.5561, Val Acc: 0.4286, Val F1: 0.3206
2025-05-30 18:24:35,281 - Best model updated and saved at /kaggle/working/noisy-graph-classification/checkpoints/model_B_best.pth
2025-05-30 18:24:35,281 - ---
2025-05-30 18:25:10,788 - ---
2025-05-30 18:25:10,788 - Epoch 019/100
2025-05-30 18:25:10,789 - Train Loss: 1.2406, Train Acc: 0.4415, Train F1: 0.3230
2025-05-30 18:25:10,789 - Val Loss: 1.6239, Val Acc: 0.3946, Val F1: 0.2892
2025-05-30 18:25:10,789 - ---
2025-05-30 18:25:46,368 - ---
2025-05-30 18:25:46,368 - Epoch 020/100
2025-05-30 18:25:46,368 - Train Loss: 1.2355, Train Acc: 0.4478, Train F1: 0.3273
2025-05-30 18:25:46,368 - Val Loss: 1.5932, Val Acc: 0.4116, Val F1: 0.3114
2025-05-30 18:25:46,368 - ---
2025-05-30 18:26:21,904 - ---
2025-05-30 18:26:21,904 - Epoch 021/100
2025-05-30 18:26:21,904 - Train Loss: 1.2317, Train Acc: 0.4464, Train F1: 0.3288
2025-05-30 18:26:21,904 - Val Loss: 1.5416, Val Acc: 0.4482, Val F1: 0.3371
2025-05-30 18:26:22,015 - Best model updated and saved at /kaggle/working/noisy-graph-classification/checkpoints/model_B_best.pth
2025-05-30 18:26:22,015 - ---
2025-05-30 18:26:57,529 - ---
2025-05-30 18:26:57,530 - Epoch 022/100
2025-05-30 18:26:57,530 - Train Loss: 1.2245, Train Acc: 0.4600, Train F1: 0.3431
2025-05-30 18:26:57,530 - Val Loss: 1.5844, Val Acc: 0.4250, Val F1: 0.3166
2025-05-30 18:26:57,530 - ---
2025-05-30 18:27:33,136 - ---
2025-05-30 18:27:33,136 - Epoch 023/100
2025-05-30 18:27:33,136 - Train Loss: 1.2230, Train Acc: 0.4607, Train F1: 0.3466
2025-05-30 18:27:33,136 - Val Loss: 1.6365, Val Acc: 0.3830, Val F1: 0.2648
2025-05-30 18:27:33,136 - ---
2025-05-30 18:28:08,673 - ---
2025-05-30 18:28:08,673 - Epoch 024/100
2025-05-30 18:28:08,674 - Train Loss: 1.2180, Train Acc: 0.4670, Train F1: 0.3563
2025-05-30 18:28:08,674 - Val Loss: 1.6049, Val Acc: 0.4098, Val F1: 0.3060
2025-05-30 18:28:08,674 - ---
2025-05-30 18:28:44,283 - ---
2025-05-30 18:28:44,283 - Epoch 025/100
2025-05-30 18:28:44,283 - Train Loss: 1.2131, Train Acc: 0.4656, Train F1: 0.3588
2025-05-30 18:28:44,283 - Val Loss: 1.5906, Val Acc: 0.4214, Val F1: 0.3377
2025-05-30 18:28:44,283 - ---
2025-05-30 18:29:19,867 - ---
2025-05-30 18:29:19,867 - Epoch 026/100
2025-05-30 18:29:19,867 - Train Loss: 1.2050, Train Acc: 0.4743, Train F1: 0.3655
2025-05-30 18:29:19,867 - Val Loss: 1.5120, Val Acc: 0.4866, Val F1: 0.3878
2025-05-30 18:29:20,009 - Best model updated and saved at /kaggle/working/noisy-graph-classification/checkpoints/model_B_best.pth
2025-05-30 18:29:20,010 - ---
2025-05-30 18:29:55,618 - ---
2025-05-30 18:29:55,619 - Epoch 027/100
2025-05-30 18:29:55,619 - Train Loss: 1.2022, Train Acc: 0.4761, Train F1: 0.3733
2025-05-30 18:29:55,619 - Val Loss: 1.4945, Val Acc: 0.4911, Val F1: 0.4007
2025-05-30 18:29:55,737 - Best model updated and saved at /kaggle/working/noisy-graph-classification/checkpoints/model_B_best.pth
2025-05-30 18:29:55,737 - ---
2025-05-30 18:30:31,265 - ---
2025-05-30 18:30:31,265 - Epoch 028/100
2025-05-30 18:30:31,265 - Train Loss: 1.2001, Train Acc: 0.4855, Train F1: 0.3905
2025-05-30 18:30:31,265 - Val Loss: 1.5816, Val Acc: 0.4330, Val F1: 0.3414
2025-05-30 18:30:31,265 - ---
2025-05-30 18:31:06,852 - ---
2025-05-30 18:31:06,853 - Epoch 029/100
2025-05-30 18:31:06,853 - Train Loss: 1.1963, Train Acc: 0.4839, Train F1: 0.3851
2025-05-30 18:31:06,853 - Val Loss: 1.5309, Val Acc: 0.4732, Val F1: 0.3984
2025-05-30 18:31:06,853 - ---
2025-05-30 18:31:42,436 - ---
2025-05-30 18:31:42,437 - Epoch 030/100
2025-05-30 18:31:42,437 - Train Loss: 1.1905, Train Acc: 0.4877, Train F1: 0.3945
2025-05-30 18:31:42,437 - Val Loss: 1.4772, Val Acc: 0.4920, Val F1: 0.4034
2025-05-30 18:31:42,550 - Best model updated and saved at /kaggle/working/noisy-graph-classification/checkpoints/model_B_best.pth
2025-05-30 18:31:42,550 - ---
2025-05-30 18:32:18,183 - ---
2025-05-30 18:32:18,183 - Epoch 031/100
2025-05-30 18:32:18,183 - Train Loss: 1.1836, Train Acc: 0.4904, Train F1: 0.3920
2025-05-30 18:32:18,184 - Val Loss: 1.5075, Val Acc: 0.4661, Val F1: 0.3833
2025-05-30 18:32:18,184 - ---
2025-05-30 18:32:53,790 - ---
2025-05-30 18:32:53,790 - Epoch 032/100
2025-05-30 18:32:53,790 - Train Loss: 1.1802, Train Acc: 0.4955, Train F1: 0.4059
2025-05-30 18:32:53,790 - Val Loss: 1.4738, Val Acc: 0.5036, Val F1: 0.4074
2025-05-30 18:32:53,905 - Best model updated and saved at /kaggle/working/noisy-graph-classification/checkpoints/model_B_best.pth
2025-05-30 18:32:53,905 - ---
2025-05-30 18:33:29,450 - ---
2025-05-30 18:33:29,450 - Epoch 033/100
2025-05-30 18:33:29,451 - Train Loss: 1.1775, Train Acc: 0.4926, Train F1: 0.3930
2025-05-30 18:33:29,451 - Val Loss: 1.4909, Val Acc: 0.4759, Val F1: 0.3886
2025-05-30 18:33:29,451 - ---
2025-05-30 18:34:05,135 - ---
2025-05-30 18:34:05,135 - Epoch 034/100
2025-05-30 18:34:05,135 - Train Loss: 1.1781, Train Acc: 0.4946, Train F1: 0.3956
2025-05-30 18:34:05,135 - Val Loss: 1.4936, Val Acc: 0.4938, Val F1: 0.3858
2025-05-30 18:34:05,135 - ---
2025-05-30 18:34:40,913 - ---
2025-05-30 18:34:40,913 - Epoch 035/100
2025-05-30 18:34:40,913 - Train Loss: 1.1776, Train Acc: 0.4915, Train F1: 0.3992
2025-05-30 18:34:40,914 - Val Loss: 1.5308, Val Acc: 0.4661, Val F1: 0.3771
2025-05-30 18:34:40,914 - ---
2025-05-30 18:35:16,457 - ---
2025-05-30 18:35:16,457 - Epoch 036/100
2025-05-30 18:35:16,457 - Train Loss: 1.1713, Train Acc: 0.5004, Train F1: 0.4090
2025-05-30 18:35:16,457 - Val Loss: 1.4994, Val Acc: 0.5045, Val F1: 0.4184
2025-05-30 18:35:16,568 - Best model updated and saved at /kaggle/working/noisy-graph-classification/checkpoints/model_B_best.pth
2025-05-30 18:35:16,568 - ---
2025-05-30 18:35:52,270 - ---
2025-05-30 18:35:52,270 - Epoch 037/100
2025-05-30 18:35:52,270 - Train Loss: 1.1624, Train Acc: 0.5058, Train F1: 0.4190
2025-05-30 18:35:52,270 - Val Loss: 1.4522, Val Acc: 0.5125, Val F1: 0.4388
2025-05-30 18:35:52,389 - Best model updated and saved at /kaggle/working/noisy-graph-classification/checkpoints/model_B_best.pth
2025-05-30 18:35:52,389 - ---
2025-05-30 18:36:27,990 - ---
2025-05-30 18:36:27,991 - Epoch 038/100
2025-05-30 18:36:27,991 - Train Loss: 1.1670, Train Acc: 0.5051, Train F1: 0.4124
2025-05-30 18:36:27,991 - Val Loss: 1.4736, Val Acc: 0.5125, Val F1: 0.4324
2025-05-30 18:36:27,991 - ---
2025-05-30 18:37:03,487 - ---
2025-05-30 18:37:03,487 - Epoch 039/100
2025-05-30 18:37:03,487 - Train Loss: 1.1629, Train Acc: 0.5094, Train F1: 0.4271
2025-05-30 18:37:03,487 - Val Loss: 1.5495, Val Acc: 0.4643, Val F1: 0.3973
2025-05-30 18:37:03,487 - ---
2025-05-30 18:37:39,159 - ---
2025-05-30 18:37:39,160 - Epoch 040/100
2025-05-30 18:37:39,160 - Train Loss: 1.1572, Train Acc: 0.5103, Train F1: 0.4277
2025-05-30 18:37:39,160 - Val Loss: 1.5510, Val Acc: 0.4455, Val F1: 0.3659
2025-05-30 18:37:39,160 - ---
2025-05-30 18:38:14,854 - ---
2025-05-30 18:38:14,854 - Epoch 041/100
2025-05-30 18:38:14,854 - Train Loss: 1.1579, Train Acc: 0.5107, Train F1: 0.4274
2025-05-30 18:38:14,854 - Val Loss: 1.4657, Val Acc: 0.5170, Val F1: 0.4277
2025-05-30 18:38:14,968 - Best model updated and saved at /kaggle/working/noisy-graph-classification/checkpoints/model_B_best.pth
2025-05-30 18:38:14,968 - ---
2025-05-30 18:38:50,657 - ---
2025-05-30 18:38:50,657 - Epoch 042/100
2025-05-30 18:38:50,657 - Train Loss: 1.1526, Train Acc: 0.5143, Train F1: 0.4312
2025-05-30 18:38:50,657 - Val Loss: 1.4591, Val Acc: 0.5161, Val F1: 0.4285
2025-05-30 18:38:50,658 - ---
2025-05-30 18:39:26,372 - ---
2025-05-30 18:39:26,372 - Epoch 043/100
2025-05-30 18:39:26,372 - Train Loss: 1.1489, Train Acc: 0.5136, Train F1: 0.4379
2025-05-30 18:39:26,372 - Val Loss: 1.4525, Val Acc: 0.5179, Val F1: 0.4441
2025-05-30 18:39:26,484 - Best model updated and saved at /kaggle/working/noisy-graph-classification/checkpoints/model_B_best.pth
2025-05-30 18:39:26,484 - ---
2025-05-30 18:40:02,113 - ---
2025-05-30 18:40:02,114 - Epoch 044/100
2025-05-30 18:40:02,114 - Train Loss: 1.1430, Train Acc: 0.5194, Train F1: 0.4477
2025-05-30 18:40:02,114 - Val Loss: 1.4684, Val Acc: 0.5089, Val F1: 0.4138
2025-05-30 18:40:02,114 - ---
2025-05-30 18:40:37,800 - ---
2025-05-30 18:40:37,801 - Epoch 045/100
2025-05-30 18:40:37,801 - Train Loss: 1.1399, Train Acc: 0.5205, Train F1: 0.4462
2025-05-30 18:40:37,801 - Val Loss: 1.4174, Val Acc: 0.5607, Val F1: 0.5054
2025-05-30 18:40:37,911 - Best model updated and saved at /kaggle/working/noisy-graph-classification/checkpoints/model_B_best.pth
2025-05-30 18:40:37,912 - ---
2025-05-30 18:41:13,538 - ---
2025-05-30 18:41:13,538 - Epoch 046/100
2025-05-30 18:41:13,538 - Train Loss: 1.1463, Train Acc: 0.5181, Train F1: 0.4417
2025-05-30 18:41:13,538 - Val Loss: 1.4371, Val Acc: 0.5223, Val F1: 0.4560
2025-05-30 18:41:13,538 - ---
2025-05-30 18:41:49,277 - ---
2025-05-30 18:41:49,277 - Epoch 047/100
2025-05-30 18:41:49,277 - Train Loss: 1.1395, Train Acc: 0.5277, Train F1: 0.4618
2025-05-30 18:41:49,277 - Val Loss: 1.4335, Val Acc: 0.5429, Val F1: 0.4803
2025-05-30 18:41:49,277 - ---
2025-05-30 18:42:24,951 - ---
2025-05-30 18:42:24,951 - Epoch 048/100
2025-05-30 18:42:24,951 - Train Loss: 1.1384, Train Acc: 0.5252, Train F1: 0.4526
2025-05-30 18:42:24,951 - Val Loss: 1.5440, Val Acc: 0.4527, Val F1: 0.3933
2025-05-30 18:42:24,951 - ---
2025-05-30 18:43:00,601 - ---
2025-05-30 18:43:00,601 - Epoch 049/100
2025-05-30 18:43:00,601 - Train Loss: 1.1307, Train Acc: 0.5283, Train F1: 0.4590
2025-05-30 18:43:00,601 - Val Loss: 1.5011, Val Acc: 0.4911, Val F1: 0.4052
2025-05-30 18:43:00,601 - ---
2025-05-30 18:43:36,176 - ---
2025-05-30 18:43:36,176 - Epoch 050/100
2025-05-30 18:43:36,176 - Train Loss: 1.1265, Train Acc: 0.5299, Train F1: 0.4664
2025-05-30 18:43:36,176 - Val Loss: 1.5921, Val Acc: 0.4223, Val F1: 0.3831
2025-05-30 18:43:36,176 - ---
2025-05-30 18:44:11,955 - ---
2025-05-30 18:44:11,955 - Epoch 051/100
2025-05-30 18:44:11,955 - Train Loss: 1.1248, Train Acc: 0.5355, Train F1: 0.4734
2025-05-30 18:44:11,955 - Val Loss: 1.4028, Val Acc: 0.5589, Val F1: 0.4931
2025-05-30 18:44:11,955 - ---
2025-05-30 18:44:47,587 - ---
2025-05-30 18:44:47,588 - Epoch 052/100
2025-05-30 18:44:47,588 - Train Loss: 1.1187, Train Acc: 0.5348, Train F1: 0.4724
2025-05-30 18:44:47,588 - Val Loss: 1.4345, Val Acc: 0.5348, Val F1: 0.4922
2025-05-30 18:44:47,588 - ---
2025-05-30 18:45:23,303 - ---
2025-05-30 18:45:23,304 - Epoch 053/100
2025-05-30 18:45:23,304 - Train Loss: 1.1183, Train Acc: 0.5393, Train F1: 0.4811
2025-05-30 18:45:23,304 - Val Loss: 1.4251, Val Acc: 0.5366, Val F1: 0.4823
2025-05-30 18:45:23,304 - ---
2025-05-30 18:45:58,906 - ---
2025-05-30 18:45:58,906 - Epoch 054/100
2025-05-30 18:45:58,906 - Train Loss: 1.1286, Train Acc: 0.5355, Train F1: 0.4711
2025-05-30 18:45:58,907 - Val Loss: 1.4380, Val Acc: 0.5375, Val F1: 0.4640
2025-05-30 18:45:58,907 - ---
2025-05-30 18:46:34,506 - ---
2025-05-30 18:46:34,506 - Epoch 055/100
2025-05-30 18:46:34,506 - Train Loss: 1.1178, Train Acc: 0.5357, Train F1: 0.4731
2025-05-30 18:46:34,506 - Val Loss: 1.4905, Val Acc: 0.5009, Val F1: 0.4050
2025-05-30 18:46:34,506 - ---
2025-05-30 18:47:10,053 - ---
2025-05-30 18:47:10,053 - Epoch 056/100
2025-05-30 18:47:10,054 - Train Loss: 1.1139, Train Acc: 0.5435, Train F1: 0.4874
2025-05-30 18:47:10,054 - Val Loss: 1.4394, Val Acc: 0.5295, Val F1: 0.4316
2025-05-30 18:47:10,054 - ---
2025-05-30 18:47:45,764 - ---
2025-05-30 18:47:45,764 - Epoch 057/100
2025-05-30 18:47:45,764 - Train Loss: 1.1128, Train Acc: 0.5366, Train F1: 0.4796
2025-05-30 18:47:45,764 - Val Loss: 1.5130, Val Acc: 0.4875, Val F1: 0.4590
2025-05-30 18:47:45,764 - ---
2025-05-30 18:48:21,419 - ---
2025-05-30 18:48:21,419 - Epoch 058/100
2025-05-30 18:48:21,419 - Train Loss: 1.1141, Train Acc: 0.5400, Train F1: 0.4781
2025-05-30 18:48:21,419 - Val Loss: 1.4293, Val Acc: 0.5330, Val F1: 0.4611
2025-05-30 18:48:21,419 - ---
2025-05-30 18:48:56,966 - ---
2025-05-30 18:48:56,966 - Epoch 059/100
2025-05-30 18:48:56,966 - Train Loss: 1.1110, Train Acc: 0.5417, Train F1: 0.4846
2025-05-30 18:48:56,967 - Val Loss: 1.4133, Val Acc: 0.5509, Val F1: 0.5135
2025-05-30 18:48:56,967 - ---
2025-05-30 18:49:32,738 - ---
2025-05-30 18:49:32,739 - Epoch 060/100
2025-05-30 18:49:32,739 - Train Loss: 1.1104, Train Acc: 0.5377, Train F1: 0.4806
2025-05-30 18:49:32,739 - Val Loss: 1.4578, Val Acc: 0.5170, Val F1: 0.4418
2025-05-30 18:49:32,739 - ---
2025-05-30 18:50:08,325 - ---
2025-05-30 18:50:08,325 - Epoch 061/100
2025-05-30 18:50:08,325 - Train Loss: 1.0965, Train Acc: 0.5493, Train F1: 0.4941
2025-05-30 18:50:08,325 - Val Loss: 1.4187, Val Acc: 0.5384, Val F1: 0.4665
2025-05-30 18:50:08,325 - ---
2025-05-30 18:50:43,923 - ---
2025-05-30 18:50:43,923 - Epoch 062/100
2025-05-30 18:50:43,923 - Train Loss: 1.1031, Train Acc: 0.5437, Train F1: 0.4873
2025-05-30 18:50:43,923 - Val Loss: 1.4400, Val Acc: 0.5196, Val F1: 0.4422
2025-05-30 18:50:43,923 - ---
2025-05-30 18:51:19,501 - ---
2025-05-30 18:51:19,501 - Epoch 063/100
2025-05-30 18:51:19,501 - Train Loss: 1.1026, Train Acc: 0.5451, Train F1: 0.4888
2025-05-30 18:51:19,501 - Val Loss: 1.4912, Val Acc: 0.5027, Val F1: 0.4722
2025-05-30 18:51:19,501 - ---
2025-05-30 18:51:55,161 - ---
2025-05-30 18:51:55,161 - Epoch 064/100
2025-05-30 18:51:55,161 - Train Loss: 1.1015, Train Acc: 0.5478, Train F1: 0.4957
2025-05-30 18:51:55,161 - Val Loss: 1.4197, Val Acc: 0.5393, Val F1: 0.4726
2025-05-30 18:51:55,161 - ---
2025-05-30 18:52:30,656 - ---
2025-05-30 18:52:30,656 - Epoch 065/100
2025-05-30 18:52:30,656 - Train Loss: 1.0983, Train Acc: 0.5451, Train F1: 0.4929
2025-05-30 18:52:30,656 - Val Loss: 1.4165, Val Acc: 0.5491, Val F1: 0.4964
2025-05-30 18:52:30,656 - ---
2025-05-30 18:53:06,196 - ---
2025-05-30 18:53:06,196 - Epoch 066/100
2025-05-30 18:53:06,196 - Train Loss: 1.0915, Train Acc: 0.5507, Train F1: 0.4986
2025-05-30 18:53:06,196 - Val Loss: 1.5360, Val Acc: 0.4786, Val F1: 0.4089
2025-05-30 18:53:06,196 - ---
2025-05-30 18:53:41,787 - ---
2025-05-30 18:53:41,787 - Epoch 067/100
2025-05-30 18:53:41,787 - Train Loss: 1.0900, Train Acc: 0.5504, Train F1: 0.4939
2025-05-30 18:53:41,787 - Val Loss: 1.4410, Val Acc: 0.5241, Val F1: 0.4943
2025-05-30 18:53:41,787 - ---
2025-05-30 18:54:17,351 - ---
2025-05-30 18:54:17,351 - Epoch 068/100
2025-05-30 18:54:17,351 - Train Loss: 1.0819, Train Acc: 0.5580, Train F1: 0.5041
2025-05-30 18:54:17,352 - Val Loss: 1.4835, Val Acc: 0.5170, Val F1: 0.4542
2025-05-30 18:54:17,352 - ---
2025-05-30 18:54:53,072 - ---
2025-05-30 18:54:53,072 - Epoch 069/100
2025-05-30 18:54:53,072 - Train Loss: 1.0858, Train Acc: 0.5540, Train F1: 0.5017
2025-05-30 18:54:53,072 - Val Loss: 1.4459, Val Acc: 0.5330, Val F1: 0.4722
2025-05-30 18:54:53,072 - ---
2025-05-30 18:55:28,682 - ---
2025-05-30 18:55:28,682 - Epoch 070/100
2025-05-30 18:55:28,682 - Train Loss: 1.0870, Train Acc: 0.5480, Train F1: 0.4961
2025-05-30 18:55:28,682 - Val Loss: 1.4199, Val Acc: 0.5536, Val F1: 0.5100
2025-05-30 18:55:28,682 - ---
2025-05-30 18:56:04,174 - ---
2025-05-30 18:56:04,174 - Epoch 071/100
2025-05-30 18:56:04,174 - Train Loss: 1.0865, Train Acc: 0.5507, Train F1: 0.4987
2025-05-30 18:56:04,174 - Val Loss: 1.4133, Val Acc: 0.5562, Val F1: 0.5014
2025-05-30 18:56:04,174 - ---
2025-05-30 18:56:39,679 - ---
2025-05-30 18:56:39,679 - Epoch 072/100
2025-05-30 18:56:39,679 - Train Loss: 1.0797, Train Acc: 0.5585, Train F1: 0.5088
2025-05-30 18:56:39,679 - Val Loss: 1.4471, Val Acc: 0.5393, Val F1: 0.4820
2025-05-30 18:56:39,679 - ---
2025-05-30 18:57:15,279 - ---
2025-05-30 18:57:15,279 - Epoch 073/100
2025-05-30 18:57:15,279 - Train Loss: 1.0736, Train Acc: 0.5600, Train F1: 0.5099
2025-05-30 18:57:15,279 - Val Loss: 1.4076, Val Acc: 0.5509, Val F1: 0.5033
2025-05-30 18:57:15,279 - ---
2025-05-30 18:57:50,919 - ---
2025-05-30 18:57:50,920 - Epoch 074/100
2025-05-30 18:57:50,920 - Train Loss: 1.0734, Train Acc: 0.5589, Train F1: 0.5068
2025-05-30 18:57:50,920 - Val Loss: 1.4004, Val Acc: 0.5679, Val F1: 0.5228
2025-05-30 18:57:51,032 - Best model updated and saved at /kaggle/working/noisy-graph-classification/checkpoints/model_B_best.pth
2025-05-30 18:57:51,032 - ---
2025-05-30 18:58:26,626 - ---
2025-05-30 18:58:26,626 - Epoch 075/100
2025-05-30 18:58:26,626 - Train Loss: 1.0760, Train Acc: 0.5589, Train F1: 0.5103
2025-05-30 18:58:26,626 - Val Loss: 1.4337, Val Acc: 0.5446, Val F1: 0.4933
2025-05-30 18:58:26,626 - ---
2025-05-30 18:59:02,298 - ---
2025-05-30 18:59:02,298 - Epoch 076/100
2025-05-30 18:59:02,298 - Train Loss: 1.0654, Train Acc: 0.5679, Train F1: 0.5185
2025-05-30 18:59:02,298 - Val Loss: 1.4933, Val Acc: 0.5134, Val F1: 0.4781
2025-05-30 18:59:02,298 - ---
2025-05-30 18:59:37,807 - ---
2025-05-30 18:59:37,808 - Epoch 077/100
2025-05-30 18:59:37,808 - Train Loss: 1.0683, Train Acc: 0.5636, Train F1: 0.5140
2025-05-30 18:59:37,808 - Val Loss: 1.4029, Val Acc: 0.5670, Val F1: 0.5246
2025-05-30 18:59:37,808 - ---
2025-05-30 19:00:13,537 - ---
2025-05-30 19:00:13,537 - Epoch 078/100
2025-05-30 19:00:13,537 - Train Loss: 1.0681, Train Acc: 0.5598, Train F1: 0.5111
2025-05-30 19:00:13,538 - Val Loss: 1.4396, Val Acc: 0.5491, Val F1: 0.4916
2025-05-30 19:00:13,538 - ---
2025-05-30 19:00:49,100 - ---
2025-05-30 19:00:49,101 - Epoch 079/100
2025-05-30 19:00:49,101 - Train Loss: 1.0590, Train Acc: 0.5636, Train F1: 0.5151
2025-05-30 19:00:49,101 - Val Loss: 1.4545, Val Acc: 0.5446, Val F1: 0.5005
2025-05-30 19:00:49,101 - ---
2025-05-30 19:01:24,743 - ---
2025-05-30 19:01:24,743 - Epoch 080/100
2025-05-30 19:01:24,743 - Train Loss: 1.0636, Train Acc: 0.5663, Train F1: 0.5184
2025-05-30 19:01:24,743 - Val Loss: 1.4600, Val Acc: 0.5366, Val F1: 0.4853
2025-05-30 19:01:24,743 - ---
2025-05-30 19:02:00,599 - ---
2025-05-30 19:02:00,600 - Epoch 081/100
2025-05-30 19:02:00,600 - Train Loss: 1.0527, Train Acc: 0.5667, Train F1: 0.5203
2025-05-30 19:02:00,600 - Val Loss: 1.4213, Val Acc: 0.5571, Val F1: 0.5060
2025-05-30 19:02:00,600 - ---
2025-05-30 19:02:36,108 - ---
2025-05-30 19:02:36,108 - Epoch 082/100
2025-05-30 19:02:36,108 - Train Loss: 1.0558, Train Acc: 0.5676, Train F1: 0.5197
2025-05-30 19:02:36,108 - Val Loss: 1.4447, Val Acc: 0.5554, Val F1: 0.5119
2025-05-30 19:02:36,108 - ---
2025-05-30 19:03:11,835 - ---
2025-05-30 19:03:11,835 - Epoch 083/100
2025-05-30 19:03:11,835 - Train Loss: 1.0488, Train Acc: 0.5667, Train F1: 0.5212
2025-05-30 19:03:11,836 - Val Loss: 1.4282, Val Acc: 0.5562, Val F1: 0.5088
2025-05-30 19:03:11,836 - ---
2025-05-30 19:03:47,476 - ---
2025-05-30 19:03:47,477 - Epoch 084/100
2025-05-30 19:03:47,478 - Train Loss: 1.0440, Train Acc: 0.5667, Train F1: 0.5212
2025-05-30 19:03:47,478 - Val Loss: 1.4173, Val Acc: 0.5679, Val F1: 0.5236
2025-05-30 19:03:47,478 - ---
2025-05-30 19:04:23,147 - ---
2025-05-30 19:04:23,147 - Epoch 085/100
2025-05-30 19:04:23,147 - Train Loss: 1.0555, Train Acc: 0.5658, Train F1: 0.5174
2025-05-30 19:04:23,147 - Val Loss: 1.4547, Val Acc: 0.5455, Val F1: 0.4987
2025-05-30 19:04:23,147 - ---
2025-05-30 19:04:58,770 - ---
2025-05-30 19:04:58,770 - Epoch 086/100
2025-05-30 19:04:58,770 - Train Loss: 1.0443, Train Acc: 0.5759, Train F1: 0.5314
2025-05-30 19:04:58,770 - Val Loss: 1.4721, Val Acc: 0.5482, Val F1: 0.5010
2025-05-30 19:04:58,770 - ---
2025-05-30 19:05:34,379 - ---
2025-05-30 19:05:34,379 - Epoch 087/100
2025-05-30 19:05:34,380 - Train Loss: 1.0499, Train Acc: 0.5703, Train F1: 0.5248
2025-05-30 19:05:34,380 - Val Loss: 1.6230, Val Acc: 0.4777, Val F1: 0.4614
2025-05-30 19:05:34,380 - ---
2025-05-30 19:06:09,910 - ---
2025-05-30 19:06:09,910 - Epoch 088/100
2025-05-30 19:06:09,910 - Train Loss: 1.0419, Train Acc: 0.5734, Train F1: 0.5284
2025-05-30 19:06:09,910 - Val Loss: 1.4683, Val Acc: 0.5295, Val F1: 0.4925
2025-05-30 19:06:09,910 - ---
2025-05-30 19:06:45,487 - ---
2025-05-30 19:06:45,488 - Epoch 089/100
2025-05-30 19:06:45,488 - Train Loss: 1.0360, Train Acc: 0.5703, Train F1: 0.5273
2025-05-30 19:06:45,488 - Val Loss: 1.4589, Val Acc: 0.5652, Val F1: 0.5184
2025-05-30 19:06:45,488 - ---
2025-05-30 19:07:21,223 - ---
2025-05-30 19:07:21,223 - Epoch 090/100
2025-05-30 19:07:21,223 - Train Loss: 1.0397, Train Acc: 0.5692, Train F1: 0.5236
2025-05-30 19:07:21,223 - Val Loss: 1.4653, Val Acc: 0.5455, Val F1: 0.5002
2025-05-30 19:07:21,223 - ---
2025-05-30 19:07:56,903 - ---
2025-05-30 19:07:56,903 - Epoch 091/100
2025-05-30 19:07:56,903 - Train Loss: 1.0375, Train Acc: 0.5714, Train F1: 0.5271
2025-05-30 19:07:56,903 - Val Loss: 1.4471, Val Acc: 0.5518, Val F1: 0.5109
2025-05-30 19:07:56,903 - ---
2025-05-30 19:08:32,590 - ---
2025-05-30 19:08:32,590 - Epoch 092/100
2025-05-30 19:08:32,591 - Train Loss: 1.0286, Train Acc: 0.5732, Train F1: 0.5295
2025-05-30 19:08:32,591 - Val Loss: 1.4339, Val Acc: 0.5679, Val F1: 0.5246
2025-05-30 19:08:32,591 - ---
2025-05-30 19:09:08,340 - ---
2025-05-30 19:09:08,340 - Epoch 093/100
2025-05-30 19:09:08,340 - Train Loss: 1.0285, Train Acc: 0.5748, Train F1: 0.5303
2025-05-30 19:09:08,340 - Val Loss: 1.4691, Val Acc: 0.5643, Val F1: 0.5260
2025-05-30 19:09:08,340 - ---
2025-05-30 19:09:44,027 - ---
2025-05-30 19:09:44,028 - Epoch 094/100
2025-05-30 19:09:44,028 - Train Loss: 1.0266, Train Acc: 0.5748, Train F1: 0.5298
2025-05-30 19:09:44,028 - Val Loss: 1.4832, Val Acc: 0.5339, Val F1: 0.5014
2025-05-30 19:09:44,028 - ---
2025-05-30 19:10:19,716 - ---
2025-05-30 19:10:19,716 - Epoch 095/100
2025-05-30 19:10:19,716 - Train Loss: 1.0179, Train Acc: 0.5754, Train F1: 0.5319
2025-05-30 19:10:19,716 - Val Loss: 1.4712, Val Acc: 0.5295, Val F1: 0.4920
2025-05-30 19:10:19,716 - ---
2025-05-30 19:10:55,357 - ---
2025-05-30 19:10:55,357 - Epoch 096/100
2025-05-30 19:10:55,357 - Train Loss: 1.0233, Train Acc: 0.5799, Train F1: 0.5387
2025-05-30 19:10:55,357 - Val Loss: 1.4367, Val Acc: 0.5545, Val F1: 0.5104
2025-05-30 19:10:55,357 - ---
2025-05-30 19:11:31,116 - ---
2025-05-30 19:11:31,116 - Epoch 097/100
2025-05-30 19:11:31,116 - Train Loss: 1.0224, Train Acc: 0.5743, Train F1: 0.5304
2025-05-30 19:11:31,116 - Val Loss: 1.4651, Val Acc: 0.5393, Val F1: 0.4889
2025-05-30 19:11:31,116 - ---
2025-05-30 19:12:06,937 - ---
2025-05-30 19:12:06,937 - Epoch 098/100
2025-05-30 19:12:06,937 - Train Loss: 1.0170, Train Acc: 0.5752, Train F1: 0.5314
2025-05-30 19:12:06,937 - Val Loss: 1.4880, Val Acc: 0.5437, Val F1: 0.4887
2025-05-30 19:12:06,937 - ---
2025-05-30 19:12:42,743 - ---
2025-05-30 19:12:42,743 - Epoch 099/100
2025-05-30 19:12:42,743 - Train Loss: 1.0152, Train Acc: 0.5768, Train F1: 0.5372
2025-05-30 19:12:42,743 - Val Loss: 1.4868, Val Acc: 0.5402, Val F1: 0.4990
2025-05-30 19:12:42,743 - ---
2025-05-30 19:13:18,573 - ---
2025-05-30 19:13:18,573 - Epoch 100/100
2025-05-30 19:13:18,573 - Train Loss: 1.0090, Train Acc: 0.5824, Train F1: 0.5425
2025-05-30 19:13:18,573 - Val Loss: 1.4449, Val Acc: 0.5482, Val F1: 0.5087
2025-05-30 19:13:18,573 - ---
