2025-05-31 09:40:08,239 - ---
2025-05-31 09:40:08,240 - Epoch 001/100
2025-05-31 09:40:08,240 - Train Loss: 1.4517, Train Acc: 0.2545, Train F1: 0.1577
2025-05-31 09:40:08,240 - Val Loss: 1.7891, Val Acc: 0.2536, Val F1: 0.1025
2025-05-31 09:40:08,328 - Best model updated and saved at /kaggle/working/noisy-graph-classification/checkpoints/model_B_best.pth
2025-05-31 09:40:08,328 - ---
2025-05-31 09:40:43,938 - ---
2025-05-31 09:40:43,938 - Epoch 002/100
2025-05-31 09:40:43,939 - Train Loss: 1.4077, Train Acc: 0.2967, Train F1: 0.1640
2025-05-31 09:40:43,939 - Val Loss: 1.8041, Val Acc: 0.2616, Val F1: 0.1121
2025-05-31 09:40:44,057 - Best model updated and saved at /kaggle/working/noisy-graph-classification/checkpoints/model_B_best.pth
2025-05-31 09:40:44,057 - ---
2025-05-31 09:41:19,615 - ---
2025-05-31 09:41:19,615 - Epoch 003/100
2025-05-31 09:41:19,615 - Train Loss: 1.3977, Train Acc: 0.2998, Train F1: 0.1791
2025-05-31 09:41:19,615 - Val Loss: 1.7393, Val Acc: 0.3018, Val F1: 0.1820
2025-05-31 09:41:19,736 - Best model updated and saved at /kaggle/working/noisy-graph-classification/checkpoints/model_B_best.pth
2025-05-31 09:41:19,736 - ---
2025-05-31 09:41:55,371 - ---
2025-05-31 09:41:55,371 - Epoch 004/100
2025-05-31 09:41:55,371 - Train Loss: 1.3883, Train Acc: 0.3009, Train F1: 0.1807
2025-05-31 09:41:55,371 - Val Loss: 1.8138, Val Acc: 0.3000, Val F1: 0.1670
2025-05-31 09:41:55,372 - ---
2025-05-31 09:42:30,995 - ---
2025-05-31 09:42:30,996 - Epoch 005/100
2025-05-31 09:42:30,996 - Train Loss: 1.3727, Train Acc: 0.3092, Train F1: 0.1863
2025-05-31 09:42:30,996 - Val Loss: 1.7026, Val Acc: 0.3080, Val F1: 0.1747
2025-05-31 09:42:31,109 - Best model updated and saved at /kaggle/working/noisy-graph-classification/checkpoints/model_B_best.pth
2025-05-31 09:42:31,109 - ---
2025-05-31 09:43:06,744 - ---
2025-05-31 09:43:06,744 - Epoch 006/100
2025-05-31 09:43:06,745 - Train Loss: 1.3469, Train Acc: 0.3422, Train F1: 0.2150
2025-05-31 09:43:06,745 - Val Loss: 1.7856, Val Acc: 0.2571, Val F1: 0.1646
2025-05-31 09:43:06,745 - ---
2025-05-31 09:43:42,344 - ---
2025-05-31 09:43:42,345 - Epoch 007/100
2025-05-31 09:43:42,345 - Train Loss: 1.3334, Train Acc: 0.3585, Train F1: 0.2315
2025-05-31 09:43:42,345 - Val Loss: 1.6976, Val Acc: 0.3196, Val F1: 0.2058
2025-05-31 09:43:42,464 - Best model updated and saved at /kaggle/working/noisy-graph-classification/checkpoints/model_B_best.pth
2025-05-31 09:43:42,464 - ---
2025-05-31 09:44:18,192 - ---
2025-05-31 09:44:18,192 - Epoch 008/100
2025-05-31 09:44:18,192 - Train Loss: 1.3214, Train Acc: 0.3667, Train F1: 0.2426
2025-05-31 09:44:18,192 - Val Loss: 1.7348, Val Acc: 0.3241, Val F1: 0.2249
2025-05-31 09:44:18,316 - Best model updated and saved at /kaggle/working/noisy-graph-classification/checkpoints/model_B_best.pth
2025-05-31 09:44:18,317 - ---
2025-05-31 09:44:53,999 - ---
2025-05-31 09:44:53,999 - Epoch 009/100
2025-05-31 09:44:53,999 - Train Loss: 1.3132, Train Acc: 0.3710, Train F1: 0.2468
2025-05-31 09:44:53,999 - Val Loss: 1.6520, Val Acc: 0.3768, Val F1: 0.2680
2025-05-31 09:44:54,114 - Best model updated and saved at /kaggle/working/noisy-graph-classification/checkpoints/model_B_best.pth
2025-05-31 09:44:54,114 - ---
2025-05-31 09:45:30,078 - ---
2025-05-31 09:45:30,078 - Epoch 010/100
2025-05-31 09:45:30,078 - Train Loss: 1.2939, Train Acc: 0.3906, Train F1: 0.2702
2025-05-31 09:45:30,078 - Val Loss: 1.8275, Val Acc: 0.2634, Val F1: 0.1926
2025-05-31 09:45:30,078 - ---
2025-05-31 09:46:06,028 - ---
2025-05-31 09:46:06,028 - Epoch 011/100
2025-05-31 09:46:06,028 - Train Loss: 1.2862, Train Acc: 0.3949, Train F1: 0.2778
2025-05-31 09:46:06,029 - Val Loss: 2.0960, Val Acc: 0.2830, Val F1: 0.2154
2025-05-31 09:46:06,029 - ---
2025-05-31 09:46:41,708 - ---
2025-05-31 09:46:41,709 - Epoch 012/100
2025-05-31 09:46:41,709 - Train Loss: 1.2839, Train Acc: 0.4002, Train F1: 0.2835
2025-05-31 09:46:41,709 - Val Loss: 1.6536, Val Acc: 0.3616, Val F1: 0.2306
2025-05-31 09:46:41,709 - ---
2025-05-31 09:47:17,462 - ---
2025-05-31 09:47:17,462 - Epoch 013/100
2025-05-31 09:47:17,462 - Train Loss: 1.2741, Train Acc: 0.4076, Train F1: 0.2878
2025-05-31 09:47:17,462 - Val Loss: 1.6277, Val Acc: 0.3866, Val F1: 0.2580
2025-05-31 09:47:17,585 - Best model updated and saved at /kaggle/working/noisy-graph-classification/checkpoints/model_B_best.pth
2025-05-31 09:47:17,585 - ---
2025-05-31 09:47:53,370 - ---
2025-05-31 09:47:53,370 - Epoch 014/100
2025-05-31 09:47:53,371 - Train Loss: 1.2701, Train Acc: 0.4187, Train F1: 0.3032
2025-05-31 09:47:53,371 - Val Loss: 1.5860, Val Acc: 0.4054, Val F1: 0.2968
2025-05-31 09:47:53,494 - Best model updated and saved at /kaggle/working/noisy-graph-classification/checkpoints/model_B_best.pth
2025-05-31 09:47:53,494 - ---
2025-05-31 09:48:29,253 - ---
2025-05-31 09:48:29,254 - Epoch 015/100
2025-05-31 09:48:29,254 - Train Loss: 1.2649, Train Acc: 0.4217, Train F1: 0.3031
2025-05-31 09:48:29,254 - Val Loss: 1.5622, Val Acc: 0.4536, Val F1: 0.3378
2025-05-31 09:48:29,370 - Best model updated and saved at /kaggle/working/noisy-graph-classification/checkpoints/model_B_best.pth
2025-05-31 09:48:29,371 - ---
2025-05-31 09:49:05,224 - ---
2025-05-31 09:49:05,225 - Epoch 016/100
2025-05-31 09:49:05,225 - Train Loss: 1.2613, Train Acc: 0.4239, Train F1: 0.3093
2025-05-31 09:49:05,225 - Val Loss: 1.6037, Val Acc: 0.3982, Val F1: 0.2866
2025-05-31 09:49:05,225 - ---
2025-05-31 09:49:41,041 - ---
2025-05-31 09:49:41,042 - Epoch 017/100
2025-05-31 09:49:41,042 - Train Loss: 1.2568, Train Acc: 0.4301, Train F1: 0.3137
2025-05-31 09:49:41,042 - Val Loss: 1.5649, Val Acc: 0.4393, Val F1: 0.3308
2025-05-31 09:49:41,042 - ---
2025-05-31 09:50:16,710 - ---
2025-05-31 09:50:16,711 - Epoch 018/100
2025-05-31 09:50:16,711 - Train Loss: 1.2426, Train Acc: 0.4478, Train F1: 0.3280
2025-05-31 09:50:16,711 - Val Loss: 1.5484, Val Acc: 0.4464, Val F1: 0.3335
2025-05-31 09:50:16,711 - ---
2025-05-31 09:50:52,444 - ---
2025-05-31 09:50:52,444 - Epoch 019/100
2025-05-31 09:50:52,445 - Train Loss: 1.2428, Train Acc: 0.4408, Train F1: 0.3255
2025-05-31 09:50:52,445 - Val Loss: 1.6158, Val Acc: 0.3857, Val F1: 0.2771
2025-05-31 09:50:52,445 - ---
2025-05-31 09:51:28,167 - ---
2025-05-31 09:51:28,167 - Epoch 020/100
2025-05-31 09:51:28,167 - Train Loss: 1.2379, Train Acc: 0.4460, Train F1: 0.3408
2025-05-31 09:51:28,167 - Val Loss: 1.5327, Val Acc: 0.4455, Val F1: 0.3300
2025-05-31 09:51:28,167 - ---
2025-05-31 09:52:03,929 - ---
2025-05-31 09:52:03,929 - Epoch 021/100
2025-05-31 09:52:03,929 - Train Loss: 1.2288, Train Acc: 0.4504, Train F1: 0.3401
2025-05-31 09:52:03,929 - Val Loss: 1.5651, Val Acc: 0.4277, Val F1: 0.3191
2025-05-31 09:52:03,929 - ---
2025-05-31 09:52:39,744 - ---
2025-05-31 09:52:39,744 - Epoch 022/100
2025-05-31 09:52:39,744 - Train Loss: 1.2265, Train Acc: 0.4578, Train F1: 0.3519
2025-05-31 09:52:39,744 - Val Loss: 1.5396, Val Acc: 0.4491, Val F1: 0.3438
2025-05-31 09:52:39,744 - ---
2025-05-31 09:53:15,458 - ---
2025-05-31 09:53:15,458 - Epoch 023/100
2025-05-31 09:53:15,458 - Train Loss: 1.2199, Train Acc: 0.4576, Train F1: 0.3572
2025-05-31 09:53:15,458 - Val Loss: 1.5373, Val Acc: 0.4509, Val F1: 0.3423
2025-05-31 09:53:15,458 - ---
2025-05-31 09:53:51,189 - ---
2025-05-31 09:53:51,189 - Epoch 024/100
2025-05-31 09:53:51,189 - Train Loss: 1.2173, Train Acc: 0.4636, Train F1: 0.3641
2025-05-31 09:53:51,189 - Val Loss: 1.5247, Val Acc: 0.4866, Val F1: 0.3978
2025-05-31 09:53:51,305 - Best model updated and saved at /kaggle/working/noisy-graph-classification/checkpoints/model_B_best.pth
2025-05-31 09:53:51,305 - ---
2025-05-31 09:54:26,938 - ---
2025-05-31 09:54:26,939 - Epoch 025/100
2025-05-31 09:54:26,939 - Train Loss: 1.2113, Train Acc: 0.4757, Train F1: 0.3763
2025-05-31 09:54:26,939 - Val Loss: 1.5221, Val Acc: 0.4491, Val F1: 0.3411
2025-05-31 09:54:26,939 - ---
2025-05-31 09:55:02,594 - ---
2025-05-31 09:55:02,594 - Epoch 026/100
2025-05-31 09:55:02,594 - Train Loss: 1.1984, Train Acc: 0.4804, Train F1: 0.3820
2025-05-31 09:55:02,594 - Val Loss: 1.6043, Val Acc: 0.3911, Val F1: 0.2901
2025-05-31 09:55:02,594 - ---
2025-05-31 09:55:38,290 - ---
2025-05-31 09:55:38,291 - Epoch 027/100
2025-05-31 09:55:38,291 - Train Loss: 1.2024, Train Acc: 0.4819, Train F1: 0.3829
2025-05-31 09:55:38,291 - Val Loss: 1.4903, Val Acc: 0.4812, Val F1: 0.3888
2025-05-31 09:55:38,291 - ---
2025-05-31 09:56:13,934 - ---
2025-05-31 09:56:13,934 - Epoch 028/100
2025-05-31 09:56:13,934 - Train Loss: 1.2101, Train Acc: 0.4746, Train F1: 0.3781
2025-05-31 09:56:13,934 - Val Loss: 1.4671, Val Acc: 0.5116, Val F1: 0.4182
2025-05-31 09:56:14,059 - Best model updated and saved at /kaggle/working/noisy-graph-classification/checkpoints/model_B_best.pth
2025-05-31 09:56:14,060 - ---
2025-05-31 09:56:49,741 - ---
2025-05-31 09:56:49,741 - Epoch 029/100
2025-05-31 09:56:49,741 - Train Loss: 1.1875, Train Acc: 0.4904, Train F1: 0.3928
2025-05-31 09:56:49,742 - Val Loss: 1.4836, Val Acc: 0.4884, Val F1: 0.3973
2025-05-31 09:56:49,742 - ---
2025-05-31 09:57:25,450 - ---
2025-05-31 09:57:25,451 - Epoch 030/100
2025-05-31 09:57:25,451 - Train Loss: 1.1955, Train Acc: 0.4871, Train F1: 0.3909
2025-05-31 09:57:25,451 - Val Loss: 1.5660, Val Acc: 0.4366, Val F1: 0.3710
2025-05-31 09:57:25,451 - ---
2025-05-31 09:58:01,114 - ---
2025-05-31 09:58:01,115 - Epoch 031/100
2025-05-31 09:58:01,115 - Train Loss: 1.1874, Train Acc: 0.4897, Train F1: 0.3950
2025-05-31 09:58:01,115 - Val Loss: 1.5074, Val Acc: 0.4741, Val F1: 0.3609
2025-05-31 09:58:01,115 - ---
2025-05-31 09:58:36,778 - ---
2025-05-31 09:58:36,778 - Epoch 032/100
2025-05-31 09:58:36,779 - Train Loss: 1.1864, Train Acc: 0.4891, Train F1: 0.3902
2025-05-31 09:58:36,779 - Val Loss: 1.5649, Val Acc: 0.4384, Val F1: 0.3390
2025-05-31 09:58:36,779 - ---
2025-05-31 09:59:12,330 - ---
2025-05-31 09:59:12,330 - Epoch 033/100
2025-05-31 09:59:12,330 - Train Loss: 1.1731, Train Acc: 0.4953, Train F1: 0.3989
2025-05-31 09:59:12,330 - Val Loss: 1.5119, Val Acc: 0.4777, Val F1: 0.3939
2025-05-31 09:59:12,330 - ---
2025-05-31 09:59:47,903 - ---
2025-05-31 09:59:47,903 - Epoch 034/100
2025-05-31 09:59:47,903 - Train Loss: 1.1660, Train Acc: 0.5056, Train F1: 0.4181
2025-05-31 09:59:47,903 - Val Loss: 1.5054, Val Acc: 0.4714, Val F1: 0.3807
2025-05-31 09:59:47,903 - ---
2025-05-31 10:00:23,542 - ---
2025-05-31 10:00:23,542 - Epoch 035/100
2025-05-31 10:00:23,542 - Train Loss: 1.1706, Train Acc: 0.5020, Train F1: 0.4120
2025-05-31 10:00:23,542 - Val Loss: 1.4563, Val Acc: 0.5161, Val F1: 0.4331
2025-05-31 10:00:23,659 - Best model updated and saved at /kaggle/working/noisy-graph-classification/checkpoints/model_B_best.pth
2025-05-31 10:00:23,659 - ---
2025-05-31 10:00:59,177 - ---
2025-05-31 10:00:59,177 - Epoch 036/100
2025-05-31 10:00:59,177 - Train Loss: 1.1629, Train Acc: 0.5045, Train F1: 0.4156
2025-05-31 10:00:59,177 - Val Loss: 1.4565, Val Acc: 0.5089, Val F1: 0.4238
2025-05-31 10:00:59,177 - ---
2025-05-31 10:01:34,783 - ---
2025-05-31 10:01:34,783 - Epoch 037/100
2025-05-31 10:01:34,783 - Train Loss: 1.1657, Train Acc: 0.5033, Train F1: 0.4153
2025-05-31 10:01:34,783 - Val Loss: 1.4751, Val Acc: 0.4938, Val F1: 0.4140
2025-05-31 10:01:34,783 - ---
2025-05-31 10:02:10,284 - ---
2025-05-31 10:02:10,284 - Epoch 038/100
2025-05-31 10:02:10,284 - Train Loss: 1.1621, Train Acc: 0.5047, Train F1: 0.4138
2025-05-31 10:02:10,284 - Val Loss: 1.6053, Val Acc: 0.4152, Val F1: 0.3450
2025-05-31 10:02:10,285 - ---
2025-05-31 10:02:45,988 - ---
2025-05-31 10:02:45,988 - Epoch 039/100
2025-05-31 10:02:45,988 - Train Loss: 1.1635, Train Acc: 0.4980, Train F1: 0.4054
2025-05-31 10:02:45,988 - Val Loss: 1.4456, Val Acc: 0.5223, Val F1: 0.4352
2025-05-31 10:02:46,103 - Best model updated and saved at /kaggle/working/noisy-graph-classification/checkpoints/model_B_best.pth
2025-05-31 10:02:46,103 - ---
2025-05-31 10:03:21,815 - ---
2025-05-31 10:03:21,815 - Epoch 040/100
2025-05-31 10:03:21,815 - Train Loss: 1.1586, Train Acc: 0.5092, Train F1: 0.4272
2025-05-31 10:03:21,815 - Val Loss: 1.4771, Val Acc: 0.5205, Val F1: 0.4402
2025-05-31 10:03:21,815 - ---
2025-05-31 10:03:57,453 - ---
2025-05-31 10:03:57,453 - Epoch 041/100
2025-05-31 10:03:57,454 - Train Loss: 1.1568, Train Acc: 0.5100, Train F1: 0.4276
2025-05-31 10:03:57,454 - Val Loss: 1.4614, Val Acc: 0.5170, Val F1: 0.4498
2025-05-31 10:03:57,454 - ---
2025-05-31 10:04:33,036 - ---
2025-05-31 10:04:33,036 - Epoch 042/100
2025-05-31 10:04:33,037 - Train Loss: 1.1584, Train Acc: 0.5092, Train F1: 0.4233
2025-05-31 10:04:33,037 - Val Loss: 1.4291, Val Acc: 0.5241, Val F1: 0.4462
2025-05-31 10:04:33,158 - Best model updated and saved at /kaggle/working/noisy-graph-classification/checkpoints/model_B_best.pth
2025-05-31 10:04:33,158 - ---
2025-05-31 10:05:08,813 - ---
2025-05-31 10:05:08,813 - Epoch 043/100
2025-05-31 10:05:08,813 - Train Loss: 1.1480, Train Acc: 0.5105, Train F1: 0.4272
2025-05-31 10:05:08,813 - Val Loss: 1.5373, Val Acc: 0.4634, Val F1: 0.3711
2025-05-31 10:05:08,813 - ---
2025-05-31 10:05:44,429 - ---
2025-05-31 10:05:44,429 - Epoch 044/100
2025-05-31 10:05:44,429 - Train Loss: 1.1434, Train Acc: 0.5208, Train F1: 0.4389
2025-05-31 10:05:44,429 - Val Loss: 1.4982, Val Acc: 0.5170, Val F1: 0.4418
2025-05-31 10:05:44,429 - ---
2025-05-31 10:06:20,010 - ---
2025-05-31 10:06:20,010 - Epoch 045/100
2025-05-31 10:06:20,010 - Train Loss: 1.1512, Train Acc: 0.5143, Train F1: 0.4369
2025-05-31 10:06:20,010 - Val Loss: 1.4755, Val Acc: 0.5125, Val F1: 0.4243
2025-05-31 10:06:20,010 - ---
2025-05-31 10:06:55,619 - ---
2025-05-31 10:06:55,619 - Epoch 046/100
2025-05-31 10:06:55,619 - Train Loss: 1.1401, Train Acc: 0.5217, Train F1: 0.4449
2025-05-31 10:06:55,619 - Val Loss: 1.4842, Val Acc: 0.5152, Val F1: 0.4827
2025-05-31 10:06:55,619 - ---
2025-05-31 10:07:31,228 - ---
2025-05-31 10:07:31,229 - Epoch 047/100
2025-05-31 10:07:31,229 - Train Loss: 1.1456, Train Acc: 0.5221, Train F1: 0.4507
2025-05-31 10:07:31,229 - Val Loss: 1.4853, Val Acc: 0.4955, Val F1: 0.4036
2025-05-31 10:07:31,229 - ---
2025-05-31 10:08:06,934 - ---
2025-05-31 10:08:06,934 - Epoch 048/100
2025-05-31 10:08:06,934 - Train Loss: 1.1383, Train Acc: 0.5246, Train F1: 0.4578
2025-05-31 10:08:06,934 - Val Loss: 1.4667, Val Acc: 0.5214, Val F1: 0.4384
2025-05-31 10:08:06,934 - ---
2025-05-31 10:08:42,694 - ---
2025-05-31 10:08:42,694 - Epoch 049/100
2025-05-31 10:08:42,694 - Train Loss: 1.1315, Train Acc: 0.5279, Train F1: 0.4588
2025-05-31 10:08:42,694 - Val Loss: 1.4353, Val Acc: 0.5357, Val F1: 0.4640
2025-05-31 10:08:42,815 - Best model updated and saved at /kaggle/working/noisy-graph-classification/checkpoints/model_B_best.pth
2025-05-31 10:08:42,815 - ---
2025-05-31 10:09:18,486 - ---
2025-05-31 10:09:18,487 - Epoch 050/100
2025-05-31 10:09:18,487 - Train Loss: 1.1262, Train Acc: 0.5335, Train F1: 0.4690
2025-05-31 10:09:18,487 - Val Loss: 1.4124, Val Acc: 0.5482, Val F1: 0.4864
2025-05-31 10:09:18,605 - Best model updated and saved at /kaggle/working/noisy-graph-classification/checkpoints/model_B_best.pth
2025-05-31 10:09:18,605 - ---
2025-05-31 10:09:54,308 - ---
2025-05-31 10:09:54,308 - Epoch 051/100
2025-05-31 10:09:54,308 - Train Loss: 1.1283, Train Acc: 0.5292, Train F1: 0.4642
2025-05-31 10:09:54,308 - Val Loss: 1.5114, Val Acc: 0.4777, Val F1: 0.3931
2025-05-31 10:09:54,308 - ---
2025-05-31 10:10:29,979 - ---
2025-05-31 10:10:29,979 - Epoch 052/100
2025-05-31 10:10:29,979 - Train Loss: 1.1280, Train Acc: 0.5301, Train F1: 0.4667
2025-05-31 10:10:29,979 - Val Loss: 1.4242, Val Acc: 0.5420, Val F1: 0.4783
2025-05-31 10:10:29,979 - ---
2025-05-31 10:11:05,611 - ---
2025-05-31 10:11:05,611 - Epoch 053/100
2025-05-31 10:11:05,611 - Train Loss: 1.1257, Train Acc: 0.5308, Train F1: 0.4697
2025-05-31 10:11:05,611 - Val Loss: 1.4008, Val Acc: 0.5562, Val F1: 0.5026
2025-05-31 10:11:05,735 - Best model updated and saved at /kaggle/working/noisy-graph-classification/checkpoints/model_B_best.pth
2025-05-31 10:11:05,735 - ---
2025-05-31 10:11:41,446 - ---
2025-05-31 10:11:41,446 - Epoch 054/100
2025-05-31 10:11:41,446 - Train Loss: 1.1241, Train Acc: 0.5306, Train F1: 0.4693
2025-05-31 10:11:41,446 - Val Loss: 1.4079, Val Acc: 0.5518, Val F1: 0.4911
2025-05-31 10:11:41,446 - ---
2025-05-31 10:12:17,046 - ---
2025-05-31 10:12:17,046 - Epoch 055/100
2025-05-31 10:12:17,046 - Train Loss: 1.1148, Train Acc: 0.5344, Train F1: 0.4749
2025-05-31 10:12:17,046 - Val Loss: 1.4453, Val Acc: 0.5277, Val F1: 0.4735
2025-05-31 10:12:17,047 - ---
2025-05-31 10:12:52,819 - ---
2025-05-31 10:12:52,819 - Epoch 056/100
2025-05-31 10:12:52,819 - Train Loss: 1.1125, Train Acc: 0.5391, Train F1: 0.4819
2025-05-31 10:12:52,819 - Val Loss: 1.4292, Val Acc: 0.5321, Val F1: 0.4656
2025-05-31 10:12:52,819 - ---
2025-05-31 10:13:28,586 - ---
2025-05-31 10:13:28,586 - Epoch 057/100
2025-05-31 10:13:28,586 - Train Loss: 1.1140, Train Acc: 0.5415, Train F1: 0.4844
2025-05-31 10:13:28,586 - Val Loss: 1.5055, Val Acc: 0.5009, Val F1: 0.4780
2025-05-31 10:13:28,586 - ---
2025-05-31 10:14:04,372 - ---
2025-05-31 10:14:04,372 - Epoch 058/100
2025-05-31 10:14:04,372 - Train Loss: 1.1093, Train Acc: 0.5451, Train F1: 0.4888
2025-05-31 10:14:04,372 - Val Loss: 1.4665, Val Acc: 0.5420, Val F1: 0.4897
2025-05-31 10:14:04,372 - ---
2025-05-31 10:14:40,056 - ---
2025-05-31 10:14:40,056 - Epoch 059/100
2025-05-31 10:14:40,057 - Train Loss: 1.1106, Train Acc: 0.5429, Train F1: 0.4866
2025-05-31 10:14:40,057 - Val Loss: 1.3935, Val Acc: 0.5607, Val F1: 0.5070
2025-05-31 10:14:40,169 - Best model updated and saved at /kaggle/working/noisy-graph-classification/checkpoints/model_B_best.pth
2025-05-31 10:14:40,169 - ---
2025-05-31 10:15:16,027 - ---
2025-05-31 10:15:16,027 - Epoch 060/100
2025-05-31 10:15:16,027 - Train Loss: 1.1022, Train Acc: 0.5469, Train F1: 0.4913
2025-05-31 10:15:16,027 - Val Loss: 1.4045, Val Acc: 0.5491, Val F1: 0.4894
2025-05-31 10:15:16,027 - ---
2025-05-31 10:15:51,754 - ---
2025-05-31 10:15:51,754 - Epoch 061/100
2025-05-31 10:15:51,754 - Train Loss: 1.1026, Train Acc: 0.5469, Train F1: 0.4927
2025-05-31 10:15:51,754 - Val Loss: 1.4551, Val Acc: 0.5286, Val F1: 0.4640
2025-05-31 10:15:51,754 - ---
2025-05-31 10:16:27,444 - ---
2025-05-31 10:16:27,444 - Epoch 062/100
2025-05-31 10:16:27,444 - Train Loss: 1.0976, Train Acc: 0.5489, Train F1: 0.4941
2025-05-31 10:16:27,444 - Val Loss: 1.5022, Val Acc: 0.4964, Val F1: 0.4449
2025-05-31 10:16:27,444 - ---
2025-05-31 10:17:03,146 - ---
2025-05-31 10:17:03,146 - Epoch 063/100
2025-05-31 10:17:03,146 - Train Loss: 1.0936, Train Acc: 0.5469, Train F1: 0.4942
2025-05-31 10:17:03,146 - Val Loss: 1.4109, Val Acc: 0.5625, Val F1: 0.5203
2025-05-31 10:17:03,272 - Best model updated and saved at /kaggle/working/noisy-graph-classification/checkpoints/model_B_best.pth
2025-05-31 10:17:03,272 - ---
2025-05-31 10:17:39,037 - ---
2025-05-31 10:17:39,037 - Epoch 064/100
2025-05-31 10:17:39,037 - Train Loss: 1.0901, Train Acc: 0.5551, Train F1: 0.5047
2025-05-31 10:17:39,037 - Val Loss: 1.4255, Val Acc: 0.5437, Val F1: 0.4863
2025-05-31 10:17:39,038 - ---
2025-05-31 10:18:14,712 - ---
2025-05-31 10:18:14,713 - Epoch 065/100
2025-05-31 10:18:14,713 - Train Loss: 1.0924, Train Acc: 0.5511, Train F1: 0.4994
2025-05-31 10:18:14,713 - Val Loss: 1.4012, Val Acc: 0.5589, Val F1: 0.5128
2025-05-31 10:18:14,713 - ---
2025-05-31 10:18:50,385 - ---
2025-05-31 10:18:50,386 - Epoch 066/100
2025-05-31 10:18:50,386 - Train Loss: 1.0932, Train Acc: 0.5525, Train F1: 0.5013
2025-05-31 10:18:50,386 - Val Loss: 1.4261, Val Acc: 0.5634, Val F1: 0.5166
2025-05-31 10:18:50,517 - Best model updated and saved at /kaggle/working/noisy-graph-classification/checkpoints/model_B_best.pth
2025-05-31 10:18:50,518 - ---
2025-05-31 10:19:26,206 - ---
2025-05-31 10:19:26,206 - Epoch 067/100
2025-05-31 10:19:26,206 - Train Loss: 1.0864, Train Acc: 0.5533, Train F1: 0.5028
2025-05-31 10:19:26,206 - Val Loss: 1.4623, Val Acc: 0.5196, Val F1: 0.4626
2025-05-31 10:19:26,206 - ---
2025-05-31 10:20:01,888 - ---
2025-05-31 10:20:01,889 - Epoch 068/100
2025-05-31 10:20:01,889 - Train Loss: 1.0904, Train Acc: 0.5520, Train F1: 0.5007
2025-05-31 10:20:01,889 - Val Loss: 1.4275, Val Acc: 0.5571, Val F1: 0.4982
2025-05-31 10:20:01,889 - ---
2025-05-31 10:20:37,554 - ---
2025-05-31 10:20:37,554 - Epoch 069/100
2025-05-31 10:20:37,554 - Train Loss: 1.0886, Train Acc: 0.5520, Train F1: 0.5026
2025-05-31 10:20:37,555 - Val Loss: 1.5489, Val Acc: 0.4848, Val F1: 0.4561
2025-05-31 10:20:37,555 - ---
2025-05-31 10:21:13,169 - ---
2025-05-31 10:21:13,169 - Epoch 070/100
2025-05-31 10:21:13,169 - Train Loss: 1.0848, Train Acc: 0.5529, Train F1: 0.5028
2025-05-31 10:21:13,169 - Val Loss: 1.4623, Val Acc: 0.5170, Val F1: 0.4397
2025-05-31 10:21:13,169 - ---
2025-05-31 10:21:48,753 - ---
2025-05-31 10:21:48,754 - Epoch 071/100
2025-05-31 10:21:48,754 - Train Loss: 1.0859, Train Acc: 0.5518, Train F1: 0.4996
2025-05-31 10:21:48,754 - Val Loss: 1.4622, Val Acc: 0.5241, Val F1: 0.4507
2025-05-31 10:21:48,754 - ---
2025-05-31 10:22:24,480 - ---
2025-05-31 10:22:24,481 - Epoch 072/100
2025-05-31 10:22:24,481 - Train Loss: 1.0812, Train Acc: 0.5538, Train F1: 0.5009
2025-05-31 10:22:24,481 - Val Loss: 1.4162, Val Acc: 0.5625, Val F1: 0.5121
2025-05-31 10:22:24,481 - ---
2025-05-31 10:23:00,116 - ---
2025-05-31 10:23:00,116 - Epoch 073/100
2025-05-31 10:23:00,116 - Train Loss: 1.0835, Train Acc: 0.5542, Train F1: 0.5003
2025-05-31 10:23:00,116 - Val Loss: 1.5181, Val Acc: 0.4982, Val F1: 0.4191
2025-05-31 10:23:00,116 - ---
2025-05-31 10:23:35,695 - ---
2025-05-31 10:23:35,696 - Epoch 074/100
2025-05-31 10:23:35,696 - Train Loss: 1.0821, Train Acc: 0.5596, Train F1: 0.5110
2025-05-31 10:23:35,696 - Val Loss: 1.4194, Val Acc: 0.5518, Val F1: 0.4904
2025-05-31 10:23:35,696 - ---
2025-05-31 10:24:11,382 - ---
2025-05-31 10:24:11,382 - Epoch 075/100
2025-05-31 10:24:11,382 - Train Loss: 1.0693, Train Acc: 0.5603, Train F1: 0.5095
2025-05-31 10:24:11,382 - Val Loss: 70.5431, Val Acc: 0.1554, Val F1: 0.0968
2025-05-31 10:24:11,382 - ---
2025-05-31 10:24:47,059 - ---
2025-05-31 10:24:47,059 - Epoch 076/100
2025-05-31 10:24:47,059 - Train Loss: 1.0655, Train Acc: 0.5621, Train F1: 0.5124
2025-05-31 10:24:47,059 - Val Loss: 1.4648, Val Acc: 0.5312, Val F1: 0.4535
2025-05-31 10:24:47,059 - ---
2025-05-31 10:25:22,709 - ---
2025-05-31 10:25:22,709 - Epoch 077/100
2025-05-31 10:25:22,709 - Train Loss: 1.0744, Train Acc: 0.5603, Train F1: 0.5131
2025-05-31 10:25:22,709 - Val Loss: 1.5102, Val Acc: 0.5393, Val F1: 0.4961
2025-05-31 10:25:22,709 - ---
2025-05-31 10:25:58,376 - ---
2025-05-31 10:25:58,377 - Epoch 078/100
2025-05-31 10:25:58,377 - Train Loss: 1.0715, Train Acc: 0.5647, Train F1: 0.5179
2025-05-31 10:25:58,377 - Val Loss: 1.4346, Val Acc: 0.5518, Val F1: 0.5085
2025-05-31 10:25:58,377 - ---
2025-05-31 10:26:34,096 - ---
2025-05-31 10:26:34,097 - Epoch 079/100
2025-05-31 10:26:34,097 - Train Loss: 1.0627, Train Acc: 0.5645, Train F1: 0.5190
2025-05-31 10:26:34,097 - Val Loss: 1.4207, Val Acc: 0.5607, Val F1: 0.5132
2025-05-31 10:26:34,097 - ---
2025-05-31 10:27:09,759 - ---
2025-05-31 10:27:09,759 - Epoch 080/100
2025-05-31 10:27:09,759 - Train Loss: 1.0560, Train Acc: 0.5647, Train F1: 0.5177
2025-05-31 10:27:09,759 - Val Loss: 1.4504, Val Acc: 0.5500, Val F1: 0.4825
2025-05-31 10:27:09,759 - ---
2025-05-31 10:27:45,458 - ---
2025-05-31 10:27:45,458 - Epoch 081/100
2025-05-31 10:27:45,458 - Train Loss: 1.0647, Train Acc: 0.5632, Train F1: 0.5163
2025-05-31 10:27:45,459 - Val Loss: 1.4195, Val Acc: 0.5580, Val F1: 0.5143
2025-05-31 10:27:45,459 - ---
2025-05-31 10:28:21,105 - ---
2025-05-31 10:28:21,105 - Epoch 082/100
2025-05-31 10:28:21,106 - Train Loss: 1.0579, Train Acc: 0.5565, Train F1: 0.5055
2025-05-31 10:28:21,106 - Val Loss: 1.4530, Val Acc: 0.5446, Val F1: 0.4842
2025-05-31 10:28:21,106 - ---
2025-05-31 10:28:56,825 - ---
2025-05-31 10:28:56,825 - Epoch 083/100
2025-05-31 10:28:56,825 - Train Loss: 1.0544, Train Acc: 0.5665, Train F1: 0.5211
2025-05-31 10:28:56,825 - Val Loss: 1.4483, Val Acc: 0.5705, Val F1: 0.5275
2025-05-31 10:28:56,950 - Best model updated and saved at /kaggle/working/noisy-graph-classification/checkpoints/model_B_best.pth
2025-05-31 10:28:56,950 - ---
2025-05-31 10:29:32,662 - ---
2025-05-31 10:29:32,662 - Epoch 084/100
2025-05-31 10:29:32,662 - Train Loss: 1.0591, Train Acc: 0.5672, Train F1: 0.5209
2025-05-31 10:29:32,663 - Val Loss: 1.4164, Val Acc: 0.5661, Val F1: 0.5148
2025-05-31 10:29:32,663 - ---
2025-05-31 10:30:08,302 - ---
2025-05-31 10:30:08,302 - Epoch 085/100
2025-05-31 10:30:08,302 - Train Loss: 1.0467, Train Acc: 0.5703, Train F1: 0.5224
2025-05-31 10:30:08,303 - Val Loss: 1.4256, Val Acc: 0.5562, Val F1: 0.5024
2025-05-31 10:30:08,303 - ---
2025-05-31 10:30:44,220 - ---
2025-05-31 10:30:44,220 - Epoch 086/100
2025-05-31 10:30:44,220 - Train Loss: 1.0500, Train Acc: 0.5672, Train F1: 0.5189
2025-05-31 10:30:44,220 - Val Loss: 1.4296, Val Acc: 0.5527, Val F1: 0.4933
2025-05-31 10:30:44,220 - ---
2025-05-31 10:31:20,230 - ---
2025-05-31 10:31:20,230 - Epoch 087/100
2025-05-31 10:31:20,230 - Train Loss: 1.0461, Train Acc: 0.5685, Train F1: 0.5226
2025-05-31 10:31:20,230 - Val Loss: 1.4363, Val Acc: 0.5598, Val F1: 0.5171
2025-05-31 10:31:20,230 - ---
2025-05-31 10:31:56,458 - ---
2025-05-31 10:31:56,458 - Epoch 088/100
2025-05-31 10:31:56,458 - Train Loss: 1.0421, Train Acc: 0.5710, Train F1: 0.5240
2025-05-31 10:31:56,458 - Val Loss: 1.4301, Val Acc: 0.5643, Val F1: 0.5163
2025-05-31 10:31:56,458 - ---
2025-05-31 10:32:32,564 - ---
2025-05-31 10:32:32,564 - Epoch 089/100
2025-05-31 10:32:32,565 - Train Loss: 1.0437, Train Acc: 0.5679, Train F1: 0.5221
2025-05-31 10:32:32,565 - Val Loss: 1.4571, Val Acc: 0.5518, Val F1: 0.5028
2025-05-31 10:32:32,565 - ---
2025-05-31 10:33:08,439 - ---
2025-05-31 10:33:08,439 - Epoch 090/100
2025-05-31 10:33:08,439 - Train Loss: 1.0436, Train Acc: 0.5714, Train F1: 0.5259
2025-05-31 10:33:08,440 - Val Loss: 1.5052, Val Acc: 0.5277, Val F1: 0.4596
2025-05-31 10:33:08,440 - ---
2025-05-31 10:33:44,103 - ---
2025-05-31 10:33:44,103 - Epoch 091/100
2025-05-31 10:33:44,103 - Train Loss: 1.0338, Train Acc: 0.5728, Train F1: 0.5300
2025-05-31 10:33:44,104 - Val Loss: 1.4212, Val Acc: 0.5714, Val F1: 0.5261
2025-05-31 10:33:44,224 - Best model updated and saved at /kaggle/working/noisy-graph-classification/checkpoints/model_B_best.pth
2025-05-31 10:33:44,224 - ---
2025-05-31 10:34:19,961 - ---
2025-05-31 10:34:19,961 - Epoch 092/100
2025-05-31 10:34:19,962 - Train Loss: 1.0313, Train Acc: 0.5681, Train F1: 0.5246
2025-05-31 10:34:19,962 - Val Loss: 1.4654, Val Acc: 0.5589, Val F1: 0.5157
2025-05-31 10:34:19,962 - ---
2025-05-31 10:34:55,723 - ---
2025-05-31 10:34:55,723 - Epoch 093/100
2025-05-31 10:34:55,723 - Train Loss: 1.0302, Train Acc: 0.5754, Train F1: 0.5334
2025-05-31 10:34:55,723 - Val Loss: 1.4501, Val Acc: 0.5536, Val F1: 0.5030
2025-05-31 10:34:55,723 - ---
2025-05-31 10:35:31,438 - ---
2025-05-31 10:35:31,438 - Epoch 094/100
2025-05-31 10:35:31,438 - Train Loss: 1.0315, Train Acc: 0.5748, Train F1: 0.5336
2025-05-31 10:35:31,438 - Val Loss: 1.4961, Val Acc: 0.5554, Val F1: 0.5123
2025-05-31 10:35:31,439 - ---
2025-05-31 10:36:07,211 - ---
2025-05-31 10:36:07,212 - Epoch 095/100
2025-05-31 10:36:07,212 - Train Loss: 1.0220, Train Acc: 0.5797, Train F1: 0.5371
2025-05-31 10:36:07,212 - Val Loss: 1.4455, Val Acc: 0.5643, Val F1: 0.5232
2025-05-31 10:36:07,212 - ---
2025-05-31 10:36:43,140 - ---
2025-05-31 10:36:43,140 - Epoch 096/100
2025-05-31 10:36:43,140 - Train Loss: 1.0220, Train Acc: 0.5777, Train F1: 0.5369
2025-05-31 10:36:43,140 - Val Loss: 1.4608, Val Acc: 0.5348, Val F1: 0.4706
2025-05-31 10:36:43,140 - ---
2025-05-31 10:37:18,948 - ---
2025-05-31 10:37:18,948 - Epoch 097/100
2025-05-31 10:37:18,948 - Train Loss: 1.0219, Train Acc: 0.5728, Train F1: 0.5318
2025-05-31 10:37:18,948 - Val Loss: 1.4477, Val Acc: 0.5625, Val F1: 0.5116
2025-05-31 10:37:18,948 - ---
2025-05-31 10:37:54,656 - ---
2025-05-31 10:37:54,656 - Epoch 098/100
2025-05-31 10:37:54,656 - Train Loss: 1.0273, Train Acc: 0.5757, Train F1: 0.5314
2025-05-31 10:37:54,656 - Val Loss: 1.5415, Val Acc: 0.5196, Val F1: 0.4772
2025-05-31 10:37:54,656 - ---
2025-05-31 10:38:30,342 - ---
2025-05-31 10:38:30,343 - Epoch 099/100
2025-05-31 10:38:30,343 - Train Loss: 1.0223, Train Acc: 0.5779, Train F1: 0.5366
2025-05-31 10:38:30,343 - Val Loss: 1.4645, Val Acc: 0.5536, Val F1: 0.5054
2025-05-31 10:38:30,343 - ---
2025-05-31 10:39:06,084 - ---
2025-05-31 10:39:06,084 - Epoch 100/100
2025-05-31 10:39:06,085 - Train Loss: 1.0203, Train Acc: 0.5750, Train F1: 0.5341
2025-05-31 10:39:06,085 - Val Loss: 1.4884, Val Acc: 0.5473, Val F1: 0.4913
2025-05-31 10:39:06,085 - ---
