2025-05-31 09:38:45,577 - ---
2025-05-31 09:38:45,577 - Epoch 001/100
2025-05-31 09:38:45,577 - Train Loss: 1.4465, Train Acc: 0.2433, Train F1: 0.1511
2025-05-31 09:38:45,577 - Val Loss: 2.0688, Val Acc: 0.2482, Val F1: 0.1092
2025-05-31 09:38:45,665 - Best model updated and saved at /kaggle/working/noisy-graph-classification/checkpoints/model_B_best.pth
2025-05-31 09:38:45,666 - ---
2025-05-31 09:39:21,150 - ---
2025-05-31 09:39:21,150 - Epoch 002/100
2025-05-31 09:39:21,150 - Train Loss: 1.4083, Train Acc: 0.2824, Train F1: 0.1569
2025-05-31 09:39:21,150 - Val Loss: 1.7439, Val Acc: 0.2732, Val F1: 0.1289
2025-05-31 09:39:21,266 - Best model updated and saved at /kaggle/working/noisy-graph-classification/checkpoints/model_B_best.pth
2025-05-31 09:39:21,266 - ---
2025-05-31 09:39:56,800 - ---
2025-05-31 09:39:56,800 - Epoch 003/100
2025-05-31 09:39:56,800 - Train Loss: 1.3940, Train Acc: 0.2967, Train F1: 0.1674
2025-05-31 09:39:56,800 - Val Loss: 1.7310, Val Acc: 0.2777, Val F1: 0.1367
2025-05-31 09:39:56,922 - Best model updated and saved at /kaggle/working/noisy-graph-classification/checkpoints/model_B_best.pth
2025-05-31 09:39:56,922 - ---
2025-05-31 09:40:32,499 - ---
2025-05-31 09:40:32,499 - Epoch 004/100
2025-05-31 09:40:32,499 - Train Loss: 1.3838, Train Acc: 0.3087, Train F1: 0.1756
2025-05-31 09:40:32,499 - Val Loss: 1.7534, Val Acc: 0.3116, Val F1: 0.1802
2025-05-31 09:40:32,614 - Best model updated and saved at /kaggle/working/noisy-graph-classification/checkpoints/model_B_best.pth
2025-05-31 09:40:32,615 - ---
2025-05-31 09:41:08,173 - ---
2025-05-31 09:41:08,174 - Epoch 005/100
2025-05-31 09:41:08,174 - Train Loss: 1.3612, Train Acc: 0.3321, Train F1: 0.2061
2025-05-31 09:41:08,174 - Val Loss: 1.7186, Val Acc: 0.3107, Val F1: 0.1908
2025-05-31 09:41:08,174 - ---
2025-05-31 09:41:43,811 - ---
2025-05-31 09:41:43,811 - Epoch 006/100
2025-05-31 09:41:43,812 - Train Loss: 1.3597, Train Acc: 0.3386, Train F1: 0.2160
2025-05-31 09:41:43,812 - Val Loss: 1.6653, Val Acc: 0.3384, Val F1: 0.2040
2025-05-31 09:41:43,931 - Best model updated and saved at /kaggle/working/noisy-graph-classification/checkpoints/model_B_best.pth
2025-05-31 09:41:43,931 - ---
2025-05-31 09:42:19,456 - ---
2025-05-31 09:42:19,456 - Epoch 007/100
2025-05-31 09:42:19,456 - Train Loss: 1.3377, Train Acc: 0.3571, Train F1: 0.2251
2025-05-31 09:42:19,456 - Val Loss: 1.6798, Val Acc: 0.3839, Val F1: 0.2498
2025-05-31 09:42:19,573 - Best model updated and saved at /kaggle/working/noisy-graph-classification/checkpoints/model_B_best.pth
2025-05-31 09:42:19,574 - ---
2025-05-31 09:42:55,073 - ---
2025-05-31 09:42:55,073 - Epoch 008/100
2025-05-31 09:42:55,073 - Train Loss: 1.3356, Train Acc: 0.3627, Train F1: 0.2278
2025-05-31 09:42:55,073 - Val Loss: 1.8128, Val Acc: 0.3393, Val F1: 0.2137
2025-05-31 09:42:55,073 - ---
2025-05-31 09:43:30,555 - ---
2025-05-31 09:43:30,555 - Epoch 009/100
2025-05-31 09:43:30,555 - Train Loss: 1.3277, Train Acc: 0.3712, Train F1: 0.2332
2025-05-31 09:43:30,555 - Val Loss: 1.6463, Val Acc: 0.3696, Val F1: 0.2382
2025-05-31 09:43:30,555 - ---
2025-05-31 09:44:06,254 - ---
2025-05-31 09:44:06,255 - Epoch 010/100
2025-05-31 09:44:06,255 - Train Loss: 1.3224, Train Acc: 0.3759, Train F1: 0.2416
2025-05-31 09:44:06,255 - Val Loss: 2.1970, Val Acc: 0.2438, Val F1: 0.1429
2025-05-31 09:44:06,255 - ---
2025-05-31 09:44:41,959 - ---
2025-05-31 09:44:41,960 - Epoch 011/100
2025-05-31 09:44:41,960 - Train Loss: 1.3145, Train Acc: 0.3743, Train F1: 0.2395
2025-05-31 09:44:41,960 - Val Loss: 1.6667, Val Acc: 0.3777, Val F1: 0.2412
2025-05-31 09:44:41,960 - ---
2025-05-31 09:45:17,493 - ---
2025-05-31 09:45:17,493 - Epoch 012/100
2025-05-31 09:45:17,493 - Train Loss: 1.3112, Train Acc: 0.3815, Train F1: 0.2416
2025-05-31 09:45:17,494 - Val Loss: 1.6572, Val Acc: 0.3571, Val F1: 0.2331
2025-05-31 09:45:17,494 - ---
2025-05-31 09:45:53,188 - ---
2025-05-31 09:45:53,188 - Epoch 013/100
2025-05-31 09:45:53,188 - Train Loss: 1.3011, Train Acc: 0.3837, Train F1: 0.2468
2025-05-31 09:45:53,188 - Val Loss: 1.6361, Val Acc: 0.3616, Val F1: 0.2336
2025-05-31 09:45:53,189 - ---
2025-05-31 09:46:28,791 - ---
2025-05-31 09:46:28,791 - Epoch 014/100
2025-05-31 09:46:28,791 - Train Loss: 1.2938, Train Acc: 0.3886, Train F1: 0.2596
2025-05-31 09:46:28,791 - Val Loss: 1.6379, Val Acc: 0.3527, Val F1: 0.2452
2025-05-31 09:46:28,791 - ---
2025-05-31 09:47:04,469 - ---
2025-05-31 09:47:04,469 - Epoch 015/100
2025-05-31 09:47:04,469 - Train Loss: 1.2809, Train Acc: 0.4020, Train F1: 0.2750
2025-05-31 09:47:04,470 - Val Loss: 1.6366, Val Acc: 0.3768, Val F1: 0.2823
2025-05-31 09:47:04,470 - ---
2025-05-31 09:47:40,065 - ---
2025-05-31 09:47:40,065 - Epoch 016/100
2025-05-31 09:47:40,065 - Train Loss: 1.2760, Train Acc: 0.4109, Train F1: 0.2935
2025-05-31 09:47:40,065 - Val Loss: 1.6087, Val Acc: 0.3830, Val F1: 0.2744
2025-05-31 09:47:40,066 - ---
2025-05-31 09:48:15,557 - ---
2025-05-31 09:48:15,557 - Epoch 017/100
2025-05-31 09:48:15,557 - Train Loss: 1.2709, Train Acc: 0.4145, Train F1: 0.2979
2025-05-31 09:48:15,557 - Val Loss: 1.5737, Val Acc: 0.4170, Val F1: 0.3091
2025-05-31 09:48:15,668 - Best model updated and saved at /kaggle/working/noisy-graph-classification/checkpoints/model_B_best.pth
2025-05-31 09:48:15,668 - ---
2025-05-31 09:48:51,207 - ---
2025-05-31 09:48:51,207 - Epoch 018/100
2025-05-31 09:48:51,207 - Train Loss: 1.2610, Train Acc: 0.4270, Train F1: 0.3154
2025-05-31 09:48:51,207 - Val Loss: 1.8509, Val Acc: 0.2884, Val F1: 0.2095
2025-05-31 09:48:51,207 - ---
2025-05-31 09:49:26,749 - ---
2025-05-31 09:49:26,749 - Epoch 019/100
2025-05-31 09:49:26,749 - Train Loss: 1.2594, Train Acc: 0.4270, Train F1: 0.3112
2025-05-31 09:49:26,749 - Val Loss: 1.5967, Val Acc: 0.4125, Val F1: 0.3042
2025-05-31 09:49:26,749 - ---
2025-05-31 09:50:02,252 - ---
2025-05-31 09:50:02,253 - Epoch 020/100
2025-05-31 09:50:02,253 - Train Loss: 1.2497, Train Acc: 0.4368, Train F1: 0.3252
2025-05-31 09:50:02,253 - Val Loss: 1.7198, Val Acc: 0.2964, Val F1: 0.2243
2025-05-31 09:50:02,253 - ---
2025-05-31 09:50:37,797 - ---
2025-05-31 09:50:37,797 - Epoch 021/100
2025-05-31 09:50:37,797 - Train Loss: 1.2482, Train Acc: 0.4324, Train F1: 0.3281
2025-05-31 09:50:37,797 - Val Loss: 1.6491, Val Acc: 0.3723, Val F1: 0.2702
2025-05-31 09:50:37,797 - ---
2025-05-31 09:51:13,308 - ---
2025-05-31 09:51:13,309 - Epoch 022/100
2025-05-31 09:51:13,309 - Train Loss: 1.2374, Train Acc: 0.4442, Train F1: 0.3354
2025-05-31 09:51:13,309 - Val Loss: 1.5602, Val Acc: 0.4286, Val F1: 0.3417
2025-05-31 09:51:13,425 - Best model updated and saved at /kaggle/working/noisy-graph-classification/checkpoints/model_B_best.pth
2025-05-31 09:51:13,425 - ---
2025-05-31 09:51:49,112 - ---
2025-05-31 09:51:49,112 - Epoch 023/100
2025-05-31 09:51:49,112 - Train Loss: 1.2294, Train Acc: 0.4509, Train F1: 0.3415
2025-05-31 09:51:49,112 - Val Loss: 1.5302, Val Acc: 0.4750, Val F1: 0.3778
2025-05-31 09:51:49,234 - Best model updated and saved at /kaggle/working/noisy-graph-classification/checkpoints/model_B_best.pth
2025-05-31 09:51:49,234 - ---
2025-05-31 09:52:24,893 - ---
2025-05-31 09:52:24,893 - Epoch 024/100
2025-05-31 09:52:24,893 - Train Loss: 1.2349, Train Acc: 0.4482, Train F1: 0.3481
2025-05-31 09:52:24,893 - Val Loss: 1.5958, Val Acc: 0.3955, Val F1: 0.3266
2025-05-31 09:52:24,893 - ---
2025-05-31 09:53:00,388 - ---
2025-05-31 09:53:00,389 - Epoch 025/100
2025-05-31 09:53:00,389 - Train Loss: 1.2210, Train Acc: 0.4603, Train F1: 0.3553
2025-05-31 09:53:00,389 - Val Loss: 1.4762, Val Acc: 0.4830, Val F1: 0.3834
2025-05-31 09:53:00,503 - Best model updated and saved at /kaggle/working/noisy-graph-classification/checkpoints/model_B_best.pth
2025-05-31 09:53:00,503 - ---
2025-05-31 09:53:36,047 - ---
2025-05-31 09:53:36,047 - Epoch 026/100
2025-05-31 09:53:36,048 - Train Loss: 1.2144, Train Acc: 0.4658, Train F1: 0.3656
2025-05-31 09:53:36,048 - Val Loss: 1.6533, Val Acc: 0.3848, Val F1: 0.2638
2025-05-31 09:53:36,048 - ---
2025-05-31 09:54:11,606 - ---
2025-05-31 09:54:11,606 - Epoch 027/100
2025-05-31 09:54:11,606 - Train Loss: 1.2213, Train Acc: 0.4587, Train F1: 0.3623
2025-05-31 09:54:11,606 - Val Loss: 1.5724, Val Acc: 0.4304, Val F1: 0.3244
2025-05-31 09:54:11,606 - ---
2025-05-31 09:54:47,091 - ---
2025-05-31 09:54:47,091 - Epoch 028/100
2025-05-31 09:54:47,092 - Train Loss: 1.2110, Train Acc: 0.4763, Train F1: 0.3824
2025-05-31 09:54:47,092 - Val Loss: 1.4895, Val Acc: 0.4777, Val F1: 0.3817
2025-05-31 09:54:47,092 - ---
2025-05-31 09:55:22,542 - ---
2025-05-31 09:55:22,542 - Epoch 029/100
2025-05-31 09:55:22,542 - Train Loss: 1.2043, Train Acc: 0.4795, Train F1: 0.3831
2025-05-31 09:55:22,542 - Val Loss: 1.5909, Val Acc: 0.4027, Val F1: 0.3050
2025-05-31 09:55:22,542 - ---
2025-05-31 09:55:58,103 - ---
2025-05-31 09:55:58,104 - Epoch 030/100
2025-05-31 09:55:58,104 - Train Loss: 1.2031, Train Acc: 0.4757, Train F1: 0.3775
2025-05-31 09:55:58,104 - Val Loss: 1.5893, Val Acc: 0.3991, Val F1: 0.3438
2025-05-31 09:55:58,104 - ---
2025-05-31 09:56:33,687 - ---
2025-05-31 09:56:33,687 - Epoch 031/100
2025-05-31 09:56:33,687 - Train Loss: 1.1977, Train Acc: 0.4768, Train F1: 0.3823
2025-05-31 09:56:33,687 - Val Loss: 1.4768, Val Acc: 0.4875, Val F1: 0.3980
2025-05-31 09:56:33,808 - Best model updated and saved at /kaggle/working/noisy-graph-classification/checkpoints/model_B_best.pth
2025-05-31 09:56:33,808 - ---
2025-05-31 09:57:09,327 - ---
2025-05-31 09:57:09,327 - Epoch 032/100
2025-05-31 09:57:09,327 - Train Loss: 1.1933, Train Acc: 0.4837, Train F1: 0.3824
2025-05-31 09:57:09,327 - Val Loss: 1.6911, Val Acc: 0.3464, Val F1: 0.2734
2025-05-31 09:57:09,327 - ---
2025-05-31 09:57:44,855 - ---
2025-05-31 09:57:44,855 - Epoch 033/100
2025-05-31 09:57:44,856 - Train Loss: 1.2002, Train Acc: 0.4837, Train F1: 0.3863
2025-05-31 09:57:44,856 - Val Loss: 1.4621, Val Acc: 0.5179, Val F1: 0.4322
2025-05-31 09:57:44,967 - Best model updated and saved at /kaggle/working/noisy-graph-classification/checkpoints/model_B_best.pth
2025-05-31 09:57:44,967 - ---
2025-05-31 09:58:20,436 - ---
2025-05-31 09:58:20,436 - Epoch 034/100
2025-05-31 09:58:20,436 - Train Loss: 1.1837, Train Acc: 0.4933, Train F1: 0.3934
2025-05-31 09:58:20,436 - Val Loss: 1.5626, Val Acc: 0.4420, Val F1: 0.3326
2025-05-31 09:58:20,436 - ---
2025-05-31 09:58:55,997 - ---
2025-05-31 09:58:55,997 - Epoch 035/100
2025-05-31 09:58:55,998 - Train Loss: 1.1785, Train Acc: 0.4962, Train F1: 0.4050
2025-05-31 09:58:55,998 - Val Loss: 1.4792, Val Acc: 0.4902, Val F1: 0.4059
2025-05-31 09:58:55,998 - ---
2025-05-31 09:59:31,631 - ---
2025-05-31 09:59:31,631 - Epoch 036/100
2025-05-31 09:59:31,631 - Train Loss: 1.1832, Train Acc: 0.4987, Train F1: 0.4004
2025-05-31 09:59:31,631 - Val Loss: 1.4984, Val Acc: 0.4857, Val F1: 0.3984
2025-05-31 09:59:31,631 - ---
2025-05-31 10:00:07,240 - ---
2025-05-31 10:00:07,240 - Epoch 037/100
2025-05-31 10:00:07,240 - Train Loss: 1.1740, Train Acc: 0.4984, Train F1: 0.4042
2025-05-31 10:00:07,240 - Val Loss: 1.4848, Val Acc: 0.4911, Val F1: 0.4263
2025-05-31 10:00:07,240 - ---
2025-05-31 10:00:42,799 - ---
2025-05-31 10:00:42,799 - Epoch 038/100
2025-05-31 10:00:42,799 - Train Loss: 1.1719, Train Acc: 0.5020, Train F1: 0.4038
2025-05-31 10:00:42,799 - Val Loss: 1.4768, Val Acc: 0.4973, Val F1: 0.4038
2025-05-31 10:00:42,800 - ---
2025-05-31 10:01:18,292 - ---
2025-05-31 10:01:18,292 - Epoch 039/100
2025-05-31 10:01:18,292 - Train Loss: 1.1625, Train Acc: 0.5065, Train F1: 0.4107
2025-05-31 10:01:18,292 - Val Loss: 1.5627, Val Acc: 0.4384, Val F1: 0.3386
2025-05-31 10:01:18,292 - ---
2025-05-31 10:01:53,842 - ---
2025-05-31 10:01:53,842 - Epoch 040/100
2025-05-31 10:01:53,842 - Train Loss: 1.1637, Train Acc: 0.5078, Train F1: 0.4198
2025-05-31 10:01:53,842 - Val Loss: 1.4962, Val Acc: 0.4929, Val F1: 0.3941
2025-05-31 10:01:53,843 - ---
2025-05-31 10:02:29,306 - ---
2025-05-31 10:02:29,306 - Epoch 041/100
2025-05-31 10:02:29,306 - Train Loss: 1.1608, Train Acc: 0.5121, Train F1: 0.4245
2025-05-31 10:02:29,306 - Val Loss: 1.4782, Val Acc: 0.5116, Val F1: 0.4281
2025-05-31 10:02:29,306 - ---
2025-05-31 10:03:04,733 - ---
2025-05-31 10:03:04,734 - Epoch 042/100
2025-05-31 10:03:04,734 - Train Loss: 1.1530, Train Acc: 0.5141, Train F1: 0.4264
2025-05-31 10:03:04,734 - Val Loss: 1.4236, Val Acc: 0.5429, Val F1: 0.4712
2025-05-31 10:03:04,853 - Best model updated and saved at /kaggle/working/noisy-graph-classification/checkpoints/model_B_best.pth
2025-05-31 10:03:04,853 - ---
2025-05-31 10:03:40,363 - ---
2025-05-31 10:03:40,363 - Epoch 043/100
2025-05-31 10:03:40,363 - Train Loss: 1.1612, Train Acc: 0.5080, Train F1: 0.4201
2025-05-31 10:03:40,363 - Val Loss: 1.5518, Val Acc: 0.4464, Val F1: 0.3953
2025-05-31 10:03:40,363 - ---
2025-05-31 10:04:15,811 - ---
2025-05-31 10:04:15,811 - Epoch 044/100
2025-05-31 10:04:15,811 - Train Loss: 1.1500, Train Acc: 0.5188, Train F1: 0.4342
2025-05-31 10:04:15,811 - Val Loss: 1.4221, Val Acc: 0.5259, Val F1: 0.4342
2025-05-31 10:04:15,811 - ---
2025-05-31 10:04:51,328 - ---
2025-05-31 10:04:51,328 - Epoch 045/100
2025-05-31 10:04:51,328 - Train Loss: 1.1500, Train Acc: 0.5201, Train F1: 0.4389
2025-05-31 10:04:51,328 - Val Loss: 1.4443, Val Acc: 0.5214, Val F1: 0.4438
2025-05-31 10:04:51,328 - ---
2025-05-31 10:05:26,963 - ---
2025-05-31 10:05:26,963 - Epoch 046/100
2025-05-31 10:05:26,964 - Train Loss: 1.1454, Train Acc: 0.5156, Train F1: 0.4347
2025-05-31 10:05:26,964 - Val Loss: 1.5240, Val Acc: 0.4545, Val F1: 0.3925
2025-05-31 10:05:26,964 - ---
2025-05-31 10:06:02,705 - ---
2025-05-31 10:06:02,705 - Epoch 047/100
2025-05-31 10:06:02,705 - Train Loss: 1.1471, Train Acc: 0.5190, Train F1: 0.4395
2025-05-31 10:06:02,705 - Val Loss: 1.5297, Val Acc: 0.4607, Val F1: 0.3892
2025-05-31 10:06:02,705 - ---
2025-05-31 10:06:38,128 - ---
2025-05-31 10:06:38,128 - Epoch 048/100
2025-05-31 10:06:38,128 - Train Loss: 1.1460, Train Acc: 0.5205, Train F1: 0.4469
2025-05-31 10:06:38,128 - Val Loss: 1.4434, Val Acc: 0.5179, Val F1: 0.4249
2025-05-31 10:06:38,128 - ---
2025-05-31 10:07:13,677 - ---
2025-05-31 10:07:13,677 - Epoch 049/100
2025-05-31 10:07:13,677 - Train Loss: 1.1400, Train Acc: 0.5221, Train F1: 0.4475
2025-05-31 10:07:13,677 - Val Loss: 1.4133, Val Acc: 0.5446, Val F1: 0.4906
2025-05-31 10:07:13,798 - Best model updated and saved at /kaggle/working/noisy-graph-classification/checkpoints/model_B_best.pth
2025-05-31 10:07:13,799 - ---
2025-05-31 10:07:49,285 - ---
2025-05-31 10:07:49,285 - Epoch 050/100
2025-05-31 10:07:49,286 - Train Loss: 1.1442, Train Acc: 0.5277, Train F1: 0.4595
2025-05-31 10:07:49,286 - Val Loss: 1.4345, Val Acc: 0.5161, Val F1: 0.4539
2025-05-31 10:07:49,286 - ---
2025-05-31 10:08:24,816 - ---
2025-05-31 10:08:24,817 - Epoch 051/100
2025-05-31 10:08:24,817 - Train Loss: 1.1341, Train Acc: 0.5259, Train F1: 0.4525
2025-05-31 10:08:24,817 - Val Loss: 1.4524, Val Acc: 0.5223, Val F1: 0.4553
2025-05-31 10:08:24,817 - ---
2025-05-31 10:09:00,377 - ---
2025-05-31 10:09:00,377 - Epoch 052/100
2025-05-31 10:09:00,377 - Train Loss: 1.1324, Train Acc: 0.5339, Train F1: 0.4647
2025-05-31 10:09:00,377 - Val Loss: 1.5102, Val Acc: 0.4982, Val F1: 0.4692
2025-05-31 10:09:00,377 - ---
2025-05-31 10:09:35,850 - ---
2025-05-31 10:09:35,850 - Epoch 053/100
2025-05-31 10:09:35,850 - Train Loss: 1.1342, Train Acc: 0.5299, Train F1: 0.4620
2025-05-31 10:09:35,850 - Val Loss: 1.4028, Val Acc: 0.5562, Val F1: 0.4970
2025-05-31 10:09:35,962 - Best model updated and saved at /kaggle/working/noisy-graph-classification/checkpoints/model_B_best.pth
2025-05-31 10:09:35,963 - ---
2025-05-31 10:10:11,524 - ---
2025-05-31 10:10:11,524 - Epoch 054/100
2025-05-31 10:10:11,525 - Train Loss: 1.1269, Train Acc: 0.5342, Train F1: 0.4694
2025-05-31 10:10:11,525 - Val Loss: 1.4114, Val Acc: 0.5500, Val F1: 0.4995
2025-05-31 10:10:11,525 - ---
2025-05-31 10:10:46,963 - ---
2025-05-31 10:10:46,963 - Epoch 055/100
2025-05-31 10:10:46,963 - Train Loss: 1.1246, Train Acc: 0.5337, Train F1: 0.4706
2025-05-31 10:10:46,963 - Val Loss: 1.6129, Val Acc: 0.4714, Val F1: 0.3850
2025-05-31 10:10:46,963 - ---
2025-05-31 10:11:22,487 - ---
2025-05-31 10:11:22,487 - Epoch 056/100
2025-05-31 10:11:22,487 - Train Loss: 1.1218, Train Acc: 0.5335, Train F1: 0.4679
2025-05-31 10:11:22,488 - Val Loss: 23.5271, Val Acc: 0.1562, Val F1: 0.1046
2025-05-31 10:11:22,488 - ---
2025-05-31 10:11:58,062 - ---
2025-05-31 10:11:58,062 - Epoch 057/100
2025-05-31 10:11:58,063 - Train Loss: 1.1197, Train Acc: 0.5330, Train F1: 0.4714
2025-05-31 10:11:58,063 - Val Loss: 1.4531, Val Acc: 0.5071, Val F1: 0.4113
2025-05-31 10:11:58,063 - ---
2025-05-31 10:12:33,503 - ---
2025-05-31 10:12:33,503 - Epoch 058/100
2025-05-31 10:12:33,503 - Train Loss: 1.1131, Train Acc: 0.5382, Train F1: 0.4792
2025-05-31 10:12:33,503 - Val Loss: 1.5249, Val Acc: 0.4830, Val F1: 0.4165
2025-05-31 10:12:33,503 - ---
2025-05-31 10:13:08,975 - ---
2025-05-31 10:13:08,975 - Epoch 059/100
2025-05-31 10:13:08,975 - Train Loss: 1.1166, Train Acc: 0.5339, Train F1: 0.4705
2025-05-31 10:13:08,975 - Val Loss: 1.4191, Val Acc: 0.5491, Val F1: 0.4975
2025-05-31 10:13:08,975 - ---
2025-05-31 10:13:44,556 - ---
2025-05-31 10:13:44,557 - Epoch 060/100
2025-05-31 10:13:44,557 - Train Loss: 1.1074, Train Acc: 0.5442, Train F1: 0.4884
2025-05-31 10:13:44,557 - Val Loss: 1.4666, Val Acc: 0.5232, Val F1: 0.4799
2025-05-31 10:13:44,557 - ---
2025-05-31 10:14:19,935 - ---
2025-05-31 10:14:19,935 - Epoch 061/100
2025-05-31 10:14:19,935 - Train Loss: 1.1061, Train Acc: 0.5473, Train F1: 0.4874
2025-05-31 10:14:19,935 - Val Loss: 1.4559, Val Acc: 0.5491, Val F1: 0.5028
2025-05-31 10:14:19,935 - ---
2025-05-31 10:14:55,545 - ---
2025-05-31 10:14:55,545 - Epoch 062/100
2025-05-31 10:14:55,545 - Train Loss: 1.1068, Train Acc: 0.5440, Train F1: 0.4852
2025-05-31 10:14:55,545 - Val Loss: 1.4143, Val Acc: 0.5554, Val F1: 0.5070
2025-05-31 10:14:55,545 - ---
2025-05-31 10:15:31,007 - ---
2025-05-31 10:15:31,007 - Epoch 063/100
2025-05-31 10:15:31,008 - Train Loss: 1.1060, Train Acc: 0.5462, Train F1: 0.4895
2025-05-31 10:15:31,008 - Val Loss: 1.4887, Val Acc: 0.5000, Val F1: 0.4240
2025-05-31 10:15:31,008 - ---
2025-05-31 10:16:06,497 - ---
2025-05-31 10:16:06,497 - Epoch 064/100
2025-05-31 10:16:06,497 - Train Loss: 1.1067, Train Acc: 0.5435, Train F1: 0.4856
2025-05-31 10:16:06,497 - Val Loss: 1.4179, Val Acc: 0.5464, Val F1: 0.4971
2025-05-31 10:16:06,497 - ---
2025-05-31 10:16:42,112 - ---
2025-05-31 10:16:42,112 - Epoch 065/100
2025-05-31 10:16:42,112 - Train Loss: 1.1064, Train Acc: 0.5471, Train F1: 0.4903
2025-05-31 10:16:42,112 - Val Loss: 1.4138, Val Acc: 0.5509, Val F1: 0.4940
2025-05-31 10:16:42,112 - ---
2025-05-31 10:17:17,644 - ---
2025-05-31 10:17:17,644 - Epoch 066/100
2025-05-31 10:17:17,644 - Train Loss: 1.1024, Train Acc: 0.5462, Train F1: 0.4920
2025-05-31 10:17:17,645 - Val Loss: 1.3919, Val Acc: 0.5679, Val F1: 0.5217
2025-05-31 10:17:17,766 - Best model updated and saved at /kaggle/working/noisy-graph-classification/checkpoints/model_B_best.pth
2025-05-31 10:17:17,766 - ---
2025-05-31 10:17:53,296 - ---
2025-05-31 10:17:53,296 - Epoch 067/100
2025-05-31 10:17:53,296 - Train Loss: 1.0957, Train Acc: 0.5504, Train F1: 0.4939
2025-05-31 10:17:53,296 - Val Loss: 1.4820, Val Acc: 0.5107, Val F1: 0.4443
2025-05-31 10:17:53,296 - ---
2025-05-31 10:18:28,886 - ---
2025-05-31 10:18:28,886 - Epoch 068/100
2025-05-31 10:18:28,886 - Train Loss: 1.1030, Train Acc: 0.5525, Train F1: 0.4975
2025-05-31 10:18:28,886 - Val Loss: 1.4512, Val Acc: 0.5223, Val F1: 0.4696
2025-05-31 10:18:28,887 - ---
2025-05-31 10:19:04,367 - ---
2025-05-31 10:19:04,367 - Epoch 069/100
2025-05-31 10:19:04,367 - Train Loss: 1.0958, Train Acc: 0.5473, Train F1: 0.4947
2025-05-31 10:19:04,367 - Val Loss: 1.4013, Val Acc: 0.5616, Val F1: 0.5161
2025-05-31 10:19:04,367 - ---
2025-05-31 10:19:39,987 - ---
2025-05-31 10:19:39,987 - Epoch 070/100
2025-05-31 10:19:39,987 - Train Loss: 1.0897, Train Acc: 0.5522, Train F1: 0.4981
2025-05-31 10:19:39,987 - Val Loss: 1.4047, Val Acc: 0.5482, Val F1: 0.4885
2025-05-31 10:19:39,987 - ---
2025-05-31 10:20:15,584 - ---
2025-05-31 10:20:15,584 - Epoch 071/100
2025-05-31 10:20:15,584 - Train Loss: 1.0918, Train Acc: 0.5500, Train F1: 0.4959
2025-05-31 10:20:15,584 - Val Loss: 1.4042, Val Acc: 0.5536, Val F1: 0.4996
2025-05-31 10:20:15,584 - ---
2025-05-31 10:20:51,123 - ---
2025-05-31 10:20:51,123 - Epoch 072/100
2025-05-31 10:20:51,123 - Train Loss: 1.0898, Train Acc: 0.5538, Train F1: 0.5003
2025-05-31 10:20:51,123 - Val Loss: 1.4671, Val Acc: 0.5259, Val F1: 0.4517
2025-05-31 10:20:51,123 - ---
2025-05-31 10:21:26,628 - ---
2025-05-31 10:21:26,628 - Epoch 073/100
2025-05-31 10:21:26,629 - Train Loss: 1.0891, Train Acc: 0.5507, Train F1: 0.4986
2025-05-31 10:21:26,629 - Val Loss: 1.4040, Val Acc: 0.5446, Val F1: 0.4811
2025-05-31 10:21:26,629 - ---
2025-05-31 10:22:02,191 - ---
2025-05-31 10:22:02,191 - Epoch 074/100
2025-05-31 10:22:02,192 - Train Loss: 1.0872, Train Acc: 0.5580, Train F1: 0.5073
2025-05-31 10:22:02,192 - Val Loss: 1.4205, Val Acc: 0.5500, Val F1: 0.5033
2025-05-31 10:22:02,193 - ---
2025-05-31 10:22:37,622 - ---
2025-05-31 10:22:37,622 - Epoch 075/100
2025-05-31 10:22:37,622 - Train Loss: 1.0850, Train Acc: 0.5589, Train F1: 0.5089
2025-05-31 10:22:37,623 - Val Loss: 1.3781, Val Acc: 0.5786, Val F1: 0.5349
2025-05-31 10:22:37,740 - Best model updated and saved at /kaggle/working/noisy-graph-classification/checkpoints/model_B_best.pth
2025-05-31 10:22:37,740 - ---
2025-05-31 10:23:13,218 - ---
2025-05-31 10:23:13,218 - Epoch 076/100
2025-05-31 10:23:13,218 - Train Loss: 1.0774, Train Acc: 0.5603, Train F1: 0.5092
2025-05-31 10:23:13,219 - Val Loss: 1.4231, Val Acc: 0.5420, Val F1: 0.4955
2025-05-31 10:23:13,219 - ---
2025-05-31 10:23:48,824 - ---
2025-05-31 10:23:48,824 - Epoch 077/100
2025-05-31 10:23:48,824 - Train Loss: 1.0849, Train Acc: 0.5578, Train F1: 0.5068
2025-05-31 10:23:48,824 - Val Loss: 1.3837, Val Acc: 0.5705, Val F1: 0.5254
2025-05-31 10:23:48,824 - ---
2025-05-31 10:24:24,365 - ---
2025-05-31 10:24:24,366 - Epoch 078/100
2025-05-31 10:24:24,366 - Train Loss: 1.0743, Train Acc: 0.5607, Train F1: 0.5133
2025-05-31 10:24:24,366 - Val Loss: 1.4272, Val Acc: 0.5446, Val F1: 0.5008
2025-05-31 10:24:24,366 - ---
2025-05-31 10:24:59,966 - ---
2025-05-31 10:24:59,966 - Epoch 079/100
2025-05-31 10:24:59,967 - Train Loss: 1.0728, Train Acc: 0.5583, Train F1: 0.5087
2025-05-31 10:24:59,967 - Val Loss: 1.4419, Val Acc: 0.5509, Val F1: 0.4948
2025-05-31 10:24:59,967 - ---
2025-05-31 10:25:35,744 - ---
2025-05-31 10:25:35,744 - Epoch 080/100
2025-05-31 10:25:35,745 - Train Loss: 1.0690, Train Acc: 0.5629, Train F1: 0.5167
2025-05-31 10:25:35,745 - Val Loss: 1.4508, Val Acc: 0.5589, Val F1: 0.5150
2025-05-31 10:25:35,745 - ---
2025-05-31 10:26:11,575 - ---
2025-05-31 10:26:11,575 - Epoch 081/100
2025-05-31 10:26:11,575 - Train Loss: 1.0705, Train Acc: 0.5592, Train F1: 0.5096
2025-05-31 10:26:11,575 - Val Loss: 1.4747, Val Acc: 0.5205, Val F1: 0.4702
2025-05-31 10:26:11,575 - ---
2025-05-31 10:26:47,321 - ---
2025-05-31 10:26:47,322 - Epoch 082/100
2025-05-31 10:26:47,322 - Train Loss: 1.0684, Train Acc: 0.5665, Train F1: 0.5195
2025-05-31 10:26:47,322 - Val Loss: 1.5338, Val Acc: 0.4839, Val F1: 0.3909
2025-05-31 10:26:47,322 - ---
2025-05-31 10:27:22,850 - ---
2025-05-31 10:27:22,851 - Epoch 083/100
2025-05-31 10:27:22,851 - Train Loss: 1.0618, Train Acc: 0.5694, Train F1: 0.5191
2025-05-31 10:27:22,851 - Val Loss: 1.4417, Val Acc: 0.5375, Val F1: 0.4766
2025-05-31 10:27:22,851 - ---
2025-05-31 10:27:58,354 - ---
2025-05-31 10:27:58,354 - Epoch 084/100
2025-05-31 10:27:58,354 - Train Loss: 1.0621, Train Acc: 0.5708, Train F1: 0.5216
2025-05-31 10:27:58,354 - Val Loss: 1.4796, Val Acc: 0.5196, Val F1: 0.4698
2025-05-31 10:27:58,354 - ---
2025-05-31 10:28:33,961 - ---
2025-05-31 10:28:33,961 - Epoch 085/100
2025-05-31 10:28:33,961 - Train Loss: 1.0581, Train Acc: 0.5676, Train F1: 0.5216
2025-05-31 10:28:33,961 - Val Loss: 1.4087, Val Acc: 0.5598, Val F1: 0.5047
2025-05-31 10:28:33,961 - ---
2025-05-31 10:29:09,505 - ---
2025-05-31 10:29:09,506 - Epoch 086/100
2025-05-31 10:29:09,506 - Train Loss: 1.0552, Train Acc: 0.5665, Train F1: 0.5174
2025-05-31 10:29:09,506 - Val Loss: 1.4080, Val Acc: 0.5696, Val F1: 0.5299
2025-05-31 10:29:09,506 - ---
2025-05-31 10:29:44,992 - ---
2025-05-31 10:29:44,992 - Epoch 087/100
2025-05-31 10:29:44,992 - Train Loss: 1.0595, Train Acc: 0.5663, Train F1: 0.5200
2025-05-31 10:29:44,992 - Val Loss: 1.4475, Val Acc: 0.5437, Val F1: 0.5033
2025-05-31 10:29:44,993 - ---
2025-05-31 10:30:20,411 - ---
2025-05-31 10:30:20,411 - Epoch 088/100
2025-05-31 10:30:20,411 - Train Loss: 1.0490, Train Acc: 0.5723, Train F1: 0.5284
2025-05-31 10:30:20,411 - Val Loss: 1.4193, Val Acc: 0.5402, Val F1: 0.4749
2025-05-31 10:30:20,411 - ---
2025-05-31 10:30:55,988 - ---
2025-05-31 10:30:55,988 - Epoch 089/100
2025-05-31 10:30:55,989 - Train Loss: 1.0520, Train Acc: 0.5690, Train F1: 0.5237
2025-05-31 10:30:55,989 - Val Loss: 1.4580, Val Acc: 0.5437, Val F1: 0.5021
2025-05-31 10:30:55,989 - ---
2025-05-31 10:31:31,484 - ---
2025-05-31 10:31:31,484 - Epoch 090/100
2025-05-31 10:31:31,484 - Train Loss: 1.0608, Train Acc: 0.5629, Train F1: 0.5155
2025-05-31 10:31:31,485 - Val Loss: 1.4442, Val Acc: 0.5527, Val F1: 0.4987
2025-05-31 10:31:31,485 - ---
2025-05-31 10:32:07,027 - ---
2025-05-31 10:32:07,027 - Epoch 091/100
2025-05-31 10:32:07,027 - Train Loss: 1.0494, Train Acc: 0.5685, Train F1: 0.5234
2025-05-31 10:32:07,027 - Val Loss: 1.4459, Val Acc: 0.5455, Val F1: 0.4853
2025-05-31 10:32:07,027 - ---
2025-05-31 10:32:42,479 - ---
2025-05-31 10:32:42,479 - Epoch 092/100
2025-05-31 10:32:42,479 - Train Loss: 1.0453, Train Acc: 0.5667, Train F1: 0.5222
2025-05-31 10:32:42,479 - Val Loss: 1.5189, Val Acc: 0.5134, Val F1: 0.4613
2025-05-31 10:32:42,479 - ---
2025-05-31 10:33:17,990 - ---
2025-05-31 10:33:17,990 - Epoch 093/100
2025-05-31 10:33:17,990 - Train Loss: 1.0539, Train Acc: 0.5663, Train F1: 0.5214
2025-05-31 10:33:17,990 - Val Loss: 1.4579, Val Acc: 0.5357, Val F1: 0.5104
2025-05-31 10:33:17,990 - ---
2025-05-31 10:33:53,422 - ---
2025-05-31 10:33:53,422 - Epoch 094/100
2025-05-31 10:33:53,422 - Train Loss: 1.0392, Train Acc: 0.5705, Train F1: 0.5255
2025-05-31 10:33:53,422 - Val Loss: 1.4361, Val Acc: 0.5482, Val F1: 0.4918
2025-05-31 10:33:53,422 - ---
2025-05-31 10:34:28,897 - ---
2025-05-31 10:34:28,898 - Epoch 095/100
2025-05-31 10:34:28,898 - Train Loss: 1.0358, Train Acc: 0.5788, Train F1: 0.5360
2025-05-31 10:34:28,898 - Val Loss: 1.4685, Val Acc: 0.5357, Val F1: 0.4630
2025-05-31 10:34:28,898 - ---
2025-05-31 10:35:04,382 - ---
2025-05-31 10:35:04,382 - Epoch 096/100
2025-05-31 10:35:04,382 - Train Loss: 1.0414, Train Acc: 0.5728, Train F1: 0.5276
2025-05-31 10:35:04,383 - Val Loss: 1.4417, Val Acc: 0.5562, Val F1: 0.5170
2025-05-31 10:35:04,383 - ---
2025-05-31 10:35:39,787 - ---
2025-05-31 10:35:39,787 - Epoch 097/100
2025-05-31 10:35:39,787 - Train Loss: 1.0368, Train Acc: 0.5750, Train F1: 0.5325
2025-05-31 10:35:39,787 - Val Loss: 1.4444, Val Acc: 0.5750, Val F1: 0.5330
2025-05-31 10:35:39,787 - ---
2025-05-31 10:36:15,300 - ---
2025-05-31 10:36:15,300 - Epoch 098/100
2025-05-31 10:36:15,300 - Train Loss: 1.0361, Train Acc: 0.5734, Train F1: 0.5297
2025-05-31 10:36:15,300 - Val Loss: 1.4867, Val Acc: 0.5357, Val F1: 0.4894
2025-05-31 10:36:15,300 - ---
2025-05-31 10:36:50,804 - ---
2025-05-31 10:36:50,804 - Epoch 099/100
2025-05-31 10:36:50,804 - Train Loss: 1.0365, Train Acc: 0.5781, Train F1: 0.5349
2025-05-31 10:36:50,804 - Val Loss: 1.4863, Val Acc: 0.5366, Val F1: 0.5003
2025-05-31 10:36:50,804 - ---
2025-05-31 10:37:26,270 - ---
2025-05-31 10:37:26,270 - Epoch 100/100
2025-05-31 10:37:26,270 - Train Loss: 1.0326, Train Acc: 0.5757, Train F1: 0.5309
2025-05-31 10:37:26,270 - Val Loss: 1.4419, Val Acc: 0.5625, Val F1: 0.5180
2025-05-31 10:37:26,270 - ---
