2025-05-31 09:38:39,122 - ---
2025-05-31 09:38:39,122 - Epoch 001/100
2025-05-31 09:38:39,122 - Train Loss: 1.4347, Train Acc: 0.2650, Train F1: 0.1654
2025-05-31 09:38:39,122 - Val Loss: 1.7821, Val Acc: 0.2580, Val F1: 0.1137
2025-05-31 09:38:39,209 - Best model updated and saved at /kaggle/working/noisy-graph-classification/checkpoints/model_B_best.pth
2025-05-31 09:38:39,209 - ---
2025-05-31 09:39:14,960 - ---
2025-05-31 09:39:14,960 - Epoch 002/100
2025-05-31 09:39:14,960 - Train Loss: 1.4010, Train Acc: 0.2908, Train F1: 0.1601
2025-05-31 09:39:14,960 - Val Loss: 1.7568, Val Acc: 0.2688, Val F1: 0.1223
2025-05-31 09:39:15,077 - Best model updated and saved at /kaggle/working/noisy-graph-classification/checkpoints/model_B_best.pth
2025-05-31 09:39:15,077 - ---
2025-05-31 09:39:50,510 - ---
2025-05-31 09:39:50,511 - Epoch 003/100
2025-05-31 09:39:50,511 - Train Loss: 1.3871, Train Acc: 0.3036, Train F1: 0.1733
2025-05-31 09:39:50,511 - Val Loss: 1.8260, Val Acc: 0.3107, Val F1: 0.1847
2025-05-31 09:39:50,629 - Best model updated and saved at /kaggle/working/noisy-graph-classification/checkpoints/model_B_best.pth
2025-05-31 09:39:50,630 - ---
2025-05-31 09:40:26,127 - ---
2025-05-31 09:40:26,127 - Epoch 004/100
2025-05-31 09:40:26,127 - Train Loss: 1.3762, Train Acc: 0.3107, Train F1: 0.1791
2025-05-31 09:40:26,127 - Val Loss: 1.7635, Val Acc: 0.2759, Val F1: 0.1331
2025-05-31 09:40:26,128 - ---
2025-05-31 09:41:01,632 - ---
2025-05-31 09:41:01,632 - Epoch 005/100
2025-05-31 09:41:01,633 - Train Loss: 1.3717, Train Acc: 0.3201, Train F1: 0.1930
2025-05-31 09:41:01,633 - Val Loss: 1.7169, Val Acc: 0.3205, Val F1: 0.1866
2025-05-31 09:41:01,749 - Best model updated and saved at /kaggle/working/noisy-graph-classification/checkpoints/model_B_best.pth
2025-05-31 09:41:01,749 - ---
2025-05-31 09:41:37,252 - ---
2025-05-31 09:41:37,253 - Epoch 006/100
2025-05-31 09:41:37,253 - Train Loss: 1.3578, Train Acc: 0.3335, Train F1: 0.2072
2025-05-31 09:41:37,253 - Val Loss: 1.7368, Val Acc: 0.3339, Val F1: 0.2255
2025-05-31 09:41:37,365 - Best model updated and saved at /kaggle/working/noisy-graph-classification/checkpoints/model_B_best.pth
2025-05-31 09:41:37,366 - ---
2025-05-31 09:42:12,844 - ---
2025-05-31 09:42:12,844 - Epoch 007/100
2025-05-31 09:42:12,844 - Train Loss: 1.3425, Train Acc: 0.3522, Train F1: 0.2219
2025-05-31 09:42:12,844 - Val Loss: 1.7082, Val Acc: 0.3125, Val F1: 0.1831
2025-05-31 09:42:12,844 - ---
2025-05-31 09:42:48,436 - ---
2025-05-31 09:42:48,436 - Epoch 008/100
2025-05-31 09:42:48,436 - Train Loss: 1.3337, Train Acc: 0.3647, Train F1: 0.2293
2025-05-31 09:42:48,436 - Val Loss: 1.6684, Val Acc: 0.3589, Val F1: 0.2246
2025-05-31 09:42:48,557 - Best model updated and saved at /kaggle/working/noisy-graph-classification/checkpoints/model_B_best.pth
2025-05-31 09:42:48,557 - ---
2025-05-31 09:43:24,058 - ---
2025-05-31 09:43:24,059 - Epoch 009/100
2025-05-31 09:43:24,059 - Train Loss: 1.3225, Train Acc: 0.3699, Train F1: 0.2324
2025-05-31 09:43:24,059 - Val Loss: 1.6604, Val Acc: 0.3446, Val F1: 0.2439
2025-05-31 09:43:24,059 - ---
2025-05-31 09:43:59,614 - ---
2025-05-31 09:43:59,614 - Epoch 010/100
2025-05-31 09:43:59,614 - Train Loss: 1.3149, Train Acc: 0.3768, Train F1: 0.2547
2025-05-31 09:43:59,614 - Val Loss: 1.6542, Val Acc: 0.3679, Val F1: 0.2618
2025-05-31 09:43:59,723 - Best model updated and saved at /kaggle/working/noisy-graph-classification/checkpoints/model_B_best.pth
2025-05-31 09:43:59,723 - ---
2025-05-31 09:44:35,174 - ---
2025-05-31 09:44:35,174 - Epoch 011/100
2025-05-31 09:44:35,175 - Train Loss: 1.3094, Train Acc: 0.3853, Train F1: 0.2589
2025-05-31 09:44:35,175 - Val Loss: 1.7665, Val Acc: 0.2929, Val F1: 0.2054
2025-05-31 09:44:35,175 - ---
2025-05-31 09:45:10,611 - ---
2025-05-31 09:45:10,611 - Epoch 012/100
2025-05-31 09:45:10,611 - Train Loss: 1.2993, Train Acc: 0.3884, Train F1: 0.2682
2025-05-31 09:45:10,611 - Val Loss: 1.6271, Val Acc: 0.3759, Val F1: 0.2584
2025-05-31 09:45:10,734 - Best model updated and saved at /kaggle/working/noisy-graph-classification/checkpoints/model_B_best.pth
2025-05-31 09:45:10,734 - ---
2025-05-31 09:45:46,187 - ---
2025-05-31 09:45:46,188 - Epoch 013/100
2025-05-31 09:45:46,188 - Train Loss: 1.2843, Train Acc: 0.4033, Train F1: 0.2826
2025-05-31 09:45:46,188 - Val Loss: 1.5954, Val Acc: 0.3991, Val F1: 0.2795
2025-05-31 09:45:46,309 - Best model updated and saved at /kaggle/working/noisy-graph-classification/checkpoints/model_B_best.pth
2025-05-31 09:45:46,310 - ---
2025-05-31 09:46:21,791 - ---
2025-05-31 09:46:21,792 - Epoch 014/100
2025-05-31 09:46:21,792 - Train Loss: 1.2763, Train Acc: 0.4047, Train F1: 0.2878
2025-05-31 09:46:21,792 - Val Loss: 1.5948, Val Acc: 0.4187, Val F1: 0.3058
2025-05-31 09:46:21,905 - Best model updated and saved at /kaggle/working/noisy-graph-classification/checkpoints/model_B_best.pth
2025-05-31 09:46:21,906 - ---
2025-05-31 09:46:57,426 - ---
2025-05-31 09:46:57,426 - Epoch 015/100
2025-05-31 09:46:57,426 - Train Loss: 1.2662, Train Acc: 0.4154, Train F1: 0.2961
2025-05-31 09:46:57,426 - Val Loss: 1.5753, Val Acc: 0.4250, Val F1: 0.3083
2025-05-31 09:46:57,552 - Best model updated and saved at /kaggle/working/noisy-graph-classification/checkpoints/model_B_best.pth
2025-05-31 09:46:57,552 - ---
2025-05-31 09:47:33,044 - ---
2025-05-31 09:47:33,044 - Epoch 016/100
2025-05-31 09:47:33,044 - Train Loss: 1.2604, Train Acc: 0.4246, Train F1: 0.3094
2025-05-31 09:47:33,044 - Val Loss: 1.8279, Val Acc: 0.2955, Val F1: 0.2070
2025-05-31 09:47:33,044 - ---
2025-05-31 09:48:08,727 - ---
2025-05-31 09:48:08,728 - Epoch 017/100
2025-05-31 09:48:08,728 - Train Loss: 1.2637, Train Acc: 0.4283, Train F1: 0.3140
2025-05-31 09:48:08,728 - Val Loss: 1.5822, Val Acc: 0.4170, Val F1: 0.3088
2025-05-31 09:48:08,728 - ---
2025-05-31 09:48:44,236 - ---
2025-05-31 09:48:44,236 - Epoch 018/100
2025-05-31 09:48:44,236 - Train Loss: 1.2532, Train Acc: 0.4292, Train F1: 0.3112
2025-05-31 09:48:44,236 - Val Loss: 1.7104, Val Acc: 0.3339, Val F1: 0.2168
2025-05-31 09:48:44,236 - ---
2025-05-31 09:49:19,880 - ---
2025-05-31 09:49:19,880 - Epoch 019/100
2025-05-31 09:49:19,880 - Train Loss: 1.2477, Train Acc: 0.4368, Train F1: 0.3197
2025-05-31 09:49:19,880 - Val Loss: 1.5279, Val Acc: 0.4554, Val F1: 0.3423
2025-05-31 09:49:20,005 - Best model updated and saved at /kaggle/working/noisy-graph-classification/checkpoints/model_B_best.pth
2025-05-31 09:49:20,005 - ---
2025-05-31 09:49:55,437 - ---
2025-05-31 09:49:55,437 - Epoch 020/100
2025-05-31 09:49:55,437 - Train Loss: 1.2393, Train Acc: 0.4455, Train F1: 0.3378
2025-05-31 09:49:55,437 - Val Loss: 1.7295, Val Acc: 0.3179, Val F1: 0.2356
2025-05-31 09:49:55,437 - ---
2025-05-31 09:50:30,970 - ---
2025-05-31 09:50:30,970 - Epoch 021/100
2025-05-31 09:50:30,970 - Train Loss: 1.2225, Train Acc: 0.4489, Train F1: 0.3411
2025-05-31 09:50:30,970 - Val Loss: 1.5465, Val Acc: 0.4321, Val F1: 0.3347
2025-05-31 09:50:30,970 - ---
2025-05-31 09:51:06,490 - ---
2025-05-31 09:51:06,491 - Epoch 022/100
2025-05-31 09:51:06,491 - Train Loss: 1.2189, Train Acc: 0.4625, Train F1: 0.3623
2025-05-31 09:51:06,491 - Val Loss: 1.5141, Val Acc: 0.4750, Val F1: 0.3849
2025-05-31 09:51:06,603 - Best model updated and saved at /kaggle/working/noisy-graph-classification/checkpoints/model_B_best.pth
2025-05-31 09:51:06,603 - ---
2025-05-31 09:51:42,033 - ---
2025-05-31 09:51:42,033 - Epoch 023/100
2025-05-31 09:51:42,033 - Train Loss: 1.2198, Train Acc: 0.4641, Train F1: 0.3566
2025-05-31 09:51:42,033 - Val Loss: 1.5047, Val Acc: 0.4777, Val F1: 0.3682
2025-05-31 09:51:42,152 - Best model updated and saved at /kaggle/working/noisy-graph-classification/checkpoints/model_B_best.pth
2025-05-31 09:51:42,152 - ---
2025-05-31 09:52:17,678 - ---
2025-05-31 09:52:17,678 - Epoch 024/100
2025-05-31 09:52:17,679 - Train Loss: 1.2102, Train Acc: 0.4694, Train F1: 0.3665
2025-05-31 09:52:17,679 - Val Loss: 1.5309, Val Acc: 0.4580, Val F1: 0.3524
2025-05-31 09:52:17,679 - ---
2025-05-31 09:52:53,165 - ---
2025-05-31 09:52:53,165 - Epoch 025/100
2025-05-31 09:52:53,165 - Train Loss: 1.2055, Train Acc: 0.4708, Train F1: 0.3660
2025-05-31 09:52:53,165 - Val Loss: 1.6240, Val Acc: 0.3804, Val F1: 0.2754
2025-05-31 09:52:53,165 - ---
2025-05-31 09:53:28,475 - ---
2025-05-31 09:53:28,475 - Epoch 026/100
2025-05-31 09:53:28,476 - Train Loss: 1.2055, Train Acc: 0.4732, Train F1: 0.3749
2025-05-31 09:53:28,476 - Val Loss: 1.5538, Val Acc: 0.4420, Val F1: 0.3482
2025-05-31 09:53:28,476 - ---
2025-05-31 09:54:03,665 - ---
2025-05-31 09:54:03,666 - Epoch 027/100
2025-05-31 09:54:03,666 - Train Loss: 1.1975, Train Acc: 0.4797, Train F1: 0.3830
2025-05-31 09:54:03,666 - Val Loss: 1.5104, Val Acc: 0.4911, Val F1: 0.4001
2025-05-31 09:54:03,786 - Best model updated and saved at /kaggle/working/noisy-graph-classification/checkpoints/model_B_best.pth
2025-05-31 09:54:03,786 - ---
2025-05-31 09:54:39,030 - ---
2025-05-31 09:54:39,030 - Epoch 028/100
2025-05-31 09:54:39,030 - Train Loss: 1.1898, Train Acc: 0.4900, Train F1: 0.3921
2025-05-31 09:54:39,030 - Val Loss: 1.5100, Val Acc: 0.4705, Val F1: 0.3752
2025-05-31 09:54:39,030 - ---
2025-05-31 09:55:14,234 - ---
2025-05-31 09:55:14,234 - Epoch 029/100
2025-05-31 09:55:14,235 - Train Loss: 1.1855, Train Acc: 0.4911, Train F1: 0.3912
2025-05-31 09:55:14,235 - Val Loss: 1.4913, Val Acc: 0.4955, Val F1: 0.4094
2025-05-31 09:55:14,347 - Best model updated and saved at /kaggle/working/noisy-graph-classification/checkpoints/model_B_best.pth
2025-05-31 09:55:14,347 - ---
2025-05-31 09:55:49,739 - ---
2025-05-31 09:55:49,739 - Epoch 030/100
2025-05-31 09:55:49,739 - Train Loss: 1.1849, Train Acc: 0.4891, Train F1: 0.3982
2025-05-31 09:55:49,740 - Val Loss: 1.6103, Val Acc: 0.4018, Val F1: 0.2919
2025-05-31 09:55:49,740 - ---
2025-05-31 09:56:24,982 - ---
2025-05-31 09:56:24,982 - Epoch 031/100
2025-05-31 09:56:24,982 - Train Loss: 1.1828, Train Acc: 0.4884, Train F1: 0.3974
2025-05-31 09:56:24,982 - Val Loss: 1.4726, Val Acc: 0.5009, Val F1: 0.4054
2025-05-31 09:56:25,101 - Best model updated and saved at /kaggle/working/noisy-graph-classification/checkpoints/model_B_best.pth
2025-05-31 09:56:25,101 - ---
2025-05-31 09:57:00,305 - ---
2025-05-31 09:57:00,305 - Epoch 032/100
2025-05-31 09:57:00,305 - Train Loss: 1.1828, Train Acc: 0.4879, Train F1: 0.4027
2025-05-31 09:57:00,305 - Val Loss: 1.5103, Val Acc: 0.4643, Val F1: 0.3828
2025-05-31 09:57:00,305 - ---
2025-05-31 09:57:35,706 - ---
2025-05-31 09:57:35,706 - Epoch 033/100
2025-05-31 09:57:35,706 - Train Loss: 1.1751, Train Acc: 0.5036, Train F1: 0.4138
2025-05-31 09:57:35,706 - Val Loss: 1.4720, Val Acc: 0.5089, Val F1: 0.4260
2025-05-31 09:57:35,837 - Best model updated and saved at /kaggle/working/noisy-graph-classification/checkpoints/model_B_best.pth
2025-05-31 09:57:35,838 - ---
2025-05-31 09:58:11,068 - ---
2025-05-31 09:58:11,068 - Epoch 034/100
2025-05-31 09:58:11,068 - Train Loss: 1.1671, Train Acc: 0.5016, Train F1: 0.4118
2025-05-31 09:58:11,068 - Val Loss: 1.5129, Val Acc: 0.4795, Val F1: 0.3889
2025-05-31 09:58:11,068 - ---
2025-05-31 09:58:46,466 - ---
2025-05-31 09:58:46,467 - Epoch 035/100
2025-05-31 09:58:46,467 - Train Loss: 1.1748, Train Acc: 0.4989, Train F1: 0.4120
2025-05-31 09:58:46,467 - Val Loss: 1.4568, Val Acc: 0.5134, Val F1: 0.4378
2025-05-31 09:58:46,581 - Best model updated and saved at /kaggle/working/noisy-graph-classification/checkpoints/model_B_best.pth
2025-05-31 09:58:46,581 - ---
2025-05-31 09:59:21,747 - ---
2025-05-31 09:59:21,748 - Epoch 036/100
2025-05-31 09:59:21,748 - Train Loss: 1.1605, Train Acc: 0.5058, Train F1: 0.4197
2025-05-31 09:59:21,748 - Val Loss: 1.4696, Val Acc: 0.4991, Val F1: 0.4130
2025-05-31 09:59:21,748 - ---
2025-05-31 09:59:57,046 - ---
2025-05-31 09:59:57,046 - Epoch 037/100
2025-05-31 09:59:57,046 - Train Loss: 1.1633, Train Acc: 0.5098, Train F1: 0.4236
2025-05-31 09:59:57,046 - Val Loss: 1.4669, Val Acc: 0.5063, Val F1: 0.4246
2025-05-31 09:59:57,046 - ---
2025-05-31 10:00:32,296 - ---
2025-05-31 10:00:32,296 - Epoch 038/100
2025-05-31 10:00:32,296 - Train Loss: 1.1593, Train Acc: 0.5067, Train F1: 0.4253
2025-05-31 10:00:32,296 - Val Loss: 1.5399, Val Acc: 0.4616, Val F1: 0.4064
2025-05-31 10:00:32,296 - ---
2025-05-31 10:01:07,739 - ---
2025-05-31 10:01:07,739 - Epoch 039/100
2025-05-31 10:01:07,739 - Train Loss: 1.1484, Train Acc: 0.5192, Train F1: 0.4423
2025-05-31 10:01:07,740 - Val Loss: 1.4470, Val Acc: 0.5223, Val F1: 0.4433
2025-05-31 10:01:07,864 - Best model updated and saved at /kaggle/working/noisy-graph-classification/checkpoints/model_B_best.pth
2025-05-31 10:01:07,865 - ---
2025-05-31 10:01:43,276 - ---
2025-05-31 10:01:43,276 - Epoch 040/100
2025-05-31 10:01:43,276 - Train Loss: 1.1522, Train Acc: 0.5145, Train F1: 0.4369
2025-05-31 10:01:43,277 - Val Loss: 1.4432, Val Acc: 0.5312, Val F1: 0.4723
2025-05-31 10:01:43,397 - Best model updated and saved at /kaggle/working/noisy-graph-classification/checkpoints/model_B_best.pth
2025-05-31 10:01:43,397 - ---
2025-05-31 10:02:18,848 - ---
2025-05-31 10:02:18,848 - Epoch 041/100
2025-05-31 10:02:18,848 - Train Loss: 1.1401, Train Acc: 0.5214, Train F1: 0.4510
2025-05-31 10:02:18,848 - Val Loss: 1.4616, Val Acc: 0.5054, Val F1: 0.4315
2025-05-31 10:02:18,849 - ---
2025-05-31 10:02:54,145 - ---
2025-05-31 10:02:54,145 - Epoch 042/100
2025-05-31 10:02:54,145 - Train Loss: 1.1462, Train Acc: 0.5201, Train F1: 0.4499
2025-05-31 10:02:54,145 - Val Loss: 1.4613, Val Acc: 0.5080, Val F1: 0.4263
2025-05-31 10:02:54,145 - ---
2025-05-31 10:03:29,397 - ---
2025-05-31 10:03:29,398 - Epoch 043/100
2025-05-31 10:03:29,398 - Train Loss: 1.1527, Train Acc: 0.5136, Train F1: 0.4413
2025-05-31 10:03:29,398 - Val Loss: 1.5092, Val Acc: 0.4821, Val F1: 0.3926
2025-05-31 10:03:29,398 - ---
2025-05-31 10:04:04,742 - ---
2025-05-31 10:04:04,742 - Epoch 044/100
2025-05-31 10:04:04,743 - Train Loss: 1.1437, Train Acc: 0.5286, Train F1: 0.4626
2025-05-31 10:04:04,743 - Val Loss: 1.4415, Val Acc: 0.5330, Val F1: 0.4578
2025-05-31 10:04:04,857 - Best model updated and saved at /kaggle/working/noisy-graph-classification/checkpoints/model_B_best.pth
2025-05-31 10:04:04,857 - ---
2025-05-31 10:04:40,154 - ---
2025-05-31 10:04:40,154 - Epoch 045/100
2025-05-31 10:04:40,154 - Train Loss: 1.1318, Train Acc: 0.5288, Train F1: 0.4601
2025-05-31 10:04:40,155 - Val Loss: 1.4764, Val Acc: 0.5009, Val F1: 0.4278
2025-05-31 10:04:40,155 - ---
2025-05-31 10:05:15,357 - ---
2025-05-31 10:05:15,358 - Epoch 046/100
2025-05-31 10:05:15,358 - Train Loss: 1.1423, Train Acc: 0.5225, Train F1: 0.4504
2025-05-31 10:05:15,358 - Val Loss: 1.6001, Val Acc: 0.4357, Val F1: 0.3491
2025-05-31 10:05:15,358 - ---
2025-05-31 10:05:50,560 - ---
2025-05-31 10:05:50,560 - Epoch 047/100
2025-05-31 10:05:50,560 - Train Loss: 1.1319, Train Acc: 0.5330, Train F1: 0.4724
2025-05-31 10:05:50,560 - Val Loss: 1.4493, Val Acc: 0.5134, Val F1: 0.4542
2025-05-31 10:05:50,560 - ---
2025-05-31 10:06:25,748 - ---
2025-05-31 10:06:25,748 - Epoch 048/100
2025-05-31 10:06:25,748 - Train Loss: 1.1263, Train Acc: 0.5321, Train F1: 0.4662
2025-05-31 10:06:25,748 - Val Loss: 1.4007, Val Acc: 0.5527, Val F1: 0.5026
2025-05-31 10:06:25,873 - Best model updated and saved at /kaggle/working/noisy-graph-classification/checkpoints/model_B_best.pth
2025-05-31 10:06:25,873 - ---
2025-05-31 10:07:01,178 - ---
2025-05-31 10:07:01,178 - Epoch 049/100
2025-05-31 10:07:01,178 - Train Loss: 1.1191, Train Acc: 0.5411, Train F1: 0.4834
2025-05-31 10:07:01,178 - Val Loss: 1.4178, Val Acc: 0.5482, Val F1: 0.5133
2025-05-31 10:07:01,179 - ---
2025-05-31 10:07:36,549 - ---
2025-05-31 10:07:36,549 - Epoch 050/100
2025-05-31 10:07:36,549 - Train Loss: 1.1170, Train Acc: 0.5391, Train F1: 0.4796
2025-05-31 10:07:36,549 - Val Loss: 1.4624, Val Acc: 0.5223, Val F1: 0.4544
2025-05-31 10:07:36,550 - ---
2025-05-31 10:08:11,836 - ---
2025-05-31 10:08:11,836 - Epoch 051/100
2025-05-31 10:08:11,836 - Train Loss: 1.1184, Train Acc: 0.5395, Train F1: 0.4765
2025-05-31 10:08:11,836 - Val Loss: 1.4197, Val Acc: 0.5446, Val F1: 0.4863
2025-05-31 10:08:11,837 - ---
2025-05-31 10:08:47,145 - ---
2025-05-31 10:08:47,146 - Epoch 052/100
2025-05-31 10:08:47,146 - Train Loss: 1.1157, Train Acc: 0.5388, Train F1: 0.4801
2025-05-31 10:08:47,146 - Val Loss: 1.5004, Val Acc: 0.4705, Val F1: 0.4158
2025-05-31 10:08:47,146 - ---
2025-05-31 10:09:22,513 - ---
2025-05-31 10:09:22,514 - Epoch 053/100
2025-05-31 10:09:22,514 - Train Loss: 1.1126, Train Acc: 0.5413, Train F1: 0.4863
2025-05-31 10:09:22,514 - Val Loss: 1.4465, Val Acc: 0.5312, Val F1: 0.4723
2025-05-31 10:09:22,514 - ---
2025-05-31 10:09:58,072 - ---
2025-05-31 10:09:58,073 - Epoch 054/100
2025-05-31 10:09:58,073 - Train Loss: 1.1052, Train Acc: 0.5458, Train F1: 0.4885
2025-05-31 10:09:58,073 - Val Loss: 1.4292, Val Acc: 0.5339, Val F1: 0.4856
2025-05-31 10:09:58,073 - ---
2025-05-31 10:10:33,956 - ---
2025-05-31 10:10:33,956 - Epoch 055/100
2025-05-31 10:10:33,956 - Train Loss: 1.1124, Train Acc: 0.5437, Train F1: 0.4907
2025-05-31 10:10:33,956 - Val Loss: 1.6768, Val Acc: 0.3607, Val F1: 0.3217
2025-05-31 10:10:33,956 - ---
2025-05-31 10:11:09,985 - ---
2025-05-31 10:11:09,985 - Epoch 056/100
2025-05-31 10:11:09,985 - Train Loss: 1.1118, Train Acc: 0.5444, Train F1: 0.4897
2025-05-31 10:11:09,985 - Val Loss: 1.4046, Val Acc: 0.5554, Val F1: 0.4919
2025-05-31 10:11:10,112 - Best model updated and saved at /kaggle/working/noisy-graph-classification/checkpoints/model_B_best.pth
2025-05-31 10:11:10,112 - ---
2025-05-31 10:11:45,871 - ---
2025-05-31 10:11:45,871 - Epoch 057/100
2025-05-31 10:11:45,871 - Train Loss: 1.1010, Train Acc: 0.5509, Train F1: 0.4957
2025-05-31 10:11:45,871 - Val Loss: 1.3895, Val Acc: 0.5473, Val F1: 0.4995
2025-05-31 10:11:45,872 - ---
2025-05-31 10:12:21,436 - ---
2025-05-31 10:12:21,436 - Epoch 058/100
2025-05-31 10:12:21,436 - Train Loss: 1.1012, Train Acc: 0.5464, Train F1: 0.4918
2025-05-31 10:12:21,436 - Val Loss: 1.4340, Val Acc: 0.5446, Val F1: 0.4881
2025-05-31 10:12:21,436 - ---
2025-05-31 10:12:57,155 - ---
2025-05-31 10:12:57,155 - Epoch 059/100
2025-05-31 10:12:57,155 - Train Loss: 1.1019, Train Acc: 0.5464, Train F1: 0.4889
2025-05-31 10:12:57,155 - Val Loss: 1.4293, Val Acc: 0.5455, Val F1: 0.5074
2025-05-31 10:12:57,155 - ---
2025-05-31 10:13:32,568 - ---
2025-05-31 10:13:32,568 - Epoch 060/100
2025-05-31 10:13:32,568 - Train Loss: 1.0946, Train Acc: 0.5513, Train F1: 0.4982
2025-05-31 10:13:32,568 - Val Loss: 1.3880, Val Acc: 0.5759, Val F1: 0.5334
2025-05-31 10:13:32,691 - Best model updated and saved at /kaggle/working/noisy-graph-classification/checkpoints/model_B_best.pth
2025-05-31 10:13:32,691 - ---
2025-05-31 10:14:08,139 - ---
2025-05-31 10:14:08,140 - Epoch 061/100
2025-05-31 10:14:08,140 - Train Loss: 1.0923, Train Acc: 0.5527, Train F1: 0.4995
2025-05-31 10:14:08,140 - Val Loss: 1.4385, Val Acc: 0.5366, Val F1: 0.4668
2025-05-31 10:14:08,140 - ---
2025-05-31 10:14:43,471 - ---
2025-05-31 10:14:43,471 - Epoch 062/100
2025-05-31 10:14:43,471 - Train Loss: 1.0940, Train Acc: 0.5475, Train F1: 0.4939
2025-05-31 10:14:43,471 - Val Loss: 1.4015, Val Acc: 0.5670, Val F1: 0.5245
2025-05-31 10:14:43,471 - ---
2025-05-31 10:15:19,218 - ---
2025-05-31 10:15:19,218 - Epoch 063/100
2025-05-31 10:15:19,218 - Train Loss: 1.0884, Train Acc: 0.5538, Train F1: 0.5059
2025-05-31 10:15:19,218 - Val Loss: 1.4477, Val Acc: 0.5259, Val F1: 0.4459
2025-05-31 10:15:19,218 - ---
2025-05-31 10:15:54,712 - ---
2025-05-31 10:15:54,712 - Epoch 064/100
2025-05-31 10:15:54,712 - Train Loss: 1.0918, Train Acc: 0.5547, Train F1: 0.5018
2025-05-31 10:15:54,712 - Val Loss: 1.4196, Val Acc: 0.5616, Val F1: 0.5162
2025-05-31 10:15:54,712 - ---
2025-05-31 10:16:30,261 - ---
2025-05-31 10:16:30,261 - Epoch 065/100
2025-05-31 10:16:30,261 - Train Loss: 1.0848, Train Acc: 0.5574, Train F1: 0.5091
2025-05-31 10:16:30,261 - Val Loss: 1.4059, Val Acc: 0.5580, Val F1: 0.5146
2025-05-31 10:16:30,261 - ---
2025-05-31 10:17:05,868 - ---
2025-05-31 10:17:05,868 - Epoch 066/100
2025-05-31 10:17:05,868 - Train Loss: 1.0830, Train Acc: 0.5585, Train F1: 0.5103
2025-05-31 10:17:05,868 - Val Loss: 1.4242, Val Acc: 0.5402, Val F1: 0.4695
2025-05-31 10:17:05,868 - ---
2025-05-31 10:17:41,575 - ---
2025-05-31 10:17:41,575 - Epoch 067/100
2025-05-31 10:17:41,575 - Train Loss: 1.0797, Train Acc: 0.5594, Train F1: 0.5087
2025-05-31 10:17:41,575 - Val Loss: 1.4049, Val Acc: 0.5500, Val F1: 0.4960
2025-05-31 10:17:41,575 - ---
2025-05-31 10:18:17,373 - ---
2025-05-31 10:18:17,373 - Epoch 068/100
2025-05-31 10:18:17,373 - Train Loss: 1.0836, Train Acc: 0.5567, Train F1: 0.5079
2025-05-31 10:18:17,373 - Val Loss: 1.4575, Val Acc: 0.5411, Val F1: 0.4997
2025-05-31 10:18:17,373 - ---
2025-05-31 10:18:53,062 - ---
2025-05-31 10:18:53,062 - Epoch 069/100
2025-05-31 10:18:53,063 - Train Loss: 1.0787, Train Acc: 0.5585, Train F1: 0.5073
2025-05-31 10:18:53,063 - Val Loss: 1.4384, Val Acc: 0.5357, Val F1: 0.4931
2025-05-31 10:18:53,063 - ---
2025-05-31 10:19:28,932 - ---
2025-05-31 10:19:28,932 - Epoch 070/100
2025-05-31 10:19:28,932 - Train Loss: 1.0736, Train Acc: 0.5616, Train F1: 0.5118
2025-05-31 10:19:28,932 - Val Loss: 1.4315, Val Acc: 0.5634, Val F1: 0.5242
2025-05-31 10:19:28,932 - ---
2025-05-31 10:20:04,710 - ---
2025-05-31 10:20:04,710 - Epoch 071/100
2025-05-31 10:20:04,710 - Train Loss: 1.0785, Train Acc: 0.5580, Train F1: 0.5077
2025-05-31 10:20:04,710 - Val Loss: 1.4331, Val Acc: 0.5429, Val F1: 0.4893
2025-05-31 10:20:04,710 - ---
2025-05-31 10:20:40,504 - ---
2025-05-31 10:20:40,504 - Epoch 072/100
2025-05-31 10:20:40,504 - Train Loss: 1.0708, Train Acc: 0.5592, Train F1: 0.5095
2025-05-31 10:20:40,504 - Val Loss: 1.4757, Val Acc: 0.5259, Val F1: 0.4660
2025-05-31 10:20:40,504 - ---
2025-05-31 10:21:16,325 - ---
2025-05-31 10:21:16,325 - Epoch 073/100
2025-05-31 10:21:16,325 - Train Loss: 1.0667, Train Acc: 0.5685, Train F1: 0.5190
2025-05-31 10:21:16,325 - Val Loss: 1.4382, Val Acc: 0.5446, Val F1: 0.5033
2025-05-31 10:21:16,325 - ---
2025-05-31 10:21:52,147 - ---
2025-05-31 10:21:52,147 - Epoch 074/100
2025-05-31 10:21:52,148 - Train Loss: 1.0690, Train Acc: 0.5665, Train F1: 0.5182
2025-05-31 10:21:52,148 - Val Loss: 1.4303, Val Acc: 0.5446, Val F1: 0.4895
2025-05-31 10:21:52,148 - ---
2025-05-31 10:22:27,879 - ---
2025-05-31 10:22:27,879 - Epoch 075/100
2025-05-31 10:22:27,879 - Train Loss: 1.0663, Train Acc: 0.5641, Train F1: 0.5163
2025-05-31 10:22:27,879 - Val Loss: 1.4388, Val Acc: 0.5339, Val F1: 0.4656
2025-05-31 10:22:27,879 - ---
2025-05-31 10:23:03,699 - ---
2025-05-31 10:23:03,700 - Epoch 076/100
2025-05-31 10:23:03,700 - Train Loss: 1.0679, Train Acc: 0.5676, Train F1: 0.5216
2025-05-31 10:23:03,700 - Val Loss: 1.4635, Val Acc: 0.5339, Val F1: 0.4796
2025-05-31 10:23:03,700 - ---
2025-05-31 10:23:39,456 - ---
2025-05-31 10:23:39,457 - Epoch 077/100
2025-05-31 10:23:39,457 - Train Loss: 1.0588, Train Acc: 0.5681, Train F1: 0.5222
2025-05-31 10:23:39,457 - Val Loss: 1.6141, Val Acc: 0.4714, Val F1: 0.4569
2025-05-31 10:23:39,457 - ---
2025-05-31 10:24:15,189 - ---
2025-05-31 10:24:15,190 - Epoch 078/100
2025-05-31 10:24:15,190 - Train Loss: 1.0571, Train Acc: 0.5692, Train F1: 0.5258
2025-05-31 10:24:15,190 - Val Loss: 1.4360, Val Acc: 0.5429, Val F1: 0.4913
2025-05-31 10:24:15,190 - ---
2025-05-31 10:24:50,962 - ---
2025-05-31 10:24:50,963 - Epoch 079/100
2025-05-31 10:24:50,963 - Train Loss: 1.0477, Train Acc: 0.5730, Train F1: 0.5270
2025-05-31 10:24:50,963 - Val Loss: 1.4488, Val Acc: 0.5554, Val F1: 0.5017
2025-05-31 10:24:50,963 - ---
2025-05-31 10:25:26,757 - ---
2025-05-31 10:25:26,757 - Epoch 080/100
2025-05-31 10:25:26,758 - Train Loss: 1.0608, Train Acc: 0.5685, Train F1: 0.5195
2025-05-31 10:25:26,758 - Val Loss: 1.4177, Val Acc: 0.5545, Val F1: 0.4997
2025-05-31 10:25:26,758 - ---
2025-05-31 10:26:02,558 - ---
2025-05-31 10:26:02,558 - Epoch 081/100
2025-05-31 10:26:02,559 - Train Loss: 1.0547, Train Acc: 0.5708, Train F1: 0.5278
2025-05-31 10:26:02,559 - Val Loss: 1.4477, Val Acc: 0.5437, Val F1: 0.4937
2025-05-31 10:26:02,559 - ---
2025-05-31 10:26:38,218 - ---
2025-05-31 10:26:38,219 - Epoch 082/100
2025-05-31 10:26:38,219 - Train Loss: 1.0614, Train Acc: 0.5645, Train F1: 0.5195
2025-05-31 10:26:38,219 - Val Loss: 1.4660, Val Acc: 0.5196, Val F1: 0.4805
2025-05-31 10:26:38,219 - ---
2025-05-31 10:27:13,920 - ---
2025-05-31 10:27:13,921 - Epoch 083/100
2025-05-31 10:27:13,921 - Train Loss: 1.0466, Train Acc: 0.5728, Train F1: 0.5244
2025-05-31 10:27:13,921 - Val Loss: 1.5155, Val Acc: 0.4804, Val F1: 0.4003
2025-05-31 10:27:13,921 - ---
2025-05-31 10:27:49,619 - ---
2025-05-31 10:27:49,619 - Epoch 084/100
2025-05-31 10:27:49,619 - Train Loss: 1.0459, Train Acc: 0.5696, Train F1: 0.5214
2025-05-31 10:27:49,619 - Val Loss: 1.4182, Val Acc: 0.5670, Val F1: 0.5235
2025-05-31 10:27:49,619 - ---
2025-05-31 10:28:25,278 - ---
2025-05-31 10:28:25,278 - Epoch 085/100
2025-05-31 10:28:25,278 - Train Loss: 1.0429, Train Acc: 0.5721, Train F1: 0.5318
2025-05-31 10:28:25,278 - Val Loss: 1.4644, Val Acc: 0.5509, Val F1: 0.5157
2025-05-31 10:28:25,278 - ---
2025-05-31 10:29:00,899 - ---
2025-05-31 10:29:00,899 - Epoch 086/100
2025-05-31 10:29:00,899 - Train Loss: 1.0496, Train Acc: 0.5730, Train F1: 0.5303
2025-05-31 10:29:00,899 - Val Loss: 1.4930, Val Acc: 0.5152, Val F1: 0.4636
2025-05-31 10:29:00,899 - ---
2025-05-31 10:29:36,669 - ---
2025-05-31 10:29:36,670 - Epoch 087/100
2025-05-31 10:29:36,670 - Train Loss: 1.0422, Train Acc: 0.5750, Train F1: 0.5308
2025-05-31 10:29:36,670 - Val Loss: 1.4606, Val Acc: 0.5259, Val F1: 0.4700
2025-05-31 10:29:36,670 - ---
2025-05-31 10:30:12,313 - ---
2025-05-31 10:30:12,313 - Epoch 088/100
2025-05-31 10:30:12,314 - Train Loss: 1.0454, Train Acc: 0.5694, Train F1: 0.5254
2025-05-31 10:30:12,314 - Val Loss: 1.4375, Val Acc: 0.5464, Val F1: 0.5082
2025-05-31 10:30:12,314 - ---
2025-05-31 10:30:47,901 - ---
2025-05-31 10:30:47,901 - Epoch 089/100
2025-05-31 10:30:47,901 - Train Loss: 1.0415, Train Acc: 0.5717, Train F1: 0.5267
2025-05-31 10:30:47,901 - Val Loss: 1.4192, Val Acc: 0.5589, Val F1: 0.5134
2025-05-31 10:30:47,901 - ---
2025-05-31 10:31:23,626 - ---
2025-05-31 10:31:23,626 - Epoch 090/100
2025-05-31 10:31:23,626 - Train Loss: 1.0377, Train Acc: 0.5741, Train F1: 0.5289
2025-05-31 10:31:23,627 - Val Loss: 1.4801, Val Acc: 0.5571, Val F1: 0.4967
2025-05-31 10:31:23,627 - ---
2025-05-31 10:31:59,253 - ---
2025-05-31 10:31:59,254 - Epoch 091/100
2025-05-31 10:31:59,254 - Train Loss: 1.0345, Train Acc: 0.5714, Train F1: 0.5291
2025-05-31 10:31:59,254 - Val Loss: 1.4280, Val Acc: 0.5679, Val F1: 0.5267
2025-05-31 10:31:59,254 - ---
2025-05-31 10:32:34,899 - ---
2025-05-31 10:32:34,899 - Epoch 092/100
2025-05-31 10:32:34,899 - Train Loss: 1.0328, Train Acc: 0.5781, Train F1: 0.5347
2025-05-31 10:32:34,899 - Val Loss: 1.4422, Val Acc: 0.5670, Val F1: 0.5268
2025-05-31 10:32:34,900 - ---
2025-05-31 10:33:10,597 - ---
2025-05-31 10:33:10,597 - Epoch 093/100
2025-05-31 10:33:10,597 - Train Loss: 1.0190, Train Acc: 0.5806, Train F1: 0.5366
2025-05-31 10:33:10,597 - Val Loss: 1.5272, Val Acc: 0.5241, Val F1: 0.4886
2025-05-31 10:33:10,597 - ---
2025-05-31 10:33:46,341 - ---
2025-05-31 10:33:46,341 - Epoch 094/100
2025-05-31 10:33:46,341 - Train Loss: 1.0346, Train Acc: 0.5692, Train F1: 0.5271
2025-05-31 10:33:46,342 - Val Loss: 1.4510, Val Acc: 0.5607, Val F1: 0.5189
2025-05-31 10:33:46,342 - ---
2025-05-31 10:34:22,045 - ---
2025-05-31 10:34:22,045 - Epoch 095/100
2025-05-31 10:34:22,045 - Train Loss: 1.0249, Train Acc: 0.5779, Train F1: 0.5373
2025-05-31 10:34:22,045 - Val Loss: 1.4650, Val Acc: 0.5473, Val F1: 0.5075
2025-05-31 10:34:22,045 - ---
2025-05-31 10:34:57,714 - ---
2025-05-31 10:34:57,714 - Epoch 096/100
2025-05-31 10:34:57,714 - Train Loss: 1.0212, Train Acc: 0.5759, Train F1: 0.5341
2025-05-31 10:34:57,714 - Val Loss: 1.5164, Val Acc: 0.5232, Val F1: 0.4589
2025-05-31 10:34:57,714 - ---
2025-05-31 10:35:33,334 - ---
2025-05-31 10:35:33,335 - Epoch 097/100
2025-05-31 10:35:33,335 - Train Loss: 1.0206, Train Acc: 0.5837, Train F1: 0.5424
2025-05-31 10:35:33,335 - Val Loss: 1.4855, Val Acc: 0.5241, Val F1: 0.4787
2025-05-31 10:35:33,335 - ---
2025-05-31 10:36:08,940 - ---
2025-05-31 10:36:08,940 - Epoch 098/100
2025-05-31 10:36:08,940 - Train Loss: 1.0174, Train Acc: 0.5761, Train F1: 0.5323
2025-05-31 10:36:08,940 - Val Loss: 1.4747, Val Acc: 0.5491, Val F1: 0.4984
2025-05-31 10:36:08,940 - ---
2025-05-31 10:36:44,563 - ---
2025-05-31 10:36:44,564 - Epoch 099/100
2025-05-31 10:36:44,564 - Train Loss: 1.0125, Train Acc: 0.5833, Train F1: 0.5459
2025-05-31 10:36:44,564 - Val Loss: 1.4480, Val Acc: 0.5705, Val F1: 0.5290
2025-05-31 10:36:44,564 - ---
2025-05-31 10:37:20,366 - ---
2025-05-31 10:37:20,366 - Epoch 100/100
2025-05-31 10:37:20,367 - Train Loss: 1.0063, Train Acc: 0.5819, Train F1: 0.5404
2025-05-31 10:37:20,367 - Val Loss: 1.4449, Val Acc: 0.5527, Val F1: 0.5103
2025-05-31 10:37:20,367 - ---
