2025-05-30 15:52:56,376 - ---
2025-05-30 15:52:56,376 - Epoch 001/100
2025-05-30 15:52:56,377 - Train Loss: 1.3242, Train Acc: 0.3693, Train F1: 0.1458
2025-05-30 15:52:56,377 - Val Loss: 1.7840, Val Acc: 0.3958, Val F1: 0.1596
2025-05-30 15:52:56,469 - Best model updated and saved at /kaggle/working/noisy-graph-classification/checkpoints/model_C_best.pth
2025-05-30 15:52:56,469 - ---
2025-05-30 15:53:46,255 - ---
2025-05-30 15:53:46,255 - Epoch 002/100
2025-05-30 15:53:46,255 - Train Loss: 1.2077, Train Acc: 0.4142, Train F1: 0.1766
2025-05-30 15:53:46,255 - Val Loss: 1.6034, Val Acc: 0.3307, Val F1: 0.1596
2025-05-30 15:53:46,255 - ---
2025-05-30 15:54:35,820 - ---
2025-05-30 15:54:35,821 - Epoch 003/100
2025-05-30 15:54:35,821 - Train Loss: 1.1816, Train Acc: 0.4212, Train F1: 0.2015
2025-05-30 15:54:35,821 - Val Loss: 1.5509, Val Acc: 0.3945, Val F1: 0.1898
2025-05-30 15:54:35,821 - ---
2025-05-30 15:55:24,689 - ---
2025-05-30 15:55:24,689 - Epoch 004/100
2025-05-30 15:55:24,689 - Train Loss: 1.1566, Train Acc: 0.4232, Train F1: 0.2255
2025-05-30 15:55:24,689 - Val Loss: 1.4413, Val Acc: 0.4349, Val F1: 0.2348
2025-05-30 15:55:24,807 - Best model updated and saved at /kaggle/working/noisy-graph-classification/checkpoints/model_C_best.pth
2025-05-30 15:55:24,807 - ---
2025-05-30 15:56:13,640 - ---
2025-05-30 15:56:13,641 - Epoch 005/100
2025-05-30 15:56:13,641 - Train Loss: 1.1086, Train Acc: 0.4495, Train F1: 0.2733
2025-05-30 15:56:13,641 - Val Loss: 1.7261, Val Acc: 0.4284, Val F1: 0.2267
2025-05-30 15:56:13,641 - ---
2025-05-30 15:57:02,389 - ---
2025-05-30 15:57:02,390 - Epoch 006/100
2025-05-30 15:57:02,390 - Train Loss: 1.0539, Train Acc: 0.4784, Train F1: 0.3109
2025-05-30 15:57:02,390 - Val Loss: 1.7195, Val Acc: 0.3086, Val F1: 0.2332
2025-05-30 15:57:02,390 - ---
2025-05-30 15:57:51,227 - ---
2025-05-30 15:57:51,227 - Epoch 007/100
2025-05-30 15:57:51,227 - Train Loss: 1.0092, Train Acc: 0.5018, Train F1: 0.3448
2025-05-30 15:57:51,227 - Val Loss: 1.3587, Val Acc: 0.4694, Val F1: 0.3176
2025-05-30 15:57:51,348 - Best model updated and saved at /kaggle/working/noisy-graph-classification/checkpoints/model_C_best.pth
2025-05-30 15:57:51,348 - ---
2025-05-30 15:58:40,029 - ---
2025-05-30 15:58:40,029 - Epoch 008/100
2025-05-30 15:58:40,029 - Train Loss: 0.9699, Train Acc: 0.5236, Train F1: 0.3810
2025-05-30 15:58:40,029 - Val Loss: 1.1720, Val Acc: 0.5566, Val F1: 0.3810
2025-05-30 15:58:40,146 - Best model updated and saved at /kaggle/working/noisy-graph-classification/checkpoints/model_C_best.pth
2025-05-30 15:58:40,146 - ---
2025-05-30 15:59:28,803 - ---
2025-05-30 15:59:28,803 - Epoch 009/100
2025-05-30 15:59:28,803 - Train Loss: 0.9243, Train Acc: 0.5435, Train F1: 0.4062
2025-05-30 15:59:28,803 - Val Loss: 1.1040, Val Acc: 0.5677, Val F1: 0.3966
2025-05-30 15:59:28,920 - Best model updated and saved at /kaggle/working/noisy-graph-classification/checkpoints/model_C_best.pth
2025-05-30 15:59:28,920 - ---
2025-05-30 16:00:17,589 - ---
2025-05-30 16:00:17,589 - Epoch 010/100
2025-05-30 16:00:17,589 - Train Loss: 0.8872, Train Acc: 0.5672, Train F1: 0.4304
2025-05-30 16:00:17,590 - Val Loss: 1.5706, Val Acc: 0.3659, Val F1: 0.2395
2025-05-30 16:00:17,590 - ---
2025-05-30 16:01:06,512 - ---
2025-05-30 16:01:06,512 - Epoch 011/100
2025-05-30 16:01:06,513 - Train Loss: 0.8597, Train Acc: 0.5801, Train F1: 0.4604
2025-05-30 16:01:06,513 - Val Loss: 1.3005, Val Acc: 0.5078, Val F1: 0.3458
2025-05-30 16:01:06,513 - ---
2025-05-30 16:01:55,498 - ---
2025-05-30 16:01:55,498 - Epoch 012/100
2025-05-30 16:01:55,498 - Train Loss: 0.8162, Train Acc: 0.6104, Train F1: 0.4997
2025-05-30 16:01:55,498 - Val Loss: 1.1067, Val Acc: 0.5612, Val F1: 0.4577
2025-05-30 16:01:55,498 - ---
2025-05-30 16:02:44,370 - ---
2025-05-30 16:02:44,370 - Epoch 013/100
2025-05-30 16:02:44,370 - Train Loss: 0.7844, Train Acc: 0.6185, Train F1: 0.5098
2025-05-30 16:02:44,370 - Val Loss: 0.9931, Val Acc: 0.6257, Val F1: 0.5603
2025-05-30 16:02:44,494 - Best model updated and saved at /kaggle/working/noisy-graph-classification/checkpoints/model_C_best.pth
2025-05-30 16:02:44,494 - ---
2025-05-30 16:03:33,557 - ---
2025-05-30 16:03:33,557 - Epoch 014/100
2025-05-30 16:03:33,557 - Train Loss: 0.7641, Train Acc: 0.6270, Train F1: 0.5260
2025-05-30 16:03:33,557 - Val Loss: 1.1429, Val Acc: 0.5788, Val F1: 0.4649
2025-05-30 16:03:33,558 - ---
2025-05-30 16:04:22,866 - ---
2025-05-30 16:04:22,866 - Epoch 015/100
2025-05-30 16:04:22,866 - Train Loss: 0.7390, Train Acc: 0.6436, Train F1: 0.5410
2025-05-30 16:04:22,866 - Val Loss: 1.0257, Val Acc: 0.6296, Val F1: 0.4826
2025-05-30 16:04:22,979 - Best model updated and saved at /kaggle/working/noisy-graph-classification/checkpoints/model_C_best.pth
2025-05-30 16:04:22,979 - ---
2025-05-30 16:05:12,327 - ---
2025-05-30 16:05:12,327 - Epoch 016/100
2025-05-30 16:05:12,327 - Train Loss: 0.7225, Train Acc: 0.6465, Train F1: 0.5620
2025-05-30 16:05:12,327 - Val Loss: 1.7880, Val Acc: 0.3984, Val F1: 0.3594
2025-05-30 16:05:12,327 - ---
2025-05-30 16:06:01,697 - ---
2025-05-30 16:06:01,698 - Epoch 017/100
2025-05-30 16:06:01,698 - Train Loss: 0.7045, Train Acc: 0.6582, Train F1: 0.5759
2025-05-30 16:06:01,698 - Val Loss: 1.1985, Val Acc: 0.5599, Val F1: 0.3849
2025-05-30 16:06:01,698 - ---
2025-05-30 16:06:50,884 - ---
2025-05-30 16:06:50,884 - Epoch 018/100
2025-05-30 16:06:50,884 - Train Loss: 0.6904, Train Acc: 0.6738, Train F1: 0.6020
2025-05-30 16:06:50,884 - Val Loss: 1.1788, Val Acc: 0.5521, Val F1: 0.4911
2025-05-30 16:06:50,885 - ---
2025-05-30 16:07:40,180 - ---
2025-05-30 16:07:40,180 - Epoch 019/100
2025-05-30 16:07:40,181 - Train Loss: 0.6653, Train Acc: 0.6792, Train F1: 0.6093
2025-05-30 16:07:40,181 - Val Loss: 0.9084, Val Acc: 0.6484, Val F1: 0.5542
2025-05-30 16:07:40,303 - Best model updated and saved at /kaggle/working/noisy-graph-classification/checkpoints/model_C_best.pth
2025-05-30 16:07:40,303 - ---
2025-05-30 16:08:29,606 - ---
2025-05-30 16:08:29,606 - Epoch 020/100
2025-05-30 16:08:29,606 - Train Loss: 0.6573, Train Acc: 0.6829, Train F1: 0.6124
2025-05-30 16:08:29,606 - Val Loss: 0.7010, Val Acc: 0.7227, Val F1: 0.6654
2025-05-30 16:08:29,726 - Best model updated and saved at /kaggle/working/noisy-graph-classification/checkpoints/model_C_best.pth
2025-05-30 16:08:29,726 - ---
2025-05-30 16:09:19,028 - ---
2025-05-30 16:09:19,028 - Epoch 021/100
2025-05-30 16:09:19,028 - Train Loss: 0.6276, Train Acc: 0.6992, Train F1: 0.6365
2025-05-30 16:09:19,028 - Val Loss: 2.1187, Val Acc: 0.4499, Val F1: 0.4132
2025-05-30 16:09:19,029 - ---
2025-05-30 16:10:08,394 - ---
2025-05-30 16:10:08,394 - Epoch 022/100
2025-05-30 16:10:08,394 - Train Loss: 0.6227, Train Acc: 0.6982, Train F1: 0.6404
2025-05-30 16:10:08,394 - Val Loss: 1.2207, Val Acc: 0.5553, Val F1: 0.3645
2025-05-30 16:10:08,394 - ---
2025-05-30 16:10:57,541 - ---
2025-05-30 16:10:57,541 - Epoch 023/100
2025-05-30 16:10:57,541 - Train Loss: 0.6109, Train Acc: 0.7044, Train F1: 0.6517
2025-05-30 16:10:57,541 - Val Loss: 1.2007, Val Acc: 0.6035, Val F1: 0.5276
2025-05-30 16:10:57,542 - ---
2025-05-30 16:11:46,895 - ---
2025-05-30 16:11:46,895 - Epoch 024/100
2025-05-30 16:11:46,895 - Train Loss: 0.6022, Train Acc: 0.7101, Train F1: 0.6591
2025-05-30 16:11:46,895 - Val Loss: 0.9886, Val Acc: 0.6478, Val F1: 0.5921
2025-05-30 16:11:46,895 - ---
2025-05-30 16:12:36,103 - ---
2025-05-30 16:12:36,103 - Epoch 025/100
2025-05-30 16:12:36,103 - Train Loss: 0.5896, Train Acc: 0.7188, Train F1: 0.6687
2025-05-30 16:12:36,103 - Val Loss: 0.6573, Val Acc: 0.7422, Val F1: 0.6770
2025-05-30 16:12:36,224 - Best model updated and saved at /kaggle/working/noisy-graph-classification/checkpoints/model_C_best.pth
2025-05-30 16:12:36,224 - ---
2025-05-30 16:13:25,608 - ---
2025-05-30 16:13:25,608 - Epoch 026/100
2025-05-30 16:13:25,609 - Train Loss: 0.5629, Train Acc: 0.7349, Train F1: 0.6914
2025-05-30 16:13:25,609 - Val Loss: 0.7466, Val Acc: 0.7344, Val F1: 0.6762
2025-05-30 16:13:25,609 - ---
2025-05-30 16:14:14,759 - ---
2025-05-30 16:14:14,759 - Epoch 027/100
2025-05-30 16:14:14,759 - Train Loss: 0.5758, Train Acc: 0.7271, Train F1: 0.6806
2025-05-30 16:14:14,760 - Val Loss: 0.7376, Val Acc: 0.7233, Val F1: 0.6526
2025-05-30 16:14:14,760 - ---
2025-05-30 16:15:04,118 - ---
2025-05-30 16:15:04,118 - Epoch 028/100
2025-05-30 16:15:04,118 - Train Loss: 0.5687, Train Acc: 0.7331, Train F1: 0.6901
2025-05-30 16:15:04,119 - Val Loss: 3.4977, Val Acc: 0.2559, Val F1: 0.1889
2025-05-30 16:15:04,119 - ---
2025-05-30 16:15:53,489 - ---
2025-05-30 16:15:53,489 - Epoch 029/100
2025-05-30 16:15:53,489 - Train Loss: 0.5471, Train Acc: 0.7407, Train F1: 0.7034
2025-05-30 16:15:53,489 - Val Loss: 0.9475, Val Acc: 0.6562, Val F1: 0.5176
2025-05-30 16:15:53,489 - ---
2025-05-30 16:16:44,125 - ---
2025-05-30 16:16:44,126 - Epoch 030/100
2025-05-30 16:16:44,126 - Train Loss: 0.5446, Train Acc: 0.7404, Train F1: 0.7006
2025-05-30 16:16:44,126 - Val Loss: 0.8032, Val Acc: 0.7109, Val F1: 0.6453
2025-05-30 16:16:44,126 - ---
2025-05-30 16:17:33,285 - ---
2025-05-30 16:17:33,285 - Epoch 031/100
2025-05-30 16:17:33,285 - Train Loss: 0.5146, Train Acc: 0.7547, Train F1: 0.7233
2025-05-30 16:17:33,285 - Val Loss: 0.8042, Val Acc: 0.6842, Val F1: 0.6123
2025-05-30 16:17:33,285 - ---
2025-05-30 16:18:22,491 - ---
2025-05-30 16:18:22,492 - Epoch 032/100
2025-05-30 16:18:22,492 - Train Loss: 0.5315, Train Acc: 0.7484, Train F1: 0.7166
2025-05-30 16:18:22,492 - Val Loss: 0.9398, Val Acc: 0.6784, Val F1: 0.6130
2025-05-30 16:18:22,492 - ---
2025-05-30 16:19:11,690 - ---
2025-05-30 16:19:11,690 - Epoch 033/100
2025-05-30 16:19:11,690 - Train Loss: 0.5047, Train Acc: 0.7601, Train F1: 0.7333
2025-05-30 16:19:11,690 - Val Loss: 1.2168, Val Acc: 0.5866, Val F1: 0.4301
2025-05-30 16:19:11,690 - ---
2025-05-30 16:20:00,773 - ---
2025-05-30 16:20:00,773 - Epoch 034/100
2025-05-30 16:20:00,773 - Train Loss: 0.5014, Train Acc: 0.7655, Train F1: 0.7353
2025-05-30 16:20:00,774 - Val Loss: 0.6699, Val Acc: 0.7552, Val F1: 0.7148
2025-05-30 16:20:00,896 - Best model updated and saved at /kaggle/working/noisy-graph-classification/checkpoints/model_C_best.pth
2025-05-30 16:20:00,896 - ---
2025-05-30 16:20:50,035 - ---
2025-05-30 16:20:50,035 - Epoch 035/100
2025-05-30 16:20:50,035 - Train Loss: 0.4869, Train Acc: 0.7676, Train F1: 0.7410
2025-05-30 16:20:50,035 - Val Loss: 0.6425, Val Acc: 0.7637, Val F1: 0.7094
2025-05-30 16:20:50,148 - Best model updated and saved at /kaggle/working/noisy-graph-classification/checkpoints/model_C_best.pth
2025-05-30 16:20:50,148 - ---
2025-05-30 16:21:39,086 - ---
2025-05-30 16:21:39,087 - Epoch 036/100
2025-05-30 16:21:39,087 - Train Loss: 0.4786, Train Acc: 0.7785, Train F1: 0.7552
2025-05-30 16:21:39,087 - Val Loss: 0.8970, Val Acc: 0.7070, Val F1: 0.6762
2025-05-30 16:21:39,087 - ---
2025-05-30 16:22:28,411 - ---
2025-05-30 16:22:28,411 - Epoch 037/100
2025-05-30 16:22:28,411 - Train Loss: 0.4852, Train Acc: 0.7692, Train F1: 0.7420
2025-05-30 16:22:28,412 - Val Loss: 0.7702, Val Acc: 0.7148, Val F1: 0.6590
2025-05-30 16:22:28,412 - ---
2025-05-30 16:23:17,407 - ---
2025-05-30 16:23:17,407 - Epoch 038/100
2025-05-30 16:23:17,407 - Train Loss: 0.4658, Train Acc: 0.7826, Train F1: 0.7577
2025-05-30 16:23:17,407 - Val Loss: 0.6314, Val Acc: 0.7572, Val F1: 0.6925
2025-05-30 16:23:17,407 - ---
2025-05-30 16:24:06,425 - ---
2025-05-30 16:24:06,425 - Epoch 039/100
2025-05-30 16:24:06,425 - Train Loss: 0.4594, Train Acc: 0.7832, Train F1: 0.7584
2025-05-30 16:24:06,425 - Val Loss: 0.9089, Val Acc: 0.6673, Val F1: 0.5831
2025-05-30 16:24:06,426 - ---
2025-05-30 16:24:55,453 - ---
2025-05-30 16:24:55,453 - Epoch 040/100
2025-05-30 16:24:55,453 - Train Loss: 0.4688, Train Acc: 0.7824, Train F1: 0.7576
2025-05-30 16:24:55,453 - Val Loss: 1.2880, Val Acc: 0.5514, Val F1: 0.5079
2025-05-30 16:24:55,453 - ---
2025-05-30 16:25:44,817 - ---
2025-05-30 16:25:44,818 - Epoch 041/100
2025-05-30 16:25:44,818 - Train Loss: 0.4639, Train Acc: 0.7827, Train F1: 0.7595
2025-05-30 16:25:44,818 - Val Loss: 0.8140, Val Acc: 0.6953, Val F1: 0.6306
2025-05-30 16:25:44,818 - ---
2025-05-30 16:26:33,764 - ---
2025-05-30 16:26:33,765 - Epoch 042/100
2025-05-30 16:26:33,765 - Train Loss: 0.4614, Train Acc: 0.7817, Train F1: 0.7624
2025-05-30 16:26:33,765 - Val Loss: 0.6546, Val Acc: 0.7598, Val F1: 0.7155
2025-05-30 16:26:33,765 - ---
2025-05-30 16:27:22,808 - ---
2025-05-30 16:27:22,808 - Epoch 043/100
2025-05-30 16:27:22,808 - Train Loss: 0.4550, Train Acc: 0.7858, Train F1: 0.7647
2025-05-30 16:27:22,808 - Val Loss: 0.5949, Val Acc: 0.7812, Val F1: 0.7516
2025-05-30 16:27:22,930 - Best model updated and saved at /kaggle/working/noisy-graph-classification/checkpoints/model_C_best.pth
2025-05-30 16:27:22,931 - ---
2025-05-30 16:28:12,008 - ---
2025-05-30 16:28:12,009 - Epoch 044/100
2025-05-30 16:28:12,009 - Train Loss: 0.4369, Train Acc: 0.7930, Train F1: 0.7719
2025-05-30 16:28:12,009 - Val Loss: 1.9719, Val Acc: 0.4837, Val F1: 0.4549
2025-05-30 16:28:12,009 - ---
2025-05-30 16:29:00,896 - ---
2025-05-30 16:29:00,896 - Epoch 045/100
2025-05-30 16:29:00,896 - Train Loss: 0.4367, Train Acc: 0.7961, Train F1: 0.7806
2025-05-30 16:29:00,896 - Val Loss: 0.5149, Val Acc: 0.7988, Val F1: 0.7701
2025-05-30 16:29:01,034 - Best model updated and saved at /kaggle/working/noisy-graph-classification/checkpoints/model_C_best.pth
2025-05-30 16:29:01,034 - ---
2025-05-30 16:29:50,023 - ---
2025-05-30 16:29:50,023 - Epoch 046/100
2025-05-30 16:29:50,023 - Train Loss: 0.4298, Train Acc: 0.7974, Train F1: 0.7808
2025-05-30 16:29:50,024 - Val Loss: 0.5639, Val Acc: 0.7858, Val F1: 0.7592
2025-05-30 16:29:50,024 - ---
2025-05-30 16:30:38,963 - ---
2025-05-30 16:30:38,963 - Epoch 047/100
2025-05-30 16:30:38,963 - Train Loss: 0.4427, Train Acc: 0.7931, Train F1: 0.7704
2025-05-30 16:30:38,963 - Val Loss: 0.5897, Val Acc: 0.7715, Val F1: 0.7498
2025-05-30 16:30:38,963 - ---
2025-05-30 16:31:27,801 - ---
2025-05-30 16:31:27,802 - Epoch 048/100
2025-05-30 16:31:27,802 - Train Loss: 0.4243, Train Acc: 0.7974, Train F1: 0.7800
2025-05-30 16:31:27,802 - Val Loss: 0.5034, Val Acc: 0.8092, Val F1: 0.7802
2025-05-30 16:31:27,911 - Best model updated and saved at /kaggle/working/noisy-graph-classification/checkpoints/model_C_best.pth
2025-05-30 16:31:27,911 - ---
2025-05-30 16:32:16,767 - ---
2025-05-30 16:32:16,768 - Epoch 049/100
2025-05-30 16:32:16,768 - Train Loss: 0.4269, Train Acc: 0.7975, Train F1: 0.7802
2025-05-30 16:32:16,768 - Val Loss: 0.6674, Val Acc: 0.7552, Val F1: 0.7160
2025-05-30 16:32:16,768 - ---
2025-05-30 16:33:05,667 - ---
2025-05-30 16:33:05,667 - Epoch 050/100
2025-05-30 16:33:05,667 - Train Loss: 0.4178, Train Acc: 0.7975, Train F1: 0.7805
2025-05-30 16:33:05,667 - Val Loss: 0.6016, Val Acc: 0.7806, Val F1: 0.7572
2025-05-30 16:33:05,667 - ---
2025-05-30 16:33:54,709 - ---
2025-05-30 16:33:54,709 - Epoch 051/100
2025-05-30 16:33:54,710 - Train Loss: 0.4235, Train Acc: 0.8006, Train F1: 0.7826
2025-05-30 16:33:54,710 - Val Loss: 1.0708, Val Acc: 0.6484, Val F1: 0.5477
2025-05-30 16:33:54,710 - ---
2025-05-30 16:34:43,810 - ---
2025-05-30 16:34:43,810 - Epoch 052/100
2025-05-30 16:34:43,810 - Train Loss: 0.4172, Train Acc: 0.8011, Train F1: 0.7846
2025-05-30 16:34:43,811 - Val Loss: 1.7560, Val Acc: 0.5938, Val F1: 0.5311
2025-05-30 16:34:43,811 - ---
2025-05-30 16:35:33,141 - ---
2025-05-30 16:35:33,142 - Epoch 053/100
2025-05-30 16:35:33,142 - Train Loss: 0.4110, Train Acc: 0.8075, Train F1: 0.7934
2025-05-30 16:35:33,142 - Val Loss: 1.0359, Val Acc: 0.6582, Val F1: 0.6059
2025-05-30 16:35:33,142 - ---
2025-05-30 16:36:22,371 - ---
2025-05-30 16:36:22,372 - Epoch 054/100
2025-05-30 16:36:22,372 - Train Loss: 0.4089, Train Acc: 0.8073, Train F1: 0.7912
2025-05-30 16:36:22,372 - Val Loss: 0.5159, Val Acc: 0.7975, Val F1: 0.7800
2025-05-30 16:36:22,372 - ---
2025-05-30 16:37:11,397 - ---
2025-05-30 16:37:11,397 - Epoch 055/100
2025-05-30 16:37:11,397 - Train Loss: 0.4180, Train Acc: 0.7993, Train F1: 0.7808
2025-05-30 16:37:11,397 - Val Loss: 1.0324, Val Acc: 0.6882, Val F1: 0.6552
2025-05-30 16:37:11,397 - ---
2025-05-30 16:38:00,399 - ---
2025-05-30 16:38:00,400 - Epoch 056/100
2025-05-30 16:38:00,400 - Train Loss: 0.4102, Train Acc: 0.8086, Train F1: 0.7937
2025-05-30 16:38:00,400 - Val Loss: 0.5276, Val Acc: 0.7969, Val F1: 0.7900
2025-05-30 16:38:00,400 - ---
2025-05-30 16:38:49,297 - ---
2025-05-30 16:38:49,298 - Epoch 057/100
2025-05-30 16:38:49,298 - Train Loss: 0.4102, Train Acc: 0.8065, Train F1: 0.7894
2025-05-30 16:38:49,298 - Val Loss: 0.7312, Val Acc: 0.7507, Val F1: 0.7147
2025-05-30 16:38:49,298 - ---
2025-05-30 16:39:38,335 - ---
2025-05-30 16:39:38,335 - Epoch 058/100
2025-05-30 16:39:38,335 - Train Loss: 0.3893, Train Acc: 0.8114, Train F1: 0.7998
2025-05-30 16:39:38,335 - Val Loss: 1.0947, Val Acc: 0.6621, Val F1: 0.6560
2025-05-30 16:39:38,335 - ---
2025-05-30 16:40:27,408 - ---
2025-05-30 16:40:27,408 - Epoch 059/100
2025-05-30 16:40:27,408 - Train Loss: 0.3914, Train Acc: 0.8115, Train F1: 0.7963
2025-05-30 16:40:27,408 - Val Loss: 0.5293, Val Acc: 0.8040, Val F1: 0.7650
2025-05-30 16:40:27,408 - ---
2025-05-30 16:41:16,755 - ---
2025-05-30 16:41:16,755 - Epoch 060/100
2025-05-30 16:41:16,755 - Train Loss: 0.3975, Train Acc: 0.8127, Train F1: 0.7991
2025-05-30 16:41:16,755 - Val Loss: 0.4803, Val Acc: 0.8151, Val F1: 0.7926
2025-05-30 16:41:16,871 - Best model updated and saved at /kaggle/working/noisy-graph-classification/checkpoints/model_C_best.pth
2025-05-30 16:41:16,871 - ---
2025-05-30 16:42:05,921 - ---
2025-05-30 16:42:05,921 - Epoch 061/100
2025-05-30 16:42:05,921 - Train Loss: 0.3898, Train Acc: 0.8166, Train F1: 0.8034
2025-05-30 16:42:05,921 - Val Loss: 0.5538, Val Acc: 0.7832, Val F1: 0.7533
2025-05-30 16:42:05,921 - ---
2025-05-30 16:42:55,074 - ---
2025-05-30 16:42:55,074 - Epoch 062/100
2025-05-30 16:42:55,074 - Train Loss: 0.3791, Train Acc: 0.8216, Train F1: 0.8082
2025-05-30 16:42:55,074 - Val Loss: 0.6199, Val Acc: 0.7786, Val F1: 0.7685
2025-05-30 16:42:55,074 - ---
2025-05-30 16:43:44,328 - ---
2025-05-30 16:43:44,329 - Epoch 063/100
2025-05-30 16:43:44,329 - Train Loss: 0.3915, Train Acc: 0.8179, Train F1: 0.8055
2025-05-30 16:43:44,329 - Val Loss: 0.5338, Val Acc: 0.7956, Val F1: 0.7764
2025-05-30 16:43:44,329 - ---
2025-05-30 16:44:33,285 - ---
2025-05-30 16:44:33,285 - Epoch 064/100
2025-05-30 16:44:33,285 - Train Loss: 0.3800, Train Acc: 0.8200, Train F1: 0.8074
2025-05-30 16:44:33,286 - Val Loss: 0.5271, Val Acc: 0.7995, Val F1: 0.7868
2025-05-30 16:44:33,286 - ---
2025-05-30 16:45:22,246 - ---
2025-05-30 16:45:22,246 - Epoch 065/100
2025-05-30 16:45:22,246 - Train Loss: 0.3754, Train Acc: 0.8223, Train F1: 0.8126
2025-05-30 16:45:22,246 - Val Loss: 0.5638, Val Acc: 0.8001, Val F1: 0.7776
2025-05-30 16:45:22,246 - ---
2025-05-30 16:46:11,279 - ---
2025-05-30 16:46:11,279 - Epoch 066/100
2025-05-30 16:46:11,279 - Train Loss: 0.3699, Train Acc: 0.8250, Train F1: 0.8121
2025-05-30 16:46:11,279 - Val Loss: 0.5413, Val Acc: 0.8092, Val F1: 0.7924
2025-05-30 16:46:11,279 - ---
2025-05-30 16:47:00,307 - ---
2025-05-30 16:47:00,307 - Epoch 067/100
2025-05-30 16:47:00,307 - Train Loss: 0.3683, Train Acc: 0.8242, Train F1: 0.8116
2025-05-30 16:47:00,308 - Val Loss: 1.2000, Val Acc: 0.6491, Val F1: 0.6185
2025-05-30 16:47:00,308 - ---
2025-05-30 16:47:49,349 - ---
2025-05-30 16:47:49,349 - Epoch 068/100
2025-05-30 16:47:49,349 - Train Loss: 0.3709, Train Acc: 0.8237, Train F1: 0.8146
2025-05-30 16:47:49,349 - Val Loss: 0.7540, Val Acc: 0.7435, Val F1: 0.7285
2025-05-30 16:47:49,349 - ---
2025-05-30 16:48:38,546 - ---
2025-05-30 16:48:38,546 - Epoch 069/100
2025-05-30 16:48:38,546 - Train Loss: 0.3670, Train Acc: 0.8236, Train F1: 0.8136
2025-05-30 16:48:38,546 - Val Loss: 0.6082, Val Acc: 0.7858, Val F1: 0.7590
2025-05-30 16:48:38,546 - ---
2025-05-30 16:49:27,709 - ---
2025-05-30 16:49:27,710 - Epoch 070/100
2025-05-30 16:49:27,710 - Train Loss: 0.3616, Train Acc: 0.8289, Train F1: 0.8180
2025-05-30 16:49:27,710 - Val Loss: 0.6304, Val Acc: 0.7858, Val F1: 0.7538
2025-05-30 16:49:27,710 - ---
2025-05-30 16:50:17,012 - ---
2025-05-30 16:50:17,013 - Epoch 071/100
2025-05-30 16:50:17,013 - Train Loss: 0.3689, Train Acc: 0.8263, Train F1: 0.8153
2025-05-30 16:50:17,013 - Val Loss: 0.5620, Val Acc: 0.7962, Val F1: 0.7635
2025-05-30 16:50:17,013 - ---
2025-05-30 16:51:06,471 - ---
2025-05-30 16:51:06,471 - Epoch 072/100
2025-05-30 16:51:06,471 - Train Loss: 0.3578, Train Acc: 0.8268, Train F1: 0.8186
2025-05-30 16:51:06,471 - Val Loss: 0.6399, Val Acc: 0.7702, Val F1: 0.7302
2025-05-30 16:51:06,471 - ---
2025-05-30 16:51:56,187 - ---
2025-05-30 16:51:56,187 - Epoch 073/100
2025-05-30 16:51:56,187 - Train Loss: 0.3478, Train Acc: 0.8337, Train F1: 0.8265
2025-05-30 16:51:56,187 - Val Loss: 0.5682, Val Acc: 0.7962, Val F1: 0.7795
2025-05-30 16:51:56,187 - ---
2025-05-30 16:52:45,663 - ---
2025-05-30 16:52:45,663 - Epoch 074/100
2025-05-30 16:52:45,663 - Train Loss: 0.3576, Train Acc: 0.8289, Train F1: 0.8190
2025-05-30 16:52:45,663 - Val Loss: 1.1193, Val Acc: 0.6582, Val F1: 0.6549
2025-05-30 16:52:45,663 - ---
2025-05-30 16:53:34,974 - ---
2025-05-30 16:53:34,975 - Epoch 075/100
2025-05-30 16:53:34,975 - Train Loss: 0.3504, Train Acc: 0.8309, Train F1: 0.8215
2025-05-30 16:53:34,975 - Val Loss: 30.1422, Val Acc: 0.1100, Val F1: 0.0569
2025-05-30 16:53:34,975 - ---
2025-05-30 16:54:24,117 - ---
2025-05-30 16:54:24,118 - Epoch 076/100
2025-05-30 16:54:24,118 - Train Loss: 0.3543, Train Acc: 0.8283, Train F1: 0.8193
2025-05-30 16:54:24,118 - Val Loss: 0.5357, Val Acc: 0.7995, Val F1: 0.7907
2025-05-30 16:54:24,118 - ---
2025-05-30 16:55:13,245 - ---
2025-05-30 16:55:13,246 - Epoch 077/100
2025-05-30 16:55:13,246 - Train Loss: 0.3426, Train Acc: 0.8311, Train F1: 0.8227
2025-05-30 16:55:13,246 - Val Loss: 0.4980, Val Acc: 0.8190, Val F1: 0.7973
2025-05-30 16:55:13,365 - Best model updated and saved at /kaggle/working/noisy-graph-classification/checkpoints/model_C_best.pth
2025-05-30 16:55:13,365 - ---
2025-05-30 16:56:02,668 - ---
2025-05-30 16:56:02,668 - Epoch 078/100
2025-05-30 16:56:02,668 - Train Loss: 0.3441, Train Acc: 0.8337, Train F1: 0.8247
2025-05-30 16:56:02,668 - Val Loss: 0.5315, Val Acc: 0.8164, Val F1: 0.7898
2025-05-30 16:56:02,668 - ---
2025-05-30 16:56:52,114 - ---
2025-05-30 16:56:52,114 - Epoch 079/100
2025-05-30 16:56:52,115 - Train Loss: 0.3494, Train Acc: 0.8335, Train F1: 0.8254
2025-05-30 16:56:52,115 - Val Loss: 0.5300, Val Acc: 0.8079, Val F1: 0.7898
2025-05-30 16:56:52,115 - ---
2025-05-30 16:57:42,131 - ---
2025-05-30 16:57:42,131 - Epoch 080/100
2025-05-30 16:57:42,131 - Train Loss: 0.3416, Train Acc: 0.8359, Train F1: 0.8269
2025-05-30 16:57:42,132 - Val Loss: 2.1063, Val Acc: 0.5371, Val F1: 0.5271
2025-05-30 16:57:42,132 - ---
2025-05-30 16:58:32,436 - ---
2025-05-30 16:58:32,436 - Epoch 081/100
2025-05-30 16:58:32,437 - Train Loss: 0.3547, Train Acc: 0.8298, Train F1: 0.8255
2025-05-30 16:58:32,437 - Val Loss: 0.4883, Val Acc: 0.8262, Val F1: 0.8059
2025-05-30 16:58:32,558 - Best model updated and saved at /kaggle/working/noisy-graph-classification/checkpoints/model_C_best.pth
2025-05-30 16:58:32,559 - ---
2025-05-30 16:59:21,912 - ---
2025-05-30 16:59:21,912 - Epoch 082/100
2025-05-30 16:59:21,912 - Train Loss: 0.3390, Train Acc: 0.8395, Train F1: 0.8322
2025-05-30 16:59:21,912 - Val Loss: 1.3314, Val Acc: 0.6647, Val F1: 0.5213
2025-05-30 16:59:21,912 - ---
2025-05-30 17:00:11,222 - ---
2025-05-30 17:00:11,223 - Epoch 083/100
2025-05-30 17:00:11,223 - Train Loss: 0.3412, Train Acc: 0.8327, Train F1: 0.8261
2025-05-30 17:00:11,223 - Val Loss: 0.5200, Val Acc: 0.8145, Val F1: 0.7878
2025-05-30 17:00:11,223 - ---
2025-05-30 17:01:00,800 - ---
2025-05-30 17:01:00,800 - Epoch 084/100
2025-05-30 17:01:00,800 - Train Loss: 0.3316, Train Acc: 0.8377, Train F1: 0.8320
2025-05-30 17:01:00,800 - Val Loss: 0.4161, Val Acc: 0.8451, Val F1: 0.8313
2025-05-30 17:01:00,933 - Best model updated and saved at /kaggle/working/noisy-graph-classification/checkpoints/model_C_best.pth
2025-05-30 17:01:00,934 - ---
2025-05-30 17:01:51,086 - ---
2025-05-30 17:01:51,086 - Epoch 085/100
2025-05-30 17:01:51,086 - Train Loss: 0.3317, Train Acc: 0.8405, Train F1: 0.8333
2025-05-30 17:01:51,086 - Val Loss: 0.4811, Val Acc: 0.8275, Val F1: 0.8041
2025-05-30 17:01:51,086 - ---
2025-05-30 17:02:40,836 - ---
2025-05-30 17:02:40,836 - Epoch 086/100
2025-05-30 17:02:40,836 - Train Loss: 0.3381, Train Acc: 0.8359, Train F1: 0.8280
2025-05-30 17:02:40,836 - Val Loss: 0.5572, Val Acc: 0.7975, Val F1: 0.7809
2025-05-30 17:02:40,836 - ---
2025-05-30 17:03:30,432 - ---
2025-05-30 17:03:30,432 - Epoch 087/100
2025-05-30 17:03:30,432 - Train Loss: 0.3249, Train Acc: 0.8413, Train F1: 0.8340
2025-05-30 17:03:30,432 - Val Loss: 0.5302, Val Acc: 0.8125, Val F1: 0.7836
2025-05-30 17:03:30,432 - ---
2025-05-30 17:04:19,692 - ---
2025-05-30 17:04:19,693 - Epoch 088/100
2025-05-30 17:04:19,693 - Train Loss: 0.3347, Train Acc: 0.8403, Train F1: 0.8390
2025-05-30 17:04:19,693 - Val Loss: 0.7630, Val Acc: 0.7350, Val F1: 0.7020
2025-05-30 17:04:19,693 - ---
2025-05-30 17:05:08,434 - ---
2025-05-30 17:05:08,434 - Epoch 089/100
2025-05-30 17:05:08,434 - Train Loss: 0.3402, Train Acc: 0.8405, Train F1: 0.8319
2025-05-30 17:05:08,434 - Val Loss: 0.6050, Val Acc: 0.7884, Val F1: 0.7498
2025-05-30 17:05:08,434 - ---
2025-05-30 17:05:58,018 - ---
2025-05-30 17:05:58,019 - Epoch 090/100
2025-05-30 17:05:58,019 - Train Loss: 0.3323, Train Acc: 0.8405, Train F1: 0.8346
2025-05-30 17:05:58,019 - Val Loss: 0.5668, Val Acc: 0.7995, Val F1: 0.7838
2025-05-30 17:05:58,019 - ---
2025-05-30 17:06:47,399 - ---
2025-05-30 17:06:47,399 - Epoch 091/100
2025-05-30 17:06:47,399 - Train Loss: 0.3266, Train Acc: 0.8413, Train F1: 0.8374
2025-05-30 17:06:47,399 - Val Loss: 0.6083, Val Acc: 0.7956, Val F1: 0.7689
2025-05-30 17:06:47,399 - ---
2025-05-30 17:07:37,461 - ---
2025-05-30 17:07:37,461 - Epoch 092/100
2025-05-30 17:07:37,461 - Train Loss: 0.3236, Train Acc: 0.8433, Train F1: 0.8382
2025-05-30 17:07:37,461 - Val Loss: 0.5195, Val Acc: 0.8125, Val F1: 0.7940
2025-05-30 17:07:37,462 - ---
2025-05-30 17:08:27,218 - ---
2025-05-30 17:08:27,218 - Epoch 093/100
2025-05-30 17:08:27,218 - Train Loss: 0.3242, Train Acc: 0.8438, Train F1: 0.8412
2025-05-30 17:08:27,218 - Val Loss: 0.6382, Val Acc: 0.7832, Val F1: 0.7711
2025-05-30 17:08:27,218 - ---
2025-05-30 17:09:17,151 - ---
2025-05-30 17:09:17,151 - Epoch 094/100
2025-05-30 17:09:17,151 - Train Loss: 0.3114, Train Acc: 0.8485, Train F1: 0.8459
2025-05-30 17:09:17,151 - Val Loss: 0.7398, Val Acc: 0.7695, Val F1: 0.7437
2025-05-30 17:09:17,152 - ---
2025-05-30 17:10:06,662 - ---
2025-05-30 17:10:06,662 - Epoch 095/100
2025-05-30 17:10:06,662 - Train Loss: 0.3274, Train Acc: 0.8413, Train F1: 0.8349
2025-05-30 17:10:06,662 - Val Loss: 0.6665, Val Acc: 0.7643, Val F1: 0.7049
2025-05-30 17:10:06,662 - ---
2025-05-30 17:10:55,920 - ---
2025-05-30 17:10:55,920 - Epoch 096/100
2025-05-30 17:10:55,920 - Train Loss: 0.3186, Train Acc: 0.8454, Train F1: 0.8424
2025-05-30 17:10:55,920 - Val Loss: 0.5843, Val Acc: 0.7962, Val F1: 0.7727
2025-05-30 17:10:55,920 - ---
2025-05-30 17:11:45,181 - ---
2025-05-30 17:11:45,181 - Epoch 097/100
2025-05-30 17:11:45,181 - Train Loss: 0.3268, Train Acc: 0.8457, Train F1: 0.8394
2025-05-30 17:11:45,181 - Val Loss: 0.4634, Val Acc: 0.8216, Val F1: 0.8046
2025-05-30 17:11:45,181 - ---
2025-05-30 17:12:34,439 - ---
2025-05-30 17:12:34,439 - Epoch 098/100
2025-05-30 17:12:34,439 - Train Loss: 0.3105, Train Acc: 0.8499, Train F1: 0.8470
2025-05-30 17:12:34,439 - Val Loss: 0.5823, Val Acc: 0.7826, Val F1: 0.7546
2025-05-30 17:12:34,439 - ---
2025-05-30 17:13:23,589 - ---
2025-05-30 17:13:23,589 - Epoch 099/100
2025-05-30 17:13:23,589 - Train Loss: 0.3245, Train Acc: 0.8444, Train F1: 0.8416
2025-05-30 17:13:23,589 - Val Loss: 0.6104, Val Acc: 0.7839, Val F1: 0.7827
2025-05-30 17:13:23,589 - ---
2025-05-30 17:14:12,599 - ---
2025-05-30 17:14:12,600 - Epoch 100/100
2025-05-30 17:14:12,600 - Train Loss: 0.3089, Train Acc: 0.8460, Train F1: 0.8432
2025-05-30 17:14:12,600 - Val Loss: 0.4598, Val Acc: 0.8385, Val F1: 0.8254
2025-05-30 17:14:12,600 - ---
