2025-05-28 08:05:30,248 - ---
2025-05-28 08:05:30,248 - Epoch 001/100
2025-05-28 08:05:30,248 - Train Loss: 1.3165, Train Acc: 0.3729, Train F1: 0.1414
2025-05-28 08:05:30,248 - Val Loss: 1.5764, Val Acc: 0.4043, Val F1: 0.0960
2025-05-28 08:05:30,300 - Best model updated and saved at /kaggle/working/noisy-graph-classification/checkpoints/model_C_best.pth
2025-05-28 08:05:30,300 - ---
2025-05-28 08:06:22,371 - ---
2025-05-28 08:06:22,371 - Epoch 002/100
2025-05-28 08:06:22,371 - Train Loss: 1.2022, Train Acc: 0.4126, Train F1: 0.1680
2025-05-28 08:06:22,371 - Val Loss: 1.4665, Val Acc: 0.4193, Val F1: 0.1443
2025-05-28 08:06:22,456 - Best model updated and saved at /kaggle/working/noisy-graph-classification/checkpoints/model_C_best.pth
2025-05-28 08:06:22,456 - ---
2025-05-28 08:07:14,362 - ---
2025-05-28 08:07:14,363 - Epoch 003/100
2025-05-28 08:07:14,363 - Train Loss: 1.1728, Train Acc: 0.4201, Train F1: 0.1929
2025-05-28 08:07:14,363 - Val Loss: 1.4888, Val Acc: 0.3900, Val F1: 0.1612
2025-05-28 08:07:14,363 - ---
2025-05-28 08:08:06,189 - ---
2025-05-28 08:08:06,189 - Epoch 004/100
2025-05-28 08:08:06,190 - Train Loss: 1.1403, Train Acc: 0.4344, Train F1: 0.2321
2025-05-28 08:08:06,190 - Val Loss: 1.4380, Val Acc: 0.4167, Val F1: 0.1882
2025-05-28 08:08:06,190 - ---
2025-05-28 08:08:58,145 - ---
2025-05-28 08:08:58,145 - Epoch 005/100
2025-05-28 08:08:58,145 - Train Loss: 1.1086, Train Acc: 0.4414, Train F1: 0.2474
2025-05-28 08:08:58,145 - Val Loss: 1.4856, Val Acc: 0.4388, Val F1: 0.2116
2025-05-28 08:08:58,214 - Best model updated and saved at /kaggle/working/noisy-graph-classification/checkpoints/model_C_best.pth
2025-05-28 08:08:58,214 - ---
2025-05-28 08:09:50,118 - ---
2025-05-28 08:09:50,118 - Epoch 006/100
2025-05-28 08:09:50,118 - Train Loss: 1.0718, Train Acc: 0.4681, Train F1: 0.3033
2025-05-28 08:09:50,118 - Val Loss: 1.2621, Val Acc: 0.4922, Val F1: 0.3441
2025-05-28 08:09:50,190 - Best model updated and saved at /kaggle/working/noisy-graph-classification/checkpoints/model_C_best.pth
2025-05-28 08:09:50,190 - ---
2025-05-28 08:10:42,191 - ---
2025-05-28 08:10:42,191 - Epoch 007/100
2025-05-28 08:10:42,191 - Train Loss: 1.0259, Train Acc: 0.4917, Train F1: 0.3321
2025-05-28 08:10:42,192 - Val Loss: 1.4636, Val Acc: 0.4753, Val F1: 0.2580
2025-05-28 08:10:42,192 - ---
2025-05-28 08:11:34,057 - ---
2025-05-28 08:11:34,057 - Epoch 008/100
2025-05-28 08:11:34,057 - Train Loss: 0.9755, Train Acc: 0.5249, Train F1: 0.3826
2025-05-28 08:11:34,057 - Val Loss: 1.3791, Val Acc: 0.4922, Val F1: 0.2876
2025-05-28 08:11:34,057 - ---
2025-05-28 08:12:26,294 - ---
2025-05-28 08:12:26,294 - Epoch 009/100
2025-05-28 08:12:26,294 - Train Loss: 0.9359, Train Acc: 0.5465, Train F1: 0.4111
2025-05-28 08:12:26,295 - Val Loss: 1.1582, Val Acc: 0.5697, Val F1: 0.3789
2025-05-28 08:12:26,368 - Best model updated and saved at /kaggle/working/noisy-graph-classification/checkpoints/model_C_best.pth
2025-05-28 08:12:26,368 - ---
2025-05-28 08:13:18,563 - ---
2025-05-28 08:13:18,563 - Epoch 010/100
2025-05-28 08:13:18,563 - Train Loss: 0.8947, Train Acc: 0.5656, Train F1: 0.4370
2025-05-28 08:13:18,564 - Val Loss: 1.2268, Val Acc: 0.5234, Val F1: 0.3357
2025-05-28 08:13:18,564 - ---
2025-05-28 08:14:10,434 - ---
2025-05-28 08:14:10,435 - Epoch 011/100
2025-05-28 08:14:10,435 - Train Loss: 0.8458, Train Acc: 0.5874, Train F1: 0.4630
2025-05-28 08:14:10,435 - Val Loss: 1.0168, Val Acc: 0.6146, Val F1: 0.4868
2025-05-28 08:14:10,506 - Best model updated and saved at /kaggle/working/noisy-graph-classification/checkpoints/model_C_best.pth
2025-05-28 08:14:10,506 - ---
2025-05-28 08:15:02,059 - ---
2025-05-28 08:15:02,059 - Epoch 012/100
2025-05-28 08:15:02,060 - Train Loss: 0.8156, Train Acc: 0.6121, Train F1: 0.5016
2025-05-28 08:15:02,060 - Val Loss: 1.1380, Val Acc: 0.5736, Val F1: 0.4569
2025-05-28 08:15:02,060 - ---
2025-05-28 08:15:53,704 - ---
2025-05-28 08:15:53,704 - Epoch 013/100
2025-05-28 08:15:53,704 - Train Loss: 0.7711, Train Acc: 0.6261, Train F1: 0.5152
2025-05-28 08:15:53,704 - Val Loss: 1.3813, Val Acc: 0.5221, Val F1: 0.3480
2025-05-28 08:15:53,704 - ---
2025-05-28 08:16:45,442 - ---
2025-05-28 08:16:45,442 - Epoch 014/100
2025-05-28 08:16:45,442 - Train Loss: 0.7452, Train Acc: 0.6374, Train F1: 0.5340
2025-05-28 08:16:45,442 - Val Loss: 0.9798, Val Acc: 0.6113, Val F1: 0.4990
2025-05-28 08:16:45,442 - ---
2025-05-28 08:17:37,383 - ---
2025-05-28 08:17:37,383 - Epoch 015/100
2025-05-28 08:17:37,383 - Train Loss: 0.7161, Train Acc: 0.6527, Train F1: 0.5701
2025-05-28 08:17:37,384 - Val Loss: 0.8437, Val Acc: 0.6602, Val F1: 0.5718
2025-05-28 08:17:37,459 - Best model updated and saved at /kaggle/working/noisy-graph-classification/checkpoints/model_C_best.pth
2025-05-28 08:17:37,459 - ---
2025-05-28 08:18:29,531 - ---
2025-05-28 08:18:29,531 - Epoch 016/100
2025-05-28 08:18:29,531 - Train Loss: 0.6901, Train Acc: 0.6698, Train F1: 0.5866
2025-05-28 08:18:29,531 - Val Loss: 1.2223, Val Acc: 0.5404, Val F1: 0.3892
2025-05-28 08:18:29,532 - ---
2025-05-28 08:19:21,467 - ---
2025-05-28 08:19:21,467 - Epoch 017/100
2025-05-28 08:19:21,467 - Train Loss: 0.6672, Train Acc: 0.6829, Train F1: 0.6132
2025-05-28 08:19:21,467 - Val Loss: 1.6937, Val Acc: 0.4779, Val F1: 0.2533
2025-05-28 08:19:21,468 - ---
2025-05-28 08:20:13,514 - ---
2025-05-28 08:20:13,514 - Epoch 018/100
2025-05-28 08:20:13,514 - Train Loss: 0.6418, Train Acc: 0.6841, Train F1: 0.6166
2025-05-28 08:20:13,514 - Val Loss: 0.9258, Val Acc: 0.6517, Val F1: 0.5652
2025-05-28 08:20:13,514 - ---
2025-05-28 08:21:05,351 - ---
2025-05-28 08:21:05,351 - Epoch 019/100
2025-05-28 08:21:05,352 - Train Loss: 0.6143, Train Acc: 0.7127, Train F1: 0.6562
2025-05-28 08:21:05,352 - Val Loss: 1.1460, Val Acc: 0.5905, Val F1: 0.4967
2025-05-28 08:21:05,352 - ---
2025-05-28 08:21:57,953 - ---
2025-05-28 08:21:57,954 - Epoch 020/100
2025-05-28 08:21:57,954 - Train Loss: 0.5998, Train Acc: 0.7127, Train F1: 0.6615
2025-05-28 08:21:57,954 - Val Loss: 0.7060, Val Acc: 0.7064, Val F1: 0.6911
2025-05-28 08:21:58,027 - Best model updated and saved at /kaggle/working/noisy-graph-classification/checkpoints/model_C_best.pth
2025-05-28 08:21:58,027 - ---
2025-05-28 08:22:49,698 - ---
2025-05-28 08:22:49,698 - Epoch 021/100
2025-05-28 08:22:49,699 - Train Loss: 0.5754, Train Acc: 0.7249, Train F1: 0.6831
2025-05-28 08:22:49,699 - Val Loss: 1.3636, Val Acc: 0.5579, Val F1: 0.4141
2025-05-28 08:22:49,699 - ---
2025-05-28 08:23:41,395 - ---
2025-05-28 08:23:41,395 - Epoch 022/100
2025-05-28 08:23:41,395 - Train Loss: 0.5614, Train Acc: 0.7371, Train F1: 0.6935
2025-05-28 08:23:41,395 - Val Loss: 0.6259, Val Acc: 0.7507, Val F1: 0.7178
2025-05-28 08:23:41,480 - Best model updated and saved at /kaggle/working/noisy-graph-classification/checkpoints/model_C_best.pth
2025-05-28 08:23:41,480 - ---
2025-05-28 08:24:33,249 - ---
2025-05-28 08:24:33,250 - Epoch 023/100
2025-05-28 08:24:33,250 - Train Loss: 0.5418, Train Acc: 0.7381, Train F1: 0.6996
2025-05-28 08:24:33,250 - Val Loss: 0.7204, Val Acc: 0.7337, Val F1: 0.6519
2025-05-28 08:24:33,250 - ---
2025-05-28 08:25:24,808 - ---
2025-05-28 08:25:24,809 - Epoch 024/100
2025-05-28 08:25:24,809 - Train Loss: 0.5242, Train Acc: 0.7487, Train F1: 0.7151
2025-05-28 08:25:24,809 - Val Loss: 0.6132, Val Acc: 0.7702, Val F1: 0.7403
2025-05-28 08:25:24,880 - Best model updated and saved at /kaggle/working/noisy-graph-classification/checkpoints/model_C_best.pth
2025-05-28 08:25:24,880 - ---
2025-05-28 08:26:16,529 - ---
2025-05-28 08:26:16,529 - Epoch 025/100
2025-05-28 08:26:16,529 - Train Loss: 0.5144, Train Acc: 0.7528, Train F1: 0.7168
2025-05-28 08:26:16,529 - Val Loss: 0.6747, Val Acc: 0.7409, Val F1: 0.6975
2025-05-28 08:26:16,529 - ---
2025-05-28 08:27:08,061 - ---
2025-05-28 08:27:08,061 - Epoch 026/100
2025-05-28 08:27:08,062 - Train Loss: 0.5161, Train Acc: 0.7526, Train F1: 0.7161
2025-05-28 08:27:08,062 - Val Loss: 0.6259, Val Acc: 0.7546, Val F1: 0.7271
2025-05-28 08:27:08,062 - ---
2025-05-28 08:28:00,398 - ---
2025-05-28 08:28:00,399 - Epoch 027/100
2025-05-28 08:28:00,399 - Train Loss: 0.4936, Train Acc: 0.7596, Train F1: 0.7326
2025-05-28 08:28:00,399 - Val Loss: 0.5806, Val Acc: 0.7741, Val F1: 0.7645
2025-05-28 08:28:00,472 - Best model updated and saved at /kaggle/working/noisy-graph-classification/checkpoints/model_C_best.pth
2025-05-28 08:28:00,472 - ---
2025-05-28 08:28:52,777 - ---
2025-05-28 08:28:52,777 - Epoch 028/100
2025-05-28 08:28:52,777 - Train Loss: 0.4702, Train Acc: 0.7770, Train F1: 0.7528
2025-05-28 08:28:52,777 - Val Loss: 0.6437, Val Acc: 0.7402, Val F1: 0.7293
2025-05-28 08:28:52,778 - ---
2025-05-28 08:29:44,602 - ---
2025-05-28 08:29:44,602 - Epoch 029/100
2025-05-28 08:29:44,602 - Train Loss: 0.4808, Train Acc: 0.7700, Train F1: 0.7433
2025-05-28 08:29:44,602 - Val Loss: 0.5813, Val Acc: 0.7812, Val F1: 0.7596
2025-05-28 08:29:44,678 - Best model updated and saved at /kaggle/working/noisy-graph-classification/checkpoints/model_C_best.pth
2025-05-28 08:29:44,678 - ---
2025-05-28 08:30:36,694 - ---
2025-05-28 08:30:36,695 - Epoch 030/100
2025-05-28 08:30:36,695 - Train Loss: 0.4604, Train Acc: 0.7795, Train F1: 0.7537
2025-05-28 08:30:36,695 - Val Loss: 0.6900, Val Acc: 0.7305, Val F1: 0.6710
2025-05-28 08:30:36,695 - ---
2025-05-28 08:31:28,072 - ---
2025-05-28 08:31:28,072 - Epoch 031/100
2025-05-28 08:31:28,073 - Train Loss: 0.4778, Train Acc: 0.7731, Train F1: 0.7490
2025-05-28 08:31:28,073 - Val Loss: 0.7926, Val Acc: 0.7142, Val F1: 0.6293
2025-05-28 08:31:28,073 - ---
2025-05-28 08:32:19,955 - ---
2025-05-28 08:32:19,956 - Epoch 032/100
2025-05-28 08:32:19,956 - Train Loss: 0.4544, Train Acc: 0.7827, Train F1: 0.7600
2025-05-28 08:32:19,956 - Val Loss: 0.6632, Val Acc: 0.7350, Val F1: 0.7243
2025-05-28 08:32:19,956 - ---
2025-05-28 08:33:11,661 - ---
2025-05-28 08:33:11,661 - Epoch 033/100
2025-05-28 08:33:11,661 - Train Loss: 0.4525, Train Acc: 0.7868, Train F1: 0.7635
2025-05-28 08:33:11,662 - Val Loss: 0.8359, Val Acc: 0.6973, Val F1: 0.5901
2025-05-28 08:33:11,662 - ---
2025-05-28 08:34:03,230 - ---
2025-05-28 08:34:03,231 - Epoch 034/100
2025-05-28 08:34:03,231 - Train Loss: 0.4354, Train Acc: 0.7892, Train F1: 0.7699
2025-05-28 08:34:03,231 - Val Loss: 0.5370, Val Acc: 0.7897, Val F1: 0.7642
2025-05-28 08:34:03,309 - Best model updated and saved at /kaggle/working/noisy-graph-classification/checkpoints/model_C_best.pth
2025-05-28 08:34:03,309 - ---
2025-05-28 08:34:55,040 - ---
2025-05-28 08:34:55,040 - Epoch 035/100
2025-05-28 08:34:55,041 - Train Loss: 0.4255, Train Acc: 0.7933, Train F1: 0.7763
2025-05-28 08:34:55,041 - Val Loss: 0.6059, Val Acc: 0.7786, Val F1: 0.7446
2025-05-28 08:34:55,041 - ---
2025-05-28 08:35:46,525 - ---
2025-05-28 08:35:46,526 - Epoch 036/100
2025-05-28 08:35:46,526 - Train Loss: 0.4282, Train Acc: 0.7949, Train F1: 0.7720
2025-05-28 08:35:46,526 - Val Loss: 1.1205, Val Acc: 0.6484, Val F1: 0.5598
2025-05-28 08:35:46,526 - ---
2025-05-28 08:36:38,434 - ---
2025-05-28 08:36:38,434 - Epoch 037/100
2025-05-28 08:36:38,434 - Train Loss: 0.4098, Train Acc: 0.8037, Train F1: 0.7900
2025-05-28 08:36:38,434 - Val Loss: 0.7581, Val Acc: 0.7194, Val F1: 0.6715
2025-05-28 08:36:38,434 - ---
2025-05-28 08:37:30,270 - ---
2025-05-28 08:37:30,270 - Epoch 038/100
2025-05-28 08:37:30,270 - Train Loss: 0.4288, Train Acc: 0.7909, Train F1: 0.7693
2025-05-28 08:37:30,270 - Val Loss: 1.5647, Val Acc: 0.5501, Val F1: 0.4009
2025-05-28 08:37:30,270 - ---
2025-05-28 08:38:22,764 - ---
2025-05-28 08:38:22,764 - Epoch 039/100
2025-05-28 08:38:22,764 - Train Loss: 0.4083, Train Acc: 0.8024, Train F1: 0.7846
2025-05-28 08:38:22,764 - Val Loss: 0.5954, Val Acc: 0.7891, Val F1: 0.7544
2025-05-28 08:38:22,764 - ---
2025-05-28 08:39:14,955 - ---
2025-05-28 08:39:14,955 - Epoch 040/100
2025-05-28 08:39:14,955 - Train Loss: 0.4169, Train Acc: 0.7985, Train F1: 0.7780
2025-05-28 08:39:14,955 - Val Loss: 0.5239, Val Acc: 0.7975, Val F1: 0.7695
2025-05-28 08:39:15,032 - Best model updated and saved at /kaggle/working/noisy-graph-classification/checkpoints/model_C_best.pth
2025-05-28 08:39:15,032 - ---
2025-05-28 08:40:07,377 - ---
2025-05-28 08:40:07,377 - Epoch 041/100
2025-05-28 08:40:07,377 - Train Loss: 0.4028, Train Acc: 0.8076, Train F1: 0.7945
2025-05-28 08:40:07,377 - Val Loss: 0.7975, Val Acc: 0.7174, Val F1: 0.6526
2025-05-28 08:40:07,377 - ---
2025-05-28 08:40:59,244 - ---
2025-05-28 08:40:59,244 - Epoch 042/100
2025-05-28 08:40:59,244 - Train Loss: 0.4020, Train Acc: 0.8115, Train F1: 0.7964
2025-05-28 08:40:59,244 - Val Loss: 0.8729, Val Acc: 0.7012, Val F1: 0.5766
2025-05-28 08:40:59,244 - ---
2025-05-28 08:41:50,857 - ---
2025-05-28 08:41:50,857 - Epoch 043/100
2025-05-28 08:41:50,857 - Train Loss: 0.4033, Train Acc: 0.8044, Train F1: 0.7851
2025-05-28 08:41:50,857 - Val Loss: 0.5102, Val Acc: 0.8073, Val F1: 0.7843
2025-05-28 08:41:50,944 - Best model updated and saved at /kaggle/working/noisy-graph-classification/checkpoints/model_C_best.pth
2025-05-28 08:41:50,944 - ---
2025-05-28 08:42:42,899 - ---
2025-05-28 08:42:42,899 - Epoch 044/100
2025-05-28 08:42:42,899 - Train Loss: 0.4005, Train Acc: 0.8075, Train F1: 0.7916
2025-05-28 08:42:42,899 - Val Loss: 0.5474, Val Acc: 0.7910, Val F1: 0.7668
2025-05-28 08:42:42,899 - ---
2025-05-28 08:43:35,228 - ---
2025-05-28 08:43:35,228 - Epoch 045/100
2025-05-28 08:43:35,228 - Train Loss: 0.3824, Train Acc: 0.8206, Train F1: 0.8070
2025-05-28 08:43:35,228 - Val Loss: 0.6444, Val Acc: 0.7747, Val F1: 0.7308
2025-05-28 08:43:35,229 - ---
2025-05-28 08:44:27,208 - ---
2025-05-28 08:44:27,208 - Epoch 046/100
2025-05-28 08:44:27,208 - Train Loss: 0.3814, Train Acc: 0.8177, Train F1: 0.8072
2025-05-28 08:44:27,208 - Val Loss: 0.5159, Val Acc: 0.8092, Val F1: 0.7773
2025-05-28 08:44:27,302 - Best model updated and saved at /kaggle/working/noisy-graph-classification/checkpoints/model_C_best.pth
2025-05-28 08:44:27,302 - ---
2025-05-28 08:45:19,242 - ---
2025-05-28 08:45:19,242 - Epoch 047/100
2025-05-28 08:45:19,242 - Train Loss: 0.3865, Train Acc: 0.8109, Train F1: 0.7947
2025-05-28 08:45:19,242 - Val Loss: 0.4896, Val Acc: 0.8086, Val F1: 0.7862
2025-05-28 08:45:19,242 - ---
2025-05-28 08:46:11,044 - ---
2025-05-28 08:46:11,044 - Epoch 048/100
2025-05-28 08:46:11,044 - Train Loss: 0.3752, Train Acc: 0.8182, Train F1: 0.8045
2025-05-28 08:46:11,044 - Val Loss: 0.5791, Val Acc: 0.7832, Val F1: 0.7524
2025-05-28 08:46:11,044 - ---
2025-05-28 08:47:02,932 - ---
2025-05-28 08:47:02,932 - Epoch 049/100
2025-05-28 08:47:02,932 - Train Loss: 0.3827, Train Acc: 0.8149, Train F1: 0.8013
2025-05-28 08:47:02,933 - Val Loss: 0.5001, Val Acc: 0.8047, Val F1: 0.7591
2025-05-28 08:47:02,933 - ---
2025-05-28 08:47:54,996 - ---
2025-05-28 08:47:54,996 - Epoch 050/100
2025-05-28 08:47:54,996 - Train Loss: 0.3701, Train Acc: 0.8200, Train F1: 0.8102
2025-05-28 08:47:54,996 - Val Loss: 0.8893, Val Acc: 0.7012, Val F1: 0.6884
2025-05-28 08:47:54,997 - ---
2025-05-28 08:48:46,802 - ---
2025-05-28 08:48:46,802 - Epoch 051/100
2025-05-28 08:48:46,802 - Train Loss: 0.3652, Train Acc: 0.8228, Train F1: 0.8119
2025-05-28 08:48:46,803 - Val Loss: 0.5053, Val Acc: 0.8060, Val F1: 0.7893
2025-05-28 08:48:46,803 - ---
2025-05-28 08:49:39,123 - ---
2025-05-28 08:49:39,123 - Epoch 052/100
2025-05-28 08:49:39,123 - Train Loss: 0.3690, Train Acc: 0.8239, Train F1: 0.8111
2025-05-28 08:49:39,123 - Val Loss: 0.4560, Val Acc: 0.8262, Val F1: 0.8090
2025-05-28 08:49:39,195 - Best model updated and saved at /kaggle/working/noisy-graph-classification/checkpoints/model_C_best.pth
2025-05-28 08:49:39,195 - ---
2025-05-28 08:50:31,150 - ---
2025-05-28 08:50:31,150 - Epoch 053/100
2025-05-28 08:50:31,150 - Train Loss: 0.3593, Train Acc: 0.8247, Train F1: 0.8132
2025-05-28 08:50:31,150 - Val Loss: 0.6332, Val Acc: 0.7806, Val F1: 0.7558
2025-05-28 08:50:31,150 - ---
2025-05-28 08:51:22,726 - ---
2025-05-28 08:51:22,726 - Epoch 054/100
2025-05-28 08:51:22,726 - Train Loss: 0.3593, Train Acc: 0.8267, Train F1: 0.8144
2025-05-28 08:51:22,726 - Val Loss: 0.5259, Val Acc: 0.8034, Val F1: 0.7745
2025-05-28 08:51:22,726 - ---
2025-05-28 08:52:14,050 - ---
2025-05-28 08:52:14,050 - Epoch 055/100
2025-05-28 08:52:14,050 - Train Loss: 0.3752, Train Acc: 0.8201, Train F1: 0.8051
2025-05-28 08:52:14,050 - Val Loss: 0.4863, Val Acc: 0.8190, Val F1: 0.7968
2025-05-28 08:52:14,050 - ---
2025-05-28 08:53:05,788 - ---
2025-05-28 08:53:05,788 - Epoch 056/100
2025-05-28 08:53:05,789 - Train Loss: 0.3676, Train Acc: 0.8182, Train F1: 0.8067
2025-05-28 08:53:05,789 - Val Loss: 0.5157, Val Acc: 0.8027, Val F1: 0.7818
2025-05-28 08:53:05,789 - ---
2025-05-28 08:53:57,742 - ---
2025-05-28 08:53:57,742 - Epoch 057/100
2025-05-28 08:53:57,742 - Train Loss: 0.3454, Train Acc: 0.8379, Train F1: 0.8297
2025-05-28 08:53:57,743 - Val Loss: 0.5761, Val Acc: 0.7839, Val F1: 0.7657
2025-05-28 08:53:57,743 - ---
2025-05-28 08:54:49,517 - ---
2025-05-28 08:54:49,517 - Epoch 058/100
2025-05-28 08:54:49,517 - Train Loss: 0.3429, Train Acc: 0.8319, Train F1: 0.8208
2025-05-28 08:54:49,518 - Val Loss: 0.5389, Val Acc: 0.8105, Val F1: 0.7777
2025-05-28 08:54:49,518 - ---
2025-05-28 08:55:40,893 - ---
2025-05-28 08:55:40,893 - Epoch 059/100
2025-05-28 08:55:40,893 - Train Loss: 0.3573, Train Acc: 0.8260, Train F1: 0.8152
2025-05-28 08:55:40,893 - Val Loss: 0.6927, Val Acc: 0.7409, Val F1: 0.7332
2025-05-28 08:55:40,894 - ---
2025-05-28 08:56:32,816 - ---
2025-05-28 08:56:32,817 - Epoch 060/100
2025-05-28 08:56:32,817 - Train Loss: 0.3421, Train Acc: 0.8369, Train F1: 0.8281
2025-05-28 08:56:32,817 - Val Loss: 0.7295, Val Acc: 0.7331, Val F1: 0.7157
2025-05-28 08:56:32,817 - ---
2025-05-28 08:57:24,408 - ---
2025-05-28 08:57:24,408 - Epoch 061/100
2025-05-28 08:57:24,408 - Train Loss: 0.3434, Train Acc: 0.8307, Train F1: 0.8207
2025-05-28 08:57:24,408 - Val Loss: 1.3078, Val Acc: 0.6374, Val F1: 0.6088
2025-05-28 08:57:24,409 - ---
2025-05-28 08:58:15,887 - ---
2025-05-28 08:58:15,887 - Epoch 062/100
2025-05-28 08:58:15,887 - Train Loss: 0.3346, Train Acc: 0.8353, Train F1: 0.8258
2025-05-28 08:58:15,887 - Val Loss: 0.5090, Val Acc: 0.8008, Val F1: 0.7583
2025-05-28 08:58:15,887 - ---
2025-05-28 08:59:07,854 - ---
2025-05-28 08:59:07,854 - Epoch 063/100
2025-05-28 08:59:07,854 - Train Loss: 0.3407, Train Acc: 0.8337, Train F1: 0.8242
2025-05-28 08:59:07,855 - Val Loss: 0.4590, Val Acc: 0.8294, Val F1: 0.8060
2025-05-28 08:59:07,940 - Best model updated and saved at /kaggle/working/noisy-graph-classification/checkpoints/model_C_best.pth
2025-05-28 08:59:07,940 - ---
2025-05-28 09:00:00,247 - ---
2025-05-28 09:00:00,247 - Epoch 064/100
2025-05-28 09:00:00,247 - Train Loss: 0.3464, Train Acc: 0.8350, Train F1: 0.8273
2025-05-28 09:00:00,247 - Val Loss: 0.7737, Val Acc: 0.7461, Val F1: 0.6965
2025-05-28 09:00:00,247 - ---
2025-05-28 09:00:52,551 - ---
2025-05-28 09:00:52,551 - Epoch 065/100
2025-05-28 09:00:52,551 - Train Loss: 0.3331, Train Acc: 0.8389, Train F1: 0.8308
2025-05-28 09:00:52,551 - Val Loss: 0.5462, Val Acc: 0.8021, Val F1: 0.7697
2025-05-28 09:00:52,551 - ---
2025-05-28 09:01:45,267 - ---
2025-05-28 09:01:45,268 - Epoch 066/100
2025-05-28 09:01:45,268 - Train Loss: 0.3269, Train Acc: 0.8387, Train F1: 0.8304
2025-05-28 09:01:45,268 - Val Loss: 0.5125, Val Acc: 0.8099, Val F1: 0.7896
2025-05-28 09:01:45,268 - ---
2025-05-28 09:02:38,163 - ---
2025-05-28 09:02:38,163 - Epoch 067/100
2025-05-28 09:02:38,163 - Train Loss: 0.3461, Train Acc: 0.8325, Train F1: 0.8238
2025-05-28 09:02:38,163 - Val Loss: 1.0210, Val Acc: 0.6764, Val F1: 0.6354
2025-05-28 09:02:38,163 - ---
2025-05-28 09:03:30,466 - ---
2025-05-28 09:03:30,466 - Epoch 068/100
2025-05-28 09:03:30,466 - Train Loss: 0.3295, Train Acc: 0.8389, Train F1: 0.8303
2025-05-28 09:03:30,466 - Val Loss: 0.5100, Val Acc: 0.8171, Val F1: 0.7940
2025-05-28 09:03:30,467 - ---
2025-05-28 09:04:22,630 - ---
2025-05-28 09:04:22,630 - Epoch 069/100
2025-05-28 09:04:22,630 - Train Loss: 0.3313, Train Acc: 0.8390, Train F1: 0.8317
2025-05-28 09:04:22,631 - Val Loss: 0.4466, Val Acc: 0.8366, Val F1: 0.8201
2025-05-28 09:04:22,705 - Best model updated and saved at /kaggle/working/noisy-graph-classification/checkpoints/model_C_best.pth
2025-05-28 09:04:22,706 - ---
2025-05-28 09:05:15,074 - ---
2025-05-28 09:05:15,074 - Epoch 070/100
2025-05-28 09:05:15,074 - Train Loss: 0.3226, Train Acc: 0.8424, Train F1: 0.8352
2025-05-28 09:05:15,074 - Val Loss: 0.4757, Val Acc: 0.8184, Val F1: 0.8010
2025-05-28 09:05:15,074 - ---
2025-05-28 09:06:06,745 - ---
2025-05-28 09:06:06,745 - Epoch 071/100
2025-05-28 09:06:06,745 - Train Loss: 0.3358, Train Acc: 0.8340, Train F1: 0.8260
2025-05-28 09:06:06,745 - Val Loss: 0.5272, Val Acc: 0.8027, Val F1: 0.7733
2025-05-28 09:06:06,745 - ---
2025-05-28 09:06:58,713 - ---
2025-05-28 09:06:58,713 - Epoch 072/100
2025-05-28 09:06:58,713 - Train Loss: 0.3263, Train Acc: 0.8398, Train F1: 0.8330
2025-05-28 09:06:58,713 - Val Loss: 0.5208, Val Acc: 0.8118, Val F1: 0.7951
2025-05-28 09:06:58,714 - ---
2025-05-28 09:07:51,261 - ---
2025-05-28 09:07:51,261 - Epoch 073/100
2025-05-28 09:07:51,262 - Train Loss: 0.3320, Train Acc: 0.8366, Train F1: 0.8305
2025-05-28 09:07:51,262 - Val Loss: 0.5006, Val Acc: 0.8073, Val F1: 0.7911
2025-05-28 09:07:51,262 - ---
2025-05-28 09:08:44,243 - ---
2025-05-28 09:08:44,244 - Epoch 074/100
2025-05-28 09:08:44,244 - Train Loss: 0.3236, Train Acc: 0.8402, Train F1: 0.8339
2025-05-28 09:08:44,244 - Val Loss: 0.5490, Val Acc: 0.7923, Val F1: 0.7610
2025-05-28 09:08:44,244 - ---
2025-05-28 09:09:36,993 - ---
2025-05-28 09:09:36,993 - Epoch 075/100
2025-05-28 09:09:36,994 - Train Loss: 0.3292, Train Acc: 0.8392, Train F1: 0.8303
2025-05-28 09:09:36,994 - Val Loss: 0.5286, Val Acc: 0.7962, Val F1: 0.7415
2025-05-28 09:09:36,994 - ---
2025-05-28 09:10:29,630 - ---
2025-05-28 09:10:29,630 - Epoch 076/100
2025-05-28 09:10:29,630 - Train Loss: 0.3175, Train Acc: 0.8421, Train F1: 0.8360
2025-05-28 09:10:29,630 - Val Loss: 0.6305, Val Acc: 0.7747, Val F1: 0.7332
2025-05-28 09:10:29,630 - ---
2025-05-28 09:11:21,907 - ---
2025-05-28 09:11:21,907 - Epoch 077/100
2025-05-28 09:11:21,907 - Train Loss: 0.3155, Train Acc: 0.8429, Train F1: 0.8394
2025-05-28 09:11:21,907 - Val Loss: 0.4868, Val Acc: 0.8216, Val F1: 0.8046
2025-05-28 09:11:21,907 - ---
2025-05-28 09:12:14,740 - ---
2025-05-28 09:12:14,740 - Epoch 078/100
2025-05-28 09:12:14,740 - Train Loss: 0.3123, Train Acc: 0.8490, Train F1: 0.8448
2025-05-28 09:12:14,740 - Val Loss: 0.5780, Val Acc: 0.7799, Val F1: 0.7582
2025-05-28 09:12:14,741 - ---
2025-05-28 09:13:07,072 - ---
2025-05-28 09:13:07,072 - Epoch 079/100
2025-05-28 09:13:07,073 - Train Loss: 0.3175, Train Acc: 0.8455, Train F1: 0.8419
2025-05-28 09:13:07,073 - Val Loss: 0.4877, Val Acc: 0.8073, Val F1: 0.7805
2025-05-28 09:13:07,073 - ---
2025-05-28 09:13:59,621 - ---
2025-05-28 09:13:59,621 - Epoch 080/100
2025-05-28 09:13:59,621 - Train Loss: 0.3012, Train Acc: 0.8514, Train F1: 0.8487
2025-05-28 09:13:59,621 - Val Loss: 0.5988, Val Acc: 0.7975, Val F1: 0.7774
2025-05-28 09:13:59,621 - ---
2025-05-28 09:14:51,874 - ---
2025-05-28 09:14:51,875 - Epoch 081/100
2025-05-28 09:14:51,875 - Train Loss: 0.3158, Train Acc: 0.8467, Train F1: 0.8415
2025-05-28 09:14:51,875 - Val Loss: 0.4508, Val Acc: 0.8346, Val F1: 0.8164
2025-05-28 09:14:51,875 - ---
2025-05-28 09:15:43,782 - ---
2025-05-28 09:15:43,782 - Epoch 082/100
2025-05-28 09:15:43,782 - Train Loss: 0.3191, Train Acc: 0.8464, Train F1: 0.8407
2025-05-28 09:15:43,782 - Val Loss: 0.6358, Val Acc: 0.7832, Val F1: 0.7440
2025-05-28 09:15:43,782 - ---
2025-05-28 09:16:35,570 - ---
2025-05-28 09:16:35,571 - Epoch 083/100
2025-05-28 09:16:35,571 - Train Loss: 0.3092, Train Acc: 0.8475, Train F1: 0.8424
2025-05-28 09:16:35,571 - Val Loss: 0.4040, Val Acc: 0.8464, Val F1: 0.8321
2025-05-28 09:16:35,655 - Best model updated and saved at /kaggle/working/noisy-graph-classification/checkpoints/model_C_best.pth
2025-05-28 09:16:35,656 - ---
2025-05-28 09:17:27,251 - ---
2025-05-28 09:17:27,251 - Epoch 084/100
2025-05-28 09:17:27,251 - Train Loss: 0.3071, Train Acc: 0.8498, Train F1: 0.8499
2025-05-28 09:17:27,252 - Val Loss: 0.6015, Val Acc: 0.7715, Val F1: 0.7583
2025-05-28 09:17:27,252 - ---
2025-05-28 09:18:19,308 - ---
2025-05-28 09:18:19,308 - Epoch 085/100
2025-05-28 09:18:19,308 - Train Loss: 0.3032, Train Acc: 0.8488, Train F1: 0.8445
2025-05-28 09:18:19,308 - Val Loss: 0.6640, Val Acc: 0.7559, Val F1: 0.6979
2025-05-28 09:18:19,309 - ---
2025-05-28 09:19:11,767 - ---
2025-05-28 09:19:11,767 - Epoch 086/100
2025-05-28 09:19:11,767 - Train Loss: 0.2984, Train Acc: 0.8538, Train F1: 0.8506
2025-05-28 09:19:11,768 - Val Loss: 0.4885, Val Acc: 0.8255, Val F1: 0.7991
2025-05-28 09:19:11,768 - ---
2025-05-28 09:20:04,070 - ---
2025-05-28 09:20:04,071 - Epoch 087/100
2025-05-28 09:20:04,071 - Train Loss: 0.2962, Train Acc: 0.8534, Train F1: 0.8510
2025-05-28 09:20:04,071 - Val Loss: 0.4500, Val Acc: 0.8294, Val F1: 0.8152
2025-05-28 09:20:04,071 - ---
2025-05-28 09:20:56,610 - ---
2025-05-28 09:20:56,610 - Epoch 088/100
2025-05-28 09:20:56,610 - Train Loss: 0.2934, Train Acc: 0.8538, Train F1: 0.8534
2025-05-28 09:20:56,610 - Val Loss: 0.4710, Val Acc: 0.8223, Val F1: 0.8046
2025-05-28 09:20:56,611 - ---
2025-05-28 09:21:49,225 - ---
2025-05-28 09:21:49,226 - Epoch 089/100
2025-05-28 09:21:49,226 - Train Loss: 0.2876, Train Acc: 0.8571, Train F1: 0.8566
2025-05-28 09:21:49,226 - Val Loss: 0.5343, Val Acc: 0.7995, Val F1: 0.7710
2025-05-28 09:21:49,226 - ---
2025-05-28 09:22:41,685 - ---
2025-05-28 09:22:41,686 - Epoch 090/100
2025-05-28 09:22:41,686 - Train Loss: 0.3054, Train Acc: 0.8496, Train F1: 0.8480
2025-05-28 09:22:41,686 - Val Loss: 0.5746, Val Acc: 0.7897, Val F1: 0.7522
2025-05-28 09:22:41,686 - ---
2025-05-28 09:23:34,305 - ---
2025-05-28 09:23:34,305 - Epoch 091/100
2025-05-28 09:23:34,305 - Train Loss: 0.2956, Train Acc: 0.8511, Train F1: 0.8513
2025-05-28 09:23:34,306 - Val Loss: 0.7614, Val Acc: 0.7402, Val F1: 0.6930
2025-05-28 09:23:34,306 - ---
2025-05-28 09:24:26,908 - ---
2025-05-28 09:24:26,908 - Epoch 092/100
2025-05-28 09:24:26,908 - Train Loss: 0.2913, Train Acc: 0.8581, Train F1: 0.8559
2025-05-28 09:24:26,908 - Val Loss: 0.4838, Val Acc: 0.8197, Val F1: 0.8025
2025-05-28 09:24:26,908 - ---
2025-05-28 09:25:19,336 - ---
2025-05-28 09:25:19,336 - Epoch 093/100
2025-05-28 09:25:19,336 - Train Loss: 0.2841, Train Acc: 0.8595, Train F1: 0.8597
2025-05-28 09:25:19,336 - Val Loss: 0.4398, Val Acc: 0.8346, Val F1: 0.8319
2025-05-28 09:25:19,336 - ---
2025-05-28 09:26:12,120 - ---
2025-05-28 09:26:12,121 - Epoch 094/100
2025-05-28 09:26:12,121 - Train Loss: 0.2890, Train Acc: 0.8569, Train F1: 0.8548
2025-05-28 09:26:12,121 - Val Loss: 0.5224, Val Acc: 0.8027, Val F1: 0.7760
2025-05-28 09:26:12,121 - ---
2025-05-28 09:27:04,993 - ---
2025-05-28 09:27:04,993 - Epoch 095/100
2025-05-28 09:27:04,993 - Train Loss: 0.2818, Train Acc: 0.8600, Train F1: 0.8585
2025-05-28 09:27:04,993 - Val Loss: 0.5790, Val Acc: 0.7936, Val F1: 0.7519
2025-05-28 09:27:04,993 - ---
2025-05-28 09:27:57,823 - ---
2025-05-28 09:27:57,824 - Epoch 096/100
2025-05-28 09:27:57,824 - Train Loss: 0.2890, Train Acc: 0.8561, Train F1: 0.8560
2025-05-28 09:27:57,824 - Val Loss: 0.4463, Val Acc: 0.8320, Val F1: 0.8224
2025-05-28 09:27:57,824 - ---
2025-05-28 09:28:50,593 - ---
2025-05-28 09:28:50,593 - Epoch 097/100
2025-05-28 09:28:50,593 - Train Loss: 0.2901, Train Acc: 0.8574, Train F1: 0.8584
2025-05-28 09:28:50,593 - Val Loss: 0.4817, Val Acc: 0.8203, Val F1: 0.8218
2025-05-28 09:28:50,594 - ---
2025-05-28 09:29:43,691 - ---
2025-05-28 09:29:43,692 - Epoch 098/100
2025-05-28 09:29:43,692 - Train Loss: 0.2810, Train Acc: 0.8586, Train F1: 0.8593
2025-05-28 09:29:43,692 - Val Loss: 0.5205, Val Acc: 0.8125, Val F1: 0.7910
2025-05-28 09:29:43,692 - ---
2025-05-28 09:30:36,575 - ---
2025-05-28 09:30:36,575 - Epoch 099/100
2025-05-28 09:30:36,575 - Train Loss: 0.2903, Train Acc: 0.8568, Train F1: 0.8551
2025-05-28 09:30:36,575 - Val Loss: 0.5080, Val Acc: 0.8236, Val F1: 0.8044
2025-05-28 09:30:36,575 - ---
2025-05-28 09:31:29,212 - ---
2025-05-28 09:31:29,212 - Epoch 100/100
2025-05-28 09:31:29,213 - Train Loss: 0.2696, Train Acc: 0.8620, Train F1: 0.8634
2025-05-28 09:31:29,213 - Val Loss: 0.5100, Val Acc: 0.8053, Val F1: 0.7982
2025-05-28 09:31:29,213 - ---
