2025-05-30 21:08:23,134 - ---
2025-05-30 21:08:23,134 - Epoch 001/100
2025-05-30 21:08:23,134 - Train Loss: 1.3719, Train Acc: 0.3165, Train F1: 0.1748
2025-05-30 21:08:23,134 - Val Loss: 1.7853, Val Acc: 0.2988, Val F1: 0.1371
2025-05-30 21:08:23,223 - Best model updated and saved at /kaggle/working/noisy-graph-classification/checkpoints/model_A_best.pth
2025-05-30 21:08:23,223 - ---
2025-05-30 21:09:36,318 - ---
2025-05-30 21:09:36,318 - Epoch 002/100
2025-05-30 21:09:36,318 - Train Loss: 1.3009, Train Acc: 0.3648, Train F1: 0.1934
2025-05-30 21:09:36,318 - Val Loss: 1.6663, Val Acc: 0.3613, Val F1: 0.1834
2025-05-30 21:09:36,438 - Best model updated and saved at /kaggle/working/noisy-graph-classification/checkpoints/model_A_best.pth
2025-05-30 21:09:36,439 - ---
2025-05-30 21:10:49,543 - ---
2025-05-30 21:10:49,543 - Epoch 003/100
2025-05-30 21:10:49,543 - Train Loss: 1.2916, Train Acc: 0.3701, Train F1: 0.2095
2025-05-30 21:10:49,543 - Val Loss: 1.7080, Val Acc: 0.3178, Val F1: 0.1762
2025-05-30 21:10:49,543 - ---
2025-05-30 21:12:02,707 - ---
2025-05-30 21:12:02,707 - Epoch 004/100
2025-05-30 21:12:02,707 - Train Loss: 1.2638, Train Acc: 0.3792, Train F1: 0.2176
2025-05-30 21:12:02,707 - Val Loss: 1.6386, Val Acc: 0.3342, Val F1: 0.1752
2025-05-30 21:12:02,707 - ---
2025-05-30 21:13:15,858 - ---
2025-05-30 21:13:15,858 - Epoch 005/100
2025-05-30 21:13:15,858 - Train Loss: 1.2419, Train Acc: 0.3862, Train F1: 0.2232
2025-05-30 21:13:15,858 - Val Loss: 1.6392, Val Acc: 0.3617, Val F1: 0.2246
2025-05-30 21:13:15,981 - Best model updated and saved at /kaggle/working/noisy-graph-classification/checkpoints/model_A_best.pth
2025-05-30 21:13:15,981 - ---
2025-05-30 21:14:28,974 - ---
2025-05-30 21:14:28,974 - Epoch 006/100
2025-05-30 21:14:28,974 - Train Loss: 1.2223, Train Acc: 0.4106, Train F1: 0.2606
2025-05-30 21:14:28,974 - Val Loss: 1.4941, Val Acc: 0.4424, Val F1: 0.3128
2025-05-30 21:14:29,089 - Best model updated and saved at /kaggle/working/noisy-graph-classification/checkpoints/model_A_best.pth
2025-05-30 21:14:29,089 - ---
2025-05-30 21:15:42,303 - ---
2025-05-30 21:15:42,303 - Epoch 007/100
2025-05-30 21:15:42,303 - Train Loss: 1.2088, Train Acc: 0.4142, Train F1: 0.2700
2025-05-30 21:15:42,303 - Val Loss: 1.4858, Val Acc: 0.4198, Val F1: 0.2691
2025-05-30 21:15:42,303 - ---
2025-05-30 21:16:55,677 - ---
2025-05-30 21:16:55,677 - Epoch 008/100
2025-05-30 21:16:55,677 - Train Loss: 1.1948, Train Acc: 0.4271, Train F1: 0.2843
2025-05-30 21:16:55,677 - Val Loss: 1.5670, Val Acc: 0.3732, Val F1: 0.2686
2025-05-30 21:16:55,677 - ---
2025-05-30 21:18:09,080 - ---
2025-05-30 21:18:09,080 - Epoch 009/100
2025-05-30 21:18:09,080 - Train Loss: 1.1776, Train Acc: 0.4424, Train F1: 0.3000
2025-05-30 21:18:09,080 - Val Loss: 2.0139, Val Acc: 0.2549, Val F1: 0.1538
2025-05-30 21:18:09,080 - ---
2025-05-30 21:19:22,546 - ---
2025-05-30 21:19:22,546 - Epoch 010/100
2025-05-30 21:19:22,546 - Train Loss: 1.1646, Train Acc: 0.4539, Train F1: 0.3189
2025-05-30 21:19:22,546 - Val Loss: 1.5963, Val Acc: 0.3732, Val F1: 0.2527
2025-05-30 21:19:22,546 - ---
2025-05-30 21:20:36,022 - ---
2025-05-30 21:20:36,022 - Epoch 011/100
2025-05-30 21:20:36,022 - Train Loss: 1.1454, Train Acc: 0.4696, Train F1: 0.3431
2025-05-30 21:20:36,022 - Val Loss: 1.4006, Val Acc: 0.4783, Val F1: 0.3617
2025-05-30 21:20:36,144 - Best model updated and saved at /kaggle/working/noisy-graph-classification/checkpoints/model_A_best.pth
2025-05-30 21:20:36,144 - ---
2025-05-30 21:21:49,582 - ---
2025-05-30 21:21:49,582 - Epoch 012/100
2025-05-30 21:21:49,582 - Train Loss: 1.1266, Train Acc: 0.4827, Train F1: 0.3602
2025-05-30 21:21:49,582 - Val Loss: 1.5616, Val Acc: 0.3688, Val F1: 0.3076
2025-05-30 21:21:49,582 - ---
2025-05-30 21:23:03,091 - ---
2025-05-30 21:23:03,091 - Epoch 013/100
2025-05-30 21:23:03,091 - Train Loss: 1.1089, Train Acc: 0.4973, Train F1: 0.3882
2025-05-30 21:23:03,091 - Val Loss: 1.3925, Val Acc: 0.4876, Val F1: 0.3553
2025-05-30 21:23:03,215 - Best model updated and saved at /kaggle/working/noisy-graph-classification/checkpoints/model_A_best.pth
2025-05-30 21:23:03,215 - ---
2025-05-30 21:24:16,808 - ---
2025-05-30 21:24:16,808 - Epoch 014/100
2025-05-30 21:24:16,808 - Train Loss: 1.0964, Train Acc: 0.5107, Train F1: 0.4000
2025-05-30 21:24:16,808 - Val Loss: 1.3514, Val Acc: 0.5195, Val F1: 0.4135
2025-05-30 21:24:16,927 - Best model updated and saved at /kaggle/working/noisy-graph-classification/checkpoints/model_A_best.pth
2025-05-30 21:24:16,927 - ---
2025-05-30 21:25:30,188 - ---
2025-05-30 21:25:30,189 - Epoch 015/100
2025-05-30 21:25:30,189 - Train Loss: 1.0815, Train Acc: 0.5212, Train F1: 0.4139
2025-05-30 21:25:30,189 - Val Loss: 1.3204, Val Acc: 0.5332, Val F1: 0.4491
2025-05-30 21:25:30,303 - Best model updated and saved at /kaggle/working/noisy-graph-classification/checkpoints/model_A_best.pth
2025-05-30 21:25:30,303 - ---
2025-05-30 21:26:43,688 - ---
2025-05-30 21:26:43,688 - Epoch 016/100
2025-05-30 21:26:43,688 - Train Loss: 1.0593, Train Acc: 0.5351, Train F1: 0.4448
2025-05-30 21:26:43,688 - Val Loss: 1.3001, Val Acc: 0.5355, Val F1: 0.4501
2025-05-30 21:26:43,853 - Best model updated and saved at /kaggle/working/noisy-graph-classification/checkpoints/model_A_best.pth
2025-05-30 21:26:43,853 - ---
2025-05-30 21:27:57,238 - ---
2025-05-30 21:27:57,238 - Epoch 017/100
2025-05-30 21:27:57,238 - Train Loss: 1.0455, Train Acc: 0.5408, Train F1: 0.4541
2025-05-30 21:27:57,238 - Val Loss: 1.3333, Val Acc: 0.5186, Val F1: 0.4580
2025-05-30 21:27:57,238 - ---
2025-05-30 21:29:10,683 - ---
2025-05-30 21:29:10,683 - Epoch 018/100
2025-05-30 21:29:10,683 - Train Loss: 1.0299, Train Acc: 0.5552, Train F1: 0.4709
2025-05-30 21:29:10,683 - Val Loss: 1.3144, Val Acc: 0.5443, Val F1: 0.4635
2025-05-30 21:29:10,806 - Best model updated and saved at /kaggle/working/noisy-graph-classification/checkpoints/model_A_best.pth
2025-05-30 21:29:10,806 - ---
2025-05-30 21:30:24,630 - ---
2025-05-30 21:30:24,630 - Epoch 019/100
2025-05-30 21:30:24,630 - Train Loss: 1.0181, Train Acc: 0.5622, Train F1: 0.4821
2025-05-30 21:30:24,630 - Val Loss: 1.3340, Val Acc: 0.5239, Val F1: 0.4473
2025-05-30 21:30:24,630 - ---
2025-05-30 21:31:38,080 - ---
2025-05-30 21:31:38,081 - Epoch 020/100
2025-05-30 21:31:38,081 - Train Loss: 1.0049, Train Acc: 0.5710, Train F1: 0.4975
2025-05-30 21:31:38,081 - Val Loss: 1.4717, Val Acc: 0.4832, Val F1: 0.4172
2025-05-30 21:31:38,081 - ---
2025-05-30 21:32:51,536 - ---
2025-05-30 21:32:51,536 - Epoch 021/100
2025-05-30 21:32:51,536 - Train Loss: 0.9953, Train Acc: 0.5802, Train F1: 0.5097
2025-05-30 21:32:51,536 - Val Loss: 1.2295, Val Acc: 0.5731, Val F1: 0.5041
2025-05-30 21:32:51,652 - Best model updated and saved at /kaggle/working/noisy-graph-classification/checkpoints/model_A_best.pth
2025-05-30 21:32:51,652 - ---
2025-05-30 21:34:05,114 - ---
2025-05-30 21:34:05,114 - Epoch 022/100
2025-05-30 21:34:05,114 - Train Loss: 0.9968, Train Acc: 0.5803, Train F1: 0.5083
2025-05-30 21:34:05,114 - Val Loss: 1.2451, Val Acc: 0.5621, Val F1: 0.4773
2025-05-30 21:34:05,114 - ---
2025-05-30 21:35:18,609 - ---
2025-05-30 21:35:18,610 - Epoch 023/100
2025-05-30 21:35:18,610 - Train Loss: 0.9699, Train Acc: 0.5922, Train F1: 0.5255
2025-05-30 21:35:18,610 - Val Loss: 1.2199, Val Acc: 0.5918, Val F1: 0.5194
2025-05-30 21:35:18,730 - Best model updated and saved at /kaggle/working/noisy-graph-classification/checkpoints/model_A_best.pth
2025-05-30 21:35:18,730 - ---
2025-05-30 21:36:32,089 - ---
2025-05-30 21:36:32,089 - Epoch 024/100
2025-05-30 21:36:32,089 - Train Loss: 0.9589, Train Acc: 0.6004, Train F1: 0.5382
2025-05-30 21:36:32,089 - Val Loss: 1.2649, Val Acc: 0.5665, Val F1: 0.4914
2025-05-30 21:36:32,089 - ---
2025-05-30 21:37:45,580 - ---
2025-05-30 21:37:45,580 - Epoch 025/100
2025-05-30 21:37:45,581 - Train Loss: 0.9648, Train Acc: 0.5998, Train F1: 0.5361
2025-05-30 21:37:45,581 - Val Loss: 1.4849, Val Acc: 0.4468, Val F1: 0.3583
2025-05-30 21:37:45,581 - ---
2025-05-30 21:38:59,185 - ---
2025-05-30 21:38:59,185 - Epoch 026/100
2025-05-30 21:38:59,185 - Train Loss: 0.9499, Train Acc: 0.6063, Train F1: 0.5431
2025-05-30 21:38:59,185 - Val Loss: 1.1867, Val Acc: 0.6192, Val F1: 0.5516
2025-05-30 21:38:59,314 - Best model updated and saved at /kaggle/working/noisy-graph-classification/checkpoints/model_A_best.pth
2025-05-30 21:38:59,314 - ---
2025-05-30 21:40:13,016 - ---
2025-05-30 21:40:13,016 - Epoch 027/100
2025-05-30 21:40:13,016 - Train Loss: 0.9402, Train Acc: 0.6180, Train F1: 0.5593
2025-05-30 21:40:13,016 - Val Loss: 1.1628, Val Acc: 0.6290, Val F1: 0.5563
2025-05-30 21:40:13,137 - Best model updated and saved at /kaggle/working/noisy-graph-classification/checkpoints/model_A_best.pth
2025-05-30 21:40:13,138 - ---
2025-05-30 21:41:26,584 - ---
2025-05-30 21:41:26,584 - Epoch 028/100
2025-05-30 21:41:26,584 - Train Loss: 0.9290, Train Acc: 0.6252, Train F1: 0.5648
2025-05-30 21:41:26,584 - Val Loss: 1.1468, Val Acc: 0.6339, Val F1: 0.5620
2025-05-30 21:41:26,702 - Best model updated and saved at /kaggle/working/noisy-graph-classification/checkpoints/model_A_best.pth
2025-05-30 21:41:26,702 - ---
2025-05-30 21:42:40,626 - ---
2025-05-30 21:42:40,626 - Epoch 029/100
2025-05-30 21:42:40,626 - Train Loss: 0.9281, Train Acc: 0.6273, Train F1: 0.5683
2025-05-30 21:42:40,626 - Val Loss: 1.1510, Val Acc: 0.6361, Val F1: 0.5722
2025-05-30 21:42:40,741 - Best model updated and saved at /kaggle/working/noisy-graph-classification/checkpoints/model_A_best.pth
2025-05-30 21:42:40,741 - ---
2025-05-30 21:43:54,232 - ---
2025-05-30 21:43:54,232 - Epoch 030/100
2025-05-30 21:43:54,232 - Train Loss: 0.9225, Train Acc: 0.6340, Train F1: 0.5774
2025-05-30 21:43:54,232 - Val Loss: 1.2829, Val Acc: 0.5616, Val F1: 0.5061
2025-05-30 21:43:54,232 - ---
2025-05-30 21:45:07,780 - ---
2025-05-30 21:45:07,781 - Epoch 031/100
2025-05-30 21:45:07,781 - Train Loss: 0.9159, Train Acc: 0.6311, Train F1: 0.5762
2025-05-30 21:45:07,781 - Val Loss: 1.1504, Val Acc: 0.6312, Val F1: 0.5609
2025-05-30 21:45:07,781 - ---
2025-05-30 21:46:21,206 - ---
2025-05-30 21:46:21,207 - Epoch 032/100
2025-05-30 21:46:21,207 - Train Loss: 0.9017, Train Acc: 0.6407, Train F1: 0.5827
2025-05-30 21:46:21,207 - Val Loss: 1.1991, Val Acc: 0.6161, Val F1: 0.5575
2025-05-30 21:46:21,207 - ---
2025-05-30 21:47:34,575 - ---
2025-05-30 21:47:34,575 - Epoch 033/100
2025-05-30 21:47:34,575 - Train Loss: 0.8969, Train Acc: 0.6482, Train F1: 0.5908
2025-05-30 21:47:34,575 - Val Loss: 1.1443, Val Acc: 0.6339, Val F1: 0.5801
2025-05-30 21:47:34,575 - ---
2025-05-30 21:48:48,163 - ---
2025-05-30 21:48:48,163 - Epoch 034/100
2025-05-30 21:48:48,163 - Train Loss: 0.8908, Train Acc: 0.6492, Train F1: 0.5920
2025-05-30 21:48:48,163 - Val Loss: 1.1375, Val Acc: 0.6325, Val F1: 0.5743
2025-05-30 21:48:48,164 - ---
2025-05-30 21:50:01,831 - ---
2025-05-30 21:50:01,831 - Epoch 035/100
2025-05-30 21:50:01,831 - Train Loss: 0.8911, Train Acc: 0.6497, Train F1: 0.5953
2025-05-30 21:50:01,831 - Val Loss: 1.1529, Val Acc: 0.6179, Val F1: 0.5672
2025-05-30 21:50:01,831 - ---
2025-05-30 21:51:15,391 - ---
2025-05-30 21:51:15,391 - Epoch 036/100
2025-05-30 21:51:15,391 - Train Loss: 0.8783, Train Acc: 0.6612, Train F1: 0.6069
2025-05-30 21:51:15,391 - Val Loss: 2.9830, Val Acc: 0.1095, Val F1: 0.0956
2025-05-30 21:51:15,391 - ---
2025-05-30 21:52:28,869 - ---
2025-05-30 21:52:28,869 - Epoch 037/100
2025-05-30 21:52:28,869 - Train Loss: 0.8725, Train Acc: 0.6650, Train F1: 0.6086
2025-05-30 21:52:28,869 - Val Loss: 1.3385, Val Acc: 0.5403, Val F1: 0.4910
2025-05-30 21:52:28,869 - ---
2025-05-30 21:53:42,354 - ---
2025-05-30 21:53:42,354 - Epoch 038/100
2025-05-30 21:53:42,354 - Train Loss: 0.8709, Train Acc: 0.6645, Train F1: 0.6115
2025-05-30 21:53:42,354 - Val Loss: 1.2479, Val Acc: 0.5918, Val F1: 0.5068
2025-05-30 21:53:42,354 - ---
2025-05-30 21:54:56,056 - ---
2025-05-30 21:54:56,056 - Epoch 039/100
2025-05-30 21:54:56,056 - Train Loss: 0.8689, Train Acc: 0.6636, Train F1: 0.6080
2025-05-30 21:54:56,056 - Val Loss: 1.1672, Val Acc: 0.6201, Val F1: 0.5549
2025-05-30 21:54:56,056 - ---
2025-05-30 21:56:09,579 - ---
2025-05-30 21:56:09,579 - Epoch 040/100
2025-05-30 21:56:09,579 - Train Loss: 0.8615, Train Acc: 0.6657, Train F1: 0.6127
2025-05-30 21:56:09,580 - Val Loss: 1.1323, Val Acc: 0.6401, Val F1: 0.5915
2025-05-30 21:56:09,704 - Best model updated and saved at /kaggle/working/noisy-graph-classification/checkpoints/model_A_best.pth
2025-05-30 21:56:09,705 - ---
2025-05-30 21:57:23,317 - ---
2025-05-30 21:57:23,317 - Epoch 041/100
2025-05-30 21:57:23,317 - Train Loss: 0.8574, Train Acc: 0.6728, Train F1: 0.6174
2025-05-30 21:57:23,317 - Val Loss: 1.3669, Val Acc: 0.5607, Val F1: 0.4889
2025-05-30 21:57:23,317 - ---
2025-05-30 21:58:36,839 - ---
2025-05-30 21:58:36,840 - Epoch 042/100
2025-05-30 21:58:36,840 - Train Loss: 0.8478, Train Acc: 0.6797, Train F1: 0.6268
2025-05-30 21:58:36,840 - Val Loss: 1.0941, Val Acc: 0.6729, Val F1: 0.6131
2025-05-30 21:58:36,954 - Best model updated and saved at /kaggle/working/noisy-graph-classification/checkpoints/model_A_best.pth
2025-05-30 21:58:36,954 - ---
2025-05-30 21:59:50,540 - ---
2025-05-30 21:59:50,540 - Epoch 043/100
2025-05-30 21:59:50,540 - Train Loss: 0.8513, Train Acc: 0.6783, Train F1: 0.6240
2025-05-30 21:59:50,540 - Val Loss: 1.1570, Val Acc: 0.6383, Val F1: 0.5764
2025-05-30 21:59:50,540 - ---
2025-05-30 22:01:04,080 - ---
2025-05-30 22:01:04,080 - Epoch 044/100
2025-05-30 22:01:04,080 - Train Loss: 0.8456, Train Acc: 0.6817, Train F1: 0.6274
2025-05-30 22:01:04,080 - Val Loss: 1.3400, Val Acc: 0.5217, Val F1: 0.4795
2025-05-30 22:01:04,080 - ---
2025-05-30 22:02:17,626 - ---
2025-05-30 22:02:17,626 - Epoch 045/100
2025-05-30 22:02:17,626 - Train Loss: 0.8434, Train Acc: 0.6830, Train F1: 0.6311
2025-05-30 22:02:17,626 - Val Loss: 1.1356, Val Acc: 0.6472, Val F1: 0.5796
2025-05-30 22:02:17,626 - ---
2025-05-30 22:03:31,148 - ---
2025-05-30 22:03:31,148 - Epoch 046/100
2025-05-30 22:03:31,148 - Train Loss: 0.8349, Train Acc: 0.6919, Train F1: 0.6383
2025-05-30 22:03:31,148 - Val Loss: 1.0918, Val Acc: 0.6822, Val F1: 0.6289
2025-05-30 22:03:31,272 - Best model updated and saved at /kaggle/working/noisy-graph-classification/checkpoints/model_A_best.pth
2025-05-30 22:03:31,272 - ---
2025-05-30 22:04:44,762 - ---
2025-05-30 22:04:44,762 - Epoch 047/100
2025-05-30 22:04:44,762 - Train Loss: 0.8338, Train Acc: 0.6887, Train F1: 0.6351
2025-05-30 22:04:44,762 - Val Loss: 1.2176, Val Acc: 0.6033, Val F1: 0.5623
2025-05-30 22:04:44,762 - ---
2025-05-30 22:05:58,170 - ---
2025-05-30 22:05:58,170 - Epoch 048/100
2025-05-30 22:05:58,170 - Train Loss: 0.8382, Train Acc: 0.6845, Train F1: 0.6313
2025-05-30 22:05:58,170 - Val Loss: 1.0828, Val Acc: 0.6702, Val F1: 0.6172
2025-05-30 22:05:58,170 - ---
2025-05-30 22:07:11,502 - ---
2025-05-30 22:07:11,502 - Epoch 049/100
2025-05-30 22:07:11,502 - Train Loss: 0.8241, Train Acc: 0.6943, Train F1: 0.6403
2025-05-30 22:07:11,502 - Val Loss: 1.0442, Val Acc: 0.6968, Val F1: 0.6360
2025-05-30 22:07:11,627 - Best model updated and saved at /kaggle/working/noisy-graph-classification/checkpoints/model_A_best.pth
2025-05-30 22:07:11,627 - ---
2025-05-30 22:08:25,108 - ---
2025-05-30 22:08:25,109 - Epoch 050/100
2025-05-30 22:08:25,109 - Train Loss: 0.8174, Train Acc: 0.6989, Train F1: 0.6458
2025-05-30 22:08:25,109 - Val Loss: 1.0828, Val Acc: 0.6862, Val F1: 0.6326
2025-05-30 22:08:25,109 - ---
2025-05-30 22:09:38,398 - ---
2025-05-30 22:09:38,398 - Epoch 051/100
2025-05-30 22:09:38,398 - Train Loss: 0.8183, Train Acc: 0.6982, Train F1: 0.6458
2025-05-30 22:09:38,398 - Val Loss: 1.1012, Val Acc: 0.6755, Val F1: 0.6156
2025-05-30 22:09:38,398 - ---
2025-05-30 22:10:51,819 - ---
2025-05-30 22:10:51,819 - Epoch 052/100
2025-05-30 22:10:51,819 - Train Loss: 0.8161, Train Acc: 0.6967, Train F1: 0.6433
2025-05-30 22:10:51,819 - Val Loss: 1.0821, Val Acc: 0.6724, Val F1: 0.6164
2025-05-30 22:10:51,819 - ---
2025-05-30 22:12:05,156 - ---
2025-05-30 22:12:05,156 - Epoch 053/100
2025-05-30 22:12:05,156 - Train Loss: 0.8028, Train Acc: 0.7070, Train F1: 0.6542
2025-05-30 22:12:05,156 - Val Loss: 1.0684, Val Acc: 0.6844, Val F1: 0.6331
2025-05-30 22:12:05,156 - ---
2025-05-30 22:13:18,479 - ---
2025-05-30 22:13:18,479 - Epoch 054/100
2025-05-30 22:13:18,479 - Train Loss: 0.8086, Train Acc: 0.6990, Train F1: 0.6465
2025-05-30 22:13:18,479 - Val Loss: 1.2254, Val Acc: 0.6157, Val F1: 0.5638
2025-05-30 22:13:18,480 - ---
2025-05-30 22:14:31,830 - ---
2025-05-30 22:14:31,830 - Epoch 055/100
2025-05-30 22:14:31,830 - Train Loss: 0.7960, Train Acc: 0.7076, Train F1: 0.6562
2025-05-30 22:14:31,831 - Val Loss: 1.0618, Val Acc: 0.6981, Val F1: 0.6475
2025-05-30 22:14:31,948 - Best model updated and saved at /kaggle/working/noisy-graph-classification/checkpoints/model_A_best.pth
2025-05-30 22:14:31,948 - ---
2025-05-30 22:15:45,254 - ---
2025-05-30 22:15:45,254 - Epoch 056/100
2025-05-30 22:15:45,254 - Train Loss: 0.8039, Train Acc: 0.7048, Train F1: 0.6533
2025-05-30 22:15:45,254 - Val Loss: 1.3250, Val Acc: 0.5554, Val F1: 0.4913
2025-05-30 22:15:45,254 - ---
2025-05-30 22:16:58,383 - ---
2025-05-30 22:16:58,384 - Epoch 057/100
2025-05-30 22:16:58,384 - Train Loss: 0.8000, Train Acc: 0.7062, Train F1: 0.6518
2025-05-30 22:16:58,384 - Val Loss: 1.0799, Val Acc: 0.6746, Val F1: 0.6172
2025-05-30 22:16:58,384 - ---
2025-05-30 22:18:11,875 - ---
2025-05-30 22:18:11,875 - Epoch 058/100
2025-05-30 22:18:11,875 - Train Loss: 0.7952, Train Acc: 0.7100, Train F1: 0.6576
2025-05-30 22:18:11,875 - Val Loss: 1.0849, Val Acc: 0.6733, Val F1: 0.6232
2025-05-30 22:18:11,876 - ---
2025-05-30 22:19:25,135 - ---
2025-05-30 22:19:25,135 - Epoch 059/100
2025-05-30 22:19:25,135 - Train Loss: 0.7996, Train Acc: 0.7051, Train F1: 0.6528
2025-05-30 22:19:25,135 - Val Loss: 1.1289, Val Acc: 0.6622, Val F1: 0.6130
2025-05-30 22:19:25,135 - ---
2025-05-30 22:20:38,489 - ---
2025-05-30 22:20:38,489 - Epoch 060/100
2025-05-30 22:20:38,489 - Train Loss: 0.7951, Train Acc: 0.7108, Train F1: 0.6603
2025-05-30 22:20:38,489 - Val Loss: 1.2118, Val Acc: 0.5984, Val F1: 0.5500
2025-05-30 22:20:38,489 - ---
2025-05-30 22:21:51,997 - ---
2025-05-30 22:21:51,997 - Epoch 061/100
2025-05-30 22:21:51,997 - Train Loss: 0.7824, Train Acc: 0.7141, Train F1: 0.6621
2025-05-30 22:21:51,997 - Val Loss: 1.0937, Val Acc: 0.6622, Val F1: 0.6120
2025-05-30 22:21:51,997 - ---
2025-05-30 22:23:05,296 - ---
2025-05-30 22:23:05,296 - Epoch 062/100
2025-05-30 22:23:05,296 - Train Loss: 0.7824, Train Acc: 0.7148, Train F1: 0.6625
2025-05-30 22:23:05,296 - Val Loss: 1.1873, Val Acc: 0.6246, Val F1: 0.5429
2025-05-30 22:23:05,297 - ---
2025-05-30 22:24:18,820 - ---
2025-05-30 22:24:18,821 - Epoch 063/100
2025-05-30 22:24:18,821 - Train Loss: 0.7807, Train Acc: 0.7161, Train F1: 0.6659
2025-05-30 22:24:18,821 - Val Loss: 1.1446, Val Acc: 0.6543, Val F1: 0.6024
2025-05-30 22:24:18,821 - ---
2025-05-30 22:25:32,534 - ---
2025-05-30 22:25:32,534 - Epoch 064/100
2025-05-30 22:25:32,534 - Train Loss: 0.7785, Train Acc: 0.7188, Train F1: 0.6660
2025-05-30 22:25:32,534 - Val Loss: 1.0794, Val Acc: 0.6729, Val F1: 0.6173
2025-05-30 22:25:32,534 - ---
2025-05-30 22:26:46,187 - ---
2025-05-30 22:26:46,187 - Epoch 065/100
2025-05-30 22:26:46,187 - Train Loss: 0.7804, Train Acc: 0.7146, Train F1: 0.6649
2025-05-30 22:26:46,187 - Val Loss: 1.1047, Val Acc: 0.6795, Val F1: 0.6288
2025-05-30 22:26:46,187 - ---
2025-05-30 22:27:59,562 - ---
2025-05-30 22:27:59,562 - Epoch 066/100
2025-05-30 22:27:59,562 - Train Loss: 0.7707, Train Acc: 0.7210, Train F1: 0.6704
2025-05-30 22:27:59,562 - Val Loss: 1.0902, Val Acc: 0.6662, Val F1: 0.6071
2025-05-30 22:27:59,562 - ---
2025-05-30 22:29:13,013 - ---
2025-05-30 22:29:13,013 - Epoch 067/100
2025-05-30 22:29:13,013 - Train Loss: 0.7646, Train Acc: 0.7244, Train F1: 0.6752
2025-05-30 22:29:13,014 - Val Loss: 1.0526, Val Acc: 0.6973, Val F1: 0.6467
2025-05-30 22:29:13,014 - ---
2025-05-30 22:30:26,554 - ---
2025-05-30 22:30:26,554 - Epoch 068/100
2025-05-30 22:30:26,554 - Train Loss: 0.7700, Train Acc: 0.7184, Train F1: 0.6681
2025-05-30 22:30:26,554 - Val Loss: 1.1715, Val Acc: 0.6449, Val F1: 0.5912
2025-05-30 22:30:26,554 - ---
2025-05-30 22:31:40,112 - ---
2025-05-30 22:31:40,112 - Epoch 069/100
2025-05-30 22:31:40,112 - Train Loss: 0.7659, Train Acc: 0.7212, Train F1: 0.6708
2025-05-30 22:31:40,112 - Val Loss: 1.0471, Val Acc: 0.6897, Val F1: 0.6376
2025-05-30 22:31:40,112 - ---
2025-05-30 22:32:53,707 - ---
2025-05-30 22:32:53,707 - Epoch 070/100
2025-05-30 22:32:53,707 - Train Loss: 0.7568, Train Acc: 0.7276, Train F1: 0.6769
2025-05-30 22:32:53,707 - Val Loss: 1.0685, Val Acc: 0.6924, Val F1: 0.6408
2025-05-30 22:32:53,707 - ---
2025-05-30 22:34:07,285 - ---
2025-05-30 22:34:07,285 - Epoch 071/100
2025-05-30 22:34:07,285 - Train Loss: 0.7595, Train Acc: 0.7250, Train F1: 0.6763
2025-05-30 22:34:07,285 - Val Loss: 1.0623, Val Acc: 0.7035, Val F1: 0.6466
2025-05-30 22:34:07,405 - Best model updated and saved at /kaggle/working/noisy-graph-classification/checkpoints/model_A_best.pth
2025-05-30 22:34:07,405 - ---
2025-05-30 22:35:20,911 - ---
2025-05-30 22:35:20,911 - Epoch 072/100
2025-05-30 22:35:20,911 - Train Loss: 0.7578, Train Acc: 0.7297, Train F1: 0.6802
2025-05-30 22:35:20,911 - Val Loss: 1.0773, Val Acc: 0.6862, Val F1: 0.6132
2025-05-30 22:35:20,911 - ---
2025-05-30 22:36:34,380 - ---
2025-05-30 22:36:34,381 - Epoch 073/100
2025-05-30 22:36:34,381 - Train Loss: 0.7639, Train Acc: 0.7258, Train F1: 0.6782
2025-05-30 22:36:34,381 - Val Loss: 1.1417, Val Acc: 0.6547, Val F1: 0.5970
2025-05-30 22:36:34,381 - ---
2025-05-30 22:37:47,939 - ---
2025-05-30 22:37:47,939 - Epoch 074/100
2025-05-30 22:37:47,939 - Train Loss: 0.7431, Train Acc: 0.7320, Train F1: 0.6840
2025-05-30 22:37:47,939 - Val Loss: 1.0265, Val Acc: 0.7026, Val F1: 0.6482
2025-05-30 22:37:47,939 - ---
2025-05-30 22:39:01,364 - ---
2025-05-30 22:39:01,364 - Epoch 075/100
2025-05-30 22:39:01,364 - Train Loss: 0.7504, Train Acc: 0.7312, Train F1: 0.6833
2025-05-30 22:39:01,364 - Val Loss: 1.2255, Val Acc: 0.6423, Val F1: 0.5683
2025-05-30 22:39:01,364 - ---
2025-05-30 22:40:14,948 - ---
2025-05-30 22:40:14,948 - Epoch 076/100
2025-05-30 22:40:14,948 - Train Loss: 0.7521, Train Acc: 0.7288, Train F1: 0.6824
2025-05-30 22:40:14,949 - Val Loss: 1.0603, Val Acc: 0.6937, Val F1: 0.6370
2025-05-30 22:40:14,949 - ---
2025-05-30 22:41:28,525 - ---
2025-05-30 22:41:28,526 - Epoch 077/100
2025-05-30 22:41:28,526 - Train Loss: 0.7387, Train Acc: 0.7282, Train F1: 0.6807
2025-05-30 22:41:28,526 - Val Loss: 1.1285, Val Acc: 0.6627, Val F1: 0.6163
2025-05-30 22:41:28,526 - ---
2025-05-30 22:42:41,942 - ---
2025-05-30 22:42:41,942 - Epoch 078/100
2025-05-30 22:42:41,942 - Train Loss: 0.7329, Train Acc: 0.7380, Train F1: 0.6919
2025-05-30 22:42:41,942 - Val Loss: 1.0376, Val Acc: 0.7074, Val F1: 0.6618
2025-05-30 22:42:42,060 - Best model updated and saved at /kaggle/working/noisy-graph-classification/checkpoints/model_A_best.pth
2025-05-30 22:42:42,060 - ---
2025-05-30 22:43:55,637 - ---
2025-05-30 22:43:55,637 - Epoch 079/100
2025-05-30 22:43:55,637 - Train Loss: 0.7325, Train Acc: 0.7398, Train F1: 0.6944
2025-05-30 22:43:55,637 - Val Loss: 1.0808, Val Acc: 0.6910, Val F1: 0.6421
2025-05-30 22:43:55,637 - ---
2025-05-30 22:45:09,426 - ---
2025-05-30 22:45:09,427 - Epoch 080/100
2025-05-30 22:45:09,427 - Train Loss: 0.7375, Train Acc: 0.7324, Train F1: 0.6838
2025-05-30 22:45:09,427 - Val Loss: 1.0928, Val Acc: 0.6831, Val F1: 0.6278
2025-05-30 22:45:09,427 - ---
2025-05-30 22:46:23,111 - ---
2025-05-30 22:46:23,111 - Epoch 081/100
2025-05-30 22:46:23,111 - Train Loss: 0.7336, Train Acc: 0.7386, Train F1: 0.6946
2025-05-30 22:46:23,111 - Val Loss: 1.1705, Val Acc: 0.6480, Val F1: 0.5982
2025-05-30 22:46:23,111 - ---
2025-05-30 22:47:36,886 - ---
2025-05-30 22:47:36,886 - Epoch 082/100
2025-05-30 22:47:36,886 - Train Loss: 0.7252, Train Acc: 0.7366, Train F1: 0.6893
2025-05-30 22:47:36,886 - Val Loss: 1.0158, Val Acc: 0.7203, Val F1: 0.6723
2025-05-30 22:47:37,008 - Best model updated and saved at /kaggle/working/noisy-graph-classification/checkpoints/model_A_best.pth
2025-05-30 22:47:37,009 - ---
2025-05-30 22:48:50,891 - ---
2025-05-30 22:48:50,891 - Epoch 083/100
2025-05-30 22:48:50,891 - Train Loss: 0.7248, Train Acc: 0.7375, Train F1: 0.6924
2025-05-30 22:48:50,891 - Val Loss: 1.1839, Val Acc: 0.6383, Val F1: 0.5958
2025-05-30 22:48:50,891 - ---
2025-05-30 22:50:04,651 - ---
2025-05-30 22:50:04,651 - Epoch 084/100
2025-05-30 22:50:04,651 - Train Loss: 0.7284, Train Acc: 0.7421, Train F1: 0.6963
2025-05-30 22:50:04,651 - Val Loss: 1.0951, Val Acc: 0.6738, Val F1: 0.6263
2025-05-30 22:50:04,651 - ---
2025-05-30 22:51:18,224 - ---
2025-05-30 22:51:18,225 - Epoch 085/100
2025-05-30 22:51:18,225 - Train Loss: 0.7209, Train Acc: 0.7406, Train F1: 0.6939
2025-05-30 22:51:18,225 - Val Loss: 1.0264, Val Acc: 0.7176, Val F1: 0.6651
2025-05-30 22:51:18,225 - ---
2025-05-30 22:52:31,895 - ---
2025-05-30 22:52:31,895 - Epoch 086/100
2025-05-30 22:52:31,895 - Train Loss: 0.7156, Train Acc: 0.7408, Train F1: 0.6939
2025-05-30 22:52:31,895 - Val Loss: 1.1079, Val Acc: 0.6751, Val F1: 0.6201
2025-05-30 22:52:31,895 - ---
2025-05-30 22:53:45,498 - ---
2025-05-30 22:53:45,498 - Epoch 087/100
2025-05-30 22:53:45,498 - Train Loss: 0.7134, Train Acc: 0.7463, Train F1: 0.7020
2025-05-30 22:53:45,498 - Val Loss: 1.0705, Val Acc: 0.6964, Val F1: 0.6515
2025-05-30 22:53:45,498 - ---
2025-05-30 22:54:59,179 - ---
2025-05-30 22:54:59,179 - Epoch 088/100
2025-05-30 22:54:59,179 - Train Loss: 0.7166, Train Acc: 0.7409, Train F1: 0.6958
2025-05-30 22:54:59,179 - Val Loss: 1.0959, Val Acc: 0.6871, Val F1: 0.6362
2025-05-30 22:54:59,179 - ---
2025-05-30 22:56:12,739 - ---
2025-05-30 22:56:12,739 - Epoch 089/100
2025-05-30 22:56:12,739 - Train Loss: 0.7165, Train Acc: 0.7420, Train F1: 0.6958
2025-05-30 22:56:12,740 - Val Loss: 1.0394, Val Acc: 0.7057, Val F1: 0.6572
2025-05-30 22:56:12,740 - ---
2025-05-30 22:57:26,322 - ---
2025-05-30 22:57:26,322 - Epoch 090/100
2025-05-30 22:57:26,322 - Train Loss: 0.7085, Train Acc: 0.7441, Train F1: 0.6986
2025-05-30 22:57:26,322 - Val Loss: 1.1292, Val Acc: 0.6622, Val F1: 0.6240
2025-05-30 22:57:26,322 - ---
2025-05-30 22:58:40,115 - ---
2025-05-30 22:58:40,115 - Epoch 091/100
2025-05-30 22:58:40,115 - Train Loss: 0.7033, Train Acc: 0.7451, Train F1: 0.7015
2025-05-30 22:58:40,115 - Val Loss: 1.0496, Val Acc: 0.7088, Val F1: 0.6619
2025-05-30 22:58:40,115 - ---
2025-05-30 22:59:53,763 - ---
2025-05-30 22:59:53,763 - Epoch 092/100
2025-05-30 22:59:53,763 - Train Loss: 0.7002, Train Acc: 0.7498, Train F1: 0.7040
2025-05-30 22:59:53,763 - Val Loss: 1.1045, Val Acc: 0.6933, Val F1: 0.6475
2025-05-30 22:59:53,763 - ---
2025-05-30 23:01:07,588 - ---
2025-05-30 23:01:07,588 - Epoch 093/100
2025-05-30 23:01:07,588 - Train Loss: 0.6928, Train Acc: 0.7507, Train F1: 0.7062
2025-05-30 23:01:07,589 - Val Loss: 1.2553, Val Acc: 0.6157, Val F1: 0.5570
2025-05-30 23:01:07,589 - ---
2025-05-30 23:02:21,201 - ---
2025-05-30 23:02:21,202 - Epoch 094/100
2025-05-30 23:02:21,202 - Train Loss: 0.6899, Train Acc: 0.7532, Train F1: 0.7095
2025-05-30 23:02:21,202 - Val Loss: 1.1191, Val Acc: 0.6831, Val F1: 0.6216
2025-05-30 23:02:21,202 - ---
2025-05-30 23:03:34,744 - ---
2025-05-30 23:03:34,744 - Epoch 095/100
2025-05-30 23:03:34,744 - Train Loss: 0.6882, Train Acc: 0.7522, Train F1: 0.7068
2025-05-30 23:03:34,745 - Val Loss: 1.2109, Val Acc: 0.6445, Val F1: 0.6227
2025-05-30 23:03:34,745 - ---
2025-05-30 23:04:48,356 - ---
2025-05-30 23:04:48,356 - Epoch 096/100
2025-05-30 23:04:48,356 - Train Loss: 0.6935, Train Acc: 0.7528, Train F1: 0.7086
2025-05-30 23:04:48,356 - Val Loss: 1.0872, Val Acc: 0.7079, Val F1: 0.6538
2025-05-30 23:04:48,356 - ---
2025-05-30 23:06:02,128 - ---
2025-05-30 23:06:02,128 - Epoch 097/100
2025-05-30 23:06:02,128 - Train Loss: 0.6806, Train Acc: 0.7516, Train F1: 0.7074
2025-05-30 23:06:02,128 - Val Loss: 1.1270, Val Acc: 0.6782, Val F1: 0.6346
2025-05-30 23:06:02,128 - ---
2025-05-30 23:07:15,881 - ---
2025-05-30 23:07:15,881 - Epoch 098/100
2025-05-30 23:07:15,881 - Train Loss: 0.6793, Train Acc: 0.7572, Train F1: 0.7117
2025-05-30 23:07:15,881 - Val Loss: 1.2439, Val Acc: 0.6503, Val F1: 0.5981
2025-05-30 23:07:15,881 - ---
2025-05-30 23:08:29,667 - ---
2025-05-30 23:08:29,667 - Epoch 099/100
2025-05-30 23:08:29,668 - Train Loss: 0.6687, Train Acc: 0.7580, Train F1: 0.7175
2025-05-30 23:08:29,668 - Val Loss: 1.1415, Val Acc: 0.6715, Val F1: 0.6226
2025-05-30 23:08:29,668 - ---
2025-05-30 23:09:43,325 - ---
2025-05-30 23:09:43,325 - Epoch 100/100
2025-05-30 23:09:43,325 - Train Loss: 0.6734, Train Acc: 0.7561, Train F1: 0.7094
2025-05-30 23:09:43,325 - Val Loss: 1.2966, Val Acc: 0.6161, Val F1: 0.5598
2025-05-30 23:09:43,326 - ---
