2025-05-30 13:09:18,486 - ---
2025-05-30 13:09:18,486 - Epoch 001/100
2025-05-30 13:09:18,486 - Train Loss: 1.3274, Train Acc: 0.3085, Train F1: 0.2176
2025-05-30 13:09:18,486 - Val Loss: 1.6490, Val Acc: 0.2860, Val F1: 0.1724
2025-05-30 13:09:18,574 - Best model updated and saved at /kaggle/working/noisy-graph-classification/checkpoints/model_D_best.pth
2025-05-30 13:09:18,574 - ---
2025-05-30 13:10:26,551 - ---
2025-05-30 13:10:26,551 - Epoch 002/100
2025-05-30 13:10:26,551 - Train Loss: 1.2408, Train Acc: 0.3424, Train F1: 0.2559
2025-05-30 13:10:26,551 - Val Loss: 1.5756, Val Acc: 0.3570, Val F1: 0.2205
2025-05-30 13:10:26,664 - Best model updated and saved at /kaggle/working/noisy-graph-classification/checkpoints/model_D_best.pth
2025-05-30 13:10:26,664 - ---
2025-05-30 13:11:34,667 - ---
2025-05-30 13:11:34,667 - Epoch 003/100
2025-05-30 13:11:34,667 - Train Loss: 1.1796, Train Acc: 0.3780, Train F1: 0.2980
2025-05-30 13:11:34,667 - Val Loss: 1.4702, Val Acc: 0.3915, Val F1: 0.3149
2025-05-30 13:11:34,783 - Best model updated and saved at /kaggle/working/noisy-graph-classification/checkpoints/model_D_best.pth
2025-05-30 13:11:34,783 - ---
2025-05-30 13:12:42,802 - ---
2025-05-30 13:12:42,803 - Epoch 004/100
2025-05-30 13:12:42,803 - Train Loss: 1.1124, Train Acc: 0.4202, Train F1: 0.3411
2025-05-30 13:12:42,803 - Val Loss: 1.3321, Val Acc: 0.4484, Val F1: 0.3395
2025-05-30 13:12:42,927 - Best model updated and saved at /kaggle/working/noisy-graph-classification/checkpoints/model_D_best.pth
2025-05-30 13:12:42,927 - ---
2025-05-30 13:13:50,996 - ---
2025-05-30 13:13:50,996 - Epoch 005/100
2025-05-30 13:13:50,996 - Train Loss: 1.0052, Train Acc: 0.4784, Train F1: 0.3951
2025-05-30 13:13:50,996 - Val Loss: 1.1815, Val Acc: 0.5185, Val F1: 0.4261
2025-05-30 13:13:51,119 - Best model updated and saved at /kaggle/working/noisy-graph-classification/checkpoints/model_D_best.pth
2025-05-30 13:13:51,119 - ---
2025-05-30 13:14:59,061 - ---
2025-05-30 13:14:59,061 - Epoch 006/100
2025-05-30 13:14:59,062 - Train Loss: 0.8895, Train Acc: 0.5326, Train F1: 0.4789
2025-05-30 13:14:59,062 - Val Loss: 1.3213, Val Acc: 0.4922, Val F1: 0.3178
2025-05-30 13:14:59,062 - ---
2025-05-30 13:16:06,281 - ---
2025-05-30 13:16:06,281 - Epoch 007/100
2025-05-30 13:16:06,281 - Train Loss: 0.8160, Train Acc: 0.5647, Train F1: 0.5113
2025-05-30 13:16:06,281 - Val Loss: 1.0430, Val Acc: 0.5496, Val F1: 0.5265
2025-05-30 13:16:06,399 - Best model updated and saved at /kaggle/working/noisy-graph-classification/checkpoints/model_D_best.pth
2025-05-30 13:16:06,400 - ---
2025-05-30 13:17:13,882 - ---
2025-05-30 13:17:13,882 - Epoch 008/100
2025-05-30 13:17:13,883 - Train Loss: 0.7646, Train Acc: 0.5779, Train F1: 0.5437
2025-05-30 13:17:13,883 - Val Loss: 0.8157, Val Acc: 0.6284, Val F1: 0.6187
2025-05-30 13:17:14,002 - Best model updated and saved at /kaggle/working/noisy-graph-classification/checkpoints/model_D_best.pth
2025-05-30 13:17:14,002 - ---
2025-05-30 13:18:21,888 - ---
2025-05-30 13:18:21,888 - Epoch 009/100
2025-05-30 13:18:21,888 - Train Loss: 0.7169, Train Acc: 0.5963, Train F1: 0.5710
2025-05-30 13:18:21,888 - Val Loss: 1.4419, Val Acc: 0.4630, Val F1: 0.3608
2025-05-30 13:18:21,888 - ---
2025-05-30 13:19:30,075 - ---
2025-05-30 13:19:30,076 - Epoch 010/100
2025-05-30 13:19:30,076 - Train Loss: 0.6867, Train Acc: 0.6100, Train F1: 0.5905
2025-05-30 13:19:30,076 - Val Loss: 1.1144, Val Acc: 0.5720, Val F1: 0.5330
2025-05-30 13:19:30,076 - ---
2025-05-30 13:20:38,054 - ---
2025-05-30 13:20:38,054 - Epoch 011/100
2025-05-30 13:20:38,054 - Train Loss: 0.6562, Train Acc: 0.6194, Train F1: 0.6110
2025-05-30 13:20:38,054 - Val Loss: 0.8610, Val Acc: 0.5725, Val F1: 0.5682
2025-05-30 13:20:38,054 - ---
2025-05-30 13:21:46,103 - ---
2025-05-30 13:21:46,103 - Epoch 012/100
2025-05-30 13:21:46,103 - Train Loss: 0.6367, Train Acc: 0.6272, Train F1: 0.6203
2025-05-30 13:21:46,103 - Val Loss: 0.8935, Val Acc: 0.6036, Val F1: 0.5680
2025-05-30 13:21:46,103 - ---
2025-05-30 13:22:54,083 - ---
2025-05-30 13:22:54,083 - Epoch 013/100
2025-05-30 13:22:54,083 - Train Loss: 0.6182, Train Acc: 0.6338, Train F1: 0.6295
2025-05-30 13:22:54,083 - Val Loss: 0.9718, Val Acc: 0.5885, Val F1: 0.5322
2025-05-30 13:22:54,083 - ---
2025-05-30 13:24:02,100 - ---
2025-05-30 13:24:02,100 - Epoch 014/100
2025-05-30 13:24:02,100 - Train Loss: 0.6087, Train Acc: 0.6417, Train F1: 0.6461
2025-05-30 13:24:02,100 - Val Loss: 0.8351, Val Acc: 0.6376, Val F1: 0.5787
2025-05-30 13:24:02,218 - Best model updated and saved at /kaggle/working/noisy-graph-classification/checkpoints/model_D_best.pth
2025-05-30 13:24:02,218 - ---
2025-05-30 13:25:10,371 - ---
2025-05-30 13:25:10,372 - Epoch 015/100
2025-05-30 13:25:10,372 - Train Loss: 0.5944, Train Acc: 0.6492, Train F1: 0.6612
2025-05-30 13:25:10,372 - Val Loss: 0.9314, Val Acc: 0.6099, Val F1: 0.5417
2025-05-30 13:25:10,372 - ---
2025-05-30 13:26:18,549 - ---
2025-05-30 13:26:18,550 - Epoch 016/100
2025-05-30 13:26:18,550 - Train Loss: 0.5666, Train Acc: 0.6581, Train F1: 0.6741
2025-05-30 13:26:18,550 - Val Loss: 0.8138, Val Acc: 0.6226, Val F1: 0.6362
2025-05-30 13:26:18,550 - ---
2025-05-30 13:27:26,276 - ---
2025-05-30 13:27:26,276 - Epoch 017/100
2025-05-30 13:27:26,276 - Train Loss: 0.5651, Train Acc: 0.6631, Train F1: 0.6813
2025-05-30 13:27:26,276 - Val Loss: 0.6243, Val Acc: 0.7028, Val F1: 0.6765
2025-05-30 13:27:26,392 - Best model updated and saved at /kaggle/working/noisy-graph-classification/checkpoints/model_D_best.pth
2025-05-30 13:27:26,392 - ---
2025-05-30 13:28:34,173 - ---
2025-05-30 13:28:34,173 - Epoch 018/100
2025-05-30 13:28:34,173 - Train Loss: 0.5472, Train Acc: 0.6646, Train F1: 0.6785
2025-05-30 13:28:34,173 - Val Loss: 0.6166, Val Acc: 0.7087, Val F1: 0.7023
2025-05-30 13:28:34,292 - Best model updated and saved at /kaggle/working/noisy-graph-classification/checkpoints/model_D_best.pth
2025-05-30 13:28:34,292 - ---
2025-05-30 13:29:41,943 - ---
2025-05-30 13:29:41,943 - Epoch 019/100
2025-05-30 13:29:41,943 - Train Loss: 0.5300, Train Acc: 0.6746, Train F1: 0.6968
2025-05-30 13:29:41,944 - Val Loss: 0.6947, Val Acc: 0.6858, Val F1: 0.7082
2025-05-30 13:29:41,944 - ---
2025-05-30 13:30:49,496 - ---
2025-05-30 13:30:49,496 - Epoch 020/100
2025-05-30 13:30:49,497 - Train Loss: 0.5221, Train Acc: 0.6780, Train F1: 0.7016
2025-05-30 13:30:49,497 - Val Loss: 0.6909, Val Acc: 0.6873, Val F1: 0.6955
2025-05-30 13:30:49,497 - ---
2025-05-30 13:31:57,118 - ---
2025-05-30 13:31:57,118 - Epoch 021/100
2025-05-30 13:31:57,118 - Train Loss: 0.5268, Train Acc: 0.6756, Train F1: 0.6956
2025-05-30 13:31:57,119 - Val Loss: 0.6644, Val Acc: 0.6911, Val F1: 0.6536
2025-05-30 13:31:57,119 - ---
2025-05-30 13:33:04,510 - ---
2025-05-30 13:33:04,510 - Epoch 022/100
2025-05-30 13:33:04,510 - Train Loss: 0.5030, Train Acc: 0.6858, Train F1: 0.7055
2025-05-30 13:33:04,510 - Val Loss: 1.1169, Val Acc: 0.5579, Val F1: 0.5655
2025-05-30 13:33:04,510 - ---
2025-05-30 13:34:12,115 - ---
2025-05-30 13:34:12,115 - Epoch 023/100
2025-05-30 13:34:12,115 - Train Loss: 0.5112, Train Acc: 0.6803, Train F1: 0.7100
2025-05-30 13:34:12,116 - Val Loss: 0.6133, Val Acc: 0.7072, Val F1: 0.6995
2025-05-30 13:34:12,116 - ---
2025-05-30 13:35:19,785 - ---
2025-05-30 13:35:19,785 - Epoch 024/100
2025-05-30 13:35:19,785 - Train Loss: 0.4966, Train Acc: 0.6839, Train F1: 0.7092
2025-05-30 13:35:19,785 - Val Loss: 0.6923, Val Acc: 0.6250, Val F1: 0.6543
2025-05-30 13:35:19,785 - ---
2025-05-30 13:36:27,624 - ---
2025-05-30 13:36:27,624 - Epoch 025/100
2025-05-30 13:36:27,624 - Train Loss: 0.5004, Train Acc: 0.6921, Train F1: 0.7201
2025-05-30 13:36:27,624 - Val Loss: 1.0288, Val Acc: 0.6021, Val F1: 0.5497
2025-05-30 13:36:27,625 - ---
2025-05-30 13:37:35,361 - ---
2025-05-30 13:37:35,361 - Epoch 026/100
2025-05-30 13:37:35,361 - Train Loss: 0.4927, Train Acc: 0.6925, Train F1: 0.7185
2025-05-30 13:37:35,361 - Val Loss: 1.4484, Val Acc: 0.5686, Val F1: 0.5666
2025-05-30 13:37:35,361 - ---
2025-05-30 13:38:43,538 - ---
2025-05-30 13:38:43,538 - Epoch 027/100
2025-05-30 13:38:43,539 - Train Loss: 0.4785, Train Acc: 0.6959, Train F1: 0.7286
2025-05-30 13:38:43,539 - Val Loss: 0.5622, Val Acc: 0.7315, Val F1: 0.7109
2025-05-30 13:38:43,650 - Best model updated and saved at /kaggle/working/noisy-graph-classification/checkpoints/model_D_best.pth
2025-05-30 13:38:43,650 - ---
2025-05-30 13:39:51,533 - ---
2025-05-30 13:39:51,533 - Epoch 028/100
2025-05-30 13:39:51,533 - Train Loss: 0.4748, Train Acc: 0.6970, Train F1: 0.7238
2025-05-30 13:39:51,533 - Val Loss: 0.5792, Val Acc: 0.7247, Val F1: 0.7104
2025-05-30 13:39:51,533 - ---
2025-05-30 13:40:59,205 - ---
2025-05-30 13:40:59,205 - Epoch 029/100
2025-05-30 13:40:59,205 - Train Loss: 0.4647, Train Acc: 0.6988, Train F1: 0.7293
2025-05-30 13:40:59,205 - Val Loss: 0.5526, Val Acc: 0.7267, Val F1: 0.7044
2025-05-30 13:40:59,205 - ---
2025-05-30 13:42:06,720 - ---
2025-05-30 13:42:06,720 - Epoch 030/100
2025-05-30 13:42:06,720 - Train Loss: 0.4680, Train Acc: 0.7044, Train F1: 0.7335
2025-05-30 13:42:06,720 - Val Loss: 0.5684, Val Acc: 0.7164, Val F1: 0.7212
2025-05-30 13:42:06,720 - ---
2025-05-30 13:43:14,178 - ---
2025-05-30 13:43:14,179 - Epoch 031/100
2025-05-30 13:43:14,179 - Train Loss: 0.4598, Train Acc: 0.7011, Train F1: 0.7313
2025-05-30 13:43:14,179 - Val Loss: 0.5965, Val Acc: 0.7174, Val F1: 0.6849
2025-05-30 13:43:14,179 - ---
2025-05-30 13:44:21,703 - ---
2025-05-30 13:44:21,703 - Epoch 032/100
2025-05-30 13:44:21,704 - Train Loss: 0.4492, Train Acc: 0.7105, Train F1: 0.7423
2025-05-30 13:44:21,704 - Val Loss: 0.7252, Val Acc: 0.7023, Val F1: 0.7073
2025-05-30 13:44:21,704 - ---
2025-05-30 13:45:29,178 - ---
2025-05-30 13:45:29,178 - Epoch 033/100
2025-05-30 13:45:29,179 - Train Loss: 0.4402, Train Acc: 0.7139, Train F1: 0.7503
2025-05-30 13:45:29,179 - Val Loss: 0.5816, Val Acc: 0.7189, Val F1: 0.6846
2025-05-30 13:45:29,179 - ---
2025-05-30 13:46:36,598 - ---
2025-05-30 13:46:36,599 - Epoch 034/100
2025-05-30 13:46:36,599 - Train Loss: 0.4402, Train Acc: 0.7157, Train F1: 0.7513
2025-05-30 13:46:36,599 - Val Loss: 1.6881, Val Acc: 0.5165, Val F1: 0.5161
2025-05-30 13:46:36,599 - ---
2025-05-30 13:47:43,871 - ---
2025-05-30 13:47:43,871 - Epoch 035/100
2025-05-30 13:47:43,871 - Train Loss: 0.4428, Train Acc: 0.7144, Train F1: 0.7537
2025-05-30 13:47:43,871 - Val Loss: 0.5592, Val Acc: 0.7305, Val F1: 0.7446
2025-05-30 13:47:43,871 - ---
2025-05-30 13:48:51,314 - ---
2025-05-30 13:48:51,314 - Epoch 036/100
2025-05-30 13:48:51,314 - Train Loss: 0.4351, Train Acc: 0.7177, Train F1: 0.7595
2025-05-30 13:48:51,314 - Val Loss: 0.8303, Val Acc: 0.6503, Val F1: 0.5893
2025-05-30 13:48:51,315 - ---
2025-05-30 13:49:58,758 - ---
2025-05-30 13:49:58,759 - Epoch 037/100
2025-05-30 13:49:58,759 - Train Loss: 0.4288, Train Acc: 0.7203, Train F1: 0.7596
2025-05-30 13:49:58,759 - Val Loss: 0.5548, Val Acc: 0.7330, Val F1: 0.7120
2025-05-30 13:49:58,880 - Best model updated and saved at /kaggle/working/noisy-graph-classification/checkpoints/model_D_best.pth
2025-05-30 13:49:58,880 - ---
2025-05-30 13:51:06,814 - ---
2025-05-30 13:51:06,815 - Epoch 038/100
2025-05-30 13:51:06,815 - Train Loss: 0.4235, Train Acc: 0.7239, Train F1: 0.7605
2025-05-30 13:51:06,815 - Val Loss: 0.5300, Val Acc: 0.7393, Val F1: 0.7471
2025-05-30 13:51:06,936 - Best model updated and saved at /kaggle/working/noisy-graph-classification/checkpoints/model_D_best.pth
2025-05-30 13:51:06,936 - ---
2025-05-30 13:52:14,390 - ---
2025-05-30 13:52:14,390 - Epoch 039/100
2025-05-30 13:52:14,390 - Train Loss: 0.4176, Train Acc: 0.7304, Train F1: 0.7721
2025-05-30 13:52:14,390 - Val Loss: 0.5878, Val Acc: 0.7198, Val F1: 0.7259
2025-05-30 13:52:14,390 - ---
2025-05-30 13:53:22,047 - ---
2025-05-30 13:53:22,048 - Epoch 040/100
2025-05-30 13:53:22,048 - Train Loss: 0.4197, Train Acc: 0.7271, Train F1: 0.7688
2025-05-30 13:53:22,048 - Val Loss: 0.6473, Val Acc: 0.6911, Val F1: 0.7350
2025-05-30 13:53:22,048 - ---
2025-05-30 13:54:29,665 - ---
2025-05-30 13:54:29,665 - Epoch 041/100
2025-05-30 13:54:29,665 - Train Loss: 0.4261, Train Acc: 0.7265, Train F1: 0.7637
2025-05-30 13:54:29,665 - Val Loss: 0.6711, Val Acc: 0.6756, Val F1: 0.7339
2025-05-30 13:54:29,665 - ---
2025-05-30 13:55:37,214 - ---
2025-05-30 13:55:37,215 - Epoch 042/100
2025-05-30 13:55:37,215 - Train Loss: 0.4153, Train Acc: 0.7298, Train F1: 0.7708
2025-05-30 13:55:37,215 - Val Loss: 1.1863, Val Acc: 0.5934, Val F1: 0.6191
2025-05-30 13:55:37,215 - ---
2025-05-30 13:56:44,754 - ---
2025-05-30 13:56:44,754 - Epoch 043/100
2025-05-30 13:56:44,754 - Train Loss: 0.4132, Train Acc: 0.7315, Train F1: 0.7681
2025-05-30 13:56:44,754 - Val Loss: 0.5212, Val Acc: 0.7417, Val F1: 0.7782
2025-05-30 13:56:44,871 - Best model updated and saved at /kaggle/working/noisy-graph-classification/checkpoints/model_D_best.pth
2025-05-30 13:56:44,872 - ---
2025-05-30 13:57:52,389 - ---
2025-05-30 13:57:52,389 - Epoch 044/100
2025-05-30 13:57:52,389 - Train Loss: 0.4110, Train Acc: 0.7284, Train F1: 0.7756
2025-05-30 13:57:52,389 - Val Loss: 0.5105, Val Acc: 0.7252, Val F1: 0.7797
2025-05-30 13:57:52,389 - ---
2025-05-30 13:58:59,964 - ---
2025-05-30 13:58:59,965 - Epoch 045/100
2025-05-30 13:58:59,965 - Train Loss: 0.4022, Train Acc: 0.7360, Train F1: 0.7771
2025-05-30 13:58:59,965 - Val Loss: 0.4513, Val Acc: 0.7641, Val F1: 0.7968
2025-05-30 13:59:00,083 - Best model updated and saved at /kaggle/working/noisy-graph-classification/checkpoints/model_D_best.pth
2025-05-30 13:59:00,083 - ---
2025-05-30 14:00:07,535 - ---
2025-05-30 14:00:07,535 - Epoch 046/100
2025-05-30 14:00:07,535 - Train Loss: 0.3938, Train Acc: 0.7394, Train F1: 0.7798
2025-05-30 14:00:07,535 - Val Loss: 1.1201, Val Acc: 0.6367, Val F1: 0.6339
2025-05-30 14:00:07,535 - ---
2025-05-30 14:01:15,325 - ---
2025-05-30 14:01:15,326 - Epoch 047/100
2025-05-30 14:01:15,326 - Train Loss: 0.3946, Train Acc: 0.7380, Train F1: 0.7755
2025-05-30 14:01:15,326 - Val Loss: 0.6693, Val Acc: 0.6989, Val F1: 0.7210
2025-05-30 14:01:15,326 - ---
2025-05-30 14:02:23,114 - ---
2025-05-30 14:02:23,114 - Epoch 048/100
2025-05-30 14:02:23,114 - Train Loss: 0.3961, Train Acc: 0.7371, Train F1: 0.7771
2025-05-30 14:02:23,114 - Val Loss: 0.5806, Val Acc: 0.7257, Val F1: 0.7494
2025-05-30 14:02:23,114 - ---
2025-05-30 14:03:30,949 - ---
2025-05-30 14:03:30,949 - Epoch 049/100
2025-05-30 14:03:30,949 - Train Loss: 0.3844, Train Acc: 0.7443, Train F1: 0.7855
2025-05-30 14:03:30,950 - Val Loss: 0.4801, Val Acc: 0.7510, Val F1: 0.7747
2025-05-30 14:03:30,950 - ---
2025-05-30 14:04:38,776 - ---
2025-05-30 14:04:38,776 - Epoch 050/100
2025-05-30 14:04:38,776 - Train Loss: 0.4006, Train Acc: 0.7432, Train F1: 0.7848
2025-05-30 14:04:38,776 - Val Loss: 0.7627, Val Acc: 0.6863, Val F1: 0.6892
2025-05-30 14:04:38,776 - ---
2025-05-30 14:05:46,818 - ---
2025-05-30 14:05:46,818 - Epoch 051/100
2025-05-30 14:05:46,819 - Train Loss: 0.3937, Train Acc: 0.7395, Train F1: 0.7828
2025-05-30 14:05:46,819 - Val Loss: 0.5670, Val Acc: 0.7208, Val F1: 0.7622
2025-05-30 14:05:46,819 - ---
2025-05-30 14:06:54,500 - ---
2025-05-30 14:06:54,500 - Epoch 052/100
2025-05-30 14:06:54,501 - Train Loss: 0.3866, Train Acc: 0.7438, Train F1: 0.7883
2025-05-30 14:06:54,501 - Val Loss: 0.7113, Val Acc: 0.6693, Val F1: 0.7199
2025-05-30 14:06:54,501 - ---
2025-05-30 14:08:02,210 - ---
2025-05-30 14:08:02,210 - Epoch 053/100
2025-05-30 14:08:02,210 - Train Loss: 0.3860, Train Acc: 0.7442, Train F1: 0.7888
2025-05-30 14:08:02,210 - Val Loss: 0.5174, Val Acc: 0.7208, Val F1: 0.7670
2025-05-30 14:08:02,210 - ---
2025-05-30 14:09:10,302 - ---
2025-05-30 14:09:10,302 - Epoch 054/100
2025-05-30 14:09:10,303 - Train Loss: 0.3821, Train Acc: 0.7443, Train F1: 0.7922
2025-05-30 14:09:10,303 - Val Loss: 0.4847, Val Acc: 0.7276, Val F1: 0.7797
2025-05-30 14:09:10,303 - ---
2025-05-30 14:10:18,142 - ---
2025-05-30 14:10:18,142 - Epoch 055/100
2025-05-30 14:10:18,142 - Train Loss: 0.3759, Train Acc: 0.7498, Train F1: 0.7879
2025-05-30 14:10:18,143 - Val Loss: 0.5122, Val Acc: 0.7164, Val F1: 0.7776
2025-05-30 14:10:18,143 - ---
2025-05-30 14:11:26,014 - ---
2025-05-30 14:11:26,015 - Epoch 056/100
2025-05-30 14:11:26,015 - Train Loss: 0.3705, Train Acc: 0.7536, Train F1: 0.7942
2025-05-30 14:11:26,015 - Val Loss: 0.6987, Val Acc: 0.7267, Val F1: 0.7466
2025-05-30 14:11:26,015 - ---
2025-05-30 14:12:33,884 - ---
2025-05-30 14:12:33,885 - Epoch 057/100
2025-05-30 14:12:33,885 - Train Loss: 0.3888, Train Acc: 0.7494, Train F1: 0.7923
2025-05-30 14:12:33,885 - Val Loss: 0.4572, Val Acc: 0.7549, Val F1: 0.7936
2025-05-30 14:12:33,885 - ---
2025-05-30 14:13:41,616 - ---
2025-05-30 14:13:41,616 - Epoch 058/100
2025-05-30 14:13:41,616 - Train Loss: 0.3723, Train Acc: 0.7470, Train F1: 0.7949
2025-05-30 14:13:41,616 - Val Loss: 0.5078, Val Acc: 0.7544, Val F1: 0.7687
2025-05-30 14:13:41,616 - ---
2025-05-30 14:14:49,383 - ---
2025-05-30 14:14:49,383 - Epoch 059/100
2025-05-30 14:14:49,383 - Train Loss: 0.3661, Train Acc: 0.7539, Train F1: 0.7991
2025-05-30 14:14:49,383 - Val Loss: 0.5435, Val Acc: 0.7096, Val F1: 0.7565
2025-05-30 14:14:49,384 - ---
2025-05-30 14:15:57,196 - ---
2025-05-30 14:15:57,196 - Epoch 060/100
2025-05-30 14:15:57,196 - Train Loss: 0.3683, Train Acc: 0.7490, Train F1: 0.7905
2025-05-30 14:15:57,196 - Val Loss: 0.4988, Val Acc: 0.7208, Val F1: 0.7830
2025-05-30 14:15:57,196 - ---
2025-05-30 14:17:04,947 - ---
2025-05-30 14:17:04,947 - Epoch 061/100
2025-05-30 14:17:04,947 - Train Loss: 0.3695, Train Acc: 0.7512, Train F1: 0.7965
2025-05-30 14:17:04,947 - Val Loss: 0.5865, Val Acc: 0.7038, Val F1: 0.7356
2025-05-30 14:17:04,947 - ---
2025-05-30 14:18:12,540 - ---
2025-05-30 14:18:12,540 - Epoch 062/100
2025-05-30 14:18:12,540 - Train Loss: 0.3691, Train Acc: 0.7560, Train F1: 0.7981
2025-05-30 14:18:12,540 - Val Loss: 0.6933, Val Acc: 0.7082, Val F1: 0.7219
2025-05-30 14:18:12,541 - ---
2025-05-30 14:19:20,361 - ---
2025-05-30 14:19:20,361 - Epoch 063/100
2025-05-30 14:19:20,362 - Train Loss: 0.3593, Train Acc: 0.7547, Train F1: 0.7960
2025-05-30 14:19:20,362 - Val Loss: 0.5506, Val Acc: 0.7203, Val F1: 0.7516
2025-05-30 14:19:20,362 - ---
2025-05-30 14:20:28,015 - ---
2025-05-30 14:20:28,015 - Epoch 064/100
2025-05-30 14:20:28,015 - Train Loss: 0.3541, Train Acc: 0.7586, Train F1: 0.8030
2025-05-30 14:20:28,015 - Val Loss: 0.5098, Val Acc: 0.7242, Val F1: 0.7705
2025-05-30 14:20:28,015 - ---
2025-05-30 14:21:35,963 - ---
2025-05-30 14:21:35,963 - Epoch 065/100
2025-05-30 14:21:35,963 - Train Loss: 0.3552, Train Acc: 0.7557, Train F1: 0.8003
2025-05-30 14:21:35,963 - Val Loss: 0.4873, Val Acc: 0.7106, Val F1: 0.7803
2025-05-30 14:21:35,963 - ---
2025-05-30 14:22:43,724 - ---
2025-05-30 14:22:43,724 - Epoch 066/100
2025-05-30 14:22:43,724 - Train Loss: 0.3525, Train Acc: 0.7597, Train F1: 0.8034
2025-05-30 14:22:43,724 - Val Loss: 0.4689, Val Acc: 0.7563, Val F1: 0.7992
2025-05-30 14:22:43,724 - ---
2025-05-30 14:23:51,471 - ---
2025-05-30 14:23:51,471 - Epoch 067/100
2025-05-30 14:23:51,472 - Train Loss: 0.3503, Train Acc: 0.7573, Train F1: 0.8000
2025-05-30 14:23:51,472 - Val Loss: 0.4610, Val Acc: 0.7510, Val F1: 0.7942
2025-05-30 14:23:51,472 - ---
2025-05-30 14:24:59,274 - ---
2025-05-30 14:24:59,275 - Epoch 068/100
2025-05-30 14:24:59,275 - Train Loss: 0.3526, Train Acc: 0.7626, Train F1: 0.8050
2025-05-30 14:24:59,275 - Val Loss: 0.7832, Val Acc: 0.6892, Val F1: 0.6477
2025-05-30 14:24:59,275 - ---
2025-05-30 14:26:06,975 - ---
2025-05-30 14:26:06,976 - Epoch 069/100
2025-05-30 14:26:06,976 - Train Loss: 0.3461, Train Acc: 0.7605, Train F1: 0.8094
2025-05-30 14:26:06,976 - Val Loss: 0.4568, Val Acc: 0.7680, Val F1: 0.7763
2025-05-30 14:26:07,094 - Best model updated and saved at /kaggle/working/noisy-graph-classification/checkpoints/model_D_best.pth
2025-05-30 14:26:07,095 - ---
2025-05-30 14:27:14,953 - ---
2025-05-30 14:27:14,953 - Epoch 070/100
2025-05-30 14:27:14,953 - Train Loss: 0.3487, Train Acc: 0.7625, Train F1: 0.8043
2025-05-30 14:27:14,953 - Val Loss: 0.4425, Val Acc: 0.7641, Val F1: 0.7890
2025-05-30 14:27:14,953 - ---
2025-05-30 14:28:22,775 - ---
2025-05-30 14:28:22,775 - Epoch 071/100
2025-05-30 14:28:22,775 - Train Loss: 0.3583, Train Acc: 0.7624, Train F1: 0.8096
2025-05-30 14:28:22,775 - Val Loss: 0.4881, Val Acc: 0.7403, Val F1: 0.7912
2025-05-30 14:28:22,775 - ---
2025-05-30 14:29:30,613 - ---
2025-05-30 14:29:30,613 - Epoch 072/100
2025-05-30 14:29:30,613 - Train Loss: 0.3461, Train Acc: 0.7639, Train F1: 0.8147
2025-05-30 14:29:30,613 - Val Loss: 0.5015, Val Acc: 0.7393, Val F1: 0.7945
2025-05-30 14:29:30,613 - ---
2025-05-30 14:30:38,351 - ---
2025-05-30 14:30:38,351 - Epoch 073/100
2025-05-30 14:30:38,352 - Train Loss: 0.3493, Train Acc: 0.7651, Train F1: 0.8117
2025-05-30 14:30:38,352 - Val Loss: 0.4615, Val Acc: 0.7519, Val F1: 0.8018
2025-05-30 14:30:38,352 - ---
2025-05-30 14:31:46,222 - ---
2025-05-30 14:31:46,222 - Epoch 074/100
2025-05-30 14:31:46,222 - Train Loss: 0.3394, Train Acc: 0.7634, Train F1: 0.8140
2025-05-30 14:31:46,222 - Val Loss: 0.4594, Val Acc: 0.7670, Val F1: 0.7673
2025-05-30 14:31:46,222 - ---
2025-05-30 14:32:54,023 - ---
2025-05-30 14:32:54,024 - Epoch 075/100
2025-05-30 14:32:54,024 - Train Loss: 0.3503, Train Acc: 0.7608, Train F1: 0.8081
2025-05-30 14:32:54,024 - Val Loss: 0.4460, Val Acc: 0.7753, Val F1: 0.7960
2025-05-30 14:32:54,140 - Best model updated and saved at /kaggle/working/noisy-graph-classification/checkpoints/model_D_best.pth
2025-05-30 14:32:54,140 - ---
2025-05-30 14:34:01,884 - ---
2025-05-30 14:34:01,884 - Epoch 076/100
2025-05-30 14:34:01,885 - Train Loss: 0.3426, Train Acc: 0.7659, Train F1: 0.8098
2025-05-30 14:34:01,885 - Val Loss: 0.4881, Val Acc: 0.7364, Val F1: 0.7817
2025-05-30 14:34:01,885 - ---
2025-05-30 14:35:09,612 - ---
2025-05-30 14:35:09,612 - Epoch 077/100
2025-05-30 14:35:09,612 - Train Loss: 0.3453, Train Acc: 0.7661, Train F1: 0.8119
2025-05-30 14:35:09,612 - Val Loss: 0.4569, Val Acc: 0.7617, Val F1: 0.7978
2025-05-30 14:35:09,612 - ---
2025-05-30 14:36:17,815 - ---
2025-05-30 14:36:17,815 - Epoch 078/100
2025-05-30 14:36:17,815 - Train Loss: 0.3312, Train Acc: 0.7721, Train F1: 0.8196
2025-05-30 14:36:17,815 - Val Loss: 0.4900, Val Acc: 0.7622, Val F1: 0.7989
2025-05-30 14:36:17,815 - ---
2025-05-30 14:37:26,223 - ---
2025-05-30 14:37:26,223 - Epoch 079/100
2025-05-30 14:37:26,223 - Train Loss: 0.3426, Train Acc: 0.7631, Train F1: 0.8146
2025-05-30 14:37:26,224 - Val Loss: 0.5170, Val Acc: 0.7534, Val F1: 0.7792
2025-05-30 14:37:26,224 - ---
2025-05-30 14:38:34,964 - ---
2025-05-30 14:38:34,964 - Epoch 080/100
2025-05-30 14:38:34,964 - Train Loss: 0.3360, Train Acc: 0.7676, Train F1: 0.8178
2025-05-30 14:38:34,964 - Val Loss: 0.6410, Val Acc: 0.7228, Val F1: 0.7398
2025-05-30 14:38:34,964 - ---
2025-05-30 14:39:43,210 - ---
2025-05-30 14:39:43,210 - Epoch 081/100
2025-05-30 14:39:43,210 - Train Loss: 0.3385, Train Acc: 0.7692, Train F1: 0.8130
2025-05-30 14:39:43,210 - Val Loss: 0.5808, Val Acc: 0.7305, Val F1: 0.7644
2025-05-30 14:39:43,210 - ---
2025-05-30 14:40:51,187 - ---
2025-05-30 14:40:51,187 - Epoch 082/100
2025-05-30 14:40:51,187 - Train Loss: 0.3393, Train Acc: 0.7713, Train F1: 0.8200
2025-05-30 14:40:51,187 - Val Loss: 0.4631, Val Acc: 0.7631, Val F1: 0.7861
2025-05-30 14:40:51,187 - ---
2025-05-30 14:41:59,263 - ---
2025-05-30 14:41:59,263 - Epoch 083/100
2025-05-30 14:41:59,263 - Train Loss: 0.3392, Train Acc: 0.7670, Train F1: 0.8182
2025-05-30 14:41:59,263 - Val Loss: 0.5643, Val Acc: 0.7393, Val F1: 0.7322
2025-05-30 14:41:59,263 - ---
2025-05-30 14:43:07,089 - ---
2025-05-30 14:43:07,089 - Epoch 084/100
2025-05-30 14:43:07,089 - Train Loss: 0.3300, Train Acc: 0.7763, Train F1: 0.8241
2025-05-30 14:43:07,089 - Val Loss: 0.5368, Val Acc: 0.6994, Val F1: 0.7499
2025-05-30 14:43:07,089 - ---
2025-05-30 14:44:14,887 - ---
2025-05-30 14:44:14,887 - Epoch 085/100
2025-05-30 14:44:14,888 - Train Loss: 0.3370, Train Acc: 0.7707, Train F1: 0.8194
2025-05-30 14:44:14,888 - Val Loss: 0.4444, Val Acc: 0.7680, Val F1: 0.8077
2025-05-30 14:44:14,888 - ---
2025-05-30 14:45:22,653 - ---
2025-05-30 14:45:22,653 - Epoch 086/100
2025-05-30 14:45:22,653 - Train Loss: 0.3289, Train Acc: 0.7782, Train F1: 0.8250
2025-05-30 14:45:22,653 - Val Loss: 0.5682, Val Acc: 0.7296, Val F1: 0.7857
2025-05-30 14:45:22,653 - ---
2025-05-30 14:46:30,553 - ---
2025-05-30 14:46:30,554 - Epoch 087/100
2025-05-30 14:46:30,554 - Train Loss: 0.3208, Train Acc: 0.7733, Train F1: 0.8207
2025-05-30 14:46:30,554 - Val Loss: 0.4844, Val Acc: 0.7106, Val F1: 0.7646
2025-05-30 14:46:30,554 - ---
2025-05-30 14:47:38,468 - ---
2025-05-30 14:47:38,469 - Epoch 088/100
2025-05-30 14:47:38,469 - Train Loss: 0.3311, Train Acc: 0.7719, Train F1: 0.8214
2025-05-30 14:47:38,469 - Val Loss: 0.6261, Val Acc: 0.7101, Val F1: 0.7519
2025-05-30 14:47:38,469 - ---
2025-05-30 14:48:46,325 - ---
2025-05-30 14:48:46,325 - Epoch 089/100
2025-05-30 14:48:46,326 - Train Loss: 0.3254, Train Acc: 0.7738, Train F1: 0.8240
2025-05-30 14:48:46,326 - Val Loss: 0.4425, Val Acc: 0.7631, Val F1: 0.7908
2025-05-30 14:48:46,326 - ---
2025-05-30 14:49:54,050 - ---
2025-05-30 14:49:54,050 - Epoch 090/100
2025-05-30 14:49:54,050 - Train Loss: 0.3307, Train Acc: 0.7729, Train F1: 0.8183
2025-05-30 14:49:54,050 - Val Loss: 0.4755, Val Acc: 0.7471, Val F1: 0.7970
2025-05-30 14:49:54,051 - ---
2025-05-30 14:51:01,988 - ---
2025-05-30 14:51:01,988 - Epoch 091/100
2025-05-30 14:51:01,988 - Train Loss: 0.3227, Train Acc: 0.7750, Train F1: 0.8254
2025-05-30 14:51:01,988 - Val Loss: 0.4356, Val Acc: 0.7417, Val F1: 0.8010
2025-05-30 14:51:01,988 - ---
2025-05-30 14:52:09,834 - ---
2025-05-30 14:52:09,834 - Epoch 092/100
2025-05-30 14:52:09,834 - Train Loss: 0.3209, Train Acc: 0.7758, Train F1: 0.8234
2025-05-30 14:52:09,834 - Val Loss: 0.4495, Val Acc: 0.7719, Val F1: 0.7846
2025-05-30 14:52:09,835 - ---
2025-05-30 14:53:17,656 - ---
2025-05-30 14:53:17,657 - Epoch 093/100
2025-05-30 14:53:17,657 - Train Loss: 0.3281, Train Acc: 0.7760, Train F1: 0.8261
2025-05-30 14:53:17,657 - Val Loss: 0.4611, Val Acc: 0.7539, Val F1: 0.8076
2025-05-30 14:53:17,657 - ---
2025-05-30 14:54:25,534 - ---
2025-05-30 14:54:25,534 - Epoch 094/100
2025-05-30 14:54:25,534 - Train Loss: 0.3222, Train Acc: 0.7776, Train F1: 0.8269
2025-05-30 14:54:25,534 - Val Loss: 0.4657, Val Acc: 0.7656, Val F1: 0.8099
2025-05-30 14:54:25,534 - ---
2025-05-30 14:55:33,505 - ---
2025-05-30 14:55:33,505 - Epoch 095/100
2025-05-30 14:55:33,505 - Train Loss: 0.3224, Train Acc: 0.7789, Train F1: 0.8281
2025-05-30 14:55:33,505 - Val Loss: 0.5031, Val Acc: 0.7515, Val F1: 0.7904
2025-05-30 14:55:33,505 - ---
2025-05-30 14:56:41,310 - ---
2025-05-30 14:56:41,310 - Epoch 096/100
2025-05-30 14:56:41,310 - Train Loss: 0.3186, Train Acc: 0.7786, Train F1: 0.8278
2025-05-30 14:56:41,310 - Val Loss: 0.5251, Val Acc: 0.7558, Val F1: 0.7921
2025-05-30 14:56:41,310 - ---
2025-05-30 14:57:49,317 - ---
2025-05-30 14:57:49,317 - Epoch 097/100
2025-05-30 14:57:49,317 - Train Loss: 0.3131, Train Acc: 0.7864, Train F1: 0.8353
2025-05-30 14:57:49,317 - Val Loss: 0.4522, Val Acc: 0.7573, Val F1: 0.8079
2025-05-30 14:57:49,317 - ---
2025-05-30 14:58:57,174 - ---
2025-05-30 14:58:57,174 - Epoch 098/100
2025-05-30 14:58:57,174 - Train Loss: 0.3237, Train Acc: 0.7772, Train F1: 0.8305
2025-05-30 14:58:57,174 - Val Loss: 0.4412, Val Acc: 0.7524, Val F1: 0.8000
2025-05-30 14:58:57,174 - ---
2025-05-30 15:00:05,063 - ---
2025-05-30 15:00:05,063 - Epoch 099/100
2025-05-30 15:00:05,063 - Train Loss: 0.3215, Train Acc: 0.7808, Train F1: 0.8331
2025-05-30 15:00:05,063 - Val Loss: 0.4559, Val Acc: 0.7583, Val F1: 0.7981
2025-05-30 15:00:05,063 - ---
2025-05-30 15:01:13,007 - ---
2025-05-30 15:01:13,007 - Epoch 100/100
2025-05-30 15:01:13,008 - Train Loss: 0.3186, Train Acc: 0.7763, Train F1: 0.8280
2025-05-30 15:01:13,008 - Val Loss: 0.4426, Val Acc: 0.7675, Val F1: 0.8128
2025-05-30 15:01:13,008 - ---
