2025-05-30 16:19:24,881 - ---
2025-05-30 16:19:24,881 - Epoch 001/100
2025-05-30 16:19:24,881 - Train Loss: 1.4461, Train Acc: 0.2647, Train F1: 0.1694
2025-05-30 16:19:24,881 - Val Loss: 1.8770, Val Acc: 0.2509, Val F1: 0.1087
2025-05-30 16:19:24,970 - Best model updated and saved at /kaggle/working/noisy-graph-classification/checkpoints/model_B_best.pth
2025-05-30 16:19:24,970 - ---
2025-05-30 16:20:00,384 - ---
2025-05-30 16:20:00,384 - Epoch 002/100
2025-05-30 16:20:00,384 - Train Loss: 1.3981, Train Acc: 0.2853, Train F1: 0.1581
2025-05-30 16:20:00,384 - Val Loss: 1.8091, Val Acc: 0.2723, Val F1: 0.1211
2025-05-30 16:20:00,504 - Best model updated and saved at /kaggle/working/noisy-graph-classification/checkpoints/model_B_best.pth
2025-05-30 16:20:00,504 - ---
2025-05-30 16:20:35,754 - ---
2025-05-30 16:20:35,754 - Epoch 003/100
2025-05-30 16:20:35,755 - Train Loss: 1.3918, Train Acc: 0.3047, Train F1: 0.1824
2025-05-30 16:20:35,755 - Val Loss: 1.7432, Val Acc: 0.3161, Val F1: 0.1778
2025-05-30 16:20:35,871 - Best model updated and saved at /kaggle/working/noisy-graph-classification/checkpoints/model_B_best.pth
2025-05-30 16:20:35,871 - ---
2025-05-30 16:21:11,163 - ---
2025-05-30 16:21:11,164 - Epoch 004/100
2025-05-30 16:21:11,164 - Train Loss: 1.3818, Train Acc: 0.3192, Train F1: 0.1896
2025-05-30 16:21:11,164 - Val Loss: 1.7573, Val Acc: 0.3000, Val F1: 0.1563
2025-05-30 16:21:11,164 - ---
2025-05-30 16:21:46,403 - ---
2025-05-30 16:21:46,403 - Epoch 005/100
2025-05-30 16:21:46,403 - Train Loss: 1.3703, Train Acc: 0.3286, Train F1: 0.1934
2025-05-30 16:21:46,403 - Val Loss: 1.7121, Val Acc: 0.3232, Val F1: 0.2143
2025-05-30 16:21:46,522 - Best model updated and saved at /kaggle/working/noisy-graph-classification/checkpoints/model_B_best.pth
2025-05-30 16:21:46,522 - ---
2025-05-30 16:22:21,845 - ---
2025-05-30 16:22:21,845 - Epoch 006/100
2025-05-30 16:22:21,845 - Train Loss: 1.3498, Train Acc: 0.3415, Train F1: 0.2112
2025-05-30 16:22:21,845 - Val Loss: 1.7607, Val Acc: 0.3330, Val F1: 0.1993
2025-05-30 16:22:21,965 - Best model updated and saved at /kaggle/working/noisy-graph-classification/checkpoints/model_B_best.pth
2025-05-30 16:22:21,965 - ---
2025-05-30 16:22:57,175 - ---
2025-05-30 16:22:57,175 - Epoch 007/100
2025-05-30 16:22:57,175 - Train Loss: 1.3431, Train Acc: 0.3574, Train F1: 0.2234
2025-05-30 16:22:57,175 - Val Loss: 1.7303, Val Acc: 0.2946, Val F1: 0.1456
2025-05-30 16:22:57,175 - ---
2025-05-30 16:23:32,606 - ---
2025-05-30 16:23:32,606 - Epoch 008/100
2025-05-30 16:23:32,606 - Train Loss: 1.3433, Train Acc: 0.3574, Train F1: 0.2221
2025-05-30 16:23:32,606 - Val Loss: 1.7327, Val Acc: 0.3143, Val F1: 0.1837
2025-05-30 16:23:32,606 - ---
2025-05-30 16:24:07,847 - ---
2025-05-30 16:24:07,848 - Epoch 009/100
2025-05-30 16:24:07,848 - Train Loss: 1.3258, Train Acc: 0.3679, Train F1: 0.2393
2025-05-30 16:24:07,848 - Val Loss: 1.6627, Val Acc: 0.3562, Val F1: 0.2342
2025-05-30 16:24:07,971 - Best model updated and saved at /kaggle/working/noisy-graph-classification/checkpoints/model_B_best.pth
2025-05-30 16:24:07,971 - ---
2025-05-30 16:24:43,266 - ---
2025-05-30 16:24:43,266 - Epoch 010/100
2025-05-30 16:24:43,267 - Train Loss: 1.3060, Train Acc: 0.3799, Train F1: 0.2556
2025-05-30 16:24:43,267 - Val Loss: 1.5989, Val Acc: 0.3964, Val F1: 0.2768
2025-05-30 16:24:43,388 - Best model updated and saved at /kaggle/working/noisy-graph-classification/checkpoints/model_B_best.pth
2025-05-30 16:24:43,388 - ---
2025-05-30 16:25:18,700 - ---
2025-05-30 16:25:18,700 - Epoch 011/100
2025-05-30 16:25:18,700 - Train Loss: 1.2936, Train Acc: 0.3904, Train F1: 0.2703
2025-05-30 16:25:18,700 - Val Loss: 1.6096, Val Acc: 0.3875, Val F1: 0.2696
2025-05-30 16:25:18,700 - ---
2025-05-30 16:25:53,921 - ---
2025-05-30 16:25:53,921 - Epoch 012/100
2025-05-30 16:25:53,921 - Train Loss: 1.2859, Train Acc: 0.4033, Train F1: 0.2857
2025-05-30 16:25:53,921 - Val Loss: 1.6552, Val Acc: 0.3562, Val F1: 0.2335
2025-05-30 16:25:53,921 - ---
2025-05-30 16:26:29,183 - ---
2025-05-30 16:26:29,183 - Epoch 013/100
2025-05-30 16:26:29,184 - Train Loss: 1.2760, Train Acc: 0.4161, Train F1: 0.2975
2025-05-30 16:26:29,184 - Val Loss: 1.6074, Val Acc: 0.4000, Val F1: 0.2971
2025-05-30 16:26:29,303 - Best model updated and saved at /kaggle/working/noisy-graph-classification/checkpoints/model_B_best.pth
2025-05-30 16:26:29,304 - ---
2025-05-30 16:27:04,545 - ---
2025-05-30 16:27:04,546 - Epoch 014/100
2025-05-30 16:27:04,546 - Train Loss: 1.2780, Train Acc: 0.4080, Train F1: 0.2909
2025-05-30 16:27:04,546 - Val Loss: 1.5752, Val Acc: 0.4107, Val F1: 0.2871
2025-05-30 16:27:04,665 - Best model updated and saved at /kaggle/working/noisy-graph-classification/checkpoints/model_B_best.pth
2025-05-30 16:27:04,665 - ---
2025-05-30 16:27:39,967 - ---
2025-05-30 16:27:39,967 - Epoch 015/100
2025-05-30 16:27:39,968 - Train Loss: 1.2636, Train Acc: 0.4179, Train F1: 0.3012
2025-05-30 16:27:39,968 - Val Loss: 1.7462, Val Acc: 0.3545, Val F1: 0.2403
2025-05-30 16:27:39,968 - ---
2025-05-30 16:28:15,209 - ---
2025-05-30 16:28:15,209 - Epoch 016/100
2025-05-30 16:28:15,209 - Train Loss: 1.2561, Train Acc: 0.4297, Train F1: 0.3097
2025-05-30 16:28:15,209 - Val Loss: 1.5985, Val Acc: 0.3964, Val F1: 0.3023
2025-05-30 16:28:15,209 - ---
2025-05-30 16:28:50,584 - ---
2025-05-30 16:28:50,584 - Epoch 017/100
2025-05-30 16:28:50,584 - Train Loss: 1.2596, Train Acc: 0.4346, Train F1: 0.3160
2025-05-30 16:28:50,584 - Val Loss: 1.5743, Val Acc: 0.4429, Val F1: 0.3261
2025-05-30 16:28:50,704 - Best model updated and saved at /kaggle/working/noisy-graph-classification/checkpoints/model_B_best.pth
2025-05-30 16:28:50,705 - ---
2025-05-30 16:29:25,964 - ---
2025-05-30 16:29:25,964 - Epoch 018/100
2025-05-30 16:29:25,964 - Train Loss: 1.2418, Train Acc: 0.4442, Train F1: 0.3289
2025-05-30 16:29:25,964 - Val Loss: 1.5748, Val Acc: 0.4214, Val F1: 0.3236
2025-05-30 16:29:25,964 - ---
2025-05-30 16:30:01,196 - ---
2025-05-30 16:30:01,197 - Epoch 019/100
2025-05-30 16:30:01,197 - Train Loss: 1.2362, Train Acc: 0.4455, Train F1: 0.3321
2025-05-30 16:30:01,197 - Val Loss: 1.5402, Val Acc: 0.4491, Val F1: 0.3345
2025-05-30 16:30:01,308 - Best model updated and saved at /kaggle/working/noisy-graph-classification/checkpoints/model_B_best.pth
2025-05-30 16:30:01,308 - ---
2025-05-30 16:30:36,632 - ---
2025-05-30 16:30:36,632 - Epoch 020/100
2025-05-30 16:30:36,633 - Train Loss: 1.2398, Train Acc: 0.4397, Train F1: 0.3264
2025-05-30 16:30:36,633 - Val Loss: 1.5737, Val Acc: 0.4161, Val F1: 0.3178
2025-05-30 16:30:36,633 - ---
2025-05-30 16:31:11,783 - ---
2025-05-30 16:31:11,783 - Epoch 021/100
2025-05-30 16:31:11,783 - Train Loss: 1.2257, Train Acc: 0.4554, Train F1: 0.3482
2025-05-30 16:31:11,783 - Val Loss: 1.5018, Val Acc: 0.4688, Val F1: 0.3636
2025-05-30 16:31:11,904 - Best model updated and saved at /kaggle/working/noisy-graph-classification/checkpoints/model_B_best.pth
2025-05-30 16:31:11,904 - ---
2025-05-30 16:31:47,024 - ---
2025-05-30 16:31:47,025 - Epoch 022/100
2025-05-30 16:31:47,025 - Train Loss: 1.2146, Train Acc: 0.4616, Train F1: 0.3532
2025-05-30 16:31:47,025 - Val Loss: 1.5045, Val Acc: 0.4688, Val F1: 0.3749
2025-05-30 16:31:47,025 - ---
2025-05-30 16:32:22,143 - ---
2025-05-30 16:32:22,144 - Epoch 023/100
2025-05-30 16:32:22,144 - Train Loss: 1.2101, Train Acc: 0.4692, Train F1: 0.3669
2025-05-30 16:32:22,144 - Val Loss: 1.5029, Val Acc: 0.4777, Val F1: 0.3744
2025-05-30 16:32:22,262 - Best model updated and saved at /kaggle/working/noisy-graph-classification/checkpoints/model_B_best.pth
2025-05-30 16:32:22,262 - ---
2025-05-30 16:32:57,353 - ---
2025-05-30 16:32:57,353 - Epoch 024/100
2025-05-30 16:32:57,353 - Train Loss: 1.2147, Train Acc: 0.4650, Train F1: 0.3571
2025-05-30 16:32:57,353 - Val Loss: 1.5106, Val Acc: 0.4804, Val F1: 0.3924
2025-05-30 16:32:57,467 - Best model updated and saved at /kaggle/working/noisy-graph-classification/checkpoints/model_B_best.pth
2025-05-30 16:32:57,468 - ---
2025-05-30 16:33:32,682 - ---
2025-05-30 16:33:32,682 - Epoch 025/100
2025-05-30 16:33:32,682 - Train Loss: 1.2082, Train Acc: 0.4734, Train F1: 0.3708
2025-05-30 16:33:32,683 - Val Loss: 1.6003, Val Acc: 0.4241, Val F1: 0.3599
2025-05-30 16:33:32,683 - ---
2025-05-30 16:34:07,772 - ---
2025-05-30 16:34:07,772 - Epoch 026/100
2025-05-30 16:34:07,772 - Train Loss: 1.2028, Train Acc: 0.4770, Train F1: 0.3771
2025-05-30 16:34:07,773 - Val Loss: 1.4914, Val Acc: 0.4911, Val F1: 0.3918
2025-05-30 16:34:07,890 - Best model updated and saved at /kaggle/working/noisy-graph-classification/checkpoints/model_B_best.pth
2025-05-30 16:34:07,890 - ---
2025-05-30 16:34:43,008 - ---
2025-05-30 16:34:43,008 - Epoch 027/100
2025-05-30 16:34:43,008 - Train Loss: 1.1974, Train Acc: 0.4766, Train F1: 0.3798
2025-05-30 16:34:43,008 - Val Loss: 1.5280, Val Acc: 0.4536, Val F1: 0.3720
2025-05-30 16:34:43,008 - ---
2025-05-30 16:35:18,058 - ---
2025-05-30 16:35:18,058 - Epoch 028/100
2025-05-30 16:35:18,058 - Train Loss: 1.2057, Train Acc: 0.4752, Train F1: 0.3821
2025-05-30 16:35:18,058 - Val Loss: 1.4734, Val Acc: 0.4964, Val F1: 0.3938
2025-05-30 16:35:18,197 - Best model updated and saved at /kaggle/working/noisy-graph-classification/checkpoints/model_B_best.pth
2025-05-30 16:35:18,197 - ---
2025-05-30 16:35:53,484 - ---
2025-05-30 16:35:53,484 - Epoch 029/100
2025-05-30 16:35:53,484 - Train Loss: 1.1907, Train Acc: 0.4857, Train F1: 0.3917
2025-05-30 16:35:53,484 - Val Loss: 1.6303, Val Acc: 0.3955, Val F1: 0.3166
2025-05-30 16:35:53,484 - ---
2025-05-30 16:36:28,614 - ---
2025-05-30 16:36:28,614 - Epoch 030/100
2025-05-30 16:36:28,614 - Train Loss: 1.1898, Train Acc: 0.4902, Train F1: 0.3955
2025-05-30 16:36:28,615 - Val Loss: 1.5067, Val Acc: 0.4777, Val F1: 0.3864
2025-05-30 16:36:28,615 - ---
2025-05-30 16:37:03,779 - ---
2025-05-30 16:37:03,779 - Epoch 031/100
2025-05-30 16:37:03,779 - Train Loss: 1.1819, Train Acc: 0.4931, Train F1: 0.3984
2025-05-30 16:37:03,779 - Val Loss: 1.4721, Val Acc: 0.5143, Val F1: 0.4393
2025-05-30 16:37:03,891 - Best model updated and saved at /kaggle/working/noisy-graph-classification/checkpoints/model_B_best.pth
2025-05-30 16:37:03,891 - ---
2025-05-30 16:37:38,970 - ---
2025-05-30 16:37:38,970 - Epoch 032/100
2025-05-30 16:37:38,970 - Train Loss: 1.1844, Train Acc: 0.4897, Train F1: 0.3977
2025-05-30 16:37:38,970 - Val Loss: 1.5129, Val Acc: 0.4563, Val F1: 0.3604
2025-05-30 16:37:38,970 - ---
2025-05-30 16:38:14,015 - ---
2025-05-30 16:38:14,015 - Epoch 033/100
2025-05-30 16:38:14,015 - Train Loss: 1.1719, Train Acc: 0.4993, Train F1: 0.4049
2025-05-30 16:38:14,015 - Val Loss: 1.4804, Val Acc: 0.5063, Val F1: 0.4317
2025-05-30 16:38:14,015 - ---
2025-05-30 16:38:49,041 - ---
2025-05-30 16:38:49,041 - Epoch 034/100
2025-05-30 16:38:49,041 - Train Loss: 1.1712, Train Acc: 0.4973, Train F1: 0.4091
2025-05-30 16:38:49,042 - Val Loss: 1.4660, Val Acc: 0.5107, Val F1: 0.4199
2025-05-30 16:38:49,042 - ---
2025-05-30 16:39:24,065 - ---
2025-05-30 16:39:24,065 - Epoch 035/100
2025-05-30 16:39:24,065 - Train Loss: 1.1698, Train Acc: 0.5000, Train F1: 0.4103
2025-05-30 16:39:24,065 - Val Loss: 1.4686, Val Acc: 0.5179, Val F1: 0.4372
2025-05-30 16:39:24,185 - Best model updated and saved at /kaggle/working/noisy-graph-classification/checkpoints/model_B_best.pth
2025-05-30 16:39:24,185 - ---
2025-05-30 16:39:59,308 - ---
2025-05-30 16:39:59,308 - Epoch 036/100
2025-05-30 16:39:59,308 - Train Loss: 1.1667, Train Acc: 0.5056, Train F1: 0.4225
2025-05-30 16:39:59,308 - Val Loss: 1.5802, Val Acc: 0.4527, Val F1: 0.3949
2025-05-30 16:39:59,308 - ---
2025-05-30 16:40:34,391 - ---
2025-05-30 16:40:34,391 - Epoch 037/100
2025-05-30 16:40:34,391 - Train Loss: 1.1698, Train Acc: 0.5020, Train F1: 0.4171
2025-05-30 16:40:34,391 - Val Loss: 1.4311, Val Acc: 0.5312, Val F1: 0.4499
2025-05-30 16:40:34,509 - Best model updated and saved at /kaggle/working/noisy-graph-classification/checkpoints/model_B_best.pth
2025-05-30 16:40:34,510 - ---
2025-05-30 16:41:09,698 - ---
2025-05-30 16:41:09,698 - Epoch 038/100
2025-05-30 16:41:09,698 - Train Loss: 1.1552, Train Acc: 0.5098, Train F1: 0.4260
2025-05-30 16:41:09,699 - Val Loss: 1.4697, Val Acc: 0.5161, Val F1: 0.4482
2025-05-30 16:41:09,699 - ---
2025-05-30 16:41:44,713 - ---
2025-05-30 16:41:44,713 - Epoch 039/100
2025-05-30 16:41:44,713 - Train Loss: 1.1528, Train Acc: 0.5183, Train F1: 0.4447
2025-05-30 16:41:44,713 - Val Loss: 1.4800, Val Acc: 0.5027, Val F1: 0.4441
2025-05-30 16:41:44,713 - ---
2025-05-30 16:42:19,971 - ---
2025-05-30 16:42:19,972 - Epoch 040/100
2025-05-30 16:42:19,972 - Train Loss: 1.1499, Train Acc: 0.5147, Train F1: 0.4387
2025-05-30 16:42:19,972 - Val Loss: 1.4789, Val Acc: 0.4955, Val F1: 0.4194
2025-05-30 16:42:19,972 - ---
2025-05-30 16:42:55,076 - ---
2025-05-30 16:42:55,076 - Epoch 041/100
2025-05-30 16:42:55,076 - Train Loss: 1.1475, Train Acc: 0.5225, Train F1: 0.4476
2025-05-30 16:42:55,076 - Val Loss: 1.5387, Val Acc: 0.4741, Val F1: 0.4013
2025-05-30 16:42:55,076 - ---
2025-05-30 16:43:30,233 - ---
2025-05-30 16:43:30,233 - Epoch 042/100
2025-05-30 16:43:30,233 - Train Loss: 1.1454, Train Acc: 0.5230, Train F1: 0.4464
2025-05-30 16:43:30,233 - Val Loss: 1.4318, Val Acc: 0.5384, Val F1: 0.4671
2025-05-30 16:43:30,345 - Best model updated and saved at /kaggle/working/noisy-graph-classification/checkpoints/model_B_best.pth
2025-05-30 16:43:30,345 - ---
2025-05-30 16:44:05,449 - ---
2025-05-30 16:44:05,449 - Epoch 043/100
2025-05-30 16:44:05,449 - Train Loss: 1.1408, Train Acc: 0.5252, Train F1: 0.4520
2025-05-30 16:44:05,449 - Val Loss: 1.4007, Val Acc: 0.5536, Val F1: 0.5072
2025-05-30 16:44:05,572 - Best model updated and saved at /kaggle/working/noisy-graph-classification/checkpoints/model_B_best.pth
2025-05-30 16:44:05,572 - ---
2025-05-30 16:44:40,756 - ---
2025-05-30 16:44:40,756 - Epoch 044/100
2025-05-30 16:44:40,756 - Train Loss: 1.1415, Train Acc: 0.5205, Train F1: 0.4518
2025-05-30 16:44:40,756 - Val Loss: 1.4321, Val Acc: 0.5321, Val F1: 0.4587
2025-05-30 16:44:40,756 - ---
2025-05-30 16:45:15,877 - ---
2025-05-30 16:45:15,877 - Epoch 045/100
2025-05-30 16:45:15,877 - Train Loss: 1.1335, Train Acc: 0.5292, Train F1: 0.4664
2025-05-30 16:45:15,877 - Val Loss: 1.5056, Val Acc: 0.5018, Val F1: 0.4241
2025-05-30 16:45:15,877 - ---
2025-05-30 16:45:51,027 - ---
2025-05-30 16:45:51,027 - Epoch 046/100
2025-05-30 16:45:51,027 - Train Loss: 1.1399, Train Acc: 0.5217, Train F1: 0.4552
2025-05-30 16:45:51,027 - Val Loss: 1.4753, Val Acc: 0.4973, Val F1: 0.4115
2025-05-30 16:45:51,028 - ---
2025-05-30 16:46:26,186 - ---
2025-05-30 16:46:26,186 - Epoch 047/100
2025-05-30 16:46:26,186 - Train Loss: 1.1261, Train Acc: 0.5335, Train F1: 0.4681
2025-05-30 16:46:26,186 - Val Loss: 1.4471, Val Acc: 0.5321, Val F1: 0.4710
2025-05-30 16:46:26,186 - ---
2025-05-30 16:47:01,303 - ---
2025-05-30 16:47:01,303 - Epoch 048/100
2025-05-30 16:47:01,303 - Train Loss: 1.1284, Train Acc: 0.5310, Train F1: 0.4663
2025-05-30 16:47:01,303 - Val Loss: 1.4073, Val Acc: 0.5527, Val F1: 0.4862
2025-05-30 16:47:01,303 - ---
2025-05-30 16:47:36,446 - ---
2025-05-30 16:47:36,446 - Epoch 049/100
2025-05-30 16:47:36,446 - Train Loss: 1.1251, Train Acc: 0.5288, Train F1: 0.4662
2025-05-30 16:47:36,446 - Val Loss: 1.4321, Val Acc: 0.5348, Val F1: 0.4904
2025-05-30 16:47:36,446 - ---
2025-05-30 16:48:11,741 - ---
2025-05-30 16:48:11,741 - Epoch 050/100
2025-05-30 16:48:11,741 - Train Loss: 1.1229, Train Acc: 0.5339, Train F1: 0.4729
2025-05-30 16:48:11,741 - Val Loss: 1.4964, Val Acc: 0.4875, Val F1: 0.4344
2025-05-30 16:48:11,741 - ---
2025-05-30 16:48:47,055 - ---
2025-05-30 16:48:47,055 - Epoch 051/100
2025-05-30 16:48:47,055 - Train Loss: 1.1166, Train Acc: 0.5382, Train F1: 0.4785
2025-05-30 16:48:47,056 - Val Loss: 1.3922, Val Acc: 0.5688, Val F1: 0.5287
2025-05-30 16:48:47,171 - Best model updated and saved at /kaggle/working/noisy-graph-classification/checkpoints/model_B_best.pth
2025-05-30 16:48:47,171 - ---
2025-05-30 16:49:22,821 - ---
2025-05-30 16:49:22,821 - Epoch 052/100
2025-05-30 16:49:22,822 - Train Loss: 1.1105, Train Acc: 0.5429, Train F1: 0.4851
2025-05-30 16:49:22,822 - Val Loss: 1.4176, Val Acc: 0.5348, Val F1: 0.4789
2025-05-30 16:49:22,822 - ---
2025-05-30 16:49:58,109 - ---
2025-05-30 16:49:58,109 - Epoch 053/100
2025-05-30 16:49:58,109 - Train Loss: 1.1125, Train Acc: 0.5440, Train F1: 0.4910
2025-05-30 16:49:58,109 - Val Loss: 1.4679, Val Acc: 0.5241, Val F1: 0.4828
2025-05-30 16:49:58,109 - ---
2025-05-30 16:50:33,365 - ---
2025-05-30 16:50:33,366 - Epoch 054/100
2025-05-30 16:50:33,366 - Train Loss: 1.1162, Train Acc: 0.5400, Train F1: 0.4800
2025-05-30 16:50:33,366 - Val Loss: 1.4277, Val Acc: 0.5366, Val F1: 0.4888
2025-05-30 16:50:33,366 - ---
2025-05-30 16:51:08,835 - ---
2025-05-30 16:51:08,835 - Epoch 055/100
2025-05-30 16:51:08,835 - Train Loss: 1.1090, Train Acc: 0.5393, Train F1: 0.4785
2025-05-30 16:51:08,835 - Val Loss: 1.4302, Val Acc: 0.5491, Val F1: 0.4801
2025-05-30 16:51:08,835 - ---
2025-05-30 16:51:44,038 - ---
2025-05-30 16:51:44,038 - Epoch 056/100
2025-05-30 16:51:44,038 - Train Loss: 1.1004, Train Acc: 0.5498, Train F1: 0.4918
2025-05-30 16:51:44,038 - Val Loss: 1.4139, Val Acc: 0.5670, Val F1: 0.5245
2025-05-30 16:51:44,038 - ---
2025-05-30 16:52:19,243 - ---
2025-05-30 16:52:19,243 - Epoch 057/100
2025-05-30 16:52:19,243 - Train Loss: 1.0962, Train Acc: 0.5556, Train F1: 0.5039
2025-05-30 16:52:19,243 - Val Loss: 1.4292, Val Acc: 0.5402, Val F1: 0.4762
2025-05-30 16:52:19,243 - ---
2025-05-30 16:52:54,353 - ---
2025-05-30 16:52:54,353 - Epoch 058/100
2025-05-30 16:52:54,353 - Train Loss: 1.1038, Train Acc: 0.5467, Train F1: 0.4930
2025-05-30 16:52:54,353 - Val Loss: 1.4233, Val Acc: 0.5455, Val F1: 0.4927
2025-05-30 16:52:54,353 - ---
2025-05-30 16:53:29,449 - ---
2025-05-30 16:53:29,449 - Epoch 059/100
2025-05-30 16:53:29,449 - Train Loss: 1.1011, Train Acc: 0.5449, Train F1: 0.4893
2025-05-30 16:53:29,449 - Val Loss: 1.4118, Val Acc: 0.5411, Val F1: 0.4653
2025-05-30 16:53:29,449 - ---
2025-05-30 16:54:04,517 - ---
2025-05-30 16:54:04,517 - Epoch 060/100
2025-05-30 16:54:04,517 - Train Loss: 1.0995, Train Acc: 0.5462, Train F1: 0.4888
2025-05-30 16:54:04,518 - Val Loss: 1.3942, Val Acc: 0.5705, Val F1: 0.5247
2025-05-30 16:54:04,639 - Best model updated and saved at /kaggle/working/noisy-graph-classification/checkpoints/model_B_best.pth
2025-05-30 16:54:04,639 - ---
2025-05-30 16:54:39,811 - ---
2025-05-30 16:54:39,811 - Epoch 061/100
2025-05-30 16:54:39,811 - Train Loss: 1.0959, Train Acc: 0.5484, Train F1: 0.4946
2025-05-30 16:54:39,812 - Val Loss: 1.4373, Val Acc: 0.5402, Val F1: 0.4753
2025-05-30 16:54:39,812 - ---
2025-05-30 16:55:14,933 - ---
2025-05-30 16:55:14,933 - Epoch 062/100
2025-05-30 16:55:14,933 - Train Loss: 1.0893, Train Acc: 0.5540, Train F1: 0.5024
2025-05-30 16:55:14,933 - Val Loss: 1.4147, Val Acc: 0.5437, Val F1: 0.4855
2025-05-30 16:55:14,933 - ---
2025-05-30 16:55:50,088 - ---
2025-05-30 16:55:50,088 - Epoch 063/100
2025-05-30 16:55:50,088 - Train Loss: 1.0921, Train Acc: 0.5471, Train F1: 0.4925
2025-05-30 16:55:50,088 - Val Loss: 1.5768, Val Acc: 0.4723, Val F1: 0.4557
2025-05-30 16:55:50,088 - ---
2025-05-30 16:56:25,394 - ---
2025-05-30 16:56:25,395 - Epoch 064/100
2025-05-30 16:56:25,395 - Train Loss: 1.0949, Train Acc: 0.5511, Train F1: 0.4951
2025-05-30 16:56:25,395 - Val Loss: 1.4078, Val Acc: 0.5652, Val F1: 0.5123
2025-05-30 16:56:25,395 - ---
2025-05-30 16:57:00,548 - ---
2025-05-30 16:57:00,548 - Epoch 065/100
2025-05-30 16:57:00,548 - Train Loss: 1.0848, Train Acc: 0.5562, Train F1: 0.5072
2025-05-30 16:57:00,548 - Val Loss: 1.3986, Val Acc: 0.5616, Val F1: 0.5051
2025-05-30 16:57:00,549 - ---
2025-05-30 16:57:35,686 - ---
2025-05-30 16:57:35,686 - Epoch 066/100
2025-05-30 16:57:35,686 - Train Loss: 1.0849, Train Acc: 0.5493, Train F1: 0.4962
2025-05-30 16:57:35,686 - Val Loss: 1.4294, Val Acc: 0.5652, Val F1: 0.5221
2025-05-30 16:57:35,686 - ---
2025-05-30 16:58:10,845 - ---
2025-05-30 16:58:10,845 - Epoch 067/100
2025-05-30 16:58:10,845 - Train Loss: 1.0856, Train Acc: 0.5482, Train F1: 0.4970
2025-05-30 16:58:10,845 - Val Loss: 1.4546, Val Acc: 0.5348, Val F1: 0.4896
2025-05-30 16:58:10,845 - ---
2025-05-30 16:58:45,908 - ---
2025-05-30 16:58:45,908 - Epoch 068/100
2025-05-30 16:58:45,908 - Train Loss: 1.0793, Train Acc: 0.5540, Train F1: 0.4998
2025-05-30 16:58:45,908 - Val Loss: 1.4321, Val Acc: 0.5429, Val F1: 0.4905
2025-05-30 16:58:45,908 - ---
2025-05-30 16:59:21,277 - ---
2025-05-30 16:59:21,277 - Epoch 069/100
2025-05-30 16:59:21,277 - Train Loss: 1.0843, Train Acc: 0.5556, Train F1: 0.5035
2025-05-30 16:59:21,277 - Val Loss: 1.3937, Val Acc: 0.5661, Val F1: 0.5072
2025-05-30 16:59:21,278 - ---
2025-05-30 16:59:56,549 - ---
2025-05-30 16:59:56,549 - Epoch 070/100
2025-05-30 16:59:56,549 - Train Loss: 1.0800, Train Acc: 0.5542, Train F1: 0.5020
2025-05-30 16:59:56,549 - Val Loss: 1.4705, Val Acc: 0.5250, Val F1: 0.4738
2025-05-30 16:59:56,550 - ---
2025-05-30 17:00:31,869 - ---
2025-05-30 17:00:31,869 - Epoch 071/100
2025-05-30 17:00:31,869 - Train Loss: 1.0733, Train Acc: 0.5567, Train F1: 0.5049
2025-05-30 17:00:31,869 - Val Loss: 1.4165, Val Acc: 0.5616, Val F1: 0.5204
2025-05-30 17:00:31,869 - ---
2025-05-30 17:01:07,166 - ---
2025-05-30 17:01:07,166 - Epoch 072/100
2025-05-30 17:01:07,166 - Train Loss: 1.0708, Train Acc: 0.5594, Train F1: 0.5109
2025-05-30 17:01:07,166 - Val Loss: 1.4515, Val Acc: 0.5402, Val F1: 0.4922
2025-05-30 17:01:07,166 - ---
2025-05-30 17:01:42,542 - ---
2025-05-30 17:01:42,542 - Epoch 073/100
2025-05-30 17:01:42,542 - Train Loss: 1.0717, Train Acc: 0.5638, Train F1: 0.5133
2025-05-30 17:01:42,543 - Val Loss: 1.4145, Val Acc: 0.5670, Val F1: 0.5247
2025-05-30 17:01:42,543 - ---
2025-05-30 17:02:17,657 - ---
2025-05-30 17:02:17,658 - Epoch 074/100
2025-05-30 17:02:17,658 - Train Loss: 1.0762, Train Acc: 0.5554, Train F1: 0.5058
2025-05-30 17:02:17,658 - Val Loss: 1.3987, Val Acc: 0.5580, Val F1: 0.5003
2025-05-30 17:02:17,658 - ---
2025-05-30 17:02:52,774 - ---
2025-05-30 17:02:52,775 - Epoch 075/100
2025-05-30 17:02:52,775 - Train Loss: 1.0727, Train Acc: 0.5571, Train F1: 0.5051
2025-05-30 17:02:52,775 - Val Loss: 1.4413, Val Acc: 0.5571, Val F1: 0.5125
2025-05-30 17:02:52,775 - ---
2025-05-30 17:03:27,889 - ---
2025-05-30 17:03:27,890 - Epoch 076/100
2025-05-30 17:03:27,890 - Train Loss: 1.0645, Train Acc: 0.5645, Train F1: 0.5158
2025-05-30 17:03:27,890 - Val Loss: 1.4446, Val Acc: 0.5375, Val F1: 0.4799
2025-05-30 17:03:27,890 - ---
2025-05-30 17:04:02,977 - ---
2025-05-30 17:04:02,977 - Epoch 077/100
2025-05-30 17:04:02,977 - Train Loss: 1.0596, Train Acc: 0.5661, Train F1: 0.5198
2025-05-30 17:04:02,977 - Val Loss: 1.4559, Val Acc: 0.5330, Val F1: 0.4774
2025-05-30 17:04:02,977 - ---
2025-05-30 17:04:38,002 - ---
2025-05-30 17:04:38,002 - Epoch 078/100
2025-05-30 17:04:38,002 - Train Loss: 1.0620, Train Acc: 0.5583, Train F1: 0.5112
2025-05-30 17:04:38,002 - Val Loss: 1.4098, Val Acc: 0.5580, Val F1: 0.5118
2025-05-30 17:04:38,002 - ---
2025-05-30 17:05:13,084 - ---
2025-05-30 17:05:13,084 - Epoch 079/100
2025-05-30 17:05:13,084 - Train Loss: 1.0661, Train Acc: 0.5645, Train F1: 0.5151
2025-05-30 17:05:13,084 - Val Loss: 1.4096, Val Acc: 0.5652, Val F1: 0.5198
2025-05-30 17:05:13,084 - ---
2025-05-30 17:05:48,241 - ---
2025-05-30 17:05:48,241 - Epoch 080/100
2025-05-30 17:05:48,241 - Train Loss: 1.0624, Train Acc: 0.5692, Train F1: 0.5239
2025-05-30 17:05:48,241 - Val Loss: 1.4121, Val Acc: 0.5518, Val F1: 0.4907
2025-05-30 17:05:48,241 - ---
2025-05-30 17:06:23,382 - ---
2025-05-30 17:06:23,382 - Epoch 081/100
2025-05-30 17:06:23,382 - Train Loss: 1.0566, Train Acc: 0.5667, Train F1: 0.5201
2025-05-30 17:06:23,382 - Val Loss: 1.4679, Val Acc: 0.5339, Val F1: 0.4517
2025-05-30 17:06:23,382 - ---
2025-05-30 17:06:58,603 - ---
2025-05-30 17:06:58,603 - Epoch 082/100
2025-05-30 17:06:58,604 - Train Loss: 1.0554, Train Acc: 0.5596, Train F1: 0.5115
2025-05-30 17:06:58,604 - Val Loss: 1.4900, Val Acc: 0.5196, Val F1: 0.4880
2025-05-30 17:06:58,604 - ---
2025-05-30 17:07:33,762 - ---
2025-05-30 17:07:33,763 - Epoch 083/100
2025-05-30 17:07:33,763 - Train Loss: 1.0450, Train Acc: 0.5679, Train F1: 0.5218
2025-05-30 17:07:33,763 - Val Loss: 1.4530, Val Acc: 0.5652, Val F1: 0.5244
2025-05-30 17:07:33,763 - ---
2025-05-30 17:08:08,943 - ---
2025-05-30 17:08:08,943 - Epoch 084/100
2025-05-30 17:08:08,943 - Train Loss: 1.0517, Train Acc: 0.5708, Train F1: 0.5216
2025-05-30 17:08:08,943 - Val Loss: 1.4352, Val Acc: 0.5473, Val F1: 0.4803
2025-05-30 17:08:08,943 - ---
2025-05-30 17:08:44,029 - ---
2025-05-30 17:08:44,029 - Epoch 085/100
2025-05-30 17:08:44,029 - Train Loss: 1.0438, Train Acc: 0.5699, Train F1: 0.5238
2025-05-30 17:08:44,029 - Val Loss: 1.5157, Val Acc: 0.5214, Val F1: 0.4766
2025-05-30 17:08:44,029 - ---
2025-05-30 17:09:19,160 - ---
2025-05-30 17:09:19,160 - Epoch 086/100
2025-05-30 17:09:19,160 - Train Loss: 1.0520, Train Acc: 0.5683, Train F1: 0.5201
2025-05-30 17:09:19,160 - Val Loss: 1.4414, Val Acc: 0.5554, Val F1: 0.5130
2025-05-30 17:09:19,160 - ---
2025-05-30 17:09:54,214 - ---
2025-05-30 17:09:54,214 - Epoch 087/100
2025-05-30 17:09:54,214 - Train Loss: 1.0398, Train Acc: 0.5746, Train F1: 0.5315
2025-05-30 17:09:54,214 - Val Loss: 1.4834, Val Acc: 0.5473, Val F1: 0.5111
2025-05-30 17:09:54,214 - ---
2025-05-30 17:10:29,317 - ---
2025-05-30 17:10:29,317 - Epoch 088/100
2025-05-30 17:10:29,317 - Train Loss: 1.0422, Train Acc: 0.5714, Train F1: 0.5239
2025-05-30 17:10:29,317 - Val Loss: 1.4100, Val Acc: 0.5634, Val F1: 0.5214
2025-05-30 17:10:29,317 - ---
2025-05-30 17:11:04,358 - ---
2025-05-30 17:11:04,359 - Epoch 089/100
2025-05-30 17:11:04,359 - Train Loss: 1.0405, Train Acc: 0.5710, Train F1: 0.5275
2025-05-30 17:11:04,359 - Val Loss: 1.4183, Val Acc: 0.5652, Val F1: 0.5150
2025-05-30 17:11:04,359 - ---
2025-05-30 17:11:39,506 - ---
2025-05-30 17:11:39,506 - Epoch 090/100
2025-05-30 17:11:39,506 - Train Loss: 1.0322, Train Acc: 0.5761, Train F1: 0.5330
2025-05-30 17:11:39,506 - Val Loss: 1.4261, Val Acc: 0.5562, Val F1: 0.5039
2025-05-30 17:11:39,506 - ---
2025-05-30 17:12:14,643 - ---
2025-05-30 17:12:14,643 - Epoch 091/100
2025-05-30 17:12:14,644 - Train Loss: 1.0349, Train Acc: 0.5723, Train F1: 0.5272
2025-05-30 17:12:14,644 - Val Loss: 1.4357, Val Acc: 0.5527, Val F1: 0.5009
2025-05-30 17:12:14,644 - ---
2025-05-30 17:12:49,939 - ---
2025-05-30 17:12:49,939 - Epoch 092/100
2025-05-30 17:12:49,940 - Train Loss: 1.0323, Train Acc: 0.5692, Train F1: 0.5238
2025-05-30 17:12:49,940 - Val Loss: 1.4389, Val Acc: 0.5500, Val F1: 0.5009
2025-05-30 17:12:49,940 - ---
2025-05-30 17:13:25,152 - ---
2025-05-30 17:13:25,153 - Epoch 093/100
2025-05-30 17:13:25,153 - Train Loss: 1.0354, Train Acc: 0.5690, Train F1: 0.5229
2025-05-30 17:13:25,153 - Val Loss: 1.4370, Val Acc: 0.5571, Val F1: 0.5144
2025-05-30 17:13:25,153 - ---
2025-05-30 17:14:00,282 - ---
2025-05-30 17:14:00,282 - Epoch 094/100
2025-05-30 17:14:00,282 - Train Loss: 1.0328, Train Acc: 0.5759, Train F1: 0.5307
2025-05-30 17:14:00,282 - Val Loss: 1.4460, Val Acc: 0.5562, Val F1: 0.5118
2025-05-30 17:14:00,282 - ---
2025-05-30 17:14:35,379 - ---
2025-05-30 17:14:35,379 - Epoch 095/100
2025-05-30 17:14:35,379 - Train Loss: 1.0203, Train Acc: 0.5775, Train F1: 0.5342
2025-05-30 17:14:35,379 - Val Loss: 1.4156, Val Acc: 0.5607, Val F1: 0.5103
2025-05-30 17:14:35,379 - ---
2025-05-30 17:15:10,483 - ---
2025-05-30 17:15:10,483 - Epoch 096/100
2025-05-30 17:15:10,483 - Train Loss: 1.0263, Train Acc: 0.5685, Train F1: 0.5258
2025-05-30 17:15:10,483 - Val Loss: 1.4603, Val Acc: 0.5500, Val F1: 0.5059
2025-05-30 17:15:10,483 - ---
2025-05-30 17:15:45,550 - ---
2025-05-30 17:15:45,550 - Epoch 097/100
2025-05-30 17:15:45,550 - Train Loss: 1.0191, Train Acc: 0.5754, Train F1: 0.5308
2025-05-30 17:15:45,550 - Val Loss: 1.4767, Val Acc: 0.5446, Val F1: 0.4909
2025-05-30 17:15:45,550 - ---
2025-05-30 17:16:20,728 - ---
2025-05-30 17:16:20,728 - Epoch 098/100
2025-05-30 17:16:20,729 - Train Loss: 1.0182, Train Acc: 0.5804, Train F1: 0.5393
2025-05-30 17:16:20,729 - Val Loss: 1.4332, Val Acc: 0.5598, Val F1: 0.5087
2025-05-30 17:16:20,729 - ---
2025-05-30 17:16:55,969 - ---
2025-05-30 17:16:55,970 - Epoch 099/100
2025-05-30 17:16:55,970 - Train Loss: 1.0148, Train Acc: 0.5788, Train F1: 0.5366
2025-05-30 17:16:55,970 - Val Loss: 1.5373, Val Acc: 0.4955, Val F1: 0.4463
2025-05-30 17:16:55,970 - ---
2025-05-30 17:17:31,143 - ---
2025-05-30 17:17:31,143 - Epoch 100/100
2025-05-30 17:17:31,143 - Train Loss: 1.0186, Train Acc: 0.5779, Train F1: 0.5368
2025-05-30 17:17:31,143 - Val Loss: 1.4365, Val Acc: 0.5562, Val F1: 0.5118
2025-05-30 17:17:31,143 - ---
