2025-05-30 22:49:04,087 - ---
2025-05-30 22:49:04,088 - Epoch 001/100
2025-05-30 22:49:04,088 - Train Loss: 1.3152, Train Acc: 0.3626, Train F1: 0.1556
2025-05-30 22:49:04,088 - Val Loss: 1.6890, Val Acc: 0.3926, Val F1: 0.1187
2025-05-30 22:49:04,174 - Best model updated and saved at /kaggle/working/noisy-graph-classification/checkpoints/model_C_best.pth
2025-05-30 22:49:04,174 - ---
2025-05-30 22:49:52,775 - ---
2025-05-30 22:49:52,775 - Epoch 002/100
2025-05-30 22:49:52,776 - Train Loss: 1.2030, Train Acc: 0.4154, Train F1: 0.1822
2025-05-30 22:49:52,776 - Val Loss: 1.4741, Val Acc: 0.4232, Val F1: 0.1838
2025-05-30 22:49:52,888 - Best model updated and saved at /kaggle/working/noisy-graph-classification/checkpoints/model_C_best.pth
2025-05-30 22:49:52,888 - ---
2025-05-30 22:50:41,389 - ---
2025-05-30 22:50:41,389 - Epoch 003/100
2025-05-30 22:50:41,390 - Train Loss: 1.1683, Train Acc: 0.4232, Train F1: 0.2053
2025-05-30 22:50:41,390 - Val Loss: 1.4605, Val Acc: 0.4238, Val F1: 0.2066
2025-05-30 22:50:41,505 - Best model updated and saved at /kaggle/working/noisy-graph-classification/checkpoints/model_C_best.pth
2025-05-30 22:50:41,505 - ---
2025-05-30 22:51:30,150 - ---
2025-05-30 22:51:30,150 - Epoch 004/100
2025-05-30 22:51:30,150 - Train Loss: 1.1413, Train Acc: 0.4321, Train F1: 0.2498
2025-05-30 22:51:30,150 - Val Loss: 1.3772, Val Acc: 0.4570, Val F1: 0.3084
2025-05-30 22:51:30,262 - Best model updated and saved at /kaggle/working/noisy-graph-classification/checkpoints/model_C_best.pth
2025-05-30 22:51:30,262 - ---
2025-05-30 22:52:18,739 - ---
2025-05-30 22:52:18,739 - Epoch 005/100
2025-05-30 22:52:18,739 - Train Loss: 1.0977, Train Acc: 0.4520, Train F1: 0.2873
2025-05-30 22:52:18,740 - Val Loss: 1.4168, Val Acc: 0.4049, Val F1: 0.3075
2025-05-30 22:52:18,740 - ---
2025-05-30 22:53:07,156 - ---
2025-05-30 22:53:07,156 - Epoch 006/100
2025-05-30 22:53:07,156 - Train Loss: 1.0592, Train Acc: 0.4860, Train F1: 0.3261
2025-05-30 22:53:07,156 - Val Loss: 1.4246, Val Acc: 0.4512, Val F1: 0.2480
2025-05-30 22:53:07,156 - ---
2025-05-30 22:53:55,597 - ---
2025-05-30 22:53:55,597 - Epoch 007/100
2025-05-30 22:53:55,597 - Train Loss: 1.0161, Train Acc: 0.5054, Train F1: 0.3493
2025-05-30 22:53:55,597 - Val Loss: 1.4958, Val Acc: 0.4303, Val F1: 0.2744
2025-05-30 22:53:55,597 - ---
2025-05-30 22:54:44,017 - ---
2025-05-30 22:54:44,017 - Epoch 008/100
2025-05-30 22:54:44,018 - Train Loss: 0.9647, Train Acc: 0.5353, Train F1: 0.3741
2025-05-30 22:54:44,018 - Val Loss: 1.1707, Val Acc: 0.5378, Val F1: 0.3829
2025-05-30 22:54:44,127 - Best model updated and saved at /kaggle/working/noisy-graph-classification/checkpoints/model_C_best.pth
2025-05-30 22:54:44,127 - ---
2025-05-30 22:55:32,790 - ---
2025-05-30 22:55:32,791 - Epoch 009/100
2025-05-30 22:55:32,791 - Train Loss: 0.9131, Train Acc: 0.5544, Train F1: 0.4230
2025-05-30 22:55:32,791 - Val Loss: 1.4677, Val Acc: 0.4850, Val F1: 0.2914
2025-05-30 22:55:32,791 - ---
2025-05-30 22:56:21,373 - ---
2025-05-30 22:56:21,373 - Epoch 010/100
2025-05-30 22:56:21,373 - Train Loss: 0.8676, Train Acc: 0.5807, Train F1: 0.4533
2025-05-30 22:56:21,373 - Val Loss: 1.8050, Val Acc: 0.3574, Val F1: 0.2529
2025-05-30 22:56:21,373 - ---
2025-05-30 22:57:09,910 - ---
2025-05-30 22:57:09,910 - Epoch 011/100
2025-05-30 22:57:09,910 - Train Loss: 0.8314, Train Acc: 0.5973, Train F1: 0.4860
2025-05-30 22:57:09,910 - Val Loss: 1.1145, Val Acc: 0.5632, Val F1: 0.4153
2025-05-30 22:57:10,026 - Best model updated and saved at /kaggle/working/noisy-graph-classification/checkpoints/model_C_best.pth
2025-05-30 22:57:10,026 - ---
2025-05-30 22:57:58,582 - ---
2025-05-30 22:57:58,582 - Epoch 012/100
2025-05-30 22:57:58,583 - Train Loss: 0.8068, Train Acc: 0.6121, Train F1: 0.5062
2025-05-30 22:57:58,583 - Val Loss: 0.9534, Val Acc: 0.6393, Val F1: 0.5248
2025-05-30 22:57:58,697 - Best model updated and saved at /kaggle/working/noisy-graph-classification/checkpoints/model_C_best.pth
2025-05-30 22:57:58,698 - ---
2025-05-30 22:58:47,151 - ---
2025-05-30 22:58:47,151 - Epoch 013/100
2025-05-30 22:58:47,151 - Train Loss: 0.7897, Train Acc: 0.6188, Train F1: 0.5219
2025-05-30 22:58:47,151 - Val Loss: 1.1464, Val Acc: 0.5273, Val F1: 0.4092
2025-05-30 22:58:47,151 - ---
2025-05-30 22:59:35,672 - ---
2025-05-30 22:59:35,672 - Epoch 014/100
2025-05-30 22:59:35,672 - Train Loss: 0.7586, Train Acc: 0.6331, Train F1: 0.5361
2025-05-30 22:59:35,672 - Val Loss: 1.3189, Val Acc: 0.4896, Val F1: 0.4287
2025-05-30 22:59:35,672 - ---
2025-05-30 23:00:24,163 - ---
2025-05-30 23:00:24,164 - Epoch 015/100
2025-05-30 23:00:24,164 - Train Loss: 0.7639, Train Acc: 0.6379, Train F1: 0.5416
2025-05-30 23:00:24,164 - Val Loss: 1.1922, Val Acc: 0.5345, Val F1: 0.4622
2025-05-30 23:00:24,164 - ---
2025-05-30 23:01:12,637 - ---
2025-05-30 23:01:12,638 - Epoch 016/100
2025-05-30 23:01:12,638 - Train Loss: 0.7394, Train Acc: 0.6421, Train F1: 0.5509
2025-05-30 23:01:12,638 - Val Loss: 1.6265, Val Acc: 0.4486, Val F1: 0.3535
2025-05-30 23:01:12,638 - ---
2025-05-30 23:02:01,046 - ---
2025-05-30 23:02:01,046 - Epoch 017/100
2025-05-30 23:02:01,046 - Train Loss: 0.6978, Train Acc: 0.6647, Train F1: 0.5828
2025-05-30 23:02:01,046 - Val Loss: 1.1726, Val Acc: 0.5443, Val F1: 0.4545
2025-05-30 23:02:01,046 - ---
2025-05-30 23:02:49,548 - ---
2025-05-30 23:02:49,548 - Epoch 018/100
2025-05-30 23:02:49,548 - Train Loss: 0.6890, Train Acc: 0.6712, Train F1: 0.5906
2025-05-30 23:02:49,549 - Val Loss: 1.1412, Val Acc: 0.5521, Val F1: 0.5185
2025-05-30 23:02:49,549 - ---
2025-05-30 23:03:38,043 - ---
2025-05-30 23:03:38,043 - Epoch 019/100
2025-05-30 23:03:38,043 - Train Loss: 0.6717, Train Acc: 0.6831, Train F1: 0.6166
2025-05-30 23:03:38,043 - Val Loss: 1.1607, Val Acc: 0.6113, Val F1: 0.4080
2025-05-30 23:03:38,043 - ---
2025-05-30 23:04:26,498 - ---
2025-05-30 23:04:26,498 - Epoch 020/100
2025-05-30 23:04:26,498 - Train Loss: 0.6569, Train Acc: 0.6851, Train F1: 0.6197
2025-05-30 23:04:26,498 - Val Loss: 1.2770, Val Acc: 0.5638, Val F1: 0.4237
2025-05-30 23:04:26,498 - ---
2025-05-30 23:05:15,379 - ---
2025-05-30 23:05:15,379 - Epoch 021/100
2025-05-30 23:05:15,379 - Train Loss: 0.6547, Train Acc: 0.6903, Train F1: 0.6215
2025-05-30 23:05:15,379 - Val Loss: 0.9354, Val Acc: 0.6322, Val F1: 0.5476
2025-05-30 23:05:15,379 - ---
2025-05-30 23:06:03,929 - ---
2025-05-30 23:06:03,929 - Epoch 022/100
2025-05-30 23:06:03,929 - Train Loss: 0.6190, Train Acc: 0.7048, Train F1: 0.6492
2025-05-30 23:06:03,929 - Val Loss: 0.9694, Val Acc: 0.6523, Val F1: 0.5723
2025-05-30 23:06:04,043 - Best model updated and saved at /kaggle/working/noisy-graph-classification/checkpoints/model_C_best.pth
2025-05-30 23:06:04,043 - ---
2025-05-30 23:06:52,566 - ---
2025-05-30 23:06:52,566 - Epoch 023/100
2025-05-30 23:06:52,566 - Train Loss: 0.6108, Train Acc: 0.7109, Train F1: 0.6575
2025-05-30 23:06:52,566 - Val Loss: 0.7784, Val Acc: 0.7031, Val F1: 0.6100
2025-05-30 23:06:52,684 - Best model updated and saved at /kaggle/working/noisy-graph-classification/checkpoints/model_C_best.pth
2025-05-30 23:06:52,684 - ---
2025-05-30 23:07:41,245 - ---
2025-05-30 23:07:41,245 - Epoch 024/100
2025-05-30 23:07:41,245 - Train Loss: 0.6037, Train Acc: 0.7131, Train F1: 0.6658
2025-05-30 23:07:41,245 - Val Loss: 1.1666, Val Acc: 0.6035, Val F1: 0.5452
2025-05-30 23:07:41,245 - ---
2025-05-30 23:08:29,654 - ---
2025-05-30 23:08:29,654 - Epoch 025/100
2025-05-30 23:08:29,654 - Train Loss: 0.5760, Train Acc: 0.7271, Train F1: 0.6818
2025-05-30 23:08:29,654 - Val Loss: 0.8939, Val Acc: 0.6576, Val F1: 0.5908
2025-05-30 23:08:29,655 - ---
2025-05-30 23:09:18,300 - ---
2025-05-30 23:09:18,301 - Epoch 026/100
2025-05-30 23:09:18,301 - Train Loss: 0.5666, Train Acc: 0.7235, Train F1: 0.6806
2025-05-30 23:09:18,301 - Val Loss: 0.8965, Val Acc: 0.6608, Val F1: 0.5791
2025-05-30 23:09:18,301 - ---
2025-05-30 23:10:06,681 - ---
2025-05-30 23:10:06,681 - Epoch 027/100
2025-05-30 23:10:06,681 - Train Loss: 0.5730, Train Acc: 0.7271, Train F1: 0.6870
2025-05-30 23:10:06,681 - Val Loss: 0.6605, Val Acc: 0.7598, Val F1: 0.7216
2025-05-30 23:10:06,793 - Best model updated and saved at /kaggle/working/noisy-graph-classification/checkpoints/model_C_best.pth
2025-05-30 23:10:06,794 - ---
2025-05-30 23:10:55,689 - ---
2025-05-30 23:10:55,689 - Epoch 028/100
2025-05-30 23:10:55,689 - Train Loss: 0.5503, Train Acc: 0.7396, Train F1: 0.7013
2025-05-30 23:10:55,689 - Val Loss: 0.7811, Val Acc: 0.7051, Val F1: 0.6255
2025-05-30 23:10:55,690 - ---
2025-05-30 23:11:44,473 - ---
2025-05-30 23:11:44,474 - Epoch 029/100
2025-05-30 23:11:44,474 - Train Loss: 0.5527, Train Acc: 0.7399, Train F1: 0.6990
2025-05-30 23:11:44,474 - Val Loss: 0.6202, Val Acc: 0.7695, Val F1: 0.7272
2025-05-30 23:11:44,585 - Best model updated and saved at /kaggle/working/noisy-graph-classification/checkpoints/model_C_best.pth
2025-05-30 23:11:44,586 - ---
2025-05-30 23:12:33,720 - ---
2025-05-30 23:12:33,720 - Epoch 030/100
2025-05-30 23:12:33,720 - Train Loss: 0.5459, Train Acc: 0.7417, Train F1: 0.7102
2025-05-30 23:12:33,720 - Val Loss: 0.7099, Val Acc: 0.7266, Val F1: 0.6531
2025-05-30 23:12:33,720 - ---
2025-05-30 23:13:22,181 - ---
2025-05-30 23:13:22,181 - Epoch 031/100
2025-05-30 23:13:22,181 - Train Loss: 0.5389, Train Acc: 0.7476, Train F1: 0.7143
2025-05-30 23:13:22,181 - Val Loss: 0.7016, Val Acc: 0.7292, Val F1: 0.6781
2025-05-30 23:13:22,182 - ---
2025-05-30 23:14:10,797 - ---
2025-05-30 23:14:10,797 - Epoch 032/100
2025-05-30 23:14:10,797 - Train Loss: 0.5161, Train Acc: 0.7573, Train F1: 0.7252
2025-05-30 23:14:10,797 - Val Loss: 1.0929, Val Acc: 0.6445, Val F1: 0.5664
2025-05-30 23:14:10,797 - ---
2025-05-30 23:14:59,204 - ---
2025-05-30 23:14:59,204 - Epoch 033/100
2025-05-30 23:14:59,204 - Train Loss: 0.5083, Train Acc: 0.7653, Train F1: 0.7352
2025-05-30 23:14:59,204 - Val Loss: 0.6905, Val Acc: 0.7507, Val F1: 0.7094
2025-05-30 23:14:59,204 - ---
2025-05-30 23:15:47,752 - ---
2025-05-30 23:15:47,752 - Epoch 034/100
2025-05-30 23:15:47,752 - Train Loss: 0.4973, Train Acc: 0.7648, Train F1: 0.7370
2025-05-30 23:15:47,752 - Val Loss: 0.7148, Val Acc: 0.7116, Val F1: 0.7061
2025-05-30 23:15:47,752 - ---
2025-05-30 23:16:36,115 - ---
2025-05-30 23:16:36,115 - Epoch 035/100
2025-05-30 23:16:36,115 - Train Loss: 0.5041, Train Acc: 0.7697, Train F1: 0.7432
2025-05-30 23:16:36,116 - Val Loss: 1.1254, Val Acc: 0.6074, Val F1: 0.5483
2025-05-30 23:16:36,116 - ---
2025-05-30 23:17:24,551 - ---
2025-05-30 23:17:24,551 - Epoch 036/100
2025-05-30 23:17:24,552 - Train Loss: 0.4978, Train Acc: 0.7655, Train F1: 0.7445
2025-05-30 23:17:24,552 - Val Loss: 0.9246, Val Acc: 0.6634, Val F1: 0.5992
2025-05-30 23:17:24,552 - ---
2025-05-30 23:18:12,986 - ---
2025-05-30 23:18:12,986 - Epoch 037/100
2025-05-30 23:18:12,987 - Train Loss: 0.4784, Train Acc: 0.7785, Train F1: 0.7549
2025-05-30 23:18:12,987 - Val Loss: 1.1732, Val Acc: 0.6426, Val F1: 0.6088
2025-05-30 23:18:12,987 - ---
2025-05-30 23:19:01,585 - ---
2025-05-30 23:19:01,585 - Epoch 038/100
2025-05-30 23:19:01,585 - Train Loss: 0.4790, Train Acc: 0.7780, Train F1: 0.7564
2025-05-30 23:19:01,585 - Val Loss: 0.7257, Val Acc: 0.7298, Val F1: 0.6702
2025-05-30 23:19:01,585 - ---
2025-05-30 23:19:50,133 - ---
2025-05-30 23:19:50,133 - Epoch 039/100
2025-05-30 23:19:50,133 - Train Loss: 0.4728, Train Acc: 0.7778, Train F1: 0.7551
2025-05-30 23:19:50,133 - Val Loss: 2.1071, Val Acc: 0.4818, Val F1: 0.4514
2025-05-30 23:19:50,133 - ---
2025-05-30 23:20:38,653 - ---
2025-05-30 23:20:38,653 - Epoch 040/100
2025-05-30 23:20:38,653 - Train Loss: 0.4753, Train Acc: 0.7788, Train F1: 0.7570
2025-05-30 23:20:38,654 - Val Loss: 0.6068, Val Acc: 0.7702, Val F1: 0.7370
2025-05-30 23:20:38,771 - Best model updated and saved at /kaggle/working/noisy-graph-classification/checkpoints/model_C_best.pth
2025-05-30 23:20:38,772 - ---
2025-05-30 23:21:27,349 - ---
2025-05-30 23:21:27,350 - Epoch 041/100
2025-05-30 23:21:27,350 - Train Loss: 0.4581, Train Acc: 0.7850, Train F1: 0.7628
2025-05-30 23:21:27,350 - Val Loss: 0.6982, Val Acc: 0.7591, Val F1: 0.7237
2025-05-30 23:21:27,350 - ---
2025-05-30 23:22:15,915 - ---
2025-05-30 23:22:15,915 - Epoch 042/100
2025-05-30 23:22:15,915 - Train Loss: 0.4474, Train Acc: 0.7892, Train F1: 0.7695
2025-05-30 23:22:15,915 - Val Loss: 0.8208, Val Acc: 0.7279, Val F1: 0.6394
2025-05-30 23:22:15,915 - ---
2025-05-30 23:23:04,378 - ---
2025-05-30 23:23:04,378 - Epoch 043/100
2025-05-30 23:23:04,378 - Train Loss: 0.4615, Train Acc: 0.7853, Train F1: 0.7629
2025-05-30 23:23:04,378 - Val Loss: 0.6242, Val Acc: 0.7552, Val F1: 0.7301
2025-05-30 23:23:04,378 - ---
2025-05-30 23:23:52,932 - ---
2025-05-30 23:23:52,932 - Epoch 044/100
2025-05-30 23:23:52,932 - Train Loss: 0.4419, Train Acc: 0.7904, Train F1: 0.7741
2025-05-30 23:23:52,932 - Val Loss: 0.7460, Val Acc: 0.7396, Val F1: 0.7202
2025-05-30 23:23:52,932 - ---
2025-05-30 23:24:41,673 - ---
2025-05-30 23:24:41,674 - Epoch 045/100
2025-05-30 23:24:41,674 - Train Loss: 0.4451, Train Acc: 0.7910, Train F1: 0.7693
2025-05-30 23:24:41,674 - Val Loss: 0.5671, Val Acc: 0.7780, Val F1: 0.7477
2025-05-30 23:24:41,785 - Best model updated and saved at /kaggle/working/noisy-graph-classification/checkpoints/model_C_best.pth
2025-05-30 23:24:41,785 - ---
2025-05-30 23:25:30,312 - ---
2025-05-30 23:25:30,312 - Epoch 046/100
2025-05-30 23:25:30,312 - Train Loss: 0.4257, Train Acc: 0.7974, Train F1: 0.7833
2025-05-30 23:25:30,312 - Val Loss: 0.6286, Val Acc: 0.7832, Val F1: 0.7656
2025-05-30 23:25:30,426 - Best model updated and saved at /kaggle/working/noisy-graph-classification/checkpoints/model_C_best.pth
2025-05-30 23:25:30,426 - ---
2025-05-30 23:26:19,073 - ---
2025-05-30 23:26:19,073 - Epoch 047/100
2025-05-30 23:26:19,073 - Train Loss: 0.4356, Train Acc: 0.7959, Train F1: 0.7773
2025-05-30 23:26:19,073 - Val Loss: 0.5865, Val Acc: 0.7845, Val F1: 0.7609
2025-05-30 23:26:19,190 - Best model updated and saved at /kaggle/working/noisy-graph-classification/checkpoints/model_C_best.pth
2025-05-30 23:26:19,190 - ---
2025-05-30 23:27:07,866 - ---
2025-05-30 23:27:07,866 - Epoch 048/100
2025-05-30 23:27:07,866 - Train Loss: 0.4290, Train Acc: 0.8021, Train F1: 0.7836
2025-05-30 23:27:07,866 - Val Loss: 0.9789, Val Acc: 0.6569, Val F1: 0.5515
2025-05-30 23:27:07,866 - ---
2025-05-30 23:27:56,492 - ---
2025-05-30 23:27:56,492 - Epoch 049/100
2025-05-30 23:27:56,492 - Train Loss: 0.4220, Train Acc: 0.8045, Train F1: 0.7915
2025-05-30 23:27:56,492 - Val Loss: 0.7024, Val Acc: 0.7428, Val F1: 0.7233
2025-05-30 23:27:56,492 - ---
2025-05-30 23:28:45,141 - ---
2025-05-30 23:28:45,141 - Epoch 050/100
2025-05-30 23:28:45,141 - Train Loss: 0.4246, Train Acc: 0.8003, Train F1: 0.7827
2025-05-30 23:28:45,141 - Val Loss: 0.5621, Val Acc: 0.7943, Val F1: 0.7655
2025-05-30 23:28:45,252 - Best model updated and saved at /kaggle/working/noisy-graph-classification/checkpoints/model_C_best.pth
2025-05-30 23:28:45,252 - ---
2025-05-30 23:29:33,896 - ---
2025-05-30 23:29:33,896 - Epoch 051/100
2025-05-30 23:29:33,896 - Train Loss: 0.4154, Train Acc: 0.8027, Train F1: 0.7866
2025-05-30 23:29:33,896 - Val Loss: 1.0303, Val Acc: 0.6712, Val F1: 0.6537
2025-05-30 23:29:33,896 - ---
2025-05-30 23:30:22,408 - ---
2025-05-30 23:30:22,408 - Epoch 052/100
2025-05-30 23:30:22,408 - Train Loss: 0.4212, Train Acc: 0.8001, Train F1: 0.7852
2025-05-30 23:30:22,408 - Val Loss: 0.5309, Val Acc: 0.7995, Val F1: 0.7593
2025-05-30 23:30:22,517 - Best model updated and saved at /kaggle/working/noisy-graph-classification/checkpoints/model_C_best.pth
2025-05-30 23:30:22,517 - ---
2025-05-30 23:31:11,221 - ---
2025-05-30 23:31:11,221 - Epoch 053/100
2025-05-30 23:31:11,221 - Train Loss: 0.4065, Train Acc: 0.8060, Train F1: 0.7923
2025-05-30 23:31:11,221 - Val Loss: 0.6702, Val Acc: 0.7617, Val F1: 0.7158
2025-05-30 23:31:11,221 - ---
2025-05-30 23:31:59,798 - ---
2025-05-30 23:31:59,799 - Epoch 054/100
2025-05-30 23:31:59,799 - Train Loss: 0.4144, Train Acc: 0.8039, Train F1: 0.7875
2025-05-30 23:31:59,799 - Val Loss: 0.4973, Val Acc: 0.8034, Val F1: 0.7899
2025-05-30 23:31:59,934 - Best model updated and saved at /kaggle/working/noisy-graph-classification/checkpoints/model_C_best.pth
2025-05-30 23:31:59,934 - ---
2025-05-30 23:32:48,496 - ---
2025-05-30 23:32:48,496 - Epoch 055/100
2025-05-30 23:32:48,496 - Train Loss: 0.4010, Train Acc: 0.8063, Train F1: 0.7898
2025-05-30 23:32:48,496 - Val Loss: 0.5385, Val Acc: 0.8053, Val F1: 0.7828
2025-05-30 23:32:48,614 - Best model updated and saved at /kaggle/working/noisy-graph-classification/checkpoints/model_C_best.pth
2025-05-30 23:32:48,615 - ---
2025-05-30 23:33:37,318 - ---
2025-05-30 23:33:37,318 - Epoch 056/100
2025-05-30 23:33:37,318 - Train Loss: 0.4023, Train Acc: 0.8122, Train F1: 0.7997
2025-05-30 23:33:37,318 - Val Loss: 0.5226, Val Acc: 0.7995, Val F1: 0.7718
2025-05-30 23:33:37,319 - ---
2025-05-30 23:34:25,857 - ---
2025-05-30 23:34:25,857 - Epoch 057/100
2025-05-30 23:34:25,857 - Train Loss: 0.3922, Train Acc: 0.8109, Train F1: 0.7946
2025-05-30 23:34:25,857 - Val Loss: 0.9540, Val Acc: 0.6595, Val F1: 0.4950
2025-05-30 23:34:25,857 - ---
2025-05-30 23:35:14,548 - ---
2025-05-30 23:35:14,548 - Epoch 058/100
2025-05-30 23:35:14,549 - Train Loss: 0.4056, Train Acc: 0.8083, Train F1: 0.7963
2025-05-30 23:35:14,549 - Val Loss: 0.7287, Val Acc: 0.7396, Val F1: 0.7268
2025-05-30 23:35:14,549 - ---
2025-05-30 23:36:03,083 - ---
2025-05-30 23:36:03,083 - Epoch 059/100
2025-05-30 23:36:03,083 - Train Loss: 0.3925, Train Acc: 0.8125, Train F1: 0.7979
2025-05-30 23:36:03,084 - Val Loss: 0.5666, Val Acc: 0.7936, Val F1: 0.7588
2025-05-30 23:36:03,084 - ---
2025-05-30 23:36:51,690 - ---
2025-05-30 23:36:51,690 - Epoch 060/100
2025-05-30 23:36:51,690 - Train Loss: 0.3889, Train Acc: 0.8153, Train F1: 0.8028
2025-05-30 23:36:51,690 - Val Loss: 0.7745, Val Acc: 0.7363, Val F1: 0.6698
2025-05-30 23:36:51,690 - ---
2025-05-30 23:37:40,216 - ---
2025-05-30 23:37:40,216 - Epoch 061/100
2025-05-30 23:37:40,216 - Train Loss: 0.3973, Train Acc: 0.8161, Train F1: 0.8018
2025-05-30 23:37:40,216 - Val Loss: 0.5912, Val Acc: 0.7760, Val F1: 0.7459
2025-05-30 23:37:40,216 - ---
2025-05-30 23:38:29,461 - ---
2025-05-30 23:38:29,461 - Epoch 062/100
2025-05-30 23:38:29,461 - Train Loss: 0.3784, Train Acc: 0.8210, Train F1: 0.8095
2025-05-30 23:38:29,461 - Val Loss: 0.8702, Val Acc: 0.7103, Val F1: 0.6513
2025-05-30 23:38:29,461 - ---
2025-05-30 23:39:18,377 - ---
2025-05-30 23:39:18,377 - Epoch 063/100
2025-05-30 23:39:18,377 - Train Loss: 0.3845, Train Acc: 0.8179, Train F1: 0.8057
2025-05-30 23:39:18,377 - Val Loss: 0.7848, Val Acc: 0.7331, Val F1: 0.7044
2025-05-30 23:39:18,378 - ---
2025-05-30 23:40:07,033 - ---
2025-05-30 23:40:07,033 - Epoch 064/100
2025-05-30 23:40:07,033 - Train Loss: 0.3896, Train Acc: 0.8161, Train F1: 0.8043
2025-05-30 23:40:07,033 - Val Loss: 0.5468, Val Acc: 0.8014, Val F1: 0.7789
2025-05-30 23:40:07,033 - ---
2025-05-30 23:40:55,594 - ---
2025-05-30 23:40:55,594 - Epoch 065/100
2025-05-30 23:40:55,594 - Train Loss: 0.3784, Train Acc: 0.8185, Train F1: 0.8074
2025-05-30 23:40:55,594 - Val Loss: 0.5576, Val Acc: 0.7891, Val F1: 0.7537
2025-05-30 23:40:55,594 - ---
2025-05-30 23:41:44,290 - ---
2025-05-30 23:41:44,290 - Epoch 066/100
2025-05-30 23:41:44,290 - Train Loss: 0.3803, Train Acc: 0.8184, Train F1: 0.8107
2025-05-30 23:41:44,290 - Val Loss: 0.5260, Val Acc: 0.8112, Val F1: 0.7753
2025-05-30 23:41:44,405 - Best model updated and saved at /kaggle/working/noisy-graph-classification/checkpoints/model_C_best.pth
2025-05-30 23:41:44,405 - ---
2025-05-30 23:42:32,960 - ---
2025-05-30 23:42:32,961 - Epoch 067/100
2025-05-30 23:42:32,961 - Train Loss: 0.3889, Train Acc: 0.8169, Train F1: 0.8026
2025-05-30 23:42:32,961 - Val Loss: 0.6091, Val Acc: 0.7878, Val F1: 0.7478
2025-05-30 23:42:32,961 - ---
2025-05-30 23:43:21,636 - ---
2025-05-30 23:43:21,636 - Epoch 068/100
2025-05-30 23:43:21,636 - Train Loss: 0.3825, Train Acc: 0.8175, Train F1: 0.8052
2025-05-30 23:43:21,636 - Val Loss: 0.5423, Val Acc: 0.7982, Val F1: 0.7765
2025-05-30 23:43:21,636 - ---
2025-05-30 23:44:10,050 - ---
2025-05-30 23:44:10,050 - Epoch 069/100
2025-05-30 23:44:10,050 - Train Loss: 0.3691, Train Acc: 0.8234, Train F1: 0.8116
2025-05-30 23:44:10,050 - Val Loss: 0.5871, Val Acc: 0.7923, Val F1: 0.7634
2025-05-30 23:44:10,050 - ---
2025-05-30 23:44:58,798 - ---
2025-05-30 23:44:58,799 - Epoch 070/100
2025-05-30 23:44:58,799 - Train Loss: 0.3687, Train Acc: 0.8260, Train F1: 0.8162
2025-05-30 23:44:58,799 - Val Loss: 0.7075, Val Acc: 0.7591, Val F1: 0.7041
2025-05-30 23:44:58,799 - ---
2025-05-30 23:45:47,303 - ---
2025-05-30 23:45:47,304 - Epoch 071/100
2025-05-30 23:45:47,304 - Train Loss: 0.3741, Train Acc: 0.8244, Train F1: 0.8139
2025-05-30 23:45:47,304 - Val Loss: 0.5088, Val Acc: 0.8073, Val F1: 0.7864
2025-05-30 23:45:47,304 - ---
2025-05-30 23:46:35,952 - ---
2025-05-30 23:46:35,952 - Epoch 072/100
2025-05-30 23:46:35,952 - Train Loss: 0.3584, Train Acc: 0.8268, Train F1: 0.8159
2025-05-30 23:46:35,952 - Val Loss: 0.6171, Val Acc: 0.7760, Val F1: 0.7418
2025-05-30 23:46:35,952 - ---
2025-05-30 23:47:24,565 - ---
2025-05-30 23:47:24,565 - Epoch 073/100
2025-05-30 23:47:24,565 - Train Loss: 0.3618, Train Acc: 0.8285, Train F1: 0.8199
2025-05-30 23:47:24,565 - Val Loss: 0.5085, Val Acc: 0.8040, Val F1: 0.7733
2025-05-30 23:47:24,565 - ---
2025-05-30 23:48:13,126 - ---
2025-05-30 23:48:13,126 - Epoch 074/100
2025-05-30 23:48:13,126 - Train Loss: 0.3602, Train Acc: 0.8315, Train F1: 0.8237
2025-05-30 23:48:13,126 - Val Loss: 0.5459, Val Acc: 0.7949, Val F1: 0.7645
2025-05-30 23:48:13,126 - ---
2025-05-30 23:49:01,796 - ---
2025-05-30 23:49:01,796 - Epoch 075/100
2025-05-30 23:49:01,796 - Train Loss: 0.3573, Train Acc: 0.8307, Train F1: 0.8227
2025-05-30 23:49:01,796 - Val Loss: 0.5493, Val Acc: 0.8027, Val F1: 0.7846
2025-05-30 23:49:01,796 - ---
2025-05-30 23:49:50,359 - ---
2025-05-30 23:49:50,359 - Epoch 076/100
2025-05-30 23:49:50,359 - Train Loss: 0.3592, Train Acc: 0.8273, Train F1: 0.8196
2025-05-30 23:49:50,359 - Val Loss: 0.6560, Val Acc: 0.7695, Val F1: 0.7235
2025-05-30 23:49:50,359 - ---
2025-05-30 23:50:39,061 - ---
2025-05-30 23:50:39,061 - Epoch 077/100
2025-05-30 23:50:39,061 - Train Loss: 0.3475, Train Acc: 0.8358, Train F1: 0.8310
2025-05-30 23:50:39,061 - Val Loss: 0.4762, Val Acc: 0.8158, Val F1: 0.8057
2025-05-30 23:50:39,172 - Best model updated and saved at /kaggle/working/noisy-graph-classification/checkpoints/model_C_best.pth
2025-05-30 23:50:39,172 - ---
2025-05-30 23:51:27,637 - ---
2025-05-30 23:51:27,638 - Epoch 078/100
2025-05-30 23:51:27,638 - Train Loss: 0.3480, Train Acc: 0.8343, Train F1: 0.8275
2025-05-30 23:51:27,638 - Val Loss: 0.6091, Val Acc: 0.7806, Val F1: 0.7354
2025-05-30 23:51:27,638 - ---
2025-05-30 23:52:16,369 - ---
2025-05-30 23:52:16,369 - Epoch 079/100
2025-05-30 23:52:16,369 - Train Loss: 0.3506, Train Acc: 0.8333, Train F1: 0.8255
2025-05-30 23:52:16,369 - Val Loss: 0.6400, Val Acc: 0.7832, Val F1: 0.7377
2025-05-30 23:52:16,369 - ---
2025-05-30 23:53:05,006 - ---
2025-05-30 23:53:05,007 - Epoch 080/100
2025-05-30 23:53:05,007 - Train Loss: 0.3428, Train Acc: 0.8351, Train F1: 0.8280
2025-05-30 23:53:05,007 - Val Loss: 0.5181, Val Acc: 0.8060, Val F1: 0.7808
2025-05-30 23:53:05,007 - ---
2025-05-30 23:53:53,650 - ---
2025-05-30 23:53:53,650 - Epoch 081/100
2025-05-30 23:53:53,650 - Train Loss: 0.3396, Train Acc: 0.8389, Train F1: 0.8355
2025-05-30 23:53:53,650 - Val Loss: 0.4781, Val Acc: 0.8255, Val F1: 0.8148
2025-05-30 23:53:53,761 - Best model updated and saved at /kaggle/working/noisy-graph-classification/checkpoints/model_C_best.pth
2025-05-30 23:53:53,761 - ---
2025-05-30 23:54:42,345 - ---
2025-05-30 23:54:42,346 - Epoch 082/100
2025-05-30 23:54:42,346 - Train Loss: 0.3454, Train Acc: 0.8333, Train F1: 0.8265
2025-05-30 23:54:42,346 - Val Loss: 0.6728, Val Acc: 0.7565, Val F1: 0.7251
2025-05-30 23:54:42,346 - ---
2025-05-30 23:55:31,190 - ---
2025-05-30 23:55:31,190 - Epoch 083/100
2025-05-30 23:55:31,191 - Train Loss: 0.3491, Train Acc: 0.8351, Train F1: 0.8268
2025-05-30 23:55:31,191 - Val Loss: 0.5753, Val Acc: 0.7956, Val F1: 0.7758
2025-05-30 23:55:31,191 - ---
2025-05-30 23:56:20,106 - ---
2025-05-30 23:56:20,106 - Epoch 084/100
2025-05-30 23:56:20,106 - Train Loss: 0.3439, Train Acc: 0.8361, Train F1: 0.8270
2025-05-30 23:56:20,106 - Val Loss: 0.5853, Val Acc: 0.7910, Val F1: 0.7668
2025-05-30 23:56:20,106 - ---
2025-05-30 23:57:08,957 - ---
2025-05-30 23:57:08,957 - Epoch 085/100
2025-05-30 23:57:08,957 - Train Loss: 0.3404, Train Acc: 0.8343, Train F1: 0.8290
2025-05-30 23:57:08,958 - Val Loss: 0.4788, Val Acc: 0.8275, Val F1: 0.8112
2025-05-30 23:57:09,071 - Best model updated and saved at /kaggle/working/noisy-graph-classification/checkpoints/model_C_best.pth
2025-05-30 23:57:09,071 - ---
2025-05-30 23:57:57,641 - ---
2025-05-30 23:57:57,641 - Epoch 086/100
2025-05-30 23:57:57,641 - Train Loss: 0.3303, Train Acc: 0.8394, Train F1: 0.8336
2025-05-30 23:57:57,641 - Val Loss: 0.8884, Val Acc: 0.7207, Val F1: 0.6407
2025-05-30 23:57:57,641 - ---
2025-05-30 23:58:46,216 - ---
2025-05-30 23:58:46,216 - Epoch 087/100
2025-05-30 23:58:46,216 - Train Loss: 0.3289, Train Acc: 0.8457, Train F1: 0.8395
2025-05-30 23:58:46,217 - Val Loss: 0.5617, Val Acc: 0.8034, Val F1: 0.7746
2025-05-30 23:58:46,217 - ---
2025-05-30 23:59:34,633 - ---
2025-05-30 23:59:34,633 - Epoch 088/100
2025-05-30 23:59:34,633 - Train Loss: 0.3314, Train Acc: 0.8394, Train F1: 0.8311
2025-05-30 23:59:34,633 - Val Loss: 0.5837, Val Acc: 0.7917, Val F1: 0.7593
2025-05-30 23:59:34,633 - ---
2025-05-31 00:00:23,250 - ---
2025-05-31 00:00:23,250 - Epoch 089/100
2025-05-31 00:00:23,250 - Train Loss: 0.3232, Train Acc: 0.8464, Train F1: 0.8426
2025-05-31 00:00:23,250 - Val Loss: 0.6400, Val Acc: 0.7904, Val F1: 0.7702
2025-05-31 00:00:23,250 - ---
2025-05-31 00:01:11,748 - ---
2025-05-31 00:01:11,748 - Epoch 090/100
2025-05-31 00:01:11,748 - Train Loss: 0.3356, Train Acc: 0.8390, Train F1: 0.8342
2025-05-31 00:01:11,748 - Val Loss: 0.5645, Val Acc: 0.7858, Val F1: 0.7367
2025-05-31 00:01:11,748 - ---
2025-05-31 00:02:00,323 - ---
2025-05-31 00:02:00,323 - Epoch 091/100
2025-05-31 00:02:00,323 - Train Loss: 0.3206, Train Acc: 0.8410, Train F1: 0.8365
2025-05-31 00:02:00,323 - Val Loss: 0.5260, Val Acc: 0.8132, Val F1: 0.7993
2025-05-31 00:02:00,323 - ---
2025-05-31 00:02:48,789 - ---
2025-05-31 00:02:48,789 - Epoch 092/100
2025-05-31 00:02:48,789 - Train Loss: 0.3136, Train Acc: 0.8467, Train F1: 0.8431
2025-05-31 00:02:48,789 - Val Loss: 0.5356, Val Acc: 0.8132, Val F1: 0.7943
2025-05-31 00:02:48,789 - ---
2025-05-31 00:03:37,342 - ---
2025-05-31 00:03:37,342 - Epoch 093/100
2025-05-31 00:03:37,342 - Train Loss: 0.3250, Train Acc: 0.8423, Train F1: 0.8357
2025-05-31 00:03:37,342 - Val Loss: 0.5224, Val Acc: 0.8197, Val F1: 0.8101
2025-05-31 00:03:37,342 - ---
2025-05-31 00:04:25,937 - ---
2025-05-31 00:04:25,937 - Epoch 094/100
2025-05-31 00:04:25,937 - Train Loss: 0.3190, Train Acc: 0.8465, Train F1: 0.8426
2025-05-31 00:04:25,937 - Val Loss: 0.5774, Val Acc: 0.8053, Val F1: 0.7877
2025-05-31 00:04:25,937 - ---
2025-05-31 00:05:14,410 - ---
2025-05-31 00:05:14,410 - Epoch 095/100
2025-05-31 00:05:14,410 - Train Loss: 0.3183, Train Acc: 0.8464, Train F1: 0.8431
2025-05-31 00:05:14,410 - Val Loss: 0.5107, Val Acc: 0.8184, Val F1: 0.7962
2025-05-31 00:05:14,410 - ---
2025-05-31 00:06:03,056 - ---
2025-05-31 00:06:03,057 - Epoch 096/100
2025-05-31 00:06:03,057 - Train Loss: 0.3175, Train Acc: 0.8467, Train F1: 0.8434
2025-05-31 00:06:03,057 - Val Loss: 0.5179, Val Acc: 0.8105, Val F1: 0.7962
2025-05-31 00:06:03,057 - ---
2025-05-31 00:06:51,569 - ---
2025-05-31 00:06:51,569 - Epoch 097/100
2025-05-31 00:06:51,569 - Train Loss: 0.3177, Train Acc: 0.8493, Train F1: 0.8455
2025-05-31 00:06:51,569 - Val Loss: 0.5252, Val Acc: 0.8190, Val F1: 0.7990
2025-05-31 00:06:51,569 - ---
2025-05-31 00:07:40,255 - ---
2025-05-31 00:07:40,255 - Epoch 098/100
2025-05-31 00:07:40,255 - Train Loss: 0.3076, Train Acc: 0.8483, Train F1: 0.8474
2025-05-31 00:07:40,255 - Val Loss: 0.4552, Val Acc: 0.8301, Val F1: 0.8132
2025-05-31 00:07:40,364 - Best model updated and saved at /kaggle/working/noisy-graph-classification/checkpoints/model_C_best.pth
2025-05-31 00:07:40,365 - ---
2025-05-31 00:08:28,889 - ---
2025-05-31 00:08:28,889 - Epoch 099/100
2025-05-31 00:08:28,889 - Train Loss: 0.3119, Train Acc: 0.8478, Train F1: 0.8435
2025-05-31 00:08:28,890 - Val Loss: 0.5130, Val Acc: 0.8138, Val F1: 0.8023
2025-05-31 00:08:28,890 - ---
2025-05-31 00:09:17,519 - ---
2025-05-31 00:09:17,519 - Epoch 100/100
2025-05-31 00:09:17,519 - Train Loss: 0.3148, Train Acc: 0.8472, Train F1: 0.8461
2025-05-31 00:09:17,520 - Val Loss: 0.5520, Val Acc: 0.7982, Val F1: 0.7997
2025-05-31 00:09:17,520 - ---
