2025-05-30 23:14:29,861 - ---
2025-05-30 23:14:29,861 - Epoch 001/100
2025-05-30 23:14:29,861 - Train Loss: 1.3250, Train Acc: 0.3675, Train F1: 0.1387
2025-05-30 23:14:29,861 - Val Loss: 1.8321, Val Acc: 0.3880, Val F1: 0.1196
2025-05-30 23:14:29,952 - Best model updated and saved at /kaggle/working/noisy-graph-classification/checkpoints/model_C_best.pth
2025-05-30 23:14:29,953 - ---
2025-05-30 23:15:19,811 - ---
2025-05-30 23:15:19,811 - Epoch 002/100
2025-05-30 23:15:19,811 - Train Loss: 1.2031, Train Acc: 0.4142, Train F1: 0.1788
2025-05-30 23:15:19,812 - Val Loss: 1.5704, Val Acc: 0.3516, Val F1: 0.1600
2025-05-30 23:15:19,812 - ---
2025-05-30 23:16:09,589 - ---
2025-05-30 23:16:09,589 - Epoch 003/100
2025-05-30 23:16:09,589 - Train Loss: 1.1789, Train Acc: 0.4222, Train F1: 0.2002
2025-05-30 23:16:09,589 - Val Loss: 1.3967, Val Acc: 0.4336, Val F1: 0.1991
2025-05-30 23:16:09,712 - Best model updated and saved at /kaggle/working/noisy-graph-classification/checkpoints/model_C_best.pth
2025-05-30 23:16:09,712 - ---
2025-05-30 23:16:59,730 - ---
2025-05-30 23:16:59,730 - Epoch 004/100
2025-05-30 23:16:59,730 - Train Loss: 1.1557, Train Acc: 0.4219, Train F1: 0.2109
2025-05-30 23:16:59,730 - Val Loss: 1.8697, Val Acc: 0.3099, Val F1: 0.1495
2025-05-30 23:16:59,730 - ---
2025-05-30 23:17:49,702 - ---
2025-05-30 23:17:49,703 - Epoch 005/100
2025-05-30 23:17:49,703 - Train Loss: 1.1082, Train Acc: 0.4422, Train F1: 0.2660
2025-05-30 23:17:49,703 - Val Loss: 1.5184, Val Acc: 0.4408, Val F1: 0.2493
2025-05-30 23:17:49,822 - Best model updated and saved at /kaggle/working/noisy-graph-classification/checkpoints/model_C_best.pth
2025-05-30 23:17:49,822 - ---
2025-05-30 23:18:39,892 - ---
2025-05-30 23:18:39,892 - Epoch 006/100
2025-05-30 23:18:39,893 - Train Loss: 1.0579, Train Acc: 0.4754, Train F1: 0.3072
2025-05-30 23:18:39,893 - Val Loss: 1.4223, Val Acc: 0.4323, Val F1: 0.3249
2025-05-30 23:18:39,893 - ---
2025-05-30 23:19:29,321 - ---
2025-05-30 23:19:29,321 - Epoch 007/100
2025-05-30 23:19:29,321 - Train Loss: 1.0202, Train Acc: 0.4966, Train F1: 0.3428
2025-05-30 23:19:29,321 - Val Loss: 1.6921, Val Acc: 0.4368, Val F1: 0.2117
2025-05-30 23:19:29,321 - ---
2025-05-30 23:20:18,772 - ---
2025-05-30 23:20:18,773 - Epoch 008/100
2025-05-30 23:20:18,773 - Train Loss: 0.9742, Train Acc: 0.5311, Train F1: 0.3894
2025-05-30 23:20:18,773 - Val Loss: 1.1610, Val Acc: 0.5579, Val F1: 0.3798
2025-05-30 23:20:18,892 - Best model updated and saved at /kaggle/working/noisy-graph-classification/checkpoints/model_C_best.pth
2025-05-30 23:20:18,892 - ---
2025-05-30 23:21:08,317 - ---
2025-05-30 23:21:08,317 - Epoch 009/100
2025-05-30 23:21:08,317 - Train Loss: 0.9302, Train Acc: 0.5475, Train F1: 0.4157
2025-05-30 23:21:08,317 - Val Loss: 1.6825, Val Acc: 0.4036, Val F1: 0.2315
2025-05-30 23:21:08,317 - ---
2025-05-30 23:21:57,816 - ---
2025-05-30 23:21:57,816 - Epoch 010/100
2025-05-30 23:21:57,816 - Train Loss: 0.8891, Train Acc: 0.5705, Train F1: 0.4432
2025-05-30 23:21:57,816 - Val Loss: 1.2975, Val Acc: 0.4974, Val F1: 0.3566
2025-05-30 23:21:57,816 - ---
2025-05-30 23:22:47,317 - ---
2025-05-30 23:22:47,318 - Epoch 011/100
2025-05-30 23:22:47,318 - Train Loss: 0.8697, Train Acc: 0.5815, Train F1: 0.4650
2025-05-30 23:22:47,318 - Val Loss: 1.5813, Val Acc: 0.4167, Val F1: 0.2487
2025-05-30 23:22:47,318 - ---
2025-05-30 23:23:36,831 - ---
2025-05-30 23:23:36,832 - Epoch 012/100
2025-05-30 23:23:36,832 - Train Loss: 0.8275, Train Acc: 0.6032, Train F1: 0.4946
2025-05-30 23:23:36,832 - Val Loss: 0.9223, Val Acc: 0.6465, Val F1: 0.5294
2025-05-30 23:23:36,958 - Best model updated and saved at /kaggle/working/noisy-graph-classification/checkpoints/model_C_best.pth
2025-05-30 23:23:36,958 - ---
2025-05-30 23:24:26,386 - ---
2025-05-30 23:24:26,386 - Epoch 013/100
2025-05-30 23:24:26,387 - Train Loss: 0.8055, Train Acc: 0.6071, Train F1: 0.4992
2025-05-30 23:24:26,387 - Val Loss: 1.0200, Val Acc: 0.6029, Val F1: 0.5282
2025-05-30 23:24:26,387 - ---
2025-05-30 23:25:15,844 - ---
2025-05-30 23:25:15,844 - Epoch 014/100
2025-05-30 23:25:15,844 - Train Loss: 0.7813, Train Acc: 0.6237, Train F1: 0.5214
2025-05-30 23:25:15,844 - Val Loss: 0.9677, Val Acc: 0.6283, Val F1: 0.5095
2025-05-30 23:25:15,844 - ---
2025-05-30 23:26:05,460 - ---
2025-05-30 23:26:05,460 - Epoch 015/100
2025-05-30 23:26:05,460 - Train Loss: 0.7504, Train Acc: 0.6361, Train F1: 0.5374
2025-05-30 23:26:05,461 - Val Loss: 1.0777, Val Acc: 0.5931, Val F1: 0.4083
2025-05-30 23:26:05,461 - ---
2025-05-30 23:26:54,836 - ---
2025-05-30 23:26:54,837 - Epoch 016/100
2025-05-30 23:26:54,837 - Train Loss: 0.7364, Train Acc: 0.6457, Train F1: 0.5556
2025-05-30 23:26:54,837 - Val Loss: 2.7008, Val Acc: 0.2467, Val F1: 0.2160
2025-05-30 23:26:54,837 - ---
2025-05-30 23:27:44,619 - ---
2025-05-30 23:27:44,619 - Epoch 017/100
2025-05-30 23:27:44,619 - Train Loss: 0.7253, Train Acc: 0.6507, Train F1: 0.5703
2025-05-30 23:27:44,619 - Val Loss: 1.0136, Val Acc: 0.5977, Val F1: 0.4642
2025-05-30 23:27:44,619 - ---
2025-05-30 23:28:34,381 - ---
2025-05-30 23:28:34,381 - Epoch 018/100
2025-05-30 23:28:34,382 - Train Loss: 0.6986, Train Acc: 0.6603, Train F1: 0.5751
2025-05-30 23:28:34,382 - Val Loss: 0.8937, Val Acc: 0.6393, Val F1: 0.5266
2025-05-30 23:28:34,382 - ---
2025-05-30 23:29:24,452 - ---
2025-05-30 23:29:24,452 - Epoch 019/100
2025-05-30 23:29:24,452 - Train Loss: 0.6791, Train Acc: 0.6707, Train F1: 0.5961
2025-05-30 23:29:24,452 - Val Loss: 1.4195, Val Acc: 0.4954, Val F1: 0.2951
2025-05-30 23:29:24,453 - ---
2025-05-30 23:30:14,420 - ---
2025-05-30 23:30:14,420 - Epoch 020/100
2025-05-30 23:30:14,420 - Train Loss: 0.6682, Train Acc: 0.6774, Train F1: 0.6059
2025-05-30 23:30:14,420 - Val Loss: 0.9496, Val Acc: 0.6452, Val F1: 0.5654
2025-05-30 23:30:14,420 - ---
2025-05-30 23:31:04,641 - ---
2025-05-30 23:31:04,641 - Epoch 021/100
2025-05-30 23:31:04,641 - Train Loss: 0.6378, Train Acc: 0.6919, Train F1: 0.6302
2025-05-30 23:31:04,642 - Val Loss: 1.1497, Val Acc: 0.6035, Val F1: 0.5500
2025-05-30 23:31:04,642 - ---
2025-05-30 23:31:54,339 - ---
2025-05-30 23:31:54,339 - Epoch 022/100
2025-05-30 23:31:54,339 - Train Loss: 0.6334, Train Acc: 0.6925, Train F1: 0.6273
2025-05-30 23:31:54,339 - Val Loss: 0.8922, Val Acc: 0.6758, Val F1: 0.5589
2025-05-30 23:31:54,460 - Best model updated and saved at /kaggle/working/noisy-graph-classification/checkpoints/model_C_best.pth
2025-05-30 23:31:54,460 - ---
2025-05-30 23:32:43,997 - ---
2025-05-30 23:32:43,998 - Epoch 023/100
2025-05-30 23:32:43,998 - Train Loss: 0.6138, Train Acc: 0.7106, Train F1: 0.6543
2025-05-30 23:32:43,998 - Val Loss: 0.7462, Val Acc: 0.7057, Val F1: 0.6199
2025-05-30 23:32:44,117 - Best model updated and saved at /kaggle/working/noisy-graph-classification/checkpoints/model_C_best.pth
2025-05-30 23:32:44,117 - ---
2025-05-30 23:33:33,665 - ---
2025-05-30 23:33:33,665 - Epoch 024/100
2025-05-30 23:33:33,666 - Train Loss: 0.6152, Train Acc: 0.7049, Train F1: 0.6496
2025-05-30 23:33:33,666 - Val Loss: 0.8270, Val Acc: 0.6777, Val F1: 0.5997
2025-05-30 23:33:33,666 - ---
2025-05-30 23:34:23,096 - ---
2025-05-30 23:34:23,097 - Epoch 025/100
2025-05-30 23:34:23,097 - Train Loss: 0.5971, Train Acc: 0.7188, Train F1: 0.6682
2025-05-30 23:34:23,097 - Val Loss: 0.7000, Val Acc: 0.7298, Val F1: 0.6618
2025-05-30 23:34:23,215 - Best model updated and saved at /kaggle/working/noisy-graph-classification/checkpoints/model_C_best.pth
2025-05-30 23:34:23,215 - ---
2025-05-30 23:35:12,823 - ---
2025-05-30 23:35:12,824 - Epoch 026/100
2025-05-30 23:35:12,824 - Train Loss: 0.5755, Train Acc: 0.7267, Train F1: 0.6809
2025-05-30 23:35:12,824 - Val Loss: 0.8174, Val Acc: 0.7051, Val F1: 0.6124
2025-05-30 23:35:12,824 - ---
2025-05-30 23:36:02,161 - ---
2025-05-30 23:36:02,161 - Epoch 027/100
2025-05-30 23:36:02,161 - Train Loss: 0.5790, Train Acc: 0.7236, Train F1: 0.6764
2025-05-30 23:36:02,161 - Val Loss: 0.6412, Val Acc: 0.7539, Val F1: 0.6955
2025-05-30 23:36:02,277 - Best model updated and saved at /kaggle/working/noisy-graph-classification/checkpoints/model_C_best.pth
2025-05-30 23:36:02,277 - ---
2025-05-30 23:36:51,717 - ---
2025-05-30 23:36:51,717 - Epoch 028/100
2025-05-30 23:36:51,717 - Train Loss: 0.5674, Train Acc: 0.7288, Train F1: 0.6829
2025-05-30 23:36:51,717 - Val Loss: 3.0883, Val Acc: 0.2507, Val F1: 0.1891
2025-05-30 23:36:51,717 - ---
2025-05-30 23:37:40,915 - ---
2025-05-30 23:37:40,915 - Epoch 029/100
2025-05-30 23:37:40,915 - Train Loss: 0.5453, Train Acc: 0.7414, Train F1: 0.7101
2025-05-30 23:37:40,915 - Val Loss: 0.8765, Val Acc: 0.7044, Val F1: 0.5872
2025-05-30 23:37:40,915 - ---
2025-05-30 23:38:30,345 - ---
2025-05-30 23:38:30,345 - Epoch 030/100
2025-05-30 23:38:30,345 - Train Loss: 0.5493, Train Acc: 0.7420, Train F1: 0.7084
2025-05-30 23:38:30,345 - Val Loss: 0.7053, Val Acc: 0.7318, Val F1: 0.6845
2025-05-30 23:38:30,345 - ---
2025-05-30 23:39:19,618 - ---
2025-05-30 23:39:19,618 - Epoch 031/100
2025-05-30 23:39:19,618 - Train Loss: 0.5270, Train Acc: 0.7516, Train F1: 0.7199
2025-05-30 23:39:19,619 - Val Loss: 0.9589, Val Acc: 0.6328, Val F1: 0.5231
2025-05-30 23:39:19,619 - ---
2025-05-30 23:40:08,920 - ---
2025-05-30 23:40:08,920 - Epoch 032/100
2025-05-30 23:40:08,920 - Train Loss: 0.5270, Train Acc: 0.7533, Train F1: 0.7210
2025-05-30 23:40:08,920 - Val Loss: 0.7385, Val Acc: 0.7402, Val F1: 0.6792
2025-05-30 23:40:08,920 - ---
2025-05-30 23:40:58,166 - ---
2025-05-30 23:40:58,166 - Epoch 033/100
2025-05-30 23:40:58,166 - Train Loss: 0.5165, Train Acc: 0.7590, Train F1: 0.7284
2025-05-30 23:40:58,166 - Val Loss: 1.1007, Val Acc: 0.5905, Val F1: 0.4802
2025-05-30 23:40:58,166 - ---
2025-05-30 23:41:47,339 - ---
2025-05-30 23:41:47,339 - Epoch 034/100
2025-05-30 23:41:47,339 - Train Loss: 0.5035, Train Acc: 0.7656, Train F1: 0.7371
2025-05-30 23:41:47,340 - Val Loss: 0.7469, Val Acc: 0.7253, Val F1: 0.6981
2025-05-30 23:41:47,340 - ---
2025-05-30 23:42:37,231 - ---
2025-05-30 23:42:37,231 - Epoch 035/100
2025-05-30 23:42:37,231 - Train Loss: 0.4969, Train Acc: 0.7640, Train F1: 0.7401
2025-05-30 23:42:37,231 - Val Loss: 1.0101, Val Acc: 0.6602, Val F1: 0.5750
2025-05-30 23:42:37,231 - ---
2025-05-30 23:43:26,957 - ---
2025-05-30 23:43:26,957 - Epoch 036/100
2025-05-30 23:43:26,958 - Train Loss: 0.4835, Train Acc: 0.7721, Train F1: 0.7471
2025-05-30 23:43:26,958 - Val Loss: 0.5606, Val Acc: 0.7943, Val F1: 0.7687
2025-05-30 23:43:27,080 - Best model updated and saved at /kaggle/working/noisy-graph-classification/checkpoints/model_C_best.pth
2025-05-30 23:43:27,080 - ---
2025-05-30 23:44:16,917 - ---
2025-05-30 23:44:16,918 - Epoch 037/100
2025-05-30 23:44:16,918 - Train Loss: 0.4876, Train Acc: 0.7686, Train F1: 0.7424
2025-05-30 23:44:16,918 - Val Loss: 0.7062, Val Acc: 0.7454, Val F1: 0.6685
2025-05-30 23:44:16,918 - ---
2025-05-30 23:45:06,455 - ---
2025-05-30 23:45:06,455 - Epoch 038/100
2025-05-30 23:45:06,455 - Train Loss: 0.4727, Train Acc: 0.7747, Train F1: 0.7518
2025-05-30 23:45:06,455 - Val Loss: 0.7367, Val Acc: 0.7318, Val F1: 0.6696
2025-05-30 23:45:06,455 - ---
2025-05-30 23:45:55,808 - ---
2025-05-30 23:45:55,808 - Epoch 039/100
2025-05-30 23:45:55,808 - Train Loss: 0.4618, Train Acc: 0.7830, Train F1: 0.7605
2025-05-30 23:45:55,808 - Val Loss: 2.9854, Val Acc: 0.4844, Val F1: 0.3018
2025-05-30 23:45:55,808 - ---
2025-05-30 23:46:45,171 - ---
2025-05-30 23:46:45,171 - Epoch 040/100
2025-05-30 23:46:45,172 - Train Loss: 0.4724, Train Acc: 0.7791, Train F1: 0.7540
2025-05-30 23:46:45,172 - Val Loss: 0.7438, Val Acc: 0.7148, Val F1: 0.6966
2025-05-30 23:46:45,172 - ---
2025-05-30 23:47:34,652 - ---
2025-05-30 23:47:34,652 - Epoch 041/100
2025-05-30 23:47:34,653 - Train Loss: 0.4651, Train Acc: 0.7822, Train F1: 0.7564
2025-05-30 23:47:34,653 - Val Loss: 0.6890, Val Acc: 0.7539, Val F1: 0.7146
2025-05-30 23:47:34,653 - ---
2025-05-30 23:48:24,065 - ---
2025-05-30 23:48:24,065 - Epoch 042/100
2025-05-30 23:48:24,065 - Train Loss: 0.4605, Train Acc: 0.7842, Train F1: 0.7624
2025-05-30 23:48:24,065 - Val Loss: 0.5132, Val Acc: 0.8040, Val F1: 0.7788
2025-05-30 23:48:24,186 - Best model updated and saved at /kaggle/working/noisy-graph-classification/checkpoints/model_C_best.pth
2025-05-30 23:48:24,186 - ---
2025-05-30 23:49:13,520 - ---
2025-05-30 23:49:13,521 - Epoch 043/100
2025-05-30 23:49:13,521 - Train Loss: 0.4450, Train Acc: 0.7918, Train F1: 0.7748
2025-05-30 23:49:13,521 - Val Loss: 0.6008, Val Acc: 0.7721, Val F1: 0.7469
2025-05-30 23:49:13,521 - ---
2025-05-30 23:50:03,019 - ---
2025-05-30 23:50:03,019 - Epoch 044/100
2025-05-30 23:50:03,020 - Train Loss: 0.4528, Train Acc: 0.7909, Train F1: 0.7711
2025-05-30 23:50:03,020 - Val Loss: 0.6531, Val Acc: 0.7454, Val F1: 0.7285
2025-05-30 23:50:03,020 - ---
2025-05-30 23:50:52,349 - ---
2025-05-30 23:50:52,350 - Epoch 045/100
2025-05-30 23:50:52,350 - Train Loss: 0.4329, Train Acc: 0.7954, Train F1: 0.7776
2025-05-30 23:50:52,350 - Val Loss: 0.5970, Val Acc: 0.7702, Val F1: 0.7182
2025-05-30 23:50:52,350 - ---
2025-05-30 23:51:41,926 - ---
2025-05-30 23:51:41,926 - Epoch 046/100
2025-05-30 23:51:41,926 - Train Loss: 0.4405, Train Acc: 0.7926, Train F1: 0.7727
2025-05-30 23:51:41,926 - Val Loss: 0.6572, Val Acc: 0.7578, Val F1: 0.7105
2025-05-30 23:51:41,926 - ---
2025-05-30 23:52:31,248 - ---
2025-05-30 23:52:31,248 - Epoch 047/100
2025-05-30 23:52:31,248 - Train Loss: 0.4389, Train Acc: 0.7938, Train F1: 0.7717
2025-05-30 23:52:31,248 - Val Loss: 0.6122, Val Acc: 0.7643, Val F1: 0.7177
2025-05-30 23:52:31,248 - ---
2025-05-30 23:53:20,646 - ---
2025-05-30 23:53:20,646 - Epoch 048/100
2025-05-30 23:53:20,646 - Train Loss: 0.4287, Train Acc: 0.7962, Train F1: 0.7761
2025-05-30 23:53:20,646 - Val Loss: 0.5078, Val Acc: 0.8027, Val F1: 0.7777
2025-05-30 23:53:20,647 - ---
2025-05-30 23:54:09,874 - ---
2025-05-30 23:54:09,875 - Epoch 049/100
2025-05-30 23:54:09,875 - Train Loss: 0.4248, Train Acc: 0.8019, Train F1: 0.7828
2025-05-30 23:54:09,875 - Val Loss: 0.5923, Val Acc: 0.7695, Val F1: 0.7247
2025-05-30 23:54:09,875 - ---
2025-05-30 23:54:59,188 - ---
2025-05-30 23:54:59,188 - Epoch 050/100
2025-05-30 23:54:59,188 - Train Loss: 0.4197, Train Acc: 0.8009, Train F1: 0.7852
2025-05-30 23:54:59,188 - Val Loss: 0.9730, Val Acc: 0.6862, Val F1: 0.5768
2025-05-30 23:54:59,189 - ---
2025-05-30 23:55:49,197 - ---
2025-05-30 23:55:49,197 - Epoch 051/100
2025-05-30 23:55:49,197 - Train Loss: 0.4155, Train Acc: 0.8016, Train F1: 0.7886
2025-05-30 23:55:49,198 - Val Loss: 0.8802, Val Acc: 0.6895, Val F1: 0.5925
2025-05-30 23:55:49,198 - ---
2025-05-30 23:56:38,825 - ---
2025-05-30 23:56:38,825 - Epoch 052/100
2025-05-30 23:56:38,825 - Train Loss: 0.4298, Train Acc: 0.7995, Train F1: 0.7818
2025-05-30 23:56:38,825 - Val Loss: 1.1764, Val Acc: 0.6361, Val F1: 0.5432
2025-05-30 23:56:38,825 - ---
2025-05-30 23:57:28,268 - ---
2025-05-30 23:57:28,268 - Epoch 053/100
2025-05-30 23:57:28,269 - Train Loss: 0.4085, Train Acc: 0.8079, Train F1: 0.7951
2025-05-30 23:57:28,269 - Val Loss: 1.0918, Val Acc: 0.6478, Val F1: 0.5499
2025-05-30 23:57:28,269 - ---
2025-05-30 23:58:17,625 - ---
2025-05-30 23:58:17,625 - Epoch 054/100
2025-05-30 23:58:17,625 - Train Loss: 0.4106, Train Acc: 0.8068, Train F1: 0.7935
2025-05-30 23:58:17,625 - Val Loss: 0.6092, Val Acc: 0.7663, Val F1: 0.7381
2025-05-30 23:58:17,626 - ---
2025-05-30 23:59:07,093 - ---
2025-05-30 23:59:07,093 - Epoch 055/100
2025-05-30 23:59:07,093 - Train Loss: 0.4079, Train Acc: 0.8057, Train F1: 0.7924
2025-05-30 23:59:07,093 - Val Loss: 0.7445, Val Acc: 0.7350, Val F1: 0.6952
2025-05-30 23:59:07,093 - ---
2025-05-30 23:59:56,560 - ---
2025-05-30 23:59:56,560 - Epoch 056/100
2025-05-30 23:59:56,560 - Train Loss: 0.4107, Train Acc: 0.8084, Train F1: 0.7957
2025-05-30 23:59:56,560 - Val Loss: 0.9671, Val Acc: 0.6888, Val F1: 0.6688
2025-05-30 23:59:56,560 - ---
2025-05-31 00:00:46,140 - ---
2025-05-31 00:00:46,140 - Epoch 057/100
2025-05-31 00:00:46,140 - Train Loss: 0.4069, Train Acc: 0.8060, Train F1: 0.7931
2025-05-31 00:00:46,140 - Val Loss: 0.5481, Val Acc: 0.8040, Val F1: 0.7867
2025-05-31 00:00:46,140 - ---
2025-05-31 00:01:35,573 - ---
2025-05-31 00:01:35,574 - Epoch 058/100
2025-05-31 00:01:35,574 - Train Loss: 0.4084, Train Acc: 0.8094, Train F1: 0.7934
2025-05-31 00:01:35,574 - Val Loss: 0.5202, Val Acc: 0.7943, Val F1: 0.7882
2025-05-31 00:01:35,574 - ---
2025-05-31 00:02:25,015 - ---
2025-05-31 00:02:25,015 - Epoch 059/100
2025-05-31 00:02:25,016 - Train Loss: 0.3963, Train Acc: 0.8135, Train F1: 0.8002
2025-05-31 00:02:25,016 - Val Loss: 0.6952, Val Acc: 0.7578, Val F1: 0.7165
2025-05-31 00:02:25,016 - ---
2025-05-31 00:03:14,520 - ---
2025-05-31 00:03:14,520 - Epoch 060/100
2025-05-31 00:03:14,521 - Train Loss: 0.4006, Train Acc: 0.8097, Train F1: 0.7975
2025-05-31 00:03:14,521 - Val Loss: 0.6917, Val Acc: 0.7350, Val F1: 0.6873
2025-05-31 00:03:14,521 - ---
2025-05-31 00:04:04,006 - ---
2025-05-31 00:04:04,006 - Epoch 061/100
2025-05-31 00:04:04,006 - Train Loss: 0.3958, Train Acc: 0.8156, Train F1: 0.8025
2025-05-31 00:04:04,006 - Val Loss: 0.4883, Val Acc: 0.8105, Val F1: 0.7815
2025-05-31 00:04:04,130 - Best model updated and saved at /kaggle/working/noisy-graph-classification/checkpoints/model_C_best.pth
2025-05-31 00:04:04,130 - ---
2025-05-31 00:04:53,529 - ---
2025-05-31 00:04:53,529 - Epoch 062/100
2025-05-31 00:04:53,529 - Train Loss: 0.3798, Train Acc: 0.8206, Train F1: 0.8084
2025-05-31 00:04:53,529 - Val Loss: 0.7604, Val Acc: 0.7402, Val F1: 0.6272
2025-05-31 00:04:53,529 - ---
2025-05-31 00:05:42,930 - ---
2025-05-31 00:05:42,930 - Epoch 063/100
2025-05-31 00:05:42,930 - Train Loss: 0.3981, Train Acc: 0.8130, Train F1: 0.7998
2025-05-31 00:05:42,931 - Val Loss: 0.6142, Val Acc: 0.7689, Val F1: 0.7352
2025-05-31 00:05:42,931 - ---
2025-05-31 00:06:32,309 - ---
2025-05-31 00:06:32,309 - Epoch 064/100
2025-05-31 00:06:32,309 - Train Loss: 0.3752, Train Acc: 0.8184, Train F1: 0.8041
2025-05-31 00:06:32,309 - Val Loss: 0.5666, Val Acc: 0.7845, Val F1: 0.7726
2025-05-31 00:06:32,309 - ---
2025-05-31 00:07:21,829 - ---
2025-05-31 00:07:21,829 - Epoch 065/100
2025-05-31 00:07:21,829 - Train Loss: 0.3723, Train Acc: 0.8224, Train F1: 0.8116
2025-05-31 00:07:21,829 - Val Loss: 0.6170, Val Acc: 0.7819, Val F1: 0.7032
2025-05-31 00:07:21,829 - ---
2025-05-31 00:08:11,272 - ---
2025-05-31 00:08:11,272 - Epoch 066/100
2025-05-31 00:08:11,272 - Train Loss: 0.3725, Train Acc: 0.8228, Train F1: 0.8125
2025-05-31 00:08:11,272 - Val Loss: 0.6375, Val Acc: 0.7650, Val F1: 0.7132
2025-05-31 00:08:11,272 - ---
2025-05-31 00:09:00,680 - ---
2025-05-31 00:09:00,681 - Epoch 067/100
2025-05-31 00:09:00,681 - Train Loss: 0.3754, Train Acc: 0.8244, Train F1: 0.8121
2025-05-31 00:09:00,681 - Val Loss: 1.0090, Val Acc: 0.6699, Val F1: 0.6117
2025-05-31 00:09:00,681 - ---
2025-05-31 00:09:50,255 - ---
2025-05-31 00:09:50,255 - Epoch 068/100
2025-05-31 00:09:50,255 - Train Loss: 0.3720, Train Acc: 0.8245, Train F1: 0.8155
2025-05-31 00:09:50,255 - Val Loss: 0.8008, Val Acc: 0.7344, Val F1: 0.7090
2025-05-31 00:09:50,255 - ---
2025-05-31 00:10:39,857 - ---
2025-05-31 00:10:39,858 - Epoch 069/100
2025-05-31 00:10:39,858 - Train Loss: 0.3774, Train Acc: 0.8221, Train F1: 0.8118
2025-05-31 00:10:39,858 - Val Loss: 0.5277, Val Acc: 0.8066, Val F1: 0.7844
2025-05-31 00:10:39,858 - ---
2025-05-31 00:11:29,427 - ---
2025-05-31 00:11:29,427 - Epoch 070/100
2025-05-31 00:11:29,427 - Train Loss: 0.3703, Train Acc: 0.8267, Train F1: 0.8195
2025-05-31 00:11:29,427 - Val Loss: 0.5703, Val Acc: 0.7956, Val F1: 0.7704
2025-05-31 00:11:29,427 - ---
2025-05-31 00:12:19,081 - ---
2025-05-31 00:12:19,081 - Epoch 071/100
2025-05-31 00:12:19,081 - Train Loss: 0.3630, Train Acc: 0.8286, Train F1: 0.8203
2025-05-31 00:12:19,082 - Val Loss: 0.7959, Val Acc: 0.7227, Val F1: 0.6777
2025-05-31 00:12:19,082 - ---
2025-05-31 00:13:08,868 - ---
2025-05-31 00:13:08,868 - Epoch 072/100
2025-05-31 00:13:08,868 - Train Loss: 0.3694, Train Acc: 0.8249, Train F1: 0.8163
2025-05-31 00:13:08,868 - Val Loss: 0.8910, Val Acc: 0.7044, Val F1: 0.6394
2025-05-31 00:13:08,868 - ---
2025-05-31 00:13:58,917 - ---
2025-05-31 00:13:58,917 - Epoch 073/100
2025-05-31 00:13:58,918 - Train Loss: 0.3537, Train Acc: 0.8317, Train F1: 0.8252
2025-05-31 00:13:58,918 - Val Loss: 0.5642, Val Acc: 0.7923, Val F1: 0.7753
2025-05-31 00:13:58,918 - ---
2025-05-31 00:14:48,550 - ---
2025-05-31 00:14:48,550 - Epoch 074/100
2025-05-31 00:14:48,550 - Train Loss: 0.3582, Train Acc: 0.8285, Train F1: 0.8195
2025-05-31 00:14:48,550 - Val Loss: 0.4895, Val Acc: 0.8112, Val F1: 0.7857
2025-05-31 00:14:48,671 - Best model updated and saved at /kaggle/working/noisy-graph-classification/checkpoints/model_C_best.pth
2025-05-31 00:14:48,671 - ---
2025-05-31 00:15:38,119 - ---
2025-05-31 00:15:38,119 - Epoch 075/100
2025-05-31 00:15:38,119 - Train Loss: 0.3572, Train Acc: 0.8263, Train F1: 0.8188
2025-05-31 00:15:38,119 - Val Loss: 0.5456, Val Acc: 0.7910, Val F1: 0.7720
2025-05-31 00:15:38,119 - ---
2025-05-31 00:16:27,501 - ---
2025-05-31 00:16:27,501 - Epoch 076/100
2025-05-31 00:16:27,501 - Train Loss: 0.3567, Train Acc: 0.8301, Train F1: 0.8232
2025-05-31 00:16:27,501 - Val Loss: 0.5399, Val Acc: 0.8027, Val F1: 0.7840
2025-05-31 00:16:27,501 - ---
2025-05-31 00:17:17,100 - ---
2025-05-31 00:17:17,100 - Epoch 077/100
2025-05-31 00:17:17,100 - Train Loss: 0.3538, Train Acc: 0.8319, Train F1: 0.8214
2025-05-31 00:17:17,100 - Val Loss: 0.6423, Val Acc: 0.7760, Val F1: 0.7384
2025-05-31 00:17:17,100 - ---
2025-05-31 00:18:06,670 - ---
2025-05-31 00:18:06,671 - Epoch 078/100
2025-05-31 00:18:06,671 - Train Loss: 0.3491, Train Acc: 0.8314, Train F1: 0.8227
2025-05-31 00:18:06,671 - Val Loss: 0.5534, Val Acc: 0.7949, Val F1: 0.7693
2025-05-31 00:18:06,671 - ---
2025-05-31 00:18:56,104 - ---
2025-05-31 00:18:56,104 - Epoch 079/100
2025-05-31 00:18:56,104 - Train Loss: 0.3538, Train Acc: 0.8309, Train F1: 0.8235
2025-05-31 00:18:56,104 - Val Loss: 0.6250, Val Acc: 0.7754, Val F1: 0.7639
2025-05-31 00:18:56,104 - ---
2025-05-31 00:19:45,702 - ---
2025-05-31 00:19:45,702 - Epoch 080/100
2025-05-31 00:19:45,703 - Train Loss: 0.3334, Train Acc: 0.8397, Train F1: 0.8362
2025-05-31 00:19:45,703 - Val Loss: 0.5211, Val Acc: 0.8242, Val F1: 0.8042
2025-05-31 00:19:45,822 - Best model updated and saved at /kaggle/working/noisy-graph-classification/checkpoints/model_C_best.pth
2025-05-31 00:19:45,822 - ---
2025-05-31 00:20:35,178 - ---
2025-05-31 00:20:35,178 - Epoch 081/100
2025-05-31 00:20:35,178 - Train Loss: 0.3454, Train Acc: 0.8335, Train F1: 0.8259
2025-05-31 00:20:35,178 - Val Loss: 0.7185, Val Acc: 0.7533, Val F1: 0.6555
2025-05-31 00:20:35,178 - ---
2025-05-31 00:21:24,673 - ---
2025-05-31 00:21:24,673 - Epoch 082/100
2025-05-31 00:21:24,673 - Train Loss: 0.3418, Train Acc: 0.8364, Train F1: 0.8308
2025-05-31 00:21:24,673 - Val Loss: 1.6199, Val Acc: 0.5820, Val F1: 0.4500
2025-05-31 00:21:24,673 - ---
2025-05-31 00:22:14,168 - ---
2025-05-31 00:22:14,168 - Epoch 083/100
2025-05-31 00:22:14,168 - Train Loss: 0.3395, Train Acc: 0.8343, Train F1: 0.8285
2025-05-31 00:22:14,168 - Val Loss: 0.6089, Val Acc: 0.7702, Val F1: 0.7373
2025-05-31 00:22:14,169 - ---
2025-05-31 00:23:03,510 - ---
2025-05-31 00:23:03,511 - Epoch 084/100
2025-05-31 00:23:03,511 - Train Loss: 0.3451, Train Acc: 0.8343, Train F1: 0.8306
2025-05-31 00:23:03,511 - Val Loss: 0.6233, Val Acc: 0.7780, Val F1: 0.7448
2025-05-31 00:23:03,511 - ---
2025-05-31 00:23:53,046 - ---
2025-05-31 00:23:53,046 - Epoch 085/100
2025-05-31 00:23:53,046 - Train Loss: 0.3359, Train Acc: 0.8368, Train F1: 0.8300
2025-05-31 00:23:53,047 - Val Loss: 0.5242, Val Acc: 0.8132, Val F1: 0.7828
2025-05-31 00:23:53,047 - ---
2025-05-31 00:24:42,535 - ---
2025-05-31 00:24:42,536 - Epoch 086/100
2025-05-31 00:24:42,536 - Train Loss: 0.3398, Train Acc: 0.8348, Train F1: 0.8274
2025-05-31 00:24:42,536 - Val Loss: 0.4858, Val Acc: 0.8184, Val F1: 0.8058
2025-05-31 00:24:42,536 - ---
2025-05-31 00:25:32,127 - ---
2025-05-31 00:25:32,127 - Epoch 087/100
2025-05-31 00:25:32,127 - Train Loss: 0.3298, Train Acc: 0.8426, Train F1: 0.8337
2025-05-31 00:25:32,127 - Val Loss: 0.5296, Val Acc: 0.8066, Val F1: 0.7751
2025-05-31 00:25:32,127 - ---
2025-05-31 00:26:21,538 - ---
2025-05-31 00:26:21,538 - Epoch 088/100
2025-05-31 00:26:21,538 - Train Loss: 0.3366, Train Acc: 0.8392, Train F1: 0.8381
2025-05-31 00:26:21,538 - Val Loss: 0.5217, Val Acc: 0.8125, Val F1: 0.7926
2025-05-31 00:26:21,538 - ---
2025-05-31 00:27:11,588 - ---
2025-05-31 00:27:11,588 - Epoch 089/100
2025-05-31 00:27:11,588 - Train Loss: 0.3318, Train Acc: 0.8402, Train F1: 0.8371
2025-05-31 00:27:11,588 - Val Loss: 0.5544, Val Acc: 0.7897, Val F1: 0.7497
2025-05-31 00:27:11,588 - ---
2025-05-31 00:28:01,323 - ---
2025-05-31 00:28:01,323 - Epoch 090/100
2025-05-31 00:28:01,323 - Train Loss: 0.3254, Train Acc: 0.8442, Train F1: 0.8380
2025-05-31 00:28:01,323 - Val Loss: 0.6133, Val Acc: 0.7865, Val F1: 0.7459
2025-05-31 00:28:01,323 - ---
2025-05-31 00:28:50,804 - ---
2025-05-31 00:28:50,804 - Epoch 091/100
2025-05-31 00:28:50,804 - Train Loss: 0.3222, Train Acc: 0.8424, Train F1: 0.8379
2025-05-31 00:28:50,804 - Val Loss: 0.7802, Val Acc: 0.7493, Val F1: 0.7287
2025-05-31 00:28:50,805 - ---
2025-05-31 00:29:40,181 - ---
2025-05-31 00:29:40,181 - Epoch 092/100
2025-05-31 00:29:40,181 - Train Loss: 0.3214, Train Acc: 0.8434, Train F1: 0.8397
2025-05-31 00:29:40,181 - Val Loss: 0.5262, Val Acc: 0.8145, Val F1: 0.8002
2025-05-31 00:29:40,181 - ---
2025-05-31 00:30:29,860 - ---
2025-05-31 00:30:29,860 - Epoch 093/100
2025-05-31 00:30:29,860 - Train Loss: 0.3197, Train Acc: 0.8451, Train F1: 0.8409
2025-05-31 00:30:29,860 - Val Loss: 0.5004, Val Acc: 0.8197, Val F1: 0.8068
2025-05-31 00:30:29,860 - ---
2025-05-31 00:31:19,298 - ---
2025-05-31 00:31:19,298 - Epoch 094/100
2025-05-31 00:31:19,299 - Train Loss: 0.3177, Train Acc: 0.8452, Train F1: 0.8419
2025-05-31 00:31:19,299 - Val Loss: 0.4887, Val Acc: 0.8268, Val F1: 0.8025
2025-05-31 00:31:19,419 - Best model updated and saved at /kaggle/working/noisy-graph-classification/checkpoints/model_C_best.pth
2025-05-31 00:31:19,419 - ---
2025-05-31 00:32:08,898 - ---
2025-05-31 00:32:08,898 - Epoch 095/100
2025-05-31 00:32:08,899 - Train Loss: 0.3292, Train Acc: 0.8429, Train F1: 0.8360
2025-05-31 00:32:08,899 - Val Loss: 0.8527, Val Acc: 0.7376, Val F1: 0.6967
2025-05-31 00:32:08,899 - ---
2025-05-31 00:32:58,416 - ---
2025-05-31 00:32:58,416 - Epoch 096/100
2025-05-31 00:32:58,416 - Train Loss: 0.3213, Train Acc: 0.8475, Train F1: 0.8427
2025-05-31 00:32:58,416 - Val Loss: 0.6395, Val Acc: 0.7799, Val F1: 0.7329
2025-05-31 00:32:58,416 - ---
2025-05-31 00:33:47,858 - ---
2025-05-31 00:33:47,858 - Epoch 097/100
2025-05-31 00:33:47,858 - Train Loss: 0.3253, Train Acc: 0.8478, Train F1: 0.8436
2025-05-31 00:33:47,859 - Val Loss: 0.4694, Val Acc: 0.8327, Val F1: 0.8123
2025-05-31 00:33:47,981 - Best model updated and saved at /kaggle/working/noisy-graph-classification/checkpoints/model_C_best.pth
2025-05-31 00:33:47,981 - ---
2025-05-31 00:34:37,441 - ---
2025-05-31 00:34:37,441 - Epoch 098/100
2025-05-31 00:34:37,441 - Train Loss: 0.3267, Train Acc: 0.8416, Train F1: 0.8364
2025-05-31 00:34:37,441 - Val Loss: 0.5070, Val Acc: 0.8047, Val F1: 0.7893
2025-05-31 00:34:37,442 - ---
2025-05-31 00:35:27,040 - ---
2025-05-31 00:35:27,040 - Epoch 099/100
2025-05-31 00:35:27,041 - Train Loss: 0.3104, Train Acc: 0.8465, Train F1: 0.8420
2025-05-31 00:35:27,041 - Val Loss: 0.5602, Val Acc: 0.8014, Val F1: 0.7843
2025-05-31 00:35:27,041 - ---
2025-05-31 00:36:16,515 - ---
2025-05-31 00:36:16,515 - Epoch 100/100
2025-05-31 00:36:16,515 - Train Loss: 0.3034, Train Acc: 0.8525, Train F1: 0.8515
2025-05-31 00:36:16,515 - Val Loss: 0.5341, Val Acc: 0.8138, Val F1: 0.7897
2025-05-31 00:36:16,515 - ---
