2025-05-30 15:53:45,138 - ---
2025-05-30 15:53:45,138 - Epoch 001/100
2025-05-30 15:53:45,139 - Train Loss: 1.3208, Train Acc: 0.3724, Train F1: 0.1569
2025-05-30 15:53:45,139 - Val Loss: 1.5341, Val Acc: 0.4115, Val F1: 0.1396
2025-05-30 15:53:45,242 - Best model updated and saved at /kaggle/working/noisy-graph-classification/checkpoints/model_C_best.pth
2025-05-30 15:53:45,242 - ---
2025-05-30 15:54:38,804 - ---
2025-05-30 15:54:38,804 - Epoch 002/100
2025-05-30 15:54:38,805 - Train Loss: 1.2000, Train Acc: 0.4154, Train F1: 0.1758
2025-05-30 15:54:38,805 - Val Loss: 1.4183, Val Acc: 0.4225, Val F1: 0.1736
2025-05-30 15:54:38,940 - Best model updated and saved at /kaggle/working/noisy-graph-classification/checkpoints/model_C_best.pth
2025-05-30 15:54:38,940 - ---
2025-05-30 15:55:32,827 - ---
2025-05-30 15:55:32,827 - Epoch 003/100
2025-05-30 15:55:32,827 - Train Loss: 1.1657, Train Acc: 0.4287, Train F1: 0.2166
2025-05-30 15:55:32,827 - Val Loss: 1.6020, Val Acc: 0.3652, Val F1: 0.1661
2025-05-30 15:55:32,827 - ---
2025-05-30 15:56:26,645 - ---
2025-05-30 15:56:26,646 - Epoch 004/100
2025-05-30 15:56:26,646 - Train Loss: 1.1495, Train Acc: 0.4245, Train F1: 0.2363
2025-05-30 15:56:26,646 - Val Loss: 1.4591, Val Acc: 0.4154, Val F1: 0.1664
2025-05-30 15:56:26,646 - ---
2025-05-30 15:57:20,110 - ---
2025-05-30 15:57:20,111 - Epoch 005/100
2025-05-30 15:57:20,111 - Train Loss: 1.0920, Train Acc: 0.4582, Train F1: 0.2861
2025-05-30 15:57:20,111 - Val Loss: 1.4197, Val Acc: 0.4154, Val F1: 0.2993
2025-05-30 15:57:20,111 - ---
2025-05-30 15:58:13,761 - ---
2025-05-30 15:58:13,761 - Epoch 006/100
2025-05-30 15:58:13,761 - Train Loss: 1.0560, Train Acc: 0.4818, Train F1: 0.3270
2025-05-30 15:58:13,761 - Val Loss: 1.4098, Val Acc: 0.4701, Val F1: 0.2477
2025-05-30 15:58:13,901 - Best model updated and saved at /kaggle/working/noisy-graph-classification/checkpoints/model_C_best.pth
2025-05-30 15:58:13,901 - ---
2025-05-30 15:59:07,491 - ---
2025-05-30 15:59:07,491 - Epoch 007/100
2025-05-30 15:59:07,491 - Train Loss: 0.9970, Train Acc: 0.5143, Train F1: 0.3668
2025-05-30 15:59:07,491 - Val Loss: 2.6698, Val Acc: 0.2103, Val F1: 0.1186
2025-05-30 15:59:07,491 - ---
2025-05-30 16:00:01,183 - ---
2025-05-30 16:00:01,183 - Epoch 008/100
2025-05-30 16:00:01,183 - Train Loss: 0.9555, Train Acc: 0.5392, Train F1: 0.4049
2025-05-30 16:00:01,183 - Val Loss: 1.1556, Val Acc: 0.5540, Val F1: 0.4086
2025-05-30 16:00:01,326 - Best model updated and saved at /kaggle/working/noisy-graph-classification/checkpoints/model_C_best.pth
2025-05-30 16:00:01,326 - ---
2025-05-30 16:00:54,599 - ---
2025-05-30 16:00:54,599 - Epoch 009/100
2025-05-30 16:00:54,600 - Train Loss: 0.9159, Train Acc: 0.5571, Train F1: 0.4192
2025-05-30 16:00:54,600 - Val Loss: 1.1308, Val Acc: 0.5618, Val F1: 0.4411
2025-05-30 16:00:54,725 - Best model updated and saved at /kaggle/working/noisy-graph-classification/checkpoints/model_C_best.pth
2025-05-30 16:00:54,725 - ---
2025-05-30 16:01:48,285 - ---
2025-05-30 16:01:48,286 - Epoch 010/100
2025-05-30 16:01:48,286 - Train Loss: 0.8843, Train Acc: 0.5736, Train F1: 0.4598
2025-05-30 16:01:48,286 - Val Loss: 1.1520, Val Acc: 0.5671, Val F1: 0.4196
2025-05-30 16:01:48,428 - Best model updated and saved at /kaggle/working/noisy-graph-classification/checkpoints/model_C_best.pth
2025-05-30 16:01:48,428 - ---
2025-05-30 16:02:41,980 - ---
2025-05-30 16:02:41,980 - Epoch 011/100
2025-05-30 16:02:41,980 - Train Loss: 0.8454, Train Acc: 0.5944, Train F1: 0.4907
2025-05-30 16:02:41,980 - Val Loss: 1.4507, Val Acc: 0.4883, Val F1: 0.3762
2025-05-30 16:02:41,980 - ---
2025-05-30 16:03:35,563 - ---
2025-05-30 16:03:35,564 - Epoch 012/100
2025-05-30 16:03:35,564 - Train Loss: 0.8025, Train Acc: 0.6082, Train F1: 0.5048
2025-05-30 16:03:35,564 - Val Loss: 1.2150, Val Acc: 0.5417, Val F1: 0.4370
2025-05-30 16:03:35,564 - ---
2025-05-30 16:04:28,988 - ---
2025-05-30 16:04:28,988 - Epoch 013/100
2025-05-30 16:04:28,988 - Train Loss: 0.7894, Train Acc: 0.6175, Train F1: 0.5250
2025-05-30 16:04:28,988 - Val Loss: 1.4366, Val Acc: 0.4935, Val F1: 0.3290
2025-05-30 16:04:28,989 - ---
2025-05-30 16:05:22,512 - ---
2025-05-30 16:05:22,512 - Epoch 014/100
2025-05-30 16:05:22,512 - Train Loss: 0.7723, Train Acc: 0.6255, Train F1: 0.5393
2025-05-30 16:05:22,512 - Val Loss: 0.9997, Val Acc: 0.6452, Val F1: 0.5120
2025-05-30 16:05:22,641 - Best model updated and saved at /kaggle/working/noisy-graph-classification/checkpoints/model_C_best.pth
2025-05-30 16:05:22,641 - ---
2025-05-30 16:06:16,179 - ---
2025-05-30 16:06:16,179 - Epoch 015/100
2025-05-30 16:06:16,179 - Train Loss: 0.7332, Train Acc: 0.6481, Train F1: 0.5659
2025-05-30 16:06:16,179 - Val Loss: 0.9162, Val Acc: 0.6602, Val F1: 0.5509
2025-05-30 16:06:16,316 - Best model updated and saved at /kaggle/working/noisy-graph-classification/checkpoints/model_C_best.pth
2025-05-30 16:06:16,316 - ---
2025-05-30 16:07:09,359 - ---
2025-05-30 16:07:09,359 - Epoch 016/100
2025-05-30 16:07:09,359 - Train Loss: 0.7147, Train Acc: 0.6545, Train F1: 0.5782
2025-05-30 16:07:09,359 - Val Loss: 1.1057, Val Acc: 0.5833, Val F1: 0.5072
2025-05-30 16:07:09,359 - ---
2025-05-30 16:08:02,184 - ---
2025-05-30 16:08:02,184 - Epoch 017/100
2025-05-30 16:08:02,185 - Train Loss: 0.7029, Train Acc: 0.6642, Train F1: 0.5908
2025-05-30 16:08:02,185 - Val Loss: 0.8073, Val Acc: 0.6908, Val F1: 0.6190
2025-05-30 16:08:02,321 - Best model updated and saved at /kaggle/working/noisy-graph-classification/checkpoints/model_C_best.pth
2025-05-30 16:08:02,321 - ---
2025-05-30 16:08:55,481 - ---
2025-05-30 16:08:55,481 - Epoch 018/100
2025-05-30 16:08:55,481 - Train Loss: 0.6901, Train Acc: 0.6662, Train F1: 0.5904
2025-05-30 16:08:55,481 - Val Loss: 0.9162, Val Acc: 0.6361, Val F1: 0.5189
2025-05-30 16:08:55,481 - ---
2025-05-30 16:09:48,539 - ---
2025-05-30 16:09:48,539 - Epoch 019/100
2025-05-30 16:09:48,539 - Train Loss: 0.6577, Train Acc: 0.6882, Train F1: 0.6289
2025-05-30 16:09:48,540 - Val Loss: 0.8619, Val Acc: 0.6836, Val F1: 0.6201
2025-05-30 16:09:48,540 - ---
2025-05-30 16:10:42,322 - ---
2025-05-30 16:10:42,323 - Epoch 020/100
2025-05-30 16:10:42,323 - Train Loss: 0.6515, Train Acc: 0.6948, Train F1: 0.6338
2025-05-30 16:10:42,323 - Val Loss: 0.7988, Val Acc: 0.6908, Val F1: 0.6003
2025-05-30 16:10:42,323 - ---
2025-05-30 16:11:35,880 - ---
2025-05-30 16:11:35,880 - Epoch 021/100
2025-05-30 16:11:35,880 - Train Loss: 0.6302, Train Acc: 0.7017, Train F1: 0.6498
2025-05-30 16:11:35,881 - Val Loss: 0.9353, Val Acc: 0.6465, Val F1: 0.5813
2025-05-30 16:11:35,881 - ---
2025-05-30 16:12:29,212 - ---
2025-05-30 16:12:29,212 - Epoch 022/100
2025-05-30 16:12:29,212 - Train Loss: 0.6190, Train Acc: 0.7021, Train F1: 0.6506
2025-05-30 16:12:29,212 - Val Loss: 0.9277, Val Acc: 0.6543, Val F1: 0.5540
2025-05-30 16:12:29,212 - ---
2025-05-30 16:13:23,138 - ---
2025-05-30 16:13:23,138 - Epoch 023/100
2025-05-30 16:13:23,138 - Train Loss: 0.6009, Train Acc: 0.7179, Train F1: 0.6742
2025-05-30 16:13:23,138 - Val Loss: 0.7497, Val Acc: 0.7194, Val F1: 0.6518
2025-05-30 16:13:23,280 - Best model updated and saved at /kaggle/working/noisy-graph-classification/checkpoints/model_C_best.pth
2025-05-30 16:13:23,280 - ---
2025-05-30 16:14:17,360 - ---
2025-05-30 16:14:17,360 - Epoch 024/100
2025-05-30 16:14:17,360 - Train Loss: 0.5975, Train Acc: 0.7181, Train F1: 0.6719
2025-05-30 16:14:17,360 - Val Loss: 1.0093, Val Acc: 0.6471, Val F1: 0.6235
2025-05-30 16:14:17,360 - ---
2025-05-30 16:15:11,122 - ---
2025-05-30 16:15:11,122 - Epoch 025/100
2025-05-30 16:15:11,122 - Train Loss: 0.5739, Train Acc: 0.7246, Train F1: 0.6841
2025-05-30 16:15:11,122 - Val Loss: 0.7087, Val Acc: 0.7350, Val F1: 0.6756
2025-05-30 16:15:11,261 - Best model updated and saved at /kaggle/working/noisy-graph-classification/checkpoints/model_C_best.pth
2025-05-30 16:15:11,261 - ---
2025-05-30 16:16:04,809 - ---
2025-05-30 16:16:04,810 - Epoch 026/100
2025-05-30 16:16:04,810 - Train Loss: 0.5879, Train Acc: 0.7210, Train F1: 0.6752
2025-05-30 16:16:04,810 - Val Loss: 0.7550, Val Acc: 0.7148, Val F1: 0.6561
2025-05-30 16:16:04,810 - ---
2025-05-30 16:16:58,320 - ---
2025-05-30 16:16:58,321 - Epoch 027/100
2025-05-30 16:16:58,321 - Train Loss: 0.5572, Train Acc: 0.7389, Train F1: 0.7014
2025-05-30 16:16:58,321 - Val Loss: 0.7757, Val Acc: 0.7090, Val F1: 0.6089
2025-05-30 16:16:58,321 - ---
2025-05-30 16:17:52,055 - ---
2025-05-30 16:17:52,055 - Epoch 028/100
2025-05-30 16:17:52,055 - Train Loss: 0.5355, Train Acc: 0.7456, Train F1: 0.7124
2025-05-30 16:17:52,055 - Val Loss: 0.6490, Val Acc: 0.7637, Val F1: 0.7160
2025-05-30 16:17:52,208 - Best model updated and saved at /kaggle/working/noisy-graph-classification/checkpoints/model_C_best.pth
2025-05-30 16:17:52,208 - ---
2025-05-30 16:18:45,679 - ---
2025-05-30 16:18:45,679 - Epoch 029/100
2025-05-30 16:18:45,679 - Train Loss: 0.5279, Train Acc: 0.7510, Train F1: 0.7202
2025-05-30 16:18:45,679 - Val Loss: 0.7135, Val Acc: 0.7402, Val F1: 0.7009
2025-05-30 16:18:45,679 - ---
2025-05-30 16:19:39,250 - ---
2025-05-30 16:19:39,250 - Epoch 030/100
2025-05-30 16:19:39,250 - Train Loss: 0.5230, Train Acc: 0.7493, Train F1: 0.7161
2025-05-30 16:19:39,250 - Val Loss: 0.8055, Val Acc: 0.7031, Val F1: 0.6503
2025-05-30 16:19:39,250 - ---
2025-05-30 16:20:32,692 - ---
2025-05-30 16:20:32,692 - Epoch 031/100
2025-05-30 16:20:32,693 - Train Loss: 0.5031, Train Acc: 0.7611, Train F1: 0.7297
2025-05-30 16:20:32,693 - Val Loss: 0.8231, Val Acc: 0.7246, Val F1: 0.6204
2025-05-30 16:20:32,693 - ---
2025-05-30 16:21:25,978 - ---
2025-05-30 16:21:25,978 - Epoch 032/100
2025-05-30 16:21:25,978 - Train Loss: 0.5077, Train Acc: 0.7655, Train F1: 0.7353
2025-05-30 16:21:25,978 - Val Loss: 1.5163, Val Acc: 0.5710, Val F1: 0.4341
2025-05-30 16:21:25,978 - ---
2025-05-30 16:22:19,441 - ---
2025-05-30 16:22:19,442 - Epoch 033/100
2025-05-30 16:22:19,442 - Train Loss: 0.5024, Train Acc: 0.7632, Train F1: 0.7368
2025-05-30 16:22:19,442 - Val Loss: 0.7086, Val Acc: 0.7298, Val F1: 0.6240
2025-05-30 16:22:19,442 - ---
2025-05-30 16:23:13,294 - ---
2025-05-30 16:23:13,294 - Epoch 034/100
2025-05-30 16:23:13,295 - Train Loss: 0.4931, Train Acc: 0.7674, Train F1: 0.7422
2025-05-30 16:23:13,296 - Val Loss: 1.9136, Val Acc: 0.5072, Val F1: 0.4606
2025-05-30 16:23:13,296 - ---
2025-05-30 16:24:06,653 - ---
2025-05-30 16:24:06,653 - Epoch 035/100
2025-05-30 16:24:06,653 - Train Loss: 0.4868, Train Acc: 0.7677, Train F1: 0.7375
2025-05-30 16:24:06,653 - Val Loss: 0.7916, Val Acc: 0.7214, Val F1: 0.6695
2025-05-30 16:24:06,654 - ---
2025-05-30 16:25:00,445 - ---
2025-05-30 16:25:00,445 - Epoch 036/100
2025-05-30 16:25:00,446 - Train Loss: 0.4770, Train Acc: 0.7780, Train F1: 0.7560
2025-05-30 16:25:00,446 - Val Loss: 0.5503, Val Acc: 0.7943, Val F1: 0.7744
2025-05-30 16:25:00,577 - Best model updated and saved at /kaggle/working/noisy-graph-classification/checkpoints/model_C_best.pth
2025-05-30 16:25:00,578 - ---
2025-05-30 16:25:53,753 - ---
2025-05-30 16:25:53,753 - Epoch 037/100
2025-05-30 16:25:53,753 - Train Loss: 0.4743, Train Acc: 0.7754, Train F1: 0.7499
2025-05-30 16:25:53,753 - Val Loss: 0.9910, Val Acc: 0.6973, Val F1: 0.6559
2025-05-30 16:25:53,753 - ---
2025-05-30 16:26:46,648 - ---
2025-05-30 16:26:46,648 - Epoch 038/100
2025-05-30 16:26:46,648 - Train Loss: 0.4756, Train Acc: 0.7747, Train F1: 0.7509
2025-05-30 16:26:46,648 - Val Loss: 0.8071, Val Acc: 0.7070, Val F1: 0.6280
2025-05-30 16:26:46,648 - ---
2025-05-30 16:27:39,526 - ---
2025-05-30 16:27:39,526 - Epoch 039/100
2025-05-30 16:27:39,526 - Train Loss: 0.4677, Train Acc: 0.7835, Train F1: 0.7633
2025-05-30 16:27:39,526 - Val Loss: 0.5451, Val Acc: 0.7910, Val F1: 0.7596
2025-05-30 16:27:39,526 - ---
2025-05-30 16:28:32,360 - ---
2025-05-30 16:28:32,360 - Epoch 040/100
2025-05-30 16:28:32,360 - Train Loss: 0.4605, Train Acc: 0.7835, Train F1: 0.7636
2025-05-30 16:28:32,360 - Val Loss: 0.7162, Val Acc: 0.7520, Val F1: 0.6899
2025-05-30 16:28:32,360 - ---
2025-05-30 16:29:25,268 - ---
2025-05-30 16:29:25,268 - Epoch 041/100
2025-05-30 16:29:25,269 - Train Loss: 0.4550, Train Acc: 0.7866, Train F1: 0.7679
2025-05-30 16:29:25,269 - Val Loss: 0.6409, Val Acc: 0.7695, Val F1: 0.7408
2025-05-30 16:29:25,269 - ---
2025-05-30 16:30:17,769 - ---
2025-05-30 16:30:17,770 - Epoch 042/100
2025-05-30 16:30:17,770 - Train Loss: 0.4489, Train Acc: 0.7879, Train F1: 0.7655
2025-05-30 16:30:17,770 - Val Loss: 1.3111, Val Acc: 0.5859, Val F1: 0.5224
2025-05-30 16:30:17,770 - ---
2025-05-30 16:31:10,622 - ---
2025-05-30 16:31:10,622 - Epoch 043/100
2025-05-30 16:31:10,623 - Train Loss: 0.4455, Train Acc: 0.7909, Train F1: 0.7719
2025-05-30 16:31:10,623 - Val Loss: 0.5710, Val Acc: 0.7962, Val F1: 0.7725
2025-05-30 16:31:10,760 - Best model updated and saved at /kaggle/working/noisy-graph-classification/checkpoints/model_C_best.pth
2025-05-30 16:31:10,760 - ---
2025-05-30 16:32:03,566 - ---
2025-05-30 16:32:03,566 - Epoch 044/100
2025-05-30 16:32:03,566 - Train Loss: 0.4476, Train Acc: 0.7878, Train F1: 0.7704
2025-05-30 16:32:03,566 - Val Loss: 0.6719, Val Acc: 0.7533, Val F1: 0.7370
2025-05-30 16:32:03,566 - ---
2025-05-30 16:32:55,879 - ---
2025-05-30 16:32:55,879 - Epoch 045/100
2025-05-30 16:32:55,879 - Train Loss: 0.4334, Train Acc: 0.7935, Train F1: 0.7736
2025-05-30 16:32:55,879 - Val Loss: 0.6528, Val Acc: 0.7565, Val F1: 0.7182
2025-05-30 16:32:55,879 - ---
2025-05-30 16:33:47,925 - ---
2025-05-30 16:33:47,925 - Epoch 046/100
2025-05-30 16:33:47,926 - Train Loss: 0.4355, Train Acc: 0.8009, Train F1: 0.7852
2025-05-30 16:33:47,926 - Val Loss: 0.5362, Val Acc: 0.7910, Val F1: 0.7491
2025-05-30 16:33:47,926 - ---
2025-05-30 16:34:40,160 - ---
2025-05-30 16:34:40,160 - Epoch 047/100
2025-05-30 16:34:40,160 - Train Loss: 0.4282, Train Acc: 0.7951, Train F1: 0.7768
2025-05-30 16:34:40,160 - Val Loss: 0.5488, Val Acc: 0.8040, Val F1: 0.7802
2025-05-30 16:34:40,301 - Best model updated and saved at /kaggle/working/noisy-graph-classification/checkpoints/model_C_best.pth
2025-05-30 16:34:40,301 - ---
2025-05-30 16:35:33,062 - ---
2025-05-30 16:35:33,063 - Epoch 048/100
2025-05-30 16:35:33,063 - Train Loss: 0.4309, Train Acc: 0.7977, Train F1: 0.7761
2025-05-30 16:35:33,063 - Val Loss: 0.5181, Val Acc: 0.8027, Val F1: 0.7823
2025-05-30 16:35:33,063 - ---
2025-05-30 16:36:26,459 - ---
2025-05-30 16:36:26,459 - Epoch 049/100
2025-05-30 16:36:26,459 - Train Loss: 0.4194, Train Acc: 0.8042, Train F1: 0.7872
2025-05-30 16:36:26,459 - Val Loss: 0.9223, Val Acc: 0.6999, Val F1: 0.6272
2025-05-30 16:36:26,459 - ---
2025-05-30 16:37:19,651 - ---
2025-05-30 16:37:19,652 - Epoch 050/100
2025-05-30 16:37:19,652 - Train Loss: 0.4256, Train Acc: 0.8026, Train F1: 0.7888
2025-05-30 16:37:19,652 - Val Loss: 1.0488, Val Acc: 0.6654, Val F1: 0.6340
2025-05-30 16:37:19,652 - ---
2025-05-30 16:38:12,615 - ---
2025-05-30 16:38:12,615 - Epoch 051/100
2025-05-30 16:38:12,615 - Train Loss: 0.4339, Train Acc: 0.7996, Train F1: 0.7833
2025-05-30 16:38:12,615 - Val Loss: 0.6020, Val Acc: 0.7721, Val F1: 0.7594
2025-05-30 16:38:12,615 - ---
2025-05-30 16:39:05,590 - ---
2025-05-30 16:39:05,591 - Epoch 052/100
2025-05-30 16:39:05,591 - Train Loss: 0.4217, Train Acc: 0.8044, Train F1: 0.7884
2025-05-30 16:39:05,591 - Val Loss: 0.5659, Val Acc: 0.7884, Val F1: 0.7454
2025-05-30 16:39:05,591 - ---
2025-05-30 16:39:58,305 - ---
2025-05-30 16:39:58,305 - Epoch 053/100
2025-05-30 16:39:58,305 - Train Loss: 0.4054, Train Acc: 0.8066, Train F1: 0.7876
2025-05-30 16:39:58,306 - Val Loss: 2.7636, Val Acc: 0.4538, Val F1: 0.4628
2025-05-30 16:39:58,306 - ---
2025-05-30 16:40:49,894 - ---
2025-05-30 16:40:49,894 - Epoch 054/100
2025-05-30 16:40:49,894 - Train Loss: 0.4106, Train Acc: 0.8045, Train F1: 0.7932
2025-05-30 16:40:49,894 - Val Loss: 0.7215, Val Acc: 0.7598, Val F1: 0.7021
2025-05-30 16:40:49,895 - ---
2025-05-30 16:41:41,847 - ---
2025-05-30 16:41:41,847 - Epoch 055/100
2025-05-30 16:41:41,848 - Train Loss: 0.3995, Train Acc: 0.8125, Train F1: 0.7991
2025-05-30 16:41:41,848 - Val Loss: 2.3653, Val Acc: 0.4961, Val F1: 0.4923
2025-05-30 16:41:41,848 - ---
2025-05-30 16:42:34,502 - ---
2025-05-30 16:42:34,502 - Epoch 056/100
2025-05-30 16:42:34,503 - Train Loss: 0.3947, Train Acc: 0.8120, Train F1: 0.8003
2025-05-30 16:42:34,503 - Val Loss: 0.4974, Val Acc: 0.8066, Val F1: 0.7782
2025-05-30 16:42:34,623 - Best model updated and saved at /kaggle/working/noisy-graph-classification/checkpoints/model_C_best.pth
2025-05-30 16:42:34,623 - ---
2025-05-30 16:43:27,331 - ---
2025-05-30 16:43:27,331 - Epoch 057/100
2025-05-30 16:43:27,332 - Train Loss: 0.4065, Train Acc: 0.8112, Train F1: 0.7971
2025-05-30 16:43:27,332 - Val Loss: 0.5067, Val Acc: 0.8034, Val F1: 0.7879
2025-05-30 16:43:27,332 - ---
2025-05-30 16:44:20,342 - ---
2025-05-30 16:44:20,343 - Epoch 058/100
2025-05-30 16:44:20,343 - Train Loss: 0.3973, Train Acc: 0.8130, Train F1: 0.8013
2025-05-30 16:44:20,343 - Val Loss: 0.5294, Val Acc: 0.7969, Val F1: 0.7547
2025-05-30 16:44:20,343 - ---
2025-05-30 16:45:13,216 - ---
2025-05-30 16:45:13,216 - Epoch 059/100
2025-05-30 16:45:13,216 - Train Loss: 0.3980, Train Acc: 0.8133, Train F1: 0.8029
2025-05-30 16:45:13,216 - Val Loss: 0.7167, Val Acc: 0.7669, Val F1: 0.6955
2025-05-30 16:45:13,216 - ---
2025-05-30 16:46:05,720 - ---
2025-05-30 16:46:05,720 - Epoch 060/100
2025-05-30 16:46:05,720 - Train Loss: 0.4064, Train Acc: 0.8135, Train F1: 0.8023
2025-05-30 16:46:05,720 - Val Loss: 0.4909, Val Acc: 0.8105, Val F1: 0.7897
2025-05-30 16:46:05,855 - Best model updated and saved at /kaggle/working/noisy-graph-classification/checkpoints/model_C_best.pth
2025-05-30 16:46:05,855 - ---
2025-05-30 16:46:58,586 - ---
2025-05-30 16:46:58,586 - Epoch 061/100
2025-05-30 16:46:58,586 - Train Loss: 0.3782, Train Acc: 0.8208, Train F1: 0.8105
2025-05-30 16:46:58,586 - Val Loss: 1.0255, Val Acc: 0.6940, Val F1: 0.5830
2025-05-30 16:46:58,586 - ---
2025-05-30 16:47:51,426 - ---
2025-05-30 16:47:51,426 - Epoch 062/100
2025-05-30 16:47:51,426 - Train Loss: 0.3859, Train Acc: 0.8185, Train F1: 0.8088
2025-05-30 16:47:51,426 - Val Loss: 0.4778, Val Acc: 0.8262, Val F1: 0.7965
2025-05-30 16:47:51,559 - Best model updated and saved at /kaggle/working/noisy-graph-classification/checkpoints/model_C_best.pth
2025-05-30 16:47:51,559 - ---
2025-05-30 16:48:44,387 - ---
2025-05-30 16:48:44,387 - Epoch 063/100
2025-05-30 16:48:44,388 - Train Loss: 0.3811, Train Acc: 0.8203, Train F1: 0.8057
2025-05-30 16:48:44,388 - Val Loss: 0.5311, Val Acc: 0.8008, Val F1: 0.7756
2025-05-30 16:48:44,388 - ---
2025-05-30 16:49:36,766 - ---
2025-05-30 16:49:36,766 - Epoch 064/100
2025-05-30 16:49:36,767 - Train Loss: 0.3802, Train Acc: 0.8228, Train F1: 0.8119
2025-05-30 16:49:36,767 - Val Loss: 0.5009, Val Acc: 0.8112, Val F1: 0.7949
2025-05-30 16:49:36,767 - ---
2025-05-30 16:50:28,469 - ---
2025-05-30 16:50:28,469 - Epoch 065/100
2025-05-30 16:50:28,469 - Train Loss: 0.3893, Train Acc: 0.8159, Train F1: 0.8028
2025-05-30 16:50:28,469 - Val Loss: 0.5267, Val Acc: 0.8158, Val F1: 0.7866
2025-05-30 16:50:28,469 - ---
2025-05-30 16:51:20,174 - ---
2025-05-30 16:51:20,175 - Epoch 066/100
2025-05-30 16:51:20,175 - Train Loss: 0.3710, Train Acc: 0.8221, Train F1: 0.8100
2025-05-30 16:51:20,175 - Val Loss: 0.5815, Val Acc: 0.7884, Val F1: 0.7640
2025-05-30 16:51:20,175 - ---
2025-05-30 16:52:12,113 - ---
2025-05-30 16:52:12,113 - Epoch 067/100
2025-05-30 16:52:12,113 - Train Loss: 0.3692, Train Acc: 0.8221, Train F1: 0.8106
2025-05-30 16:52:12,113 - Val Loss: 0.6028, Val Acc: 0.7786, Val F1: 0.7328
2025-05-30 16:52:12,113 - ---
2025-05-30 16:53:03,772 - ---
2025-05-30 16:53:03,773 - Epoch 068/100
2025-05-30 16:53:03,773 - Train Loss: 0.3608, Train Acc: 0.8271, Train F1: 0.8208
2025-05-30 16:53:03,773 - Val Loss: 1.0112, Val Acc: 0.7188, Val F1: 0.5977
2025-05-30 16:53:03,773 - ---
2025-05-30 16:53:56,242 - ---
2025-05-30 16:53:56,242 - Epoch 069/100
2025-05-30 16:53:56,242 - Train Loss: 0.3671, Train Acc: 0.8275, Train F1: 0.8176
2025-05-30 16:53:56,242 - Val Loss: 0.6432, Val Acc: 0.7728, Val F1: 0.7281
2025-05-30 16:53:56,242 - ---
2025-05-30 16:54:49,225 - ---
2025-05-30 16:54:49,225 - Epoch 070/100
2025-05-30 16:54:49,225 - Train Loss: 0.3648, Train Acc: 0.8262, Train F1: 0.8169
2025-05-30 16:54:49,226 - Val Loss: 0.7197, Val Acc: 0.7409, Val F1: 0.7101
2025-05-30 16:54:49,226 - ---
2025-05-30 16:55:42,389 - ---
2025-05-30 16:55:42,389 - Epoch 071/100
2025-05-30 16:55:42,390 - Train Loss: 0.3721, Train Acc: 0.8285, Train F1: 0.8187
2025-05-30 16:55:42,390 - Val Loss: 0.4999, Val Acc: 0.8138, Val F1: 0.7879
2025-05-30 16:55:42,390 - ---
2025-05-30 16:56:34,725 - ---
2025-05-30 16:56:34,726 - Epoch 072/100
2025-05-30 16:56:34,726 - Train Loss: 0.3559, Train Acc: 0.8281, Train F1: 0.8191
2025-05-30 16:56:34,726 - Val Loss: 0.6222, Val Acc: 0.7760, Val F1: 0.7527
2025-05-30 16:56:34,726 - ---
2025-05-30 16:57:28,053 - ---
2025-05-30 16:57:28,053 - Epoch 073/100
2025-05-30 16:57:28,054 - Train Loss: 0.3529, Train Acc: 0.8281, Train F1: 0.8198
2025-05-30 16:57:28,054 - Val Loss: 0.7030, Val Acc: 0.7565, Val F1: 0.7490
2025-05-30 16:57:28,054 - ---
2025-05-30 16:58:21,856 - ---
2025-05-30 16:58:21,856 - Epoch 074/100
2025-05-30 16:58:21,856 - Train Loss: 0.3549, Train Acc: 0.8289, Train F1: 0.8206
2025-05-30 16:58:21,857 - Val Loss: 0.5750, Val Acc: 0.7897, Val F1: 0.7598
2025-05-30 16:58:21,857 - ---
2025-05-30 16:59:14,991 - ---
2025-05-30 16:59:14,991 - Epoch 075/100
2025-05-30 16:59:14,991 - Train Loss: 0.3536, Train Acc: 0.8275, Train F1: 0.8193
2025-05-30 16:59:14,992 - Val Loss: 0.5554, Val Acc: 0.8040, Val F1: 0.7658
2025-05-30 16:59:14,992 - ---
2025-05-30 17:00:08,348 - ---
2025-05-30 17:00:08,348 - Epoch 076/100
2025-05-30 17:00:08,348 - Train Loss: 0.3567, Train Acc: 0.8319, Train F1: 0.8239
2025-05-30 17:00:08,348 - Val Loss: 0.5657, Val Acc: 0.7988, Val F1: 0.7766
2025-05-30 17:00:08,348 - ---
2025-05-30 17:01:01,940 - ---
2025-05-30 17:01:01,940 - Epoch 077/100
2025-05-30 17:01:01,940 - Train Loss: 0.3426, Train Acc: 0.8343, Train F1: 0.8282
2025-05-30 17:01:01,940 - Val Loss: 0.5409, Val Acc: 0.8040, Val F1: 0.7772
2025-05-30 17:01:01,940 - ---
2025-05-30 17:01:55,096 - ---
2025-05-30 17:01:55,097 - Epoch 078/100
2025-05-30 17:01:55,097 - Train Loss: 0.3563, Train Acc: 0.8288, Train F1: 0.8159
2025-05-30 17:01:55,097 - Val Loss: 0.5061, Val Acc: 0.8099, Val F1: 0.7963
2025-05-30 17:01:55,097 - ---
2025-05-30 17:02:48,435 - ---
2025-05-30 17:02:48,436 - Epoch 079/100
2025-05-30 17:02:48,436 - Train Loss: 0.3448, Train Acc: 0.8395, Train F1: 0.8338
2025-05-30 17:02:48,436 - Val Loss: 0.5015, Val Acc: 0.8118, Val F1: 0.7867
2025-05-30 17:02:48,436 - ---
2025-05-30 17:03:41,598 - ---
2025-05-30 17:03:41,598 - Epoch 080/100
2025-05-30 17:03:41,599 - Train Loss: 0.3495, Train Acc: 0.8328, Train F1: 0.8233
2025-05-30 17:03:41,599 - Val Loss: 0.4515, Val Acc: 0.8307, Val F1: 0.8131
2025-05-30 17:03:41,736 - Best model updated and saved at /kaggle/working/noisy-graph-classification/checkpoints/model_C_best.pth
2025-05-30 17:03:41,736 - ---
2025-05-30 17:04:34,730 - ---
2025-05-30 17:04:34,730 - Epoch 081/100
2025-05-30 17:04:34,730 - Train Loss: 0.3507, Train Acc: 0.8330, Train F1: 0.8247
2025-05-30 17:04:34,730 - Val Loss: 0.4884, Val Acc: 0.8092, Val F1: 0.7811
2025-05-30 17:04:34,730 - ---
2025-05-30 17:05:27,848 - ---
2025-05-30 17:05:27,849 - Epoch 082/100
2025-05-30 17:05:27,849 - Train Loss: 0.3429, Train Acc: 0.8359, Train F1: 0.8300
2025-05-30 17:05:27,849 - Val Loss: 0.5428, Val Acc: 0.8034, Val F1: 0.7473
2025-05-30 17:05:27,849 - ---
2025-05-30 17:06:20,667 - ---
2025-05-30 17:06:20,667 - Epoch 083/100
2025-05-30 17:06:20,667 - Train Loss: 0.3430, Train Acc: 0.8361, Train F1: 0.8310
2025-05-30 17:06:20,667 - Val Loss: 0.6753, Val Acc: 0.7780, Val F1: 0.7528
2025-05-30 17:06:20,667 - ---
2025-05-30 17:07:14,285 - ---
2025-05-30 17:07:14,285 - Epoch 084/100
2025-05-30 17:07:14,286 - Train Loss: 0.3287, Train Acc: 0.8392, Train F1: 0.8359
2025-05-30 17:07:14,286 - Val Loss: 0.6394, Val Acc: 0.7819, Val F1: 0.7486
2025-05-30 17:07:14,286 - ---
2025-05-30 17:08:07,236 - ---
2025-05-30 17:08:07,236 - Epoch 085/100
2025-05-30 17:08:07,236 - Train Loss: 0.3352, Train Acc: 0.8382, Train F1: 0.8337
2025-05-30 17:08:07,236 - Val Loss: 1.2227, Val Acc: 0.6947, Val F1: 0.5854
2025-05-30 17:08:07,236 - ---
2025-05-30 17:08:59,906 - ---
2025-05-30 17:08:59,906 - Epoch 086/100
2025-05-30 17:08:59,906 - Train Loss: 0.3281, Train Acc: 0.8392, Train F1: 0.8327
2025-05-30 17:08:59,906 - Val Loss: 0.5422, Val Acc: 0.8138, Val F1: 0.7960
2025-05-30 17:08:59,906 - ---
2025-05-30 17:09:52,512 - ---
2025-05-30 17:09:52,512 - Epoch 087/100
2025-05-30 17:09:52,512 - Train Loss: 0.3256, Train Acc: 0.8431, Train F1: 0.8380
2025-05-30 17:09:52,513 - Val Loss: 0.6050, Val Acc: 0.8040, Val F1: 0.7720
2025-05-30 17:09:52,513 - ---
2025-05-30 17:10:45,379 - ---
2025-05-30 17:10:45,380 - Epoch 088/100
2025-05-30 17:10:45,380 - Train Loss: 0.3302, Train Acc: 0.8423, Train F1: 0.8371
2025-05-30 17:10:45,380 - Val Loss: 0.5409, Val Acc: 0.8203, Val F1: 0.8038
2025-05-30 17:10:45,380 - ---
2025-05-30 17:11:38,521 - ---
2025-05-30 17:11:38,521 - Epoch 089/100
2025-05-30 17:11:38,521 - Train Loss: 0.3284, Train Acc: 0.8418, Train F1: 0.8364
2025-05-30 17:11:38,522 - Val Loss: 0.8280, Val Acc: 0.7259, Val F1: 0.7017
2025-05-30 17:11:38,522 - ---
2025-05-30 17:12:31,581 - ---
2025-05-30 17:12:31,581 - Epoch 090/100
2025-05-30 17:12:31,582 - Train Loss: 0.3152, Train Acc: 0.8485, Train F1: 0.8447
2025-05-30 17:12:31,582 - Val Loss: 0.7907, Val Acc: 0.7598, Val F1: 0.7383
2025-05-30 17:12:31,582 - ---
2025-05-30 17:13:24,564 - ---
2025-05-30 17:13:24,564 - Epoch 091/100
2025-05-30 17:13:24,564 - Train Loss: 0.3231, Train Acc: 0.8436, Train F1: 0.8379
2025-05-30 17:13:24,564 - Val Loss: 0.5880, Val Acc: 0.7904, Val F1: 0.7340
2025-05-30 17:13:24,564 - ---
2025-05-30 17:14:17,572 - ---
2025-05-30 17:14:17,572 - Epoch 092/100
2025-05-30 17:14:17,572 - Train Loss: 0.3137, Train Acc: 0.8467, Train F1: 0.8461
2025-05-30 17:14:17,572 - Val Loss: 0.4877, Val Acc: 0.8229, Val F1: 0.7983
2025-05-30 17:14:17,572 - ---
2025-05-30 17:15:10,714 - ---
2025-05-30 17:15:10,714 - Epoch 093/100
2025-05-30 17:15:10,714 - Train Loss: 0.3107, Train Acc: 0.8507, Train F1: 0.8487
2025-05-30 17:15:10,714 - Val Loss: 0.5381, Val Acc: 0.8086, Val F1: 0.7829
2025-05-30 17:15:10,714 - ---
2025-05-30 17:16:03,381 - ---
2025-05-30 17:16:03,381 - Epoch 094/100
2025-05-30 17:16:03,381 - Train Loss: 0.3152, Train Acc: 0.8525, Train F1: 0.8511
2025-05-30 17:16:03,381 - Val Loss: 0.4522, Val Acc: 0.8353, Val F1: 0.8226
2025-05-30 17:16:03,520 - Best model updated and saved at /kaggle/working/noisy-graph-classification/checkpoints/model_C_best.pth
2025-05-30 17:16:03,520 - ---
2025-05-30 17:16:55,960 - ---
2025-05-30 17:16:55,961 - Epoch 095/100
2025-05-30 17:16:55,961 - Train Loss: 0.3105, Train Acc: 0.8480, Train F1: 0.8463
2025-05-30 17:16:55,961 - Val Loss: 0.4809, Val Acc: 0.8242, Val F1: 0.8078
2025-05-30 17:16:55,961 - ---
2025-05-30 17:17:48,294 - ---
2025-05-30 17:17:48,294 - Epoch 096/100
2025-05-30 17:17:48,294 - Train Loss: 0.3173, Train Acc: 0.8491, Train F1: 0.8460
2025-05-30 17:17:48,294 - Val Loss: 0.4426, Val Acc: 0.8327, Val F1: 0.8169
2025-05-30 17:17:48,294 - ---
2025-05-30 17:18:40,606 - ---
2025-05-30 17:18:40,606 - Epoch 097/100
2025-05-30 17:18:40,606 - Train Loss: 0.3030, Train Acc: 0.8527, Train F1: 0.8502
2025-05-30 17:18:40,606 - Val Loss: 0.5497, Val Acc: 0.8190, Val F1: 0.7971
2025-05-30 17:18:40,606 - ---
2025-05-30 17:19:33,166 - ---
2025-05-30 17:19:33,166 - Epoch 098/100
2025-05-30 17:19:33,167 - Train Loss: 0.3091, Train Acc: 0.8498, Train F1: 0.8468
2025-05-30 17:19:33,167 - Val Loss: 1.1119, Val Acc: 0.6999, Val F1: 0.6774
2025-05-30 17:19:33,167 - ---
2025-05-30 17:20:25,744 - ---
2025-05-30 17:20:25,744 - Epoch 099/100
2025-05-30 17:20:25,744 - Train Loss: 0.3133, Train Acc: 0.8527, Train F1: 0.8504
2025-05-30 17:20:25,744 - Val Loss: 0.6614, Val Acc: 0.7943, Val F1: 0.7660
2025-05-30 17:20:25,744 - ---
2025-05-30 17:21:18,847 - ---
2025-05-30 17:21:18,847 - Epoch 100/100
2025-05-30 17:21:18,847 - Train Loss: 0.3045, Train Acc: 0.8561, Train F1: 0.8569
2025-05-30 17:21:18,847 - Val Loss: 1.0696, Val Acc: 0.6888, Val F1: 0.6584
2025-05-30 17:21:18,847 - ---
