2025-05-30 13:09:24,390 - ---
2025-05-30 13:09:24,391 - Epoch 001/100
2025-05-30 13:09:24,391 - Train Loss: 1.3256, Train Acc: 0.3013, Train F1: 0.2094
2025-05-30 13:09:24,391 - Val Loss: 1.7122, Val Acc: 0.2369, Val F1: 0.1299
2025-05-30 13:09:24,479 - Best model updated and saved at /kaggle/working/noisy-graph-classification/checkpoints/model_D_best.pth
2025-05-30 13:09:24,479 - ---
2025-05-30 13:10:32,079 - ---
2025-05-30 13:10:32,079 - Epoch 002/100
2025-05-30 13:10:32,080 - Train Loss: 1.2284, Train Acc: 0.3472, Train F1: 0.2509
2025-05-30 13:10:32,080 - Val Loss: 1.5223, Val Acc: 0.3390, Val F1: 0.2471
2025-05-30 13:10:32,194 - Best model updated and saved at /kaggle/working/noisy-graph-classification/checkpoints/model_D_best.pth
2025-05-30 13:10:32,194 - ---
2025-05-30 13:11:39,804 - ---
2025-05-30 13:11:39,804 - Epoch 003/100
2025-05-30 13:11:39,804 - Train Loss: 1.1630, Train Acc: 0.3757, Train F1: 0.2923
2025-05-30 13:11:39,804 - Val Loss: 1.9068, Val Acc: 0.3643, Val F1: 0.2212
2025-05-30 13:11:39,914 - Best model updated and saved at /kaggle/working/noisy-graph-classification/checkpoints/model_D_best.pth
2025-05-30 13:11:39,914 - ---
2025-05-30 13:12:47,415 - ---
2025-05-30 13:12:47,415 - Epoch 004/100
2025-05-30 13:12:47,415 - Train Loss: 1.0656, Train Acc: 0.4472, Train F1: 0.3628
2025-05-30 13:12:47,415 - Val Loss: 1.1841, Val Acc: 0.5287, Val F1: 0.4221
2025-05-30 13:12:47,532 - Best model updated and saved at /kaggle/working/noisy-graph-classification/checkpoints/model_D_best.pth
2025-05-30 13:12:47,533 - ---
2025-05-30 13:13:55,058 - ---
2025-05-30 13:13:55,058 - Epoch 005/100
2025-05-30 13:13:55,059 - Train Loss: 0.9572, Train Acc: 0.4985, Train F1: 0.4231
2025-05-30 13:13:55,059 - Val Loss: 1.4500, Val Acc: 0.4625, Val F1: 0.3588
2025-05-30 13:13:55,059 - ---
2025-05-30 13:15:02,486 - ---
2025-05-30 13:15:02,486 - Epoch 006/100
2025-05-30 13:15:02,487 - Train Loss: 0.8707, Train Acc: 0.5417, Train F1: 0.4801
2025-05-30 13:15:02,487 - Val Loss: 1.2774, Val Acc: 0.5117, Val F1: 0.4433
2025-05-30 13:15:02,487 - ---
2025-05-30 13:16:09,970 - ---
2025-05-30 13:16:09,971 - Epoch 007/100
2025-05-30 13:16:09,971 - Train Loss: 0.8027, Train Acc: 0.5642, Train F1: 0.5231
2025-05-30 13:16:09,971 - Val Loss: 1.2213, Val Acc: 0.4961, Val F1: 0.4018
2025-05-30 13:16:09,971 - ---
2025-05-30 13:17:17,531 - ---
2025-05-30 13:17:17,531 - Epoch 008/100
2025-05-30 13:17:17,531 - Train Loss: 0.7590, Train Acc: 0.5794, Train F1: 0.5373
2025-05-30 13:17:17,531 - Val Loss: 1.3624, Val Acc: 0.4261, Val F1: 0.3939
2025-05-30 13:17:17,532 - ---
2025-05-30 13:18:24,941 - ---
2025-05-30 13:18:24,941 - Epoch 009/100
2025-05-30 13:18:24,941 - Train Loss: 0.7159, Train Acc: 0.6043, Train F1: 0.5799
2025-05-30 13:18:24,941 - Val Loss: 1.3859, Val Acc: 0.4864, Val F1: 0.4133
2025-05-30 13:18:24,941 - ---
2025-05-30 13:19:32,514 - ---
2025-05-30 13:19:32,514 - Epoch 010/100
2025-05-30 13:19:32,514 - Train Loss: 0.6832, Train Acc: 0.6159, Train F1: 0.5976
2025-05-30 13:19:32,514 - Val Loss: 1.4083, Val Acc: 0.4718, Val F1: 0.4148
2025-05-30 13:19:32,514 - ---
2025-05-30 13:20:39,828 - ---
2025-05-30 13:20:39,828 - Epoch 011/100
2025-05-30 13:20:39,828 - Train Loss: 0.6516, Train Acc: 0.6268, Train F1: 0.6095
2025-05-30 13:20:39,828 - Val Loss: 1.1182, Val Acc: 0.5657, Val F1: 0.4724
2025-05-30 13:20:39,945 - Best model updated and saved at /kaggle/working/noisy-graph-classification/checkpoints/model_D_best.pth
2025-05-30 13:20:39,946 - ---
2025-05-30 13:21:47,440 - ---
2025-05-30 13:21:47,440 - Epoch 012/100
2025-05-30 13:21:47,440 - Train Loss: 0.6423, Train Acc: 0.6324, Train F1: 0.6201
2025-05-30 13:21:47,440 - Val Loss: 0.9055, Val Acc: 0.6012, Val F1: 0.5443
2025-05-30 13:21:47,561 - Best model updated and saved at /kaggle/working/noisy-graph-classification/checkpoints/model_D_best.pth
2025-05-30 13:21:47,561 - ---
2025-05-30 13:22:55,099 - ---
2025-05-30 13:22:55,099 - Epoch 013/100
2025-05-30 13:22:55,099 - Train Loss: 0.6142, Train Acc: 0.6438, Train F1: 0.6391
2025-05-30 13:22:55,099 - Val Loss: 0.8138, Val Acc: 0.6445, Val F1: 0.5953
2025-05-30 13:22:55,220 - Best model updated and saved at /kaggle/working/noisy-graph-classification/checkpoints/model_D_best.pth
2025-05-30 13:22:55,220 - ---
2025-05-30 13:24:02,674 - ---
2025-05-30 13:24:02,674 - Epoch 014/100
2025-05-30 13:24:02,674 - Train Loss: 0.6217, Train Acc: 0.6401, Train F1: 0.6391
2025-05-30 13:24:02,674 - Val Loss: 0.7788, Val Acc: 0.6508, Val F1: 0.6175
2025-05-30 13:24:02,789 - Best model updated and saved at /kaggle/working/noisy-graph-classification/checkpoints/model_D_best.pth
2025-05-30 13:24:02,789 - ---
2025-05-30 13:25:10,128 - ---
2025-05-30 13:25:10,128 - Epoch 015/100
2025-05-30 13:25:10,128 - Train Loss: 0.5905, Train Acc: 0.6516, Train F1: 0.6632
2025-05-30 13:25:10,128 - Val Loss: 0.7012, Val Acc: 0.6804, Val F1: 0.6778
2025-05-30 13:25:10,244 - Best model updated and saved at /kaggle/working/noisy-graph-classification/checkpoints/model_D_best.pth
2025-05-30 13:25:10,244 - ---
2025-05-30 13:26:17,670 - ---
2025-05-30 13:26:17,670 - Epoch 016/100
2025-05-30 13:26:17,670 - Train Loss: 0.5766, Train Acc: 0.6604, Train F1: 0.6623
2025-05-30 13:26:17,670 - Val Loss: 1.6614, Val Acc: 0.4655, Val F1: 0.4172
2025-05-30 13:26:17,671 - ---
2025-05-30 13:27:25,275 - ---
2025-05-30 13:27:25,275 - Epoch 017/100
2025-05-30 13:27:25,275 - Train Loss: 0.5681, Train Acc: 0.6611, Train F1: 0.6784
2025-05-30 13:27:25,275 - Val Loss: 0.7631, Val Acc: 0.5997, Val F1: 0.6088
2025-05-30 13:27:25,275 - ---
2025-05-30 13:28:32,711 - ---
2025-05-30 13:28:32,711 - Epoch 018/100
2025-05-30 13:28:32,711 - Train Loss: 0.5636, Train Acc: 0.6666, Train F1: 0.6798
2025-05-30 13:28:32,711 - Val Loss: 0.8237, Val Acc: 0.6386, Val F1: 0.6145
2025-05-30 13:28:32,711 - ---
2025-05-30 13:29:40,106 - ---
2025-05-30 13:29:40,106 - Epoch 019/100
2025-05-30 13:29:40,106 - Train Loss: 0.5502, Train Acc: 0.6655, Train F1: 0.6826
2025-05-30 13:29:40,106 - Val Loss: 0.6647, Val Acc: 0.7023, Val F1: 0.6829
2025-05-30 13:29:40,228 - Best model updated and saved at /kaggle/working/noisy-graph-classification/checkpoints/model_D_best.pth
2025-05-30 13:29:40,228 - ---
2025-05-30 13:30:47,758 - ---
2025-05-30 13:30:47,758 - Epoch 020/100
2025-05-30 13:30:47,758 - Train Loss: 0.5502, Train Acc: 0.6678, Train F1: 0.6879
2025-05-30 13:30:47,758 - Val Loss: 0.6079, Val Acc: 0.6561, Val F1: 0.7202
2025-05-30 13:30:47,759 - ---
2025-05-30 13:31:55,216 - ---
2025-05-30 13:31:55,216 - Epoch 021/100
2025-05-30 13:31:55,217 - Train Loss: 0.5309, Train Acc: 0.6740, Train F1: 0.6901
2025-05-30 13:31:55,217 - Val Loss: 0.7801, Val Acc: 0.6561, Val F1: 0.6508
2025-05-30 13:31:55,217 - ---
2025-05-30 13:33:02,737 - ---
2025-05-30 13:33:02,737 - Epoch 022/100
2025-05-30 13:33:02,737 - Train Loss: 0.5122, Train Acc: 0.6836, Train F1: 0.7030
2025-05-30 13:33:02,737 - Val Loss: 0.9558, Val Acc: 0.6201, Val F1: 0.5462
2025-05-30 13:33:02,737 - ---
2025-05-30 13:34:10,082 - ---
2025-05-30 13:34:10,082 - Epoch 023/100
2025-05-30 13:34:10,083 - Train Loss: 0.5156, Train Acc: 0.6856, Train F1: 0.7107
2025-05-30 13:34:10,083 - Val Loss: 0.7351, Val Acc: 0.6775, Val F1: 0.6522
2025-05-30 13:34:10,083 - ---
2025-05-30 13:35:17,503 - ---
2025-05-30 13:35:17,504 - Epoch 024/100
2025-05-30 13:35:17,504 - Train Loss: 0.5075, Train Acc: 0.6868, Train F1: 0.7095
2025-05-30 13:35:17,504 - Val Loss: 0.7475, Val Acc: 0.6877, Val F1: 0.6908
2025-05-30 13:35:17,504 - ---
2025-05-30 13:36:25,148 - ---
2025-05-30 13:36:25,148 - Epoch 025/100
2025-05-30 13:36:25,148 - Train Loss: 0.5074, Train Acc: 0.6860, Train F1: 0.7085
2025-05-30 13:36:25,148 - Val Loss: 0.7276, Val Acc: 0.6853, Val F1: 0.6657
2025-05-30 13:36:25,148 - ---
2025-05-30 13:37:32,676 - ---
2025-05-30 13:37:32,676 - Epoch 026/100
2025-05-30 13:37:32,676 - Train Loss: 0.4969, Train Acc: 0.6922, Train F1: 0.7200
2025-05-30 13:37:32,676 - Val Loss: 0.5362, Val Acc: 0.7232, Val F1: 0.7574
2025-05-30 13:37:32,789 - Best model updated and saved at /kaggle/working/noisy-graph-classification/checkpoints/model_D_best.pth
2025-05-30 13:37:32,790 - ---
2025-05-30 13:38:40,566 - ---
2025-05-30 13:38:40,566 - Epoch 027/100
2025-05-30 13:38:40,566 - Train Loss: 0.4804, Train Acc: 0.6965, Train F1: 0.7312
2025-05-30 13:38:40,567 - Val Loss: 0.6039, Val Acc: 0.7121, Val F1: 0.7512
2025-05-30 13:38:40,567 - ---
2025-05-30 13:39:48,247 - ---
2025-05-30 13:39:48,247 - Epoch 028/100
2025-05-30 13:39:48,247 - Train Loss: 0.4746, Train Acc: 0.6972, Train F1: 0.7315
2025-05-30 13:39:48,247 - Val Loss: 0.9587, Val Acc: 0.6187, Val F1: 0.6583
2025-05-30 13:39:48,247 - ---
2025-05-30 13:40:55,830 - ---
2025-05-30 13:40:55,830 - Epoch 029/100
2025-05-30 13:40:55,830 - Train Loss: 0.4794, Train Acc: 0.6948, Train F1: 0.7256
2025-05-30 13:40:55,830 - Val Loss: 0.5219, Val Acc: 0.7364, Val F1: 0.7161
2025-05-30 13:40:55,948 - Best model updated and saved at /kaggle/working/noisy-graph-classification/checkpoints/model_D_best.pth
2025-05-30 13:40:55,948 - ---
2025-05-30 13:42:03,587 - ---
2025-05-30 13:42:03,587 - Epoch 030/100
2025-05-30 13:42:03,587 - Train Loss: 0.4738, Train Acc: 0.7022, Train F1: 0.7318
2025-05-30 13:42:03,587 - Val Loss: 2.3025, Val Acc: 0.4562, Val F1: 0.5235
2025-05-30 13:42:03,587 - ---
2025-05-30 13:43:11,088 - ---
2025-05-30 13:43:11,089 - Epoch 031/100
2025-05-30 13:43:11,089 - Train Loss: 0.4732, Train Acc: 0.7008, Train F1: 0.7342
2025-05-30 13:43:11,089 - Val Loss: 0.9155, Val Acc: 0.6338, Val F1: 0.5471
2025-05-30 13:43:11,089 - ---
2025-05-30 13:44:18,341 - ---
2025-05-30 13:44:18,341 - Epoch 032/100
2025-05-30 13:44:18,342 - Train Loss: 0.4509, Train Acc: 0.7101, Train F1: 0.7395
2025-05-30 13:44:18,342 - Val Loss: 0.5797, Val Acc: 0.6824, Val F1: 0.7372
2025-05-30 13:44:18,342 - ---
2025-05-30 13:45:25,652 - ---
2025-05-30 13:45:25,652 - Epoch 033/100
2025-05-30 13:45:25,652 - Train Loss: 0.4661, Train Acc: 0.7107, Train F1: 0.7387
2025-05-30 13:45:25,652 - Val Loss: 1.1419, Val Acc: 0.5579, Val F1: 0.6204
2025-05-30 13:45:25,652 - ---
2025-05-30 13:46:33,214 - ---
2025-05-30 13:46:33,214 - Epoch 034/100
2025-05-30 13:46:33,214 - Train Loss: 0.4562, Train Acc: 0.7123, Train F1: 0.7430
2025-05-30 13:46:33,214 - Val Loss: 0.5099, Val Acc: 0.7412, Val F1: 0.7559
2025-05-30 13:46:33,334 - Best model updated and saved at /kaggle/working/noisy-graph-classification/checkpoints/model_D_best.pth
2025-05-30 13:46:33,334 - ---
2025-05-30 13:47:40,813 - ---
2025-05-30 13:47:40,814 - Epoch 035/100
2025-05-30 13:47:40,814 - Train Loss: 0.4547, Train Acc: 0.7128, Train F1: 0.7410
2025-05-30 13:47:40,814 - Val Loss: 0.7216, Val Acc: 0.6843, Val F1: 0.6944
2025-05-30 13:47:40,814 - ---
2025-05-30 13:48:48,223 - ---
2025-05-30 13:48:48,223 - Epoch 036/100
2025-05-30 13:48:48,223 - Train Loss: 0.4574, Train Acc: 0.7095, Train F1: 0.7449
2025-05-30 13:48:48,224 - Val Loss: 0.5233, Val Acc: 0.7344, Val F1: 0.7720
2025-05-30 13:48:48,224 - ---
2025-05-30 13:49:55,709 - ---
2025-05-30 13:49:55,709 - Epoch 037/100
2025-05-30 13:49:55,709 - Train Loss: 0.4445, Train Acc: 0.7151, Train F1: 0.7514
2025-05-30 13:49:55,709 - Val Loss: 0.6439, Val Acc: 0.7096, Val F1: 0.7058
2025-05-30 13:49:55,709 - ---
2025-05-30 13:51:03,134 - ---
2025-05-30 13:51:03,134 - Epoch 038/100
2025-05-30 13:51:03,134 - Train Loss: 0.4269, Train Acc: 0.7163, Train F1: 0.7536
2025-05-30 13:51:03,134 - Val Loss: 0.5399, Val Acc: 0.7339, Val F1: 0.7525
2025-05-30 13:51:03,134 - ---
2025-05-30 13:52:10,514 - ---
2025-05-30 13:52:10,514 - Epoch 039/100
2025-05-30 13:52:10,514 - Train Loss: 0.4311, Train Acc: 0.7141, Train F1: 0.7480
2025-05-30 13:52:10,514 - Val Loss: 0.6192, Val Acc: 0.6980, Val F1: 0.7374
2025-05-30 13:52:10,514 - ---
2025-05-30 13:53:18,192 - ---
2025-05-30 13:53:18,192 - Epoch 040/100
2025-05-30 13:53:18,192 - Train Loss: 0.4215, Train Acc: 0.7128, Train F1: 0.7551
2025-05-30 13:53:18,192 - Val Loss: 0.4641, Val Acc: 0.7529, Val F1: 0.7553
2025-05-30 13:53:18,305 - Best model updated and saved at /kaggle/working/noisy-graph-classification/checkpoints/model_D_best.pth
2025-05-30 13:53:18,305 - ---
2025-05-30 13:54:25,844 - ---
2025-05-30 13:54:25,844 - Epoch 041/100
2025-05-30 13:54:25,845 - Train Loss: 0.4233, Train Acc: 0.7197, Train F1: 0.7542
2025-05-30 13:54:25,845 - Val Loss: 0.5046, Val Acc: 0.7398, Val F1: 0.7494
2025-05-30 13:54:25,845 - ---
2025-05-30 13:55:33,388 - ---
2025-05-30 13:55:33,388 - Epoch 042/100
2025-05-30 13:55:33,388 - Train Loss: 0.4153, Train Acc: 0.7201, Train F1: 0.7641
2025-05-30 13:55:33,388 - Val Loss: 0.4914, Val Acc: 0.7519, Val F1: 0.7453
2025-05-30 13:55:33,388 - ---
2025-05-30 13:56:40,813 - ---
2025-05-30 13:56:40,813 - Epoch 043/100
2025-05-30 13:56:40,813 - Train Loss: 0.4261, Train Acc: 0.7251, Train F1: 0.7651
2025-05-30 13:56:40,813 - Val Loss: 0.6910, Val Acc: 0.7218, Val F1: 0.7499
2025-05-30 13:56:40,813 - ---
2025-05-30 13:57:48,240 - ---
2025-05-30 13:57:48,240 - Epoch 044/100
2025-05-30 13:57:48,240 - Train Loss: 0.4153, Train Acc: 0.7291, Train F1: 0.7680
2025-05-30 13:57:48,240 - Val Loss: 0.5485, Val Acc: 0.7325, Val F1: 0.7336
2025-05-30 13:57:48,241 - ---
2025-05-30 13:58:56,451 - ---
2025-05-30 13:58:56,452 - Epoch 045/100
2025-05-30 13:58:56,452 - Train Loss: 0.4061, Train Acc: 0.7312, Train F1: 0.7697
2025-05-30 13:58:56,452 - Val Loss: 0.5197, Val Acc: 0.7403, Val F1: 0.7439
2025-05-30 13:58:56,452 - ---
2025-05-30 14:00:04,270 - ---
2025-05-30 14:00:04,270 - Epoch 046/100
2025-05-30 14:00:04,271 - Train Loss: 0.4082, Train Acc: 0.7309, Train F1: 0.7704
2025-05-30 14:00:04,271 - Val Loss: 0.6916, Val Acc: 0.7043, Val F1: 0.6649
2025-05-30 14:00:04,271 - ---
2025-05-30 14:01:11,835 - ---
2025-05-30 14:01:11,836 - Epoch 047/100
2025-05-30 14:01:11,836 - Train Loss: 0.4053, Train Acc: 0.7343, Train F1: 0.7728
2025-05-30 14:01:11,836 - Val Loss: 0.5049, Val Acc: 0.7359, Val F1: 0.7782
2025-05-30 14:01:11,836 - ---
2025-05-30 14:02:20,022 - ---
2025-05-30 14:02:20,023 - Epoch 048/100
2025-05-30 14:02:20,023 - Train Loss: 0.4054, Train Acc: 0.7303, Train F1: 0.7735
2025-05-30 14:02:20,023 - Val Loss: 1.0382, Val Acc: 0.6435, Val F1: 0.6145
2025-05-30 14:02:20,023 - ---
2025-05-30 14:03:29,665 - ---
2025-05-30 14:03:29,665 - Epoch 049/100
2025-05-30 14:03:29,665 - Train Loss: 0.3994, Train Acc: 0.7359, Train F1: 0.7746
2025-05-30 14:03:29,666 - Val Loss: 0.6089, Val Acc: 0.7169, Val F1: 0.7477
2025-05-30 14:03:29,666 - ---
2025-05-30 14:04:38,560 - ---
2025-05-30 14:04:38,560 - Epoch 050/100
2025-05-30 14:04:38,560 - Train Loss: 0.3938, Train Acc: 0.7380, Train F1: 0.7774
2025-05-30 14:04:38,560 - Val Loss: 0.4687, Val Acc: 0.7699, Val F1: 0.7740
2025-05-30 14:04:38,672 - Best model updated and saved at /kaggle/working/noisy-graph-classification/checkpoints/model_D_best.pth
2025-05-30 14:04:38,672 - ---
2025-05-30 14:05:47,065 - ---
2025-05-30 14:05:47,065 - Epoch 051/100
2025-05-30 14:05:47,065 - Train Loss: 0.3926, Train Acc: 0.7352, Train F1: 0.7693
2025-05-30 14:05:47,065 - Val Loss: 0.5986, Val Acc: 0.7310, Val F1: 0.7323
2025-05-30 14:05:47,066 - ---
2025-05-30 14:06:55,347 - ---
2025-05-30 14:06:55,347 - Epoch 052/100
2025-05-30 14:06:55,347 - Train Loss: 0.3886, Train Acc: 0.7453, Train F1: 0.7903
2025-05-30 14:06:55,347 - Val Loss: 0.5033, Val Acc: 0.7524, Val F1: 0.7551
2025-05-30 14:06:55,347 - ---
2025-05-30 14:08:03,857 - ---
2025-05-30 14:08:03,857 - Epoch 053/100
2025-05-30 14:08:03,858 - Train Loss: 0.3899, Train Acc: 0.7437, Train F1: 0.7853
2025-05-30 14:08:03,858 - Val Loss: 0.4848, Val Acc: 0.7592, Val F1: 0.7726
2025-05-30 14:08:03,858 - ---
2025-05-30 14:09:17,261 - ---
2025-05-30 14:09:17,261 - Epoch 054/100
2025-05-30 14:09:17,261 - Train Loss: 0.3922, Train Acc: 0.7499, Train F1: 0.7882
2025-05-30 14:09:17,262 - Val Loss: 0.7063, Val Acc: 0.6975, Val F1: 0.7122
2025-05-30 14:09:17,262 - ---
2025-05-30 14:10:28,329 - ---
2025-05-30 14:10:28,329 - Epoch 055/100
2025-05-30 14:10:28,329 - Train Loss: 0.3875, Train Acc: 0.7449, Train F1: 0.7847
2025-05-30 14:10:28,329 - Val Loss: 0.5077, Val Acc: 0.7490, Val F1: 0.7760
2025-05-30 14:10:28,329 - ---
2025-05-30 14:11:37,995 - ---
2025-05-30 14:11:37,995 - Epoch 056/100
2025-05-30 14:11:37,995 - Train Loss: 0.3786, Train Acc: 0.7400, Train F1: 0.7797
2025-05-30 14:11:37,995 - Val Loss: 0.4685, Val Acc: 0.7646, Val F1: 0.7884
2025-05-30 14:11:37,995 - ---
2025-05-30 14:12:50,974 - ---
2025-05-30 14:12:50,974 - Epoch 057/100
2025-05-30 14:12:50,974 - Train Loss: 0.3775, Train Acc: 0.7472, Train F1: 0.7908
2025-05-30 14:12:50,974 - Val Loss: 0.6318, Val Acc: 0.7408, Val F1: 0.7497
2025-05-30 14:12:50,974 - ---
2025-05-30 14:14:04,000 - ---
2025-05-30 14:14:04,000 - Epoch 058/100
2025-05-30 14:14:04,000 - Train Loss: 0.3702, Train Acc: 0.7512, Train F1: 0.7897
2025-05-30 14:14:04,000 - Val Loss: 0.7374, Val Acc: 0.6931, Val F1: 0.6791
2025-05-30 14:14:04,000 - ---
2025-05-30 14:15:16,905 - ---
2025-05-30 14:15:16,905 - Epoch 059/100
2025-05-30 14:15:16,906 - Train Loss: 0.3692, Train Acc: 0.7505, Train F1: 0.7905
2025-05-30 14:15:16,906 - Val Loss: 0.5718, Val Acc: 0.7427, Val F1: 0.7680
2025-05-30 14:15:16,906 - ---
2025-05-30 14:16:29,452 - ---
2025-05-30 14:16:29,452 - Epoch 060/100
2025-05-30 14:16:29,452 - Train Loss: 0.3662, Train Acc: 0.7584, Train F1: 0.7989
2025-05-30 14:16:29,452 - Val Loss: 0.4888, Val Acc: 0.7554, Val F1: 0.7537
2025-05-30 14:16:29,452 - ---
2025-05-30 14:17:42,453 - ---
2025-05-30 14:17:42,454 - Epoch 061/100
2025-05-30 14:17:42,454 - Train Loss: 0.3729, Train Acc: 0.7499, Train F1: 0.7892
2025-05-30 14:17:42,454 - Val Loss: 0.5890, Val Acc: 0.7218, Val F1: 0.7617
2025-05-30 14:17:42,454 - ---
2025-05-30 14:18:55,802 - ---
2025-05-30 14:18:55,803 - Epoch 062/100
2025-05-30 14:18:55,803 - Train Loss: 0.3629, Train Acc: 0.7554, Train F1: 0.7935
2025-05-30 14:18:55,803 - Val Loss: 0.6961, Val Acc: 0.7194, Val F1: 0.7208
2025-05-30 14:18:55,803 - ---
2025-05-30 14:20:08,984 - ---
2025-05-30 14:20:08,985 - Epoch 063/100
2025-05-30 14:20:08,985 - Train Loss: 0.3705, Train Acc: 0.7493, Train F1: 0.7907
2025-05-30 14:20:08,985 - Val Loss: 0.5029, Val Acc: 0.7554, Val F1: 0.7740
2025-05-30 14:20:08,985 - ---
2025-05-30 14:21:21,667 - ---
2025-05-30 14:21:21,667 - Epoch 064/100
2025-05-30 14:21:21,667 - Train Loss: 0.3613, Train Acc: 0.7567, Train F1: 0.8002
2025-05-30 14:21:21,667 - Val Loss: 0.6898, Val Acc: 0.6984, Val F1: 0.7276
2025-05-30 14:21:21,667 - ---
2025-05-30 14:22:34,586 - ---
2025-05-30 14:22:34,587 - Epoch 065/100
2025-05-30 14:22:34,587 - Train Loss: 0.3595, Train Acc: 0.7600, Train F1: 0.7972
2025-05-30 14:22:34,587 - Val Loss: 0.4912, Val Acc: 0.7437, Val F1: 0.8006
2025-05-30 14:22:34,587 - ---
2025-05-30 14:23:47,174 - ---
2025-05-30 14:23:47,174 - Epoch 066/100
2025-05-30 14:23:47,174 - Train Loss: 0.3522, Train Acc: 0.7591, Train F1: 0.8059
2025-05-30 14:23:47,174 - Val Loss: 0.5629, Val Acc: 0.7495, Val F1: 0.7688
2025-05-30 14:23:47,174 - ---
2025-05-30 14:24:59,876 - ---
2025-05-30 14:24:59,876 - Epoch 067/100
2025-05-30 14:24:59,876 - Train Loss: 0.3595, Train Acc: 0.7571, Train F1: 0.8007
2025-05-30 14:24:59,876 - Val Loss: 0.4638, Val Acc: 0.7456, Val F1: 0.7988
2025-05-30 14:24:59,876 - ---
2025-05-30 14:26:12,644 - ---
2025-05-30 14:26:12,644 - Epoch 068/100
2025-05-30 14:26:12,644 - Train Loss: 0.3519, Train Acc: 0.7574, Train F1: 0.8015
2025-05-30 14:26:12,644 - Val Loss: 0.5076, Val Acc: 0.7607, Val F1: 0.7686
2025-05-30 14:26:12,644 - ---
2025-05-30 14:27:25,293 - ---
2025-05-30 14:27:25,293 - Epoch 069/100
2025-05-30 14:27:25,294 - Train Loss: 0.3624, Train Acc: 0.7589, Train F1: 0.7982
2025-05-30 14:27:25,294 - Val Loss: 0.5933, Val Acc: 0.7247, Val F1: 0.7144
2025-05-30 14:27:25,294 - ---
2025-05-30 14:28:38,018 - ---
2025-05-30 14:28:38,018 - Epoch 070/100
2025-05-30 14:28:38,019 - Train Loss: 0.3564, Train Acc: 0.7646, Train F1: 0.8044
2025-05-30 14:28:38,019 - Val Loss: 0.5122, Val Acc: 0.7388, Val F1: 0.7594
2025-05-30 14:28:38,019 - ---
2025-05-30 14:29:50,595 - ---
2025-05-30 14:29:50,595 - Epoch 071/100
2025-05-30 14:29:50,596 - Train Loss: 0.3428, Train Acc: 0.7594, Train F1: 0.8036
2025-05-30 14:29:50,596 - Val Loss: 0.4663, Val Acc: 0.7510, Val F1: 0.7908
2025-05-30 14:29:50,596 - ---
2025-05-30 14:31:03,245 - ---
2025-05-30 14:31:03,245 - Epoch 072/100
2025-05-30 14:31:03,245 - Train Loss: 0.3517, Train Acc: 0.7622, Train F1: 0.8050
2025-05-30 14:31:03,245 - Val Loss: 0.5621, Val Acc: 0.7276, Val F1: 0.7744
2025-05-30 14:31:03,245 - ---
2025-05-30 14:32:15,689 - ---
2025-05-30 14:32:15,689 - Epoch 073/100
2025-05-30 14:32:15,689 - Train Loss: 0.3543, Train Acc: 0.7579, Train F1: 0.8029
2025-05-30 14:32:15,689 - Val Loss: 0.6637, Val Acc: 0.7018, Val F1: 0.7531
2025-05-30 14:32:15,689 - ---
2025-05-30 14:33:28,304 - ---
2025-05-30 14:33:28,304 - Epoch 074/100
2025-05-30 14:33:28,304 - Train Loss: 0.3446, Train Acc: 0.7684, Train F1: 0.8105
2025-05-30 14:33:28,304 - Val Loss: 0.5064, Val Acc: 0.7398, Val F1: 0.7867
2025-05-30 14:33:28,304 - ---
2025-05-30 14:34:41,129 - ---
2025-05-30 14:34:41,129 - Epoch 075/100
2025-05-30 14:34:41,129 - Train Loss: 0.3431, Train Acc: 0.7603, Train F1: 0.8080
2025-05-30 14:34:41,129 - Val Loss: 0.5080, Val Acc: 0.7524, Val F1: 0.7434
2025-05-30 14:34:41,129 - ---
2025-05-30 14:35:53,963 - ---
2025-05-30 14:35:53,964 - Epoch 076/100
2025-05-30 14:35:53,964 - Train Loss: 0.3401, Train Acc: 0.7707, Train F1: 0.8111
2025-05-30 14:35:53,964 - Val Loss: 0.4708, Val Acc: 0.7364, Val F1: 0.7946
2025-05-30 14:35:53,964 - ---
2025-05-30 14:37:06,906 - ---
2025-05-30 14:37:06,906 - Epoch 077/100
2025-05-30 14:37:06,906 - Train Loss: 0.3371, Train Acc: 0.7705, Train F1: 0.8175
2025-05-30 14:37:06,907 - Val Loss: 0.5671, Val Acc: 0.7349, Val F1: 0.7424
2025-05-30 14:37:06,907 - ---
2025-05-30 14:38:19,666 - ---
2025-05-30 14:38:19,666 - Epoch 078/100
2025-05-30 14:38:19,666 - Train Loss: 0.3430, Train Acc: 0.7673, Train F1: 0.8119
2025-05-30 14:38:19,666 - Val Loss: 0.4758, Val Acc: 0.7680, Val F1: 0.7958
2025-05-30 14:38:19,666 - ---
2025-05-30 14:39:32,548 - ---
2025-05-30 14:39:32,549 - Epoch 079/100
2025-05-30 14:39:32,549 - Train Loss: 0.3429, Train Acc: 0.7693, Train F1: 0.8143
2025-05-30 14:39:32,549 - Val Loss: 0.4874, Val Acc: 0.7515, Val F1: 0.7719
2025-05-30 14:39:32,549 - ---
2025-05-30 14:40:45,129 - ---
2025-05-30 14:40:45,129 - Epoch 080/100
2025-05-30 14:40:45,129 - Train Loss: 0.3319, Train Acc: 0.7682, Train F1: 0.8183
2025-05-30 14:40:45,130 - Val Loss: 0.5307, Val Acc: 0.7476, Val F1: 0.7693
2025-05-30 14:40:45,130 - ---
2025-05-30 14:41:57,683 - ---
2025-05-30 14:41:57,684 - Epoch 081/100
2025-05-30 14:41:57,684 - Train Loss: 0.3346, Train Acc: 0.7695, Train F1: 0.8167
2025-05-30 14:41:57,684 - Val Loss: 0.4802, Val Acc: 0.7617, Val F1: 0.7912
2025-05-30 14:41:57,684 - ---
2025-05-30 14:43:10,829 - ---
2025-05-30 14:43:10,830 - Epoch 082/100
2025-05-30 14:43:10,830 - Train Loss: 0.3327, Train Acc: 0.7743, Train F1: 0.8184
2025-05-30 14:43:10,830 - Val Loss: 0.4470, Val Acc: 0.7675, Val F1: 0.8075
2025-05-30 14:43:10,830 - ---
2025-05-30 14:44:23,808 - ---
2025-05-30 14:44:23,808 - Epoch 083/100
2025-05-30 14:44:23,809 - Train Loss: 0.3337, Train Acc: 0.7733, Train F1: 0.8187
2025-05-30 14:44:23,809 - Val Loss: 0.7311, Val Acc: 0.6858, Val F1: 0.7352
2025-05-30 14:44:23,809 - ---
2025-05-30 14:45:36,692 - ---
2025-05-30 14:45:36,693 - Epoch 084/100
2025-05-30 14:45:36,693 - Train Loss: 0.3401, Train Acc: 0.7708, Train F1: 0.8171
2025-05-30 14:45:36,693 - Val Loss: 0.4710, Val Acc: 0.7680, Val F1: 0.7675
2025-05-30 14:45:36,693 - ---
2025-05-30 14:46:49,283 - ---
2025-05-30 14:46:49,283 - Epoch 085/100
2025-05-30 14:46:49,283 - Train Loss: 0.3327, Train Acc: 0.7715, Train F1: 0.8211
2025-05-30 14:46:49,283 - Val Loss: 0.5153, Val Acc: 0.7481, Val F1: 0.7973
2025-05-30 14:46:49,284 - ---
2025-05-30 14:48:01,803 - ---
2025-05-30 14:48:01,803 - Epoch 086/100
2025-05-30 14:48:01,804 - Train Loss: 0.3274, Train Acc: 0.7741, Train F1: 0.8228
2025-05-30 14:48:01,804 - Val Loss: 0.4858, Val Acc: 0.7456, Val F1: 0.7906
2025-05-30 14:48:01,804 - ---
2025-05-30 14:49:14,277 - ---
2025-05-30 14:49:14,277 - Epoch 087/100
2025-05-30 14:49:14,277 - Train Loss: 0.3290, Train Acc: 0.7718, Train F1: 0.8222
2025-05-30 14:49:14,277 - Val Loss: 0.5378, Val Acc: 0.7378, Val F1: 0.7828
2025-05-30 14:49:14,277 - ---
2025-05-30 14:50:26,931 - ---
2025-05-30 14:50:26,931 - Epoch 088/100
2025-05-30 14:50:26,932 - Train Loss: 0.3243, Train Acc: 0.7744, Train F1: 0.8240
2025-05-30 14:50:26,932 - Val Loss: 0.5645, Val Acc: 0.7247, Val F1: 0.7746
2025-05-30 14:50:26,932 - ---
2025-05-30 14:51:39,548 - ---
2025-05-30 14:51:39,548 - Epoch 089/100
2025-05-30 14:51:39,548 - Train Loss: 0.3312, Train Acc: 0.7727, Train F1: 0.8193
2025-05-30 14:51:39,548 - Val Loss: 0.4612, Val Acc: 0.7369, Val F1: 0.7987
2025-05-30 14:51:39,548 - ---
2025-05-30 14:52:51,967 - ---
2025-05-30 14:52:51,967 - Epoch 090/100
2025-05-30 14:52:51,967 - Train Loss: 0.3238, Train Acc: 0.7769, Train F1: 0.8253
2025-05-30 14:52:51,967 - Val Loss: 0.4190, Val Acc: 0.7685, Val F1: 0.8075
2025-05-30 14:52:51,967 - ---
2025-05-30 14:54:04,790 - ---
2025-05-30 14:54:04,791 - Epoch 091/100
2025-05-30 14:54:04,791 - Train Loss: 0.3256, Train Acc: 0.7774, Train F1: 0.8245
2025-05-30 14:54:04,791 - Val Loss: 0.4734, Val Acc: 0.7617, Val F1: 0.7881
2025-05-30 14:54:04,791 - ---
2025-05-30 14:55:17,464 - ---
2025-05-30 14:55:17,464 - Epoch 092/100
2025-05-30 14:55:17,464 - Train Loss: 0.3180, Train Acc: 0.7771, Train F1: 0.8272
2025-05-30 14:55:17,464 - Val Loss: 0.4756, Val Acc: 0.7607, Val F1: 0.8050
2025-05-30 14:55:17,464 - ---
2025-05-30 14:56:30,205 - ---
2025-05-30 14:56:30,205 - Epoch 093/100
2025-05-30 14:56:30,205 - Train Loss: 0.3282, Train Acc: 0.7787, Train F1: 0.8260
2025-05-30 14:56:30,206 - Val Loss: 0.5564, Val Acc: 0.7422, Val F1: 0.7704
2025-05-30 14:56:30,206 - ---
2025-05-30 14:57:42,561 - ---
2025-05-30 14:57:42,561 - Epoch 094/100
2025-05-30 14:57:42,562 - Train Loss: 0.3262, Train Acc: 0.7761, Train F1: 0.8284
2025-05-30 14:57:42,562 - Val Loss: 0.4552, Val Acc: 0.7738, Val F1: 0.8026
2025-05-30 14:57:42,696 - Best model updated and saved at /kaggle/working/noisy-graph-classification/checkpoints/model_D_best.pth
2025-05-30 14:57:42,697 - ---
2025-05-30 14:58:55,229 - ---
2025-05-30 14:58:55,229 - Epoch 095/100
2025-05-30 14:58:55,229 - Train Loss: 0.3200, Train Acc: 0.7839, Train F1: 0.8342
2025-05-30 14:58:55,229 - Val Loss: 0.4499, Val Acc: 0.7257, Val F1: 0.7925
2025-05-30 14:58:55,229 - ---
2025-05-30 15:00:07,734 - ---
2025-05-30 15:00:07,734 - Epoch 096/100
2025-05-30 15:00:07,734 - Train Loss: 0.3216, Train Acc: 0.7758, Train F1: 0.8281
2025-05-30 15:00:07,734 - Val Loss: 0.5619, Val Acc: 0.7383, Val F1: 0.7782
2025-05-30 15:00:07,735 - ---
2025-05-30 15:01:20,035 - ---
2025-05-30 15:01:20,035 - Epoch 097/100
2025-05-30 15:01:20,035 - Train Loss: 0.3146, Train Acc: 0.7774, Train F1: 0.8297
2025-05-30 15:01:20,035 - Val Loss: 0.6367, Val Acc: 0.7432, Val F1: 0.7684
2025-05-30 15:01:20,035 - ---
2025-05-30 15:02:32,592 - ---
2025-05-30 15:02:32,592 - Epoch 098/100
2025-05-30 15:02:32,593 - Train Loss: 0.3149, Train Acc: 0.7864, Train F1: 0.8364
2025-05-30 15:02:32,593 - Val Loss: 0.5018, Val Acc: 0.7544, Val F1: 0.8094
2025-05-30 15:02:32,593 - ---
2025-05-30 15:03:45,476 - ---
2025-05-30 15:03:45,476 - Epoch 099/100
2025-05-30 15:03:45,477 - Train Loss: 0.3273, Train Acc: 0.7768, Train F1: 0.8268
2025-05-30 15:03:45,477 - Val Loss: 0.4526, Val Acc: 0.7631, Val F1: 0.7966
2025-05-30 15:03:45,477 - ---
2025-05-30 15:04:58,213 - ---
2025-05-30 15:04:58,213 - Epoch 100/100
2025-05-30 15:04:58,213 - Train Loss: 0.3079, Train Acc: 0.7856, Train F1: 0.8359
2025-05-30 15:04:58,213 - Val Loss: 0.4820, Val Acc: 0.7578, Val F1: 0.8123
2025-05-30 15:04:58,213 - ---
