2025-05-27 22:01:45,050 - ---
2025-05-27 22:01:45,051 - Epoch 001/100
2025-05-27 22:01:45,051 - Train Loss: 1.3830, Train Acc: 0.3021, Train F1: 0.1560
2025-05-27 22:01:45,051 - Val Loss: 1.7878, Val Acc: 0.3156, Val F1: 0.1511
2025-05-27 22:01:45,095 - Best model updated and saved at /kaggle/working/noisy-graph-classification/checkpoints/model_A_best.pth
2025-05-27 22:01:45,095 - ---
2025-05-27 22:02:57,336 - ---
2025-05-27 22:02:57,337 - Epoch 002/100
2025-05-27 22:02:57,337 - Train Loss: 1.2976, Train Acc: 0.3556, Train F1: 0.1799
2025-05-27 22:02:57,337 - Val Loss: 1.7020, Val Acc: 0.3147, Val F1: 0.1497
2025-05-27 22:02:57,337 - ---
2025-05-27 22:04:09,680 - ---
2025-05-27 22:04:09,680 - Epoch 003/100
2025-05-27 22:04:09,680 - Train Loss: 1.2710, Train Acc: 0.3772, Train F1: 0.2120
2025-05-27 22:04:09,680 - Val Loss: 1.5980, Val Acc: 0.3613, Val F1: 0.1847
2025-05-27 22:04:09,757 - Best model updated and saved at /kaggle/working/noisy-graph-classification/checkpoints/model_A_best.pth
2025-05-27 22:04:09,757 - ---
2025-05-27 22:05:21,971 - ---
2025-05-27 22:05:21,971 - Epoch 004/100
2025-05-27 22:05:21,971 - Train Loss: 1.2613, Train Acc: 0.3763, Train F1: 0.2226
2025-05-27 22:05:21,972 - Val Loss: 1.7352, Val Acc: 0.2668, Val F1: 0.1448
2025-05-27 22:05:21,972 - ---
2025-05-27 22:06:33,782 - ---
2025-05-27 22:06:33,783 - Epoch 005/100
2025-05-27 22:06:33,783 - Train Loss: 1.2417, Train Acc: 0.3896, Train F1: 0.2358
2025-05-27 22:06:33,783 - Val Loss: 1.6359, Val Acc: 0.3426, Val F1: 0.2207
2025-05-27 22:06:33,783 - ---
2025-05-27 22:07:45,625 - ---
2025-05-27 22:07:45,625 - Epoch 006/100
2025-05-27 22:07:45,625 - Train Loss: 1.2186, Train Acc: 0.4077, Train F1: 0.2601
2025-05-27 22:07:45,625 - Val Loss: 1.6620, Val Acc: 0.3409, Val F1: 0.2297
2025-05-27 22:07:45,625 - ---
2025-05-27 22:08:57,457 - ---
2025-05-27 22:08:57,457 - Epoch 007/100
2025-05-27 22:08:57,457 - Train Loss: 1.2031, Train Acc: 0.4149, Train F1: 0.2717
2025-05-27 22:08:57,457 - Val Loss: 1.6080, Val Acc: 0.3422, Val F1: 0.2327
2025-05-27 22:08:57,457 - ---
2025-05-27 22:10:09,225 - ---
2025-05-27 22:10:09,225 - Epoch 008/100
2025-05-27 22:10:09,225 - Train Loss: 1.1859, Train Acc: 0.4280, Train F1: 0.2930
2025-05-27 22:10:09,225 - Val Loss: 1.4648, Val Acc: 0.4486, Val F1: 0.3366
2025-05-27 22:10:09,293 - Best model updated and saved at /kaggle/working/noisy-graph-classification/checkpoints/model_A_best.pth
2025-05-27 22:10:09,294 - ---
2025-05-27 22:11:21,052 - ---
2025-05-27 22:11:21,052 - Epoch 009/100
2025-05-27 22:11:21,053 - Train Loss: 1.1690, Train Acc: 0.4465, Train F1: 0.3236
2025-05-27 22:11:21,053 - Val Loss: 1.8406, Val Acc: 0.2824, Val F1: 0.1947
2025-05-27 22:11:21,053 - ---
2025-05-27 22:12:32,859 - ---
2025-05-27 22:12:32,859 - Epoch 010/100
2025-05-27 22:12:32,859 - Train Loss: 1.1701, Train Acc: 0.4451, Train F1: 0.3198
2025-05-27 22:12:32,859 - Val Loss: 1.5843, Val Acc: 0.3887, Val F1: 0.3359
2025-05-27 22:12:32,859 - ---
2025-05-27 22:13:44,775 - ---
2025-05-27 22:13:44,775 - Epoch 011/100
2025-05-27 22:13:44,775 - Train Loss: 1.1551, Train Acc: 0.4578, Train F1: 0.3437
2025-05-27 22:13:44,775 - Val Loss: 1.3950, Val Acc: 0.4792, Val F1: 0.3557
2025-05-27 22:13:44,846 - Best model updated and saved at /kaggle/working/noisy-graph-classification/checkpoints/model_A_best.pth
2025-05-27 22:13:44,846 - ---
2025-05-27 22:14:56,694 - ---
2025-05-27 22:14:56,695 - Epoch 012/100
2025-05-27 22:14:56,695 - Train Loss: 1.1402, Train Acc: 0.4709, Train F1: 0.3624
2025-05-27 22:14:56,695 - Val Loss: 1.4747, Val Acc: 0.4419, Val F1: 0.3170
2025-05-27 22:14:56,695 - ---
2025-05-27 22:16:08,630 - ---
2025-05-27 22:16:08,631 - Epoch 013/100
2025-05-27 22:16:08,631 - Train Loss: 1.1264, Train Acc: 0.4770, Train F1: 0.3707
2025-05-27 22:16:08,631 - Val Loss: 1.6607, Val Acc: 0.3271, Val F1: 0.2920
2025-05-27 22:16:08,631 - ---
2025-05-27 22:17:20,380 - ---
2025-05-27 22:17:20,381 - Epoch 014/100
2025-05-27 22:17:20,381 - Train Loss: 1.1115, Train Acc: 0.4899, Train F1: 0.3848
2025-05-27 22:17:20,381 - Val Loss: 1.3994, Val Acc: 0.4880, Val F1: 0.4147
2025-05-27 22:17:20,450 - Best model updated and saved at /kaggle/working/noisy-graph-classification/checkpoints/model_A_best.pth
2025-05-27 22:17:20,450 - ---
2025-05-27 22:18:32,576 - ---
2025-05-27 22:18:32,576 - Epoch 015/100
2025-05-27 22:18:32,576 - Train Loss: 1.0971, Train Acc: 0.5071, Train F1: 0.4106
2025-05-27 22:18:32,576 - Val Loss: 1.4717, Val Acc: 0.4574, Val F1: 0.3455
2025-05-27 22:18:32,576 - ---
2025-05-27 22:19:44,846 - ---
2025-05-27 22:19:44,847 - Epoch 016/100
2025-05-27 22:19:44,847 - Train Loss: 1.0722, Train Acc: 0.5223, Train F1: 0.4264
2025-05-27 22:19:44,847 - Val Loss: 1.2935, Val Acc: 0.5536, Val F1: 0.4520
2025-05-27 22:19:44,915 - Best model updated and saved at /kaggle/working/noisy-graph-classification/checkpoints/model_A_best.pth
2025-05-27 22:19:44,915 - ---
2025-05-27 22:20:57,037 - ---
2025-05-27 22:20:57,037 - Epoch 017/100
2025-05-27 22:20:57,037 - Train Loss: 1.0602, Train Acc: 0.5309, Train F1: 0.4465
2025-05-27 22:20:57,037 - Val Loss: 1.3660, Val Acc: 0.5080, Val F1: 0.4421
2025-05-27 22:20:57,037 - ---
2025-05-27 22:22:09,028 - ---
2025-05-27 22:22:09,028 - Epoch 018/100
2025-05-27 22:22:09,028 - Train Loss: 1.0389, Train Acc: 0.5481, Train F1: 0.4693
2025-05-27 22:22:09,028 - Val Loss: 1.4082, Val Acc: 0.4854, Val F1: 0.4278
2025-05-27 22:22:09,028 - ---
2025-05-27 22:23:21,013 - ---
2025-05-27 22:23:21,014 - Epoch 019/100
2025-05-27 22:23:21,014 - Train Loss: 1.0269, Train Acc: 0.5560, Train F1: 0.4817
2025-05-27 22:23:21,014 - Val Loss: 1.4487, Val Acc: 0.4455, Val F1: 0.3781
2025-05-27 22:23:21,014 - ---
2025-05-27 22:24:33,017 - ---
2025-05-27 22:24:33,017 - Epoch 020/100
2025-05-27 22:24:33,017 - Train Loss: 1.0136, Train Acc: 0.5650, Train F1: 0.4895
2025-05-27 22:24:33,017 - Val Loss: 1.4886, Val Acc: 0.4597, Val F1: 0.3574
2025-05-27 22:24:33,017 - ---
2025-05-27 22:25:45,108 - ---
2025-05-27 22:25:45,108 - Epoch 021/100
2025-05-27 22:25:45,108 - Train Loss: 0.9972, Train Acc: 0.5732, Train F1: 0.5055
2025-05-27 22:25:45,108 - Val Loss: 1.4080, Val Acc: 0.4982, Val F1: 0.4316
2025-05-27 22:25:45,108 - ---
2025-05-27 22:26:57,035 - ---
2025-05-27 22:26:57,036 - Epoch 022/100
2025-05-27 22:26:57,036 - Train Loss: 0.9924, Train Acc: 0.5807, Train F1: 0.5122
2025-05-27 22:26:57,036 - Val Loss: 1.2522, Val Acc: 0.5669, Val F1: 0.4891
2025-05-27 22:26:57,105 - Best model updated and saved at /kaggle/working/noisy-graph-classification/checkpoints/model_A_best.pth
2025-05-27 22:26:57,105 - ---
2025-05-27 22:28:09,149 - ---
2025-05-27 22:28:09,150 - Epoch 023/100
2025-05-27 22:28:09,150 - Train Loss: 0.9820, Train Acc: 0.5869, Train F1: 0.5254
2025-05-27 22:28:09,150 - Val Loss: 1.4510, Val Acc: 0.4911, Val F1: 0.4148
2025-05-27 22:28:09,150 - ---
2025-05-27 22:29:21,204 - ---
2025-05-27 22:29:21,205 - Epoch 024/100
2025-05-27 22:29:21,205 - Train Loss: 0.9714, Train Acc: 0.5939, Train F1: 0.5300
2025-05-27 22:29:21,205 - Val Loss: 1.2103, Val Acc: 0.5904, Val F1: 0.5258
2025-05-27 22:29:21,272 - Best model updated and saved at /kaggle/working/noisy-graph-classification/checkpoints/model_A_best.pth
2025-05-27 22:29:21,272 - ---
2025-05-27 22:30:33,309 - ---
2025-05-27 22:30:33,310 - Epoch 025/100
2025-05-27 22:30:33,310 - Train Loss: 0.9613, Train Acc: 0.5993, Train F1: 0.5374
2025-05-27 22:30:33,310 - Val Loss: 1.2344, Val Acc: 0.5922, Val F1: 0.5189
2025-05-27 22:30:33,380 - Best model updated and saved at /kaggle/working/noisy-graph-classification/checkpoints/model_A_best.pth
2025-05-27 22:30:33,380 - ---
2025-05-27 22:31:45,330 - ---
2025-05-27 22:31:45,330 - Epoch 026/100
2025-05-27 22:31:45,330 - Train Loss: 0.9502, Train Acc: 0.6090, Train F1: 0.5494
2025-05-27 22:31:45,330 - Val Loss: 1.1995, Val Acc: 0.5957, Val F1: 0.5153
2025-05-27 22:31:45,403 - Best model updated and saved at /kaggle/working/noisy-graph-classification/checkpoints/model_A_best.pth
2025-05-27 22:31:45,403 - ---
2025-05-27 22:32:57,348 - ---
2025-05-27 22:32:57,348 - Epoch 027/100
2025-05-27 22:32:57,348 - Train Loss: 0.9396, Train Acc: 0.6135, Train F1: 0.5524
2025-05-27 22:32:57,348 - Val Loss: 1.2411, Val Acc: 0.5918, Val F1: 0.5280
2025-05-27 22:32:57,348 - ---
2025-05-27 22:34:09,382 - ---
2025-05-27 22:34:09,382 - Epoch 028/100
2025-05-27 22:34:09,383 - Train Loss: 0.9393, Train Acc: 0.6174, Train F1: 0.5564
2025-05-27 22:34:09,383 - Val Loss: 1.3426, Val Acc: 0.5501, Val F1: 0.4995
2025-05-27 22:34:09,383 - ---
2025-05-27 22:35:21,595 - ---
2025-05-27 22:35:21,595 - Epoch 029/100
2025-05-27 22:35:21,595 - Train Loss: 0.9261, Train Acc: 0.6246, Train F1: 0.5673
2025-05-27 22:35:21,596 - Val Loss: 1.3825, Val Acc: 0.5310, Val F1: 0.4607
2025-05-27 22:35:21,596 - ---
2025-05-27 22:36:33,540 - ---
2025-05-27 22:36:33,540 - Epoch 030/100
2025-05-27 22:36:33,540 - Train Loss: 0.9140, Train Acc: 0.6342, Train F1: 0.5775
2025-05-27 22:36:33,540 - Val Loss: 1.4997, Val Acc: 0.4588, Val F1: 0.4348
2025-05-27 22:36:33,540 - ---
2025-05-27 22:37:45,488 - ---
2025-05-27 22:37:45,488 - Epoch 031/100
2025-05-27 22:37:45,488 - Train Loss: 0.9035, Train Acc: 0.6461, Train F1: 0.5894
2025-05-27 22:37:45,488 - Val Loss: 1.1470, Val Acc: 0.6339, Val F1: 0.5739
2025-05-27 22:37:45,563 - Best model updated and saved at /kaggle/working/noisy-graph-classification/checkpoints/model_A_best.pth
2025-05-27 22:37:45,564 - ---
2025-05-27 22:38:57,738 - ---
2025-05-27 22:38:57,738 - Epoch 032/100
2025-05-27 22:38:57,738 - Train Loss: 0.9037, Train Acc: 0.6394, Train F1: 0.5859
2025-05-27 22:38:57,739 - Val Loss: 1.1434, Val Acc: 0.6303, Val F1: 0.5651
2025-05-27 22:38:57,739 - ---
2025-05-27 22:40:09,994 - ---
2025-05-27 22:40:09,994 - Epoch 033/100
2025-05-27 22:40:09,994 - Train Loss: 0.8846, Train Acc: 0.6500, Train F1: 0.5938
2025-05-27 22:40:09,994 - Val Loss: 1.1768, Val Acc: 0.6121, Val F1: 0.5410
2025-05-27 22:40:09,994 - ---
2025-05-27 22:41:21,873 - ---
2025-05-27 22:41:21,873 - Epoch 034/100
2025-05-27 22:41:21,873 - Train Loss: 0.8862, Train Acc: 0.6564, Train F1: 0.6010
2025-05-27 22:41:21,873 - Val Loss: 1.1251, Val Acc: 0.6370, Val F1: 0.5716
2025-05-27 22:41:21,949 - Best model updated and saved at /kaggle/working/noisy-graph-classification/checkpoints/model_A_best.pth
2025-05-27 22:41:21,949 - ---
2025-05-27 22:42:34,424 - ---
2025-05-27 22:42:34,424 - Epoch 035/100
2025-05-27 22:42:34,425 - Train Loss: 0.8766, Train Acc: 0.6586, Train F1: 0.6003
2025-05-27 22:42:34,425 - Val Loss: 1.1136, Val Acc: 0.6520, Val F1: 0.5830
2025-05-27 22:42:34,491 - Best model updated and saved at /kaggle/working/noisy-graph-classification/checkpoints/model_A_best.pth
2025-05-27 22:42:34,492 - ---
2025-05-27 22:43:46,901 - ---
2025-05-27 22:43:46,901 - Epoch 036/100
2025-05-27 22:43:46,902 - Train Loss: 0.8651, Train Acc: 0.6640, Train F1: 0.6111
2025-05-27 22:43:46,902 - Val Loss: 1.2718, Val Acc: 0.5758, Val F1: 0.5271
2025-05-27 22:43:46,902 - ---
2025-05-27 22:44:59,107 - ---
2025-05-27 22:44:59,107 - Epoch 037/100
2025-05-27 22:44:59,107 - Train Loss: 0.8652, Train Acc: 0.6659, Train F1: 0.6090
2025-05-27 22:44:59,107 - Val Loss: 1.1255, Val Acc: 0.6547, Val F1: 0.6010
2025-05-27 22:44:59,176 - Best model updated and saved at /kaggle/working/noisy-graph-classification/checkpoints/model_A_best.pth
2025-05-27 22:44:59,177 - ---
2025-05-27 22:46:11,035 - ---
2025-05-27 22:46:11,035 - Epoch 038/100
2025-05-27 22:46:11,035 - Train Loss: 0.8580, Train Acc: 0.6705, Train F1: 0.6142
2025-05-27 22:46:11,035 - Val Loss: 1.1105, Val Acc: 0.6605, Val F1: 0.5924
2025-05-27 22:46:11,100 - Best model updated and saved at /kaggle/working/noisy-graph-classification/checkpoints/model_A_best.pth
2025-05-27 22:46:11,101 - ---
2025-05-27 22:47:22,992 - ---
2025-05-27 22:47:22,993 - Epoch 039/100
2025-05-27 22:47:22,993 - Train Loss: 0.8578, Train Acc: 0.6755, Train F1: 0.6215
2025-05-27 22:47:22,993 - Val Loss: 1.1154, Val Acc: 0.6582, Val F1: 0.5962
2025-05-27 22:47:22,993 - ---
2025-05-27 22:48:34,857 - ---
2025-05-27 22:48:34,857 - Epoch 040/100
2025-05-27 22:48:34,857 - Train Loss: 0.8497, Train Acc: 0.6760, Train F1: 0.6199
2025-05-27 22:48:34,857 - Val Loss: 1.0716, Val Acc: 0.6822, Val F1: 0.6221
2025-05-27 22:48:34,925 - Best model updated and saved at /kaggle/working/noisy-graph-classification/checkpoints/model_A_best.pth
2025-05-27 22:48:34,925 - ---
2025-05-27 22:49:46,883 - ---
2025-05-27 22:49:46,883 - Epoch 041/100
2025-05-27 22:49:46,883 - Train Loss: 0.8374, Train Acc: 0.6830, Train F1: 0.6304
2025-05-27 22:49:46,883 - Val Loss: 1.0831, Val Acc: 0.6720, Val F1: 0.6148
2025-05-27 22:49:46,884 - ---
2025-05-27 22:50:58,907 - ---
2025-05-27 22:50:58,907 - Epoch 042/100
2025-05-27 22:50:58,907 - Train Loss: 0.8435, Train Acc: 0.6824, Train F1: 0.6284
2025-05-27 22:50:58,907 - Val Loss: 1.1356, Val Acc: 0.6334, Val F1: 0.5621
2025-05-27 22:50:58,907 - ---
2025-05-27 22:52:10,924 - ---
2025-05-27 22:52:10,924 - Epoch 043/100
2025-05-27 22:52:10,924 - Train Loss: 0.8398, Train Acc: 0.6820, Train F1: 0.6282
2025-05-27 22:52:10,924 - Val Loss: 1.1806, Val Acc: 0.6250, Val F1: 0.5518
2025-05-27 22:52:10,924 - ---
2025-05-27 22:53:22,792 - ---
2025-05-27 22:53:22,793 - Epoch 044/100
2025-05-27 22:53:22,793 - Train Loss: 0.8270, Train Acc: 0.6902, Train F1: 0.6384
2025-05-27 22:53:22,793 - Val Loss: 1.2055, Val Acc: 0.6126, Val F1: 0.5701
2025-05-27 22:53:22,793 - ---
2025-05-27 22:54:34,797 - ---
2025-05-27 22:54:34,797 - Epoch 045/100
2025-05-27 22:54:34,798 - Train Loss: 0.8330, Train Acc: 0.6873, Train F1: 0.6329
2025-05-27 22:54:34,798 - Val Loss: 1.0583, Val Acc: 0.6884, Val F1: 0.6306
2025-05-27 22:54:34,863 - Best model updated and saved at /kaggle/working/noisy-graph-classification/checkpoints/model_A_best.pth
2025-05-27 22:54:34,864 - ---
2025-05-27 22:55:46,909 - ---
2025-05-27 22:55:46,910 - Epoch 046/100
2025-05-27 22:55:46,910 - Train Loss: 0.8300, Train Acc: 0.6897, Train F1: 0.6360
2025-05-27 22:55:46,910 - Val Loss: 1.0776, Val Acc: 0.6733, Val F1: 0.6159
2025-05-27 22:55:46,910 - ---
2025-05-27 22:56:58,927 - ---
2025-05-27 22:56:58,927 - Epoch 047/100
2025-05-27 22:56:58,927 - Train Loss: 0.8166, Train Acc: 0.6959, Train F1: 0.6415
2025-05-27 22:56:58,927 - Val Loss: 1.0342, Val Acc: 0.6986, Val F1: 0.6416
2025-05-27 22:56:58,994 - Best model updated and saved at /kaggle/working/noisy-graph-classification/checkpoints/model_A_best.pth
2025-05-27 22:56:58,994 - ---
2025-05-27 22:58:11,375 - ---
2025-05-27 22:58:11,375 - Epoch 048/100
2025-05-27 22:58:11,376 - Train Loss: 0.8163, Train Acc: 0.6984, Train F1: 0.6452
2025-05-27 22:58:11,376 - Val Loss: 1.1048, Val Acc: 0.6667, Val F1: 0.6119
2025-05-27 22:58:11,376 - ---
2025-05-27 22:59:23,744 - ---
2025-05-27 22:59:23,744 - Epoch 049/100
2025-05-27 22:59:23,744 - Train Loss: 0.8091, Train Acc: 0.6968, Train F1: 0.6404
2025-05-27 22:59:23,744 - Val Loss: 1.6989, Val Acc: 0.4060, Val F1: 0.3045
2025-05-27 22:59:23,744 - ---
2025-05-27 23:00:36,289 - ---
2025-05-27 23:00:36,289 - Epoch 050/100
2025-05-27 23:00:36,289 - Train Loss: 0.8105, Train Acc: 0.7006, Train F1: 0.6475
2025-05-27 23:00:36,289 - Val Loss: 1.1417, Val Acc: 0.6432, Val F1: 0.5853
2025-05-27 23:00:36,289 - ---
2025-05-27 23:01:48,429 - ---
2025-05-27 23:01:48,430 - Epoch 051/100
2025-05-27 23:01:48,430 - Train Loss: 0.8080, Train Acc: 0.6980, Train F1: 0.6466
2025-05-27 23:01:48,430 - Val Loss: 1.2089, Val Acc: 0.6272, Val F1: 0.5440
2025-05-27 23:01:48,430 - ---
2025-05-27 23:03:01,213 - ---
2025-05-27 23:03:01,213 - Epoch 052/100
2025-05-27 23:03:01,213 - Train Loss: 0.7959, Train Acc: 0.7082, Train F1: 0.6556
2025-05-27 23:03:01,213 - Val Loss: 1.0553, Val Acc: 0.6897, Val F1: 0.6318
2025-05-27 23:03:01,213 - ---
2025-05-27 23:04:13,784 - ---
2025-05-27 23:04:13,784 - Epoch 053/100
2025-05-27 23:04:13,784 - Train Loss: 0.7911, Train Acc: 0.7096, Train F1: 0.6550
2025-05-27 23:04:13,784 - Val Loss: 1.0561, Val Acc: 0.6946, Val F1: 0.6367
2025-05-27 23:04:13,784 - ---
2025-05-27 23:05:25,985 - ---
2025-05-27 23:05:25,985 - Epoch 054/100
2025-05-27 23:05:25,985 - Train Loss: 0.7935, Train Acc: 0.7079, Train F1: 0.6545
2025-05-27 23:05:25,985 - Val Loss: 1.0623, Val Acc: 0.6884, Val F1: 0.6373
2025-05-27 23:05:25,985 - ---
2025-05-27 23:06:38,313 - ---
2025-05-27 23:06:38,313 - Epoch 055/100
2025-05-27 23:06:38,313 - Train Loss: 0.7929, Train Acc: 0.7093, Train F1: 0.6558
2025-05-27 23:06:38,313 - Val Loss: 1.1140, Val Acc: 0.6618, Val F1: 0.6106
2025-05-27 23:06:38,314 - ---
2025-05-27 23:07:50,581 - ---
2025-05-27 23:07:50,582 - Epoch 056/100
2025-05-27 23:07:50,582 - Train Loss: 0.7869, Train Acc: 0.7125, Train F1: 0.6596
2025-05-27 23:07:50,582 - Val Loss: 1.0889, Val Acc: 0.6707, Val F1: 0.5955
2025-05-27 23:07:50,582 - ---
2025-05-27 23:09:02,676 - ---
2025-05-27 23:09:02,676 - Epoch 057/100
2025-05-27 23:09:02,677 - Train Loss: 0.7854, Train Acc: 0.7120, Train F1: 0.6572
2025-05-27 23:09:02,677 - Val Loss: 1.0984, Val Acc: 0.6689, Val F1: 0.6121
2025-05-27 23:09:02,677 - ---
2025-05-27 23:10:14,725 - ---
2025-05-27 23:10:14,725 - Epoch 058/100
2025-05-27 23:10:14,725 - Train Loss: 0.7804, Train Acc: 0.7192, Train F1: 0.6670
2025-05-27 23:10:14,725 - Val Loss: 1.0510, Val Acc: 0.7008, Val F1: 0.6466
2025-05-27 23:10:14,794 - Best model updated and saved at /kaggle/working/noisy-graph-classification/checkpoints/model_A_best.pth
2025-05-27 23:10:14,794 - ---
2025-05-27 23:11:26,951 - ---
2025-05-27 23:11:26,951 - Epoch 059/100
2025-05-27 23:11:26,951 - Train Loss: 0.7779, Train Acc: 0.7155, Train F1: 0.6624
2025-05-27 23:11:26,951 - Val Loss: 1.0707, Val Acc: 0.6875, Val F1: 0.6331
2025-05-27 23:11:26,951 - ---
2025-05-27 23:12:39,883 - ---
2025-05-27 23:12:39,883 - Epoch 060/100
2025-05-27 23:12:39,883 - Train Loss: 0.7781, Train Acc: 0.7165, Train F1: 0.6656
2025-05-27 23:12:39,883 - Val Loss: 1.1036, Val Acc: 0.6702, Val F1: 0.6279
2025-05-27 23:12:39,883 - ---
2025-05-27 23:13:52,394 - ---
2025-05-27 23:13:52,394 - Epoch 061/100
2025-05-27 23:13:52,394 - Train Loss: 0.7612, Train Acc: 0.7219, Train F1: 0.6693
2025-05-27 23:13:52,395 - Val Loss: 1.0339, Val Acc: 0.7052, Val F1: 0.6477
2025-05-27 23:13:52,469 - Best model updated and saved at /kaggle/working/noisy-graph-classification/checkpoints/model_A_best.pth
2025-05-27 23:13:52,470 - ---
2025-05-27 23:15:04,890 - ---
2025-05-27 23:15:04,890 - Epoch 062/100
2025-05-27 23:15:04,890 - Train Loss: 0.7685, Train Acc: 0.7200, Train F1: 0.6692
2025-05-27 23:15:04,890 - Val Loss: 1.0615, Val Acc: 0.6879, Val F1: 0.6403
2025-05-27 23:15:04,890 - ---
2025-05-27 23:16:17,672 - ---
2025-05-27 23:16:17,672 - Epoch 063/100
2025-05-27 23:16:17,672 - Train Loss: 0.7653, Train Acc: 0.7212, Train F1: 0.6723
2025-05-27 23:16:17,672 - Val Loss: 1.0631, Val Acc: 0.6822, Val F1: 0.6264
2025-05-27 23:16:17,672 - ---
2025-05-27 23:17:30,048 - ---
2025-05-27 23:17:30,048 - Epoch 064/100
2025-05-27 23:17:30,048 - Train Loss: 0.7628, Train Acc: 0.7255, Train F1: 0.6755
2025-05-27 23:17:30,048 - Val Loss: 1.1745, Val Acc: 0.6463, Val F1: 0.5890
2025-05-27 23:17:30,048 - ---
2025-05-27 23:18:42,709 - ---
2025-05-27 23:18:42,709 - Epoch 065/100
2025-05-27 23:18:42,709 - Train Loss: 0.7536, Train Acc: 0.7254, Train F1: 0.6720
2025-05-27 23:18:42,709 - Val Loss: 1.1013, Val Acc: 0.6893, Val F1: 0.6362
2025-05-27 23:18:42,709 - ---
2025-05-27 23:19:54,607 - ---
2025-05-27 23:19:54,607 - Epoch 066/100
2025-05-27 23:19:54,607 - Train Loss: 0.7556, Train Acc: 0.7268, Train F1: 0.6747
2025-05-27 23:19:54,607 - Val Loss: 1.0497, Val Acc: 0.6879, Val F1: 0.6350
2025-05-27 23:19:54,607 - ---
2025-05-27 23:21:06,641 - ---
2025-05-27 23:21:06,641 - Epoch 067/100
2025-05-27 23:21:06,641 - Train Loss: 0.7497, Train Acc: 0.7272, Train F1: 0.6763
2025-05-27 23:21:06,642 - Val Loss: 1.0292, Val Acc: 0.7030, Val F1: 0.6447
2025-05-27 23:21:06,642 - ---
2025-05-27 23:22:18,862 - ---
2025-05-27 23:22:18,862 - Epoch 068/100
2025-05-27 23:22:18,862 - Train Loss: 0.7469, Train Acc: 0.7303, Train F1: 0.6786
2025-05-27 23:22:18,863 - Val Loss: 1.1376, Val Acc: 0.6547, Val F1: 0.6137
2025-05-27 23:22:18,863 - ---
2025-05-27 23:23:31,015 - ---
2025-05-27 23:23:31,015 - Epoch 069/100
2025-05-27 23:23:31,015 - Train Loss: 0.7488, Train Acc: 0.7288, Train F1: 0.6777
2025-05-27 23:23:31,015 - Val Loss: 1.0549, Val Acc: 0.6924, Val F1: 0.6434
2025-05-27 23:23:31,015 - ---
2025-05-27 23:24:43,389 - ---
2025-05-27 23:24:43,389 - Epoch 070/100
2025-05-27 23:24:43,389 - Train Loss: 0.7482, Train Acc: 0.7279, Train F1: 0.6787
2025-05-27 23:24:43,389 - Val Loss: 1.0964, Val Acc: 0.6817, Val F1: 0.6242
2025-05-27 23:24:43,389 - ---
2025-05-27 23:25:56,182 - ---
2025-05-27 23:25:56,182 - Epoch 071/100
2025-05-27 23:25:56,182 - Train Loss: 0.7318, Train Acc: 0.7356, Train F1: 0.6852
2025-05-27 23:25:56,182 - Val Loss: 1.0687, Val Acc: 0.6959, Val F1: 0.6529
2025-05-27 23:25:56,182 - ---
2025-05-27 23:27:08,474 - ---
2025-05-27 23:27:08,474 - Epoch 072/100
2025-05-27 23:27:08,474 - Train Loss: 0.7357, Train Acc: 0.7336, Train F1: 0.6855
2025-05-27 23:27:08,474 - Val Loss: 1.0565, Val Acc: 0.6995, Val F1: 0.6451
2025-05-27 23:27:08,474 - ---
2025-05-27 23:28:21,492 - ---
2025-05-27 23:28:21,492 - Epoch 073/100
2025-05-27 23:28:21,492 - Train Loss: 0.7400, Train Acc: 0.7314, Train F1: 0.6808
2025-05-27 23:28:21,492 - Val Loss: 1.0239, Val Acc: 0.7159, Val F1: 0.6606
2025-05-27 23:28:21,566 - Best model updated and saved at /kaggle/working/noisy-graph-classification/checkpoints/model_A_best.pth
2025-05-27 23:28:21,566 - ---
2025-05-27 23:29:34,335 - ---
2025-05-27 23:29:34,336 - Epoch 074/100
2025-05-27 23:29:34,336 - Train Loss: 0.7287, Train Acc: 0.7350, Train F1: 0.6866
2025-05-27 23:29:34,336 - Val Loss: 1.1410, Val Acc: 0.6631, Val F1: 0.6118
2025-05-27 23:29:34,336 - ---
2025-05-27 23:30:46,977 - ---
2025-05-27 23:30:46,978 - Epoch 075/100
2025-05-27 23:30:46,978 - Train Loss: 0.7233, Train Acc: 0.7419, Train F1: 0.6933
2025-05-27 23:30:46,978 - Val Loss: 1.1097, Val Acc: 0.6809, Val F1: 0.6278
2025-05-27 23:30:46,978 - ---
2025-05-27 23:31:59,444 - ---
2025-05-27 23:31:59,444 - Epoch 076/100
2025-05-27 23:31:59,444 - Train Loss: 0.7165, Train Acc: 0.7416, Train F1: 0.6929
2025-05-27 23:31:59,444 - Val Loss: 1.0912, Val Acc: 0.6866, Val F1: 0.6403
2025-05-27 23:31:59,444 - ---
2025-05-27 23:33:12,111 - ---
2025-05-27 23:33:12,111 - Epoch 077/100
2025-05-27 23:33:12,111 - Train Loss: 0.7202, Train Acc: 0.7415, Train F1: 0.6936
2025-05-27 23:33:12,111 - Val Loss: 1.0230, Val Acc: 0.7159, Val F1: 0.6656
2025-05-27 23:33:12,111 - ---
2025-05-27 23:34:24,319 - ---
2025-05-27 23:34:24,319 - Epoch 078/100
2025-05-27 23:34:24,319 - Train Loss: 0.7125, Train Acc: 0.7442, Train F1: 0.6988
2025-05-27 23:34:24,319 - Val Loss: 1.0889, Val Acc: 0.6928, Val F1: 0.6463
2025-05-27 23:34:24,319 - ---
2025-05-27 23:35:36,525 - ---
2025-05-27 23:35:36,525 - Epoch 079/100
2025-05-27 23:35:36,525 - Train Loss: 0.7150, Train Acc: 0.7435, Train F1: 0.6964
2025-05-27 23:35:36,526 - Val Loss: 1.1226, Val Acc: 0.6777, Val F1: 0.6125
2025-05-27 23:35:36,526 - ---
2025-05-27 23:36:48,754 - ---
2025-05-27 23:36:48,754 - Epoch 080/100
2025-05-27 23:36:48,754 - Train Loss: 0.7090, Train Acc: 0.7459, Train F1: 0.6984
2025-05-27 23:36:48,754 - Val Loss: 1.0271, Val Acc: 0.7252, Val F1: 0.6748
2025-05-27 23:36:48,821 - Best model updated and saved at /kaggle/working/noisy-graph-classification/checkpoints/model_A_best.pth
2025-05-27 23:36:48,821 - ---
2025-05-27 23:38:01,102 - ---
2025-05-27 23:38:01,103 - Epoch 081/100
2025-05-27 23:38:01,103 - Train Loss: 0.7011, Train Acc: 0.7468, Train F1: 0.7004
2025-05-27 23:38:01,103 - Val Loss: 1.0365, Val Acc: 0.7185, Val F1: 0.6636
2025-05-27 23:38:01,103 - ---
2025-05-27 23:39:13,510 - ---
2025-05-27 23:39:13,510 - Epoch 082/100
2025-05-27 23:39:13,510 - Train Loss: 0.6991, Train Acc: 0.7481, Train F1: 0.7028
2025-05-27 23:39:13,510 - Val Loss: 1.0549, Val Acc: 0.7123, Val F1: 0.6661
2025-05-27 23:39:13,511 - ---
2025-05-27 23:40:25,849 - ---
2025-05-27 23:40:25,849 - Epoch 083/100
2025-05-27 23:40:25,850 - Train Loss: 0.6900, Train Acc: 0.7498, Train F1: 0.7023
2025-05-27 23:40:25,850 - Val Loss: 1.1555, Val Acc: 0.6574, Val F1: 0.6035
2025-05-27 23:40:25,850 - ---
2025-05-27 23:41:38,001 - ---
2025-05-27 23:41:38,002 - Epoch 084/100
2025-05-27 23:41:38,002 - Train Loss: 0.6966, Train Acc: 0.7486, Train F1: 0.7022
2025-05-27 23:41:38,002 - Val Loss: 1.0741, Val Acc: 0.6906, Val F1: 0.6463
2025-05-27 23:41:38,002 - ---
2025-05-27 23:42:50,337 - ---
2025-05-27 23:42:50,337 - Epoch 085/100
2025-05-27 23:42:50,337 - Train Loss: 0.6917, Train Acc: 0.7491, Train F1: 0.7037
2025-05-27 23:42:50,337 - Val Loss: 1.0601, Val Acc: 0.7176, Val F1: 0.6630
2025-05-27 23:42:50,338 - ---
2025-05-27 23:44:02,672 - ---
2025-05-27 23:44:02,672 - Epoch 086/100
2025-05-27 23:44:02,672 - Train Loss: 0.6796, Train Acc: 0.7550, Train F1: 0.7091
2025-05-27 23:44:02,672 - Val Loss: 1.1778, Val Acc: 0.6578, Val F1: 0.6108
2025-05-27 23:44:02,672 - ---
2025-05-27 23:45:14,856 - ---
2025-05-27 23:45:14,856 - Epoch 087/100
2025-05-27 23:45:14,856 - Train Loss: 0.6835, Train Acc: 0.7510, Train F1: 0.7073
2025-05-27 23:45:14,856 - Val Loss: 1.0406, Val Acc: 0.7234, Val F1: 0.6696
2025-05-27 23:45:14,856 - ---
2025-05-27 23:46:27,345 - ---
2025-05-27 23:46:27,345 - Epoch 088/100
2025-05-27 23:46:27,345 - Train Loss: 0.6784, Train Acc: 0.7565, Train F1: 0.7102
2025-05-27 23:46:27,346 - Val Loss: 1.0618, Val Acc: 0.7074, Val F1: 0.6659
2025-05-27 23:46:27,346 - ---
2025-05-27 23:47:40,102 - ---
2025-05-27 23:47:40,102 - Epoch 089/100
2025-05-27 23:47:40,102 - Train Loss: 0.6759, Train Acc: 0.7548, Train F1: 0.7103
2025-05-27 23:47:40,102 - Val Loss: 1.0966, Val Acc: 0.6933, Val F1: 0.6469
2025-05-27 23:47:40,102 - ---
2025-05-27 23:48:53,570 - ---
2025-05-27 23:48:53,570 - Epoch 090/100
2025-05-27 23:48:53,570 - Train Loss: 0.6711, Train Acc: 0.7579, Train F1: 0.7141
2025-05-27 23:48:53,570 - Val Loss: 1.0854, Val Acc: 0.6973, Val F1: 0.6487
2025-05-27 23:48:53,570 - ---
2025-05-27 23:50:06,006 - ---
2025-05-27 23:50:06,006 - Epoch 091/100
2025-05-27 23:50:06,006 - Train Loss: 0.6643, Train Acc: 0.7578, Train F1: 0.7132
2025-05-27 23:50:06,006 - Val Loss: 1.1815, Val Acc: 0.6432, Val F1: 0.5964
2025-05-27 23:50:06,006 - ---
2025-05-27 23:51:18,900 - ---
2025-05-27 23:51:18,900 - Epoch 092/100
2025-05-27 23:51:18,900 - Train Loss: 0.6630, Train Acc: 0.7600, Train F1: 0.7165
2025-05-27 23:51:18,900 - Val Loss: 1.1760, Val Acc: 0.6724, Val F1: 0.6304
2025-05-27 23:51:18,900 - ---
2025-05-27 23:52:31,401 - ---
2025-05-27 23:52:31,402 - Epoch 093/100
2025-05-27 23:52:31,402 - Train Loss: 0.6567, Train Acc: 0.7592, Train F1: 0.7174
2025-05-27 23:52:31,402 - Val Loss: 1.0843, Val Acc: 0.7079, Val F1: 0.6614
2025-05-27 23:52:31,402 - ---
2025-05-27 23:53:43,524 - ---
2025-05-27 23:53:43,524 - Epoch 094/100
2025-05-27 23:53:43,524 - Train Loss: 0.6615, Train Acc: 0.7574, Train F1: 0.7118
2025-05-27 23:53:43,524 - Val Loss: 1.1207, Val Acc: 0.6955, Val F1: 0.6537
2025-05-27 23:53:43,524 - ---
2025-05-27 23:54:55,685 - ---
2025-05-27 23:54:55,685 - Epoch 095/100
2025-05-27 23:54:55,686 - Train Loss: 0.6513, Train Acc: 0.7624, Train F1: 0.7186
2025-05-27 23:54:55,686 - Val Loss: 1.1691, Val Acc: 0.6684, Val F1: 0.6358
2025-05-27 23:54:55,686 - ---
2025-05-27 23:56:07,829 - ---
2025-05-27 23:56:07,829 - Epoch 096/100
2025-05-27 23:56:07,829 - Train Loss: 0.6487, Train Acc: 0.7658, Train F1: 0.7218
2025-05-27 23:56:07,829 - Val Loss: 1.0488, Val Acc: 0.7207, Val F1: 0.6669
2025-05-27 23:56:07,829 - ---
2025-05-27 23:57:19,972 - ---
2025-05-27 23:57:19,972 - Epoch 097/100
2025-05-27 23:57:19,972 - Train Loss: 0.6397, Train Acc: 0.7641, Train F1: 0.7216
2025-05-27 23:57:19,972 - Val Loss: 1.1467, Val Acc: 0.7052, Val F1: 0.6541
2025-05-27 23:57:19,972 - ---
2025-05-27 23:58:32,113 - ---
2025-05-27 23:58:32,113 - Epoch 098/100
2025-05-27 23:58:32,113 - Train Loss: 0.6447, Train Acc: 0.7636, Train F1: 0.7215
2025-05-27 23:58:32,113 - Val Loss: 1.1372, Val Acc: 0.6875, Val F1: 0.6408
2025-05-27 23:58:32,113 - ---
2025-05-27 23:59:44,123 - ---
2025-05-27 23:59:44,123 - Epoch 099/100
2025-05-27 23:59:44,123 - Train Loss: 0.6269, Train Acc: 0.7677, Train F1: 0.7267
2025-05-27 23:59:44,123 - Val Loss: 1.1098, Val Acc: 0.7030, Val F1: 0.6577
2025-05-27 23:59:44,123 - ---
2025-05-28 00:00:56,144 - ---
2025-05-28 00:00:56,145 - Epoch 100/100
2025-05-28 00:00:56,145 - Train Loss: 0.6374, Train Acc: 0.7637, Train F1: 0.7230
2025-05-28 00:00:56,145 - Val Loss: 1.0911, Val Acc: 0.7137, Val F1: 0.6725
2025-05-28 00:00:56,145 - ---
