2025-05-28 08:07:29,296 - ---
2025-05-28 08:07:29,296 - Epoch 001/100
2025-05-28 08:07:29,296 - Train Loss: 1.3367, Train Acc: 0.2997, Train F1: 0.1999
2025-05-28 08:07:29,296 - Val Loss: 1.5492, Val Acc: 0.3823, Val F1: 0.2209
2025-05-28 08:07:29,342 - Best model updated and saved at /kaggle/working/noisy-graph-classification/checkpoints/model_D_best.pth
2025-05-28 08:07:29,342 - ---
2025-05-28 08:08:38,029 - ---
2025-05-28 08:08:38,029 - Epoch 002/100
2025-05-28 08:08:38,030 - Train Loss: 1.2288, Train Acc: 0.3546, Train F1: 0.2597
2025-05-28 08:08:38,030 - Val Loss: 1.6170, Val Acc: 0.3132, Val F1: 0.2319
2025-05-28 08:08:38,030 - ---
2025-05-28 08:09:46,845 - ---
2025-05-28 08:09:46,845 - Epoch 003/100
2025-05-28 08:09:46,845 - Train Loss: 1.1582, Train Acc: 0.3836, Train F1: 0.3023
2025-05-28 08:09:46,845 - Val Loss: 1.7318, Val Acc: 0.3711, Val F1: 0.2866
2025-05-28 08:09:46,845 - ---
2025-05-28 08:10:55,573 - ---
2025-05-28 08:10:55,573 - Epoch 004/100
2025-05-28 08:10:55,573 - Train Loss: 1.0557, Train Acc: 0.4420, Train F1: 0.3722
2025-05-28 08:10:55,573 - Val Loss: 1.4181, Val Acc: 0.4154, Val F1: 0.3744
2025-05-28 08:10:55,654 - Best model updated and saved at /kaggle/working/noisy-graph-classification/checkpoints/model_D_best.pth
2025-05-28 08:10:55,655 - ---
2025-05-28 08:12:04,207 - ---
2025-05-28 08:12:04,207 - Epoch 005/100
2025-05-28 08:12:04,207 - Train Loss: 0.9651, Train Acc: 0.4881, Train F1: 0.4314
2025-05-28 08:12:04,207 - Val Loss: 1.6245, Val Acc: 0.3842, Val F1: 0.3090
2025-05-28 08:12:04,207 - ---
2025-05-28 08:13:12,802 - ---
2025-05-28 08:13:12,803 - Epoch 006/100
2025-05-28 08:13:12,803 - Train Loss: 0.8819, Train Acc: 0.5291, Train F1: 0.4711
2025-05-28 08:13:12,803 - Val Loss: 1.2188, Val Acc: 0.5136, Val F1: 0.4034
2025-05-28 08:13:12,875 - Best model updated and saved at /kaggle/working/noisy-graph-classification/checkpoints/model_D_best.pth
2025-05-28 08:13:12,875 - ---
2025-05-28 08:14:21,421 - ---
2025-05-28 08:14:21,421 - Epoch 007/100
2025-05-28 08:14:21,421 - Train Loss: 0.8313, Train Acc: 0.5474, Train F1: 0.4930
2025-05-28 08:14:21,421 - Val Loss: 1.8361, Val Acc: 0.3560, Val F1: 0.2771
2025-05-28 08:14:21,421 - ---
2025-05-28 08:15:30,002 - ---
2025-05-28 08:15:30,002 - Epoch 008/100
2025-05-28 08:15:30,002 - Train Loss: 0.7600, Train Acc: 0.5811, Train F1: 0.5526
2025-05-28 08:15:30,002 - Val Loss: 1.0097, Val Acc: 0.5370, Val F1: 0.5275
2025-05-28 08:15:30,077 - Best model updated and saved at /kaggle/working/noisy-graph-classification/checkpoints/model_D_best.pth
2025-05-28 08:15:30,077 - ---
2025-05-28 08:16:39,135 - ---
2025-05-28 08:16:39,135 - Epoch 009/100
2025-05-28 08:16:39,136 - Train Loss: 0.7187, Train Acc: 0.5931, Train F1: 0.5692
2025-05-28 08:16:39,136 - Val Loss: 1.2264, Val Acc: 0.5292, Val F1: 0.4705
2025-05-28 08:16:39,136 - ---
2025-05-28 08:17:47,714 - ---
2025-05-28 08:17:47,714 - Epoch 010/100
2025-05-28 08:17:47,714 - Train Loss: 0.6917, Train Acc: 0.6035, Train F1: 0.5850
2025-05-28 08:17:47,714 - Val Loss: 0.8185, Val Acc: 0.5803, Val F1: 0.6072
2025-05-28 08:17:47,783 - Best model updated and saved at /kaggle/working/noisy-graph-classification/checkpoints/model_D_best.pth
2025-05-28 08:17:47,784 - ---
2025-05-28 08:18:56,459 - ---
2025-05-28 08:18:56,459 - Epoch 011/100
2025-05-28 08:18:56,460 - Train Loss: 0.6694, Train Acc: 0.6227, Train F1: 0.6124
2025-05-28 08:18:56,460 - Val Loss: 0.7063, Val Acc: 0.6158, Val F1: 0.6316
2025-05-28 08:18:56,531 - Best model updated and saved at /kaggle/working/noisy-graph-classification/checkpoints/model_D_best.pth
2025-05-28 08:18:56,532 - ---
2025-05-28 08:20:05,052 - ---
2025-05-28 08:20:05,052 - Epoch 012/100
2025-05-28 08:20:05,052 - Train Loss: 0.6319, Train Acc: 0.6289, Train F1: 0.6243
2025-05-28 08:20:05,052 - Val Loss: 0.9128, Val Acc: 0.6187, Val F1: 0.5958
2025-05-28 08:20:05,124 - Best model updated and saved at /kaggle/working/noisy-graph-classification/checkpoints/model_D_best.pth
2025-05-28 08:20:05,125 - ---
2025-05-28 08:21:13,696 - ---
2025-05-28 08:21:13,696 - Epoch 013/100
2025-05-28 08:21:13,696 - Train Loss: 0.6095, Train Acc: 0.6460, Train F1: 0.6438
2025-05-28 08:21:13,696 - Val Loss: 0.9000, Val Acc: 0.6196, Val F1: 0.5842
2025-05-28 08:21:13,765 - Best model updated and saved at /kaggle/working/noisy-graph-classification/checkpoints/model_D_best.pth
2025-05-28 08:21:13,765 - ---
2025-05-28 08:22:22,262 - ---
2025-05-28 08:22:22,262 - Epoch 014/100
2025-05-28 08:22:22,262 - Train Loss: 0.5781, Train Acc: 0.6531, Train F1: 0.6606
2025-05-28 08:22:22,262 - Val Loss: 0.7384, Val Acc: 0.6795, Val F1: 0.6679
2025-05-28 08:22:22,334 - Best model updated and saved at /kaggle/working/noisy-graph-classification/checkpoints/model_D_best.pth
2025-05-28 08:22:22,334 - ---
2025-05-28 08:23:30,984 - ---
2025-05-28 08:23:30,985 - Epoch 015/100
2025-05-28 08:23:30,985 - Train Loss: 0.5811, Train Acc: 0.6554, Train F1: 0.6606
2025-05-28 08:23:30,985 - Val Loss: 0.7445, Val Acc: 0.6717, Val F1: 0.6161
2025-05-28 08:23:30,985 - ---
2025-05-28 08:24:39,830 - ---
2025-05-28 08:24:39,831 - Epoch 016/100
2025-05-28 08:24:39,831 - Train Loss: 0.5642, Train Acc: 0.6559, Train F1: 0.6682
2025-05-28 08:24:39,831 - Val Loss: 0.6429, Val Acc: 0.7072, Val F1: 0.6889
2025-05-28 08:24:39,901 - Best model updated and saved at /kaggle/working/noisy-graph-classification/checkpoints/model_D_best.pth
2025-05-28 08:24:39,901 - ---
2025-05-28 08:25:48,573 - ---
2025-05-28 08:25:48,574 - Epoch 017/100
2025-05-28 08:25:48,574 - Train Loss: 0.5376, Train Acc: 0.6770, Train F1: 0.6840
2025-05-28 08:25:48,574 - Val Loss: 0.6918, Val Acc: 0.6950, Val F1: 0.6848
2025-05-28 08:25:48,574 - ---
2025-05-28 08:26:57,318 - ---
2025-05-28 08:26:57,318 - Epoch 018/100
2025-05-28 08:26:57,319 - Train Loss: 0.5218, Train Acc: 0.6846, Train F1: 0.7025
2025-05-28 08:26:57,319 - Val Loss: 0.7674, Val Acc: 0.6576, Val F1: 0.6356
2025-05-28 08:26:57,319 - ---
2025-05-28 08:28:05,892 - ---
2025-05-28 08:28:05,892 - Epoch 019/100
2025-05-28 08:28:05,892 - Train Loss: 0.5222, Train Acc: 0.6807, Train F1: 0.6932
2025-05-28 08:28:05,892 - Val Loss: 0.6596, Val Acc: 0.7014, Val F1: 0.7032
2025-05-28 08:28:05,892 - ---
2025-05-28 08:29:14,562 - ---
2025-05-28 08:29:14,562 - Epoch 020/100
2025-05-28 08:29:14,562 - Train Loss: 0.5129, Train Acc: 0.6783, Train F1: 0.7008
2025-05-28 08:29:14,562 - Val Loss: 0.6911, Val Acc: 0.6897, Val F1: 0.6833
2025-05-28 08:29:14,562 - ---
2025-05-28 08:30:23,282 - ---
2025-05-28 08:30:23,282 - Epoch 021/100
2025-05-28 08:30:23,282 - Train Loss: 0.5050, Train Acc: 0.6888, Train F1: 0.7090
2025-05-28 08:30:23,282 - Val Loss: 0.8239, Val Acc: 0.6381, Val F1: 0.6493
2025-05-28 08:30:23,282 - ---
2025-05-28 08:31:31,953 - ---
2025-05-28 08:31:31,954 - Epoch 022/100
2025-05-28 08:31:31,954 - Train Loss: 0.4970, Train Acc: 0.6874, Train F1: 0.7093
2025-05-28 08:31:31,954 - Val Loss: 0.7143, Val Acc: 0.6770, Val F1: 0.6313
2025-05-28 08:31:31,954 - ---
2025-05-28 08:32:40,676 - ---
2025-05-28 08:32:40,676 - Epoch 023/100
2025-05-28 08:32:40,676 - Train Loss: 0.4849, Train Acc: 0.6942, Train F1: 0.7187
2025-05-28 08:32:40,676 - Val Loss: 0.7727, Val Acc: 0.6644, Val F1: 0.6451
2025-05-28 08:32:40,676 - ---
2025-05-28 08:33:49,474 - ---
2025-05-28 08:33:49,475 - Epoch 024/100
2025-05-28 08:33:49,475 - Train Loss: 0.4701, Train Acc: 0.7029, Train F1: 0.7313
2025-05-28 08:33:49,475 - Val Loss: 0.9655, Val Acc: 0.6231, Val F1: 0.5600
2025-05-28 08:33:49,475 - ---
2025-05-28 08:34:58,135 - ---
2025-05-28 08:34:58,135 - Epoch 025/100
2025-05-28 08:34:58,135 - Train Loss: 0.4639, Train Acc: 0.7132, Train F1: 0.7482
2025-05-28 08:34:58,135 - Val Loss: 0.6190, Val Acc: 0.7009, Val F1: 0.6672
2025-05-28 08:34:58,135 - ---
2025-05-28 08:36:06,724 - ---
2025-05-28 08:36:06,724 - Epoch 026/100
2025-05-28 08:36:06,724 - Train Loss: 0.4460, Train Acc: 0.7115, Train F1: 0.7408
2025-05-28 08:36:06,724 - Val Loss: 0.5833, Val Acc: 0.7043, Val F1: 0.7484
2025-05-28 08:36:06,724 - ---
2025-05-28 08:37:15,382 - ---
2025-05-28 08:37:15,382 - Epoch 027/100
2025-05-28 08:37:15,382 - Train Loss: 0.4536, Train Acc: 0.7118, Train F1: 0.7421
2025-05-28 08:37:15,382 - Val Loss: 0.6069, Val Acc: 0.7121, Val F1: 0.7050
2025-05-28 08:37:15,463 - Best model updated and saved at /kaggle/working/noisy-graph-classification/checkpoints/model_D_best.pth
2025-05-28 08:37:15,464 - ---
2025-05-28 08:38:24,048 - ---
2025-05-28 08:38:24,049 - Epoch 028/100
2025-05-28 08:38:24,049 - Train Loss: 0.4510, Train Acc: 0.7082, Train F1: 0.7316
2025-05-28 08:38:24,049 - Val Loss: 0.6083, Val Acc: 0.6931, Val F1: 0.7326
2025-05-28 08:38:24,049 - ---
2025-05-28 08:39:32,668 - ---
2025-05-28 08:39:32,668 - Epoch 029/100
2025-05-28 08:39:32,668 - Train Loss: 0.4313, Train Acc: 0.7209, Train F1: 0.7506
2025-05-28 08:39:32,668 - Val Loss: 0.6726, Val Acc: 0.6177, Val F1: 0.6706
2025-05-28 08:39:32,668 - ---
2025-05-28 08:40:41,494 - ---
2025-05-28 08:40:41,494 - Epoch 030/100
2025-05-28 08:40:41,494 - Train Loss: 0.4400, Train Acc: 0.7117, Train F1: 0.7496
2025-05-28 08:40:41,494 - Val Loss: 0.7126, Val Acc: 0.7160, Val F1: 0.6774
2025-05-28 08:40:41,574 - Best model updated and saved at /kaggle/working/noisy-graph-classification/checkpoints/model_D_best.pth
2025-05-28 08:40:41,574 - ---
2025-05-28 08:41:50,293 - ---
2025-05-28 08:41:50,294 - Epoch 031/100
2025-05-28 08:41:50,294 - Train Loss: 0.4373, Train Acc: 0.7160, Train F1: 0.7473
2025-05-28 08:41:50,294 - Val Loss: 0.6224, Val Acc: 0.6785, Val F1: 0.6865
2025-05-28 08:41:50,294 - ---
2025-05-28 08:42:59,118 - ---
2025-05-28 08:42:59,118 - Epoch 032/100
2025-05-28 08:42:59,118 - Train Loss: 0.4246, Train Acc: 0.7129, Train F1: 0.7481
2025-05-28 08:42:59,118 - Val Loss: 0.8701, Val Acc: 0.6372, Val F1: 0.6490
2025-05-28 08:42:59,118 - ---
2025-05-28 08:44:07,768 - ---
2025-05-28 08:44:07,769 - Epoch 033/100
2025-05-28 08:44:07,769 - Train Loss: 0.4240, Train Acc: 0.7150, Train F1: 0.7514
2025-05-28 08:44:07,769 - Val Loss: 0.5756, Val Acc: 0.7184, Val F1: 0.7404
2025-05-28 08:44:07,845 - Best model updated and saved at /kaggle/working/noisy-graph-classification/checkpoints/model_D_best.pth
2025-05-28 08:44:07,845 - ---
2025-05-28 08:45:16,487 - ---
2025-05-28 08:45:16,487 - Epoch 034/100
2025-05-28 08:45:16,487 - Train Loss: 0.4099, Train Acc: 0.7263, Train F1: 0.7593
2025-05-28 08:45:16,487 - Val Loss: 0.5651, Val Acc: 0.7310, Val F1: 0.7509
2025-05-28 08:45:16,567 - Best model updated and saved at /kaggle/working/noisy-graph-classification/checkpoints/model_D_best.pth
2025-05-28 08:45:16,567 - ---
2025-05-28 08:46:25,340 - ---
2025-05-28 08:46:25,341 - Epoch 035/100
2025-05-28 08:46:25,341 - Train Loss: 0.4052, Train Acc: 0.7247, Train F1: 0.7668
2025-05-28 08:46:25,341 - Val Loss: 0.6175, Val Acc: 0.7145, Val F1: 0.6875
2025-05-28 08:46:25,341 - ---
2025-05-28 08:47:34,061 - ---
2025-05-28 08:47:34,061 - Epoch 036/100
2025-05-28 08:47:34,061 - Train Loss: 0.4074, Train Acc: 0.7262, Train F1: 0.7636
2025-05-28 08:47:34,061 - Val Loss: 0.6850, Val Acc: 0.6435, Val F1: 0.6746
2025-05-28 08:47:34,061 - ---
2025-05-28 08:48:42,843 - ---
2025-05-28 08:48:42,843 - Epoch 037/100
2025-05-28 08:48:42,844 - Train Loss: 0.4049, Train Acc: 0.7277, Train F1: 0.7721
2025-05-28 08:48:42,844 - Val Loss: 0.7043, Val Acc: 0.6863, Val F1: 0.6811
2025-05-28 08:48:42,844 - ---
2025-05-28 08:49:51,448 - ---
2025-05-28 08:49:51,448 - Epoch 038/100
2025-05-28 08:49:51,448 - Train Loss: 0.3943, Train Acc: 0.7320, Train F1: 0.7730
2025-05-28 08:49:51,448 - Val Loss: 0.5872, Val Acc: 0.7223, Val F1: 0.7240
2025-05-28 08:49:51,448 - ---
2025-05-28 08:51:00,195 - ---
2025-05-28 08:51:00,196 - Epoch 039/100
2025-05-28 08:51:00,196 - Train Loss: 0.3973, Train Acc: 0.7321, Train F1: 0.7662
2025-05-28 08:51:00,196 - Val Loss: 0.4923, Val Acc: 0.7456, Val F1: 0.7642
2025-05-28 08:51:00,275 - Best model updated and saved at /kaggle/working/noisy-graph-classification/checkpoints/model_D_best.pth
2025-05-28 08:51:00,275 - ---
2025-05-28 08:52:09,051 - ---
2025-05-28 08:52:09,051 - Epoch 040/100
2025-05-28 08:52:09,051 - Train Loss: 0.3871, Train Acc: 0.7367, Train F1: 0.7819
2025-05-28 08:52:09,051 - Val Loss: 0.5620, Val Acc: 0.7184, Val F1: 0.7502
2025-05-28 08:52:09,051 - ---
2025-05-28 08:53:17,722 - ---
2025-05-28 08:53:17,722 - Epoch 041/100
2025-05-28 08:53:17,722 - Train Loss: 0.3789, Train Acc: 0.7417, Train F1: 0.7811
2025-05-28 08:53:17,722 - Val Loss: 0.4862, Val Acc: 0.7242, Val F1: 0.7801
2025-05-28 08:53:17,722 - ---
2025-05-28 08:54:26,326 - ---
2025-05-28 08:54:26,326 - Epoch 042/100
2025-05-28 08:54:26,326 - Train Loss: 0.3880, Train Acc: 0.7339, Train F1: 0.7793
2025-05-28 08:54:26,326 - Val Loss: 0.4735, Val Acc: 0.7427, Val F1: 0.7810
2025-05-28 08:54:26,326 - ---
2025-05-28 08:55:35,090 - ---
2025-05-28 08:55:35,091 - Epoch 043/100
2025-05-28 08:55:35,091 - Train Loss: 0.3803, Train Acc: 0.7404, Train F1: 0.7863
2025-05-28 08:55:35,091 - Val Loss: 0.4510, Val Acc: 0.7636, Val F1: 0.7886
2025-05-28 08:55:35,167 - Best model updated and saved at /kaggle/working/noisy-graph-classification/checkpoints/model_D_best.pth
2025-05-28 08:55:35,167 - ---
2025-05-28 08:56:43,878 - ---
2025-05-28 08:56:43,879 - Epoch 044/100
2025-05-28 08:56:43,879 - Train Loss: 0.3774, Train Acc: 0.7473, Train F1: 0.7901
2025-05-28 08:56:43,879 - Val Loss: 0.4770, Val Acc: 0.7544, Val F1: 0.7785
2025-05-28 08:56:43,879 - ---
2025-05-28 08:57:52,838 - ---
2025-05-28 08:57:52,838 - Epoch 045/100
2025-05-28 08:57:52,838 - Train Loss: 0.3970, Train Acc: 0.7377, Train F1: 0.7801
2025-05-28 08:57:52,838 - Val Loss: 0.5562, Val Acc: 0.7349, Val F1: 0.7433
2025-05-28 08:57:52,838 - ---
2025-05-28 08:59:01,435 - ---
2025-05-28 08:59:01,435 - Epoch 046/100
2025-05-28 08:59:01,435 - Train Loss: 0.3819, Train Acc: 0.7416, Train F1: 0.7821
2025-05-28 08:59:01,435 - Val Loss: 0.5291, Val Acc: 0.6897, Val F1: 0.7562
2025-05-28 08:59:01,436 - ---
2025-05-28 09:00:10,061 - ---
2025-05-28 09:00:10,061 - Epoch 047/100
2025-05-28 09:00:10,061 - Train Loss: 0.3739, Train Acc: 0.7488, Train F1: 0.7877
2025-05-28 09:00:10,061 - Val Loss: 0.6549, Val Acc: 0.6892, Val F1: 0.7336
2025-05-28 09:00:10,061 - ---
2025-05-28 09:01:18,239 - ---
2025-05-28 09:01:18,239 - Epoch 048/100
2025-05-28 09:01:18,239 - Train Loss: 0.3701, Train Acc: 0.7432, Train F1: 0.7905
2025-05-28 09:01:18,239 - Val Loss: 0.5964, Val Acc: 0.7257, Val F1: 0.7253
2025-05-28 09:01:18,239 - ---
2025-05-28 09:02:27,228 - ---
2025-05-28 09:02:27,228 - Epoch 049/100
2025-05-28 09:02:27,228 - Train Loss: 0.3672, Train Acc: 0.7496, Train F1: 0.7908
2025-05-28 09:02:27,228 - Val Loss: 0.4751, Val Acc: 0.7082, Val F1: 0.7727
2025-05-28 09:02:27,228 - ---
2025-05-28 09:03:35,386 - ---
2025-05-28 09:03:35,386 - Epoch 050/100
2025-05-28 09:03:35,386 - Train Loss: 0.3669, Train Acc: 0.7457, Train F1: 0.7844
2025-05-28 09:03:35,386 - Val Loss: 0.5943, Val Acc: 0.7242, Val F1: 0.7316
2025-05-28 09:03:35,386 - ---
2025-05-28 09:04:43,688 - ---
2025-05-28 09:04:43,688 - Epoch 051/100
2025-05-28 09:04:43,689 - Train Loss: 0.3743, Train Acc: 0.7481, Train F1: 0.7893
2025-05-28 09:04:43,689 - Val Loss: 0.5728, Val Acc: 0.7301, Val F1: 0.7508
2025-05-28 09:04:43,689 - ---
2025-05-28 09:05:52,011 - ---
2025-05-28 09:05:52,012 - Epoch 052/100
2025-05-28 09:05:52,012 - Train Loss: 0.3562, Train Acc: 0.7536, Train F1: 0.7959
2025-05-28 09:05:52,012 - Val Loss: 0.4664, Val Acc: 0.7704, Val F1: 0.7949
2025-05-28 09:05:52,079 - Best model updated and saved at /kaggle/working/noisy-graph-classification/checkpoints/model_D_best.pth
2025-05-28 09:05:52,079 - ---
2025-05-28 09:07:00,472 - ---
2025-05-28 09:07:00,472 - Epoch 053/100
2025-05-28 09:07:00,472 - Train Loss: 0.3548, Train Acc: 0.7543, Train F1: 0.7956
2025-05-28 09:07:00,472 - Val Loss: 0.4627, Val Acc: 0.7349, Val F1: 0.7852
2025-05-28 09:07:00,473 - ---
2025-05-28 09:08:09,396 - ---
2025-05-28 09:08:09,396 - Epoch 054/100
2025-05-28 09:08:09,396 - Train Loss: 0.3557, Train Acc: 0.7584, Train F1: 0.8008
2025-05-28 09:08:09,396 - Val Loss: 0.4821, Val Acc: 0.7578, Val F1: 0.7803
2025-05-28 09:08:09,397 - ---
2025-05-28 09:09:17,893 - ---
2025-05-28 09:09:17,894 - Epoch 055/100
2025-05-28 09:09:17,894 - Train Loss: 0.3578, Train Acc: 0.7501, Train F1: 0.7939
2025-05-28 09:09:17,894 - Val Loss: 0.5110, Val Acc: 0.7451, Val F1: 0.7734
2025-05-28 09:09:17,894 - ---
2025-05-28 09:10:26,392 - ---
2025-05-28 09:10:26,393 - Epoch 056/100
2025-05-28 09:10:26,393 - Train Loss: 0.3499, Train Acc: 0.7575, Train F1: 0.7998
2025-05-28 09:10:26,393 - Val Loss: 0.4362, Val Acc: 0.7714, Val F1: 0.7776
2025-05-28 09:10:26,459 - Best model updated and saved at /kaggle/working/noisy-graph-classification/checkpoints/model_D_best.pth
2025-05-28 09:10:26,460 - ---
2025-05-28 09:11:34,459 - ---
2025-05-28 09:11:34,459 - Epoch 057/100
2025-05-28 09:11:34,459 - Train Loss: 0.3437, Train Acc: 0.7572, Train F1: 0.8022
2025-05-28 09:11:34,459 - Val Loss: 0.5136, Val Acc: 0.7500, Val F1: 0.7778
2025-05-28 09:11:34,459 - ---
2025-05-28 09:12:42,754 - ---
2025-05-28 09:12:42,754 - Epoch 058/100
2025-05-28 09:12:42,754 - Train Loss: 0.3571, Train Acc: 0.7550, Train F1: 0.8006
2025-05-28 09:12:42,754 - Val Loss: 0.4430, Val Acc: 0.7626, Val F1: 0.7985
2025-05-28 09:12:42,755 - ---
2025-05-28 09:13:51,050 - ---
2025-05-28 09:13:51,050 - Epoch 059/100
2025-05-28 09:13:51,051 - Train Loss: 0.3488, Train Acc: 0.7585, Train F1: 0.8044
2025-05-28 09:13:51,051 - Val Loss: 0.6846, Val Acc: 0.6814, Val F1: 0.7168
2025-05-28 09:13:51,051 - ---
2025-05-28 09:14:59,211 - ---
2025-05-28 09:14:59,211 - Epoch 060/100
2025-05-28 09:14:59,211 - Train Loss: 0.3457, Train Acc: 0.7673, Train F1: 0.8076
2025-05-28 09:14:59,211 - Val Loss: 0.4631, Val Acc: 0.7369, Val F1: 0.7887
2025-05-28 09:14:59,211 - ---
2025-05-28 09:16:07,307 - ---
2025-05-28 09:16:07,308 - Epoch 061/100
2025-05-28 09:16:07,308 - Train Loss: 0.3441, Train Acc: 0.7640, Train F1: 0.8053
2025-05-28 09:16:07,308 - Val Loss: 0.6583, Val Acc: 0.7145, Val F1: 0.7565
2025-05-28 09:16:07,308 - ---
2025-05-28 09:17:15,265 - ---
2025-05-28 09:17:15,265 - Epoch 062/100
2025-05-28 09:17:15,265 - Train Loss: 0.3441, Train Acc: 0.7606, Train F1: 0.8022
2025-05-28 09:17:15,265 - Val Loss: 0.4781, Val Acc: 0.7155, Val F1: 0.7814
2025-05-28 09:17:15,265 - ---
2025-05-28 09:18:23,295 - ---
2025-05-28 09:18:23,295 - Epoch 063/100
2025-05-28 09:18:23,295 - Train Loss: 0.3444, Train Acc: 0.7614, Train F1: 0.8084
2025-05-28 09:18:23,295 - Val Loss: 0.5857, Val Acc: 0.7369, Val F1: 0.7531
2025-05-28 09:18:23,295 - ---
2025-05-28 09:19:31,301 - ---
2025-05-28 09:19:31,301 - Epoch 064/100
2025-05-28 09:19:31,301 - Train Loss: 0.3432, Train Acc: 0.7601, Train F1: 0.8040
2025-05-28 09:19:31,301 - Val Loss: 0.4564, Val Acc: 0.7661, Val F1: 0.7887
2025-05-28 09:19:31,301 - ---
2025-05-28 09:20:39,391 - ---
2025-05-28 09:20:39,391 - Epoch 065/100
2025-05-28 09:20:39,391 - Train Loss: 0.3418, Train Acc: 0.7637, Train F1: 0.8057
2025-05-28 09:20:39,391 - Val Loss: 0.5063, Val Acc: 0.7403, Val F1: 0.7675
2025-05-28 09:20:39,391 - ---
2025-05-28 09:21:47,504 - ---
2025-05-28 09:21:47,504 - Epoch 066/100
2025-05-28 09:21:47,504 - Train Loss: 0.3348, Train Acc: 0.7647, Train F1: 0.8132
2025-05-28 09:21:47,504 - Val Loss: 0.5588, Val Acc: 0.7335, Val F1: 0.7398
2025-05-28 09:21:47,504 - ---
2025-05-28 09:22:55,782 - ---
2025-05-28 09:22:55,782 - Epoch 067/100
2025-05-28 09:22:55,782 - Train Loss: 0.3344, Train Acc: 0.7654, Train F1: 0.8126
2025-05-28 09:22:55,782 - Val Loss: 0.6433, Val Acc: 0.7281, Val F1: 0.6994
2025-05-28 09:22:55,782 - ---
2025-05-28 09:24:04,479 - ---
2025-05-28 09:24:04,479 - Epoch 068/100
2025-05-28 09:24:04,479 - Train Loss: 0.3417, Train Acc: 0.7650, Train F1: 0.8093
2025-05-28 09:24:04,479 - Val Loss: 0.5910, Val Acc: 0.7247, Val F1: 0.7631
2025-05-28 09:24:04,479 - ---
2025-05-28 09:25:12,933 - ---
2025-05-28 09:25:12,933 - Epoch 069/100
2025-05-28 09:25:12,933 - Train Loss: 0.3324, Train Acc: 0.7713, Train F1: 0.8153
2025-05-28 09:25:12,933 - Val Loss: 0.4510, Val Acc: 0.7544, Val F1: 0.7993
2025-05-28 09:25:12,933 - ---
2025-05-28 09:26:21,181 - ---
2025-05-28 09:26:21,181 - Epoch 070/100
2025-05-28 09:26:21,181 - Train Loss: 0.3355, Train Acc: 0.7643, Train F1: 0.8103
2025-05-28 09:26:21,181 - Val Loss: 0.4324, Val Acc: 0.7758, Val F1: 0.7788
2025-05-28 09:26:21,262 - Best model updated and saved at /kaggle/working/noisy-graph-classification/checkpoints/model_D_best.pth
2025-05-28 09:26:21,263 - ---
2025-05-28 09:27:29,655 - ---
2025-05-28 09:27:29,655 - Epoch 071/100
2025-05-28 09:27:29,655 - Train Loss: 0.3354, Train Acc: 0.7654, Train F1: 0.8110
2025-05-28 09:27:29,656 - Val Loss: 0.5702, Val Acc: 0.7301, Val F1: 0.7555
2025-05-28 09:27:29,656 - ---
2025-05-28 09:28:37,881 - ---
2025-05-28 09:28:37,882 - Epoch 072/100
2025-05-28 09:28:37,882 - Train Loss: 0.3311, Train Acc: 0.7724, Train F1: 0.8163
2025-05-28 09:28:37,882 - Val Loss: 0.4607, Val Acc: 0.7490, Val F1: 0.8038
2025-05-28 09:28:37,882 - ---
2025-05-28 09:29:46,362 - ---
2025-05-28 09:29:46,363 - Epoch 073/100
2025-05-28 09:29:46,363 - Train Loss: 0.3192, Train Acc: 0.7735, Train F1: 0.8204
2025-05-28 09:29:46,363 - Val Loss: 0.4318, Val Acc: 0.7797, Val F1: 0.8086
2025-05-28 09:29:46,441 - Best model updated and saved at /kaggle/working/noisy-graph-classification/checkpoints/model_D_best.pth
2025-05-28 09:29:46,441 - ---
2025-05-28 09:30:54,893 - ---
2025-05-28 09:30:54,894 - Epoch 074/100
2025-05-28 09:30:54,894 - Train Loss: 0.3324, Train Acc: 0.7650, Train F1: 0.8105
2025-05-28 09:30:54,894 - Val Loss: 0.5579, Val Acc: 0.7456, Val F1: 0.7615
2025-05-28 09:30:54,894 - ---
2025-05-28 09:32:03,201 - ---
2025-05-28 09:32:03,201 - Epoch 075/100
2025-05-28 09:32:03,202 - Train Loss: 0.3294, Train Acc: 0.7680, Train F1: 0.8173
2025-05-28 09:32:03,202 - Val Loss: 0.8576, Val Acc: 0.6479, Val F1: 0.6544
2025-05-28 09:32:03,202 - ---
2025-05-28 09:33:11,550 - ---
2025-05-28 09:33:11,550 - Epoch 076/100
2025-05-28 09:33:11,550 - Train Loss: 0.3357, Train Acc: 0.7670, Train F1: 0.8133
2025-05-28 09:33:11,550 - Val Loss: 0.5349, Val Acc: 0.6863, Val F1: 0.7433
2025-05-28 09:33:11,550 - ---
2025-05-28 09:34:20,087 - ---
2025-05-28 09:34:20,087 - Epoch 077/100
2025-05-28 09:34:20,087 - Train Loss: 0.3164, Train Acc: 0.7806, Train F1: 0.8284
2025-05-28 09:34:20,087 - Val Loss: 0.4690, Val Acc: 0.7510, Val F1: 0.7955
2025-05-28 09:34:20,087 - ---
2025-05-28 09:35:28,598 - ---
2025-05-28 09:35:28,598 - Epoch 078/100
2025-05-28 09:35:28,598 - Train Loss: 0.3206, Train Acc: 0.7774, Train F1: 0.8250
2025-05-28 09:35:28,598 - Val Loss: 0.4101, Val Acc: 0.7787, Val F1: 0.8140
2025-05-28 09:35:28,598 - ---
2025-05-28 09:36:37,098 - ---
2025-05-28 09:36:37,098 - Epoch 079/100
2025-05-28 09:36:37,098 - Train Loss: 0.3192, Train Acc: 0.7742, Train F1: 0.8233
2025-05-28 09:36:37,098 - Val Loss: 0.4913, Val Acc: 0.7704, Val F1: 0.7908
2025-05-28 09:36:37,098 - ---
2025-05-28 09:37:45,667 - ---
2025-05-28 09:37:45,668 - Epoch 080/100
2025-05-28 09:37:45,668 - Train Loss: 0.3213, Train Acc: 0.7759, Train F1: 0.8207
2025-05-28 09:37:45,668 - Val Loss: 0.4652, Val Acc: 0.7563, Val F1: 0.7935
2025-05-28 09:37:45,668 - ---
2025-05-28 09:38:54,315 - ---
2025-05-28 09:38:54,316 - Epoch 081/100
2025-05-28 09:38:54,316 - Train Loss: 0.3211, Train Acc: 0.7735, Train F1: 0.8193
2025-05-28 09:38:54,316 - Val Loss: 0.5934, Val Acc: 0.7276, Val F1: 0.7585
2025-05-28 09:38:54,316 - ---
2025-05-28 09:40:03,005 - ---
2025-05-28 09:40:03,005 - Epoch 082/100
2025-05-28 09:40:03,005 - Train Loss: 0.3152, Train Acc: 0.7761, Train F1: 0.8247
2025-05-28 09:40:03,006 - Val Loss: 0.4653, Val Acc: 0.7636, Val F1: 0.7802
2025-05-28 09:40:03,006 - ---
2025-05-28 09:41:11,792 - ---
2025-05-28 09:41:11,792 - Epoch 083/100
2025-05-28 09:41:11,792 - Train Loss: 0.3175, Train Acc: 0.7765, Train F1: 0.8235
2025-05-28 09:41:11,792 - Val Loss: 0.5118, Val Acc: 0.7505, Val F1: 0.7782
2025-05-28 09:41:11,792 - ---
2025-05-28 09:42:20,491 - ---
2025-05-28 09:42:20,491 - Epoch 084/100
2025-05-28 09:42:20,491 - Train Loss: 0.3187, Train Acc: 0.7743, Train F1: 0.8249
2025-05-28 09:42:20,491 - Val Loss: 0.4498, Val Acc: 0.7359, Val F1: 0.7987
2025-05-28 09:42:20,491 - ---
2025-05-28 09:43:29,109 - ---
2025-05-28 09:43:29,109 - Epoch 085/100
2025-05-28 09:43:29,109 - Train Loss: 0.3141, Train Acc: 0.7785, Train F1: 0.8282
2025-05-28 09:43:29,109 - Val Loss: 0.4396, Val Acc: 0.7529, Val F1: 0.7961
2025-05-28 09:43:29,109 - ---
2025-05-28 09:44:37,714 - ---
2025-05-28 09:44:37,714 - Epoch 086/100
2025-05-28 09:44:37,714 - Train Loss: 0.3201, Train Acc: 0.7774, Train F1: 0.8254
2025-05-28 09:44:37,714 - Val Loss: 0.4295, Val Acc: 0.7743, Val F1: 0.8018
2025-05-28 09:44:37,714 - ---
2025-05-28 09:45:46,322 - ---
2025-05-28 09:45:46,322 - Epoch 087/100
2025-05-28 09:45:46,322 - Train Loss: 0.3160, Train Acc: 0.7770, Train F1: 0.8227
2025-05-28 09:45:46,322 - Val Loss: 0.5167, Val Acc: 0.7481, Val F1: 0.7688
2025-05-28 09:45:46,322 - ---
2025-05-28 09:46:55,053 - ---
2025-05-28 09:46:55,054 - Epoch 088/100
2025-05-28 09:46:55,054 - Train Loss: 0.3207, Train Acc: 0.7805, Train F1: 0.8260
2025-05-28 09:46:55,054 - Val Loss: 0.6063, Val Acc: 0.7198, Val F1: 0.7547
2025-05-28 09:46:55,054 - ---
2025-05-28 09:48:03,900 - ---
2025-05-28 09:48:03,900 - Epoch 089/100
2025-05-28 09:48:03,900 - Train Loss: 0.3074, Train Acc: 0.7822, Train F1: 0.8315
2025-05-28 09:48:03,900 - Val Loss: 0.5011, Val Acc: 0.7524, Val F1: 0.8013
2025-05-28 09:48:03,900 - ---
2025-05-28 09:49:12,770 - ---
2025-05-28 09:49:12,770 - Epoch 090/100
2025-05-28 09:49:12,770 - Train Loss: 0.3150, Train Acc: 0.7772, Train F1: 0.8237
2025-05-28 09:49:12,770 - Val Loss: 0.6614, Val Acc: 0.6926, Val F1: 0.7238
2025-05-28 09:49:12,770 - ---
2025-05-28 09:50:21,683 - ---
2025-05-28 09:50:21,683 - Epoch 091/100
2025-05-28 09:50:21,683 - Train Loss: 0.3129, Train Acc: 0.7783, Train F1: 0.8281
2025-05-28 09:50:21,683 - Val Loss: 0.4325, Val Acc: 0.7563, Val F1: 0.8116
2025-05-28 09:50:21,683 - ---
2025-05-28 09:51:30,569 - ---
2025-05-28 09:51:30,569 - Epoch 092/100
2025-05-28 09:51:30,569 - Train Loss: 0.3068, Train Acc: 0.7814, Train F1: 0.8322
2025-05-28 09:51:30,569 - Val Loss: 0.4263, Val Acc: 0.7704, Val F1: 0.8007
2025-05-28 09:51:30,569 - ---
2025-05-28 09:52:39,468 - ---
2025-05-28 09:52:39,468 - Epoch 093/100
2025-05-28 09:52:39,468 - Train Loss: 0.3093, Train Acc: 0.7844, Train F1: 0.8334
2025-05-28 09:52:39,468 - Val Loss: 0.4355, Val Acc: 0.7675, Val F1: 0.7981
2025-05-28 09:52:39,468 - ---
2025-05-28 09:53:48,328 - ---
2025-05-28 09:53:48,328 - Epoch 094/100
2025-05-28 09:53:48,328 - Train Loss: 0.3088, Train Acc: 0.7865, Train F1: 0.8338
2025-05-28 09:53:48,328 - Val Loss: 0.5033, Val Acc: 0.7412, Val F1: 0.7736
2025-05-28 09:53:48,328 - ---
2025-05-28 09:54:57,345 - ---
2025-05-28 09:54:57,345 - Epoch 095/100
2025-05-28 09:54:57,345 - Train Loss: 0.3190, Train Acc: 0.7826, Train F1: 0.8316
2025-05-28 09:54:57,345 - Val Loss: 0.5970, Val Acc: 0.7160, Val F1: 0.7643
2025-05-28 09:54:57,345 - ---
2025-05-28 09:56:06,173 - ---
2025-05-28 09:56:06,173 - Epoch 096/100
2025-05-28 09:56:06,173 - Train Loss: 0.2991, Train Acc: 0.7883, Train F1: 0.8382
2025-05-28 09:56:06,173 - Val Loss: 0.4541, Val Acc: 0.7257, Val F1: 0.7828
2025-05-28 09:56:06,173 - ---
2025-05-28 09:57:14,773 - ---
2025-05-28 09:57:14,774 - Epoch 097/100
2025-05-28 09:57:14,774 - Train Loss: 0.3026, Train Acc: 0.7877, Train F1: 0.8363
2025-05-28 09:57:14,774 - Val Loss: 0.7746, Val Acc: 0.7082, Val F1: 0.6682
2025-05-28 09:57:14,774 - ---
2025-05-28 09:58:22,820 - ---
2025-05-28 09:58:22,820 - Epoch 098/100
2025-05-28 09:58:22,821 - Train Loss: 0.3187, Train Acc: 0.7783, Train F1: 0.8241
2025-05-28 09:58:22,821 - Val Loss: 0.4504, Val Acc: 0.7733, Val F1: 0.8024
2025-05-28 09:58:22,821 - ---
2025-05-28 09:59:30,825 - ---
2025-05-28 09:59:30,826 - Epoch 099/100
2025-05-28 09:59:30,826 - Train Loss: 0.3007, Train Acc: 0.7871, Train F1: 0.8386
2025-05-28 09:59:30,826 - Val Loss: 0.4289, Val Acc: 0.7704, Val F1: 0.8186
2025-05-28 09:59:30,826 - ---
2025-05-28 10:00:38,919 - ---
2025-05-28 10:00:38,920 - Epoch 100/100
2025-05-28 10:00:38,920 - Train Loss: 0.3056, Train Acc: 0.7860, Train F1: 0.8352
2025-05-28 10:00:38,920 - Val Loss: 0.4430, Val Acc: 0.7544, Val F1: 0.7948
2025-05-28 10:00:38,920 - ---
